cd c++/web_tutorial_mastercopy; make testing;
make[1]: Entering directory '/home/bridges-testing/bridges-client-testing/c++/web_tutorial_mastercopy'
unifdef -DTESTING=1 -o ../web_tutorial_testing/cancer_snippet.cpp cancer_snippet.cpp ; [ $? != 2 ]
unifdef -DTESTING=1 -o ../web_tutorial_testing/minimal_game.cpp minimal_game.cpp ; [ $? != 2 ]
unifdef -DTESTING=1 -o ../web_tutorial_testing/osm.cpp osm.cpp ; [ $? != 2 ]
unifdef -DTESTING=1 -o ../web_tutorial_testing/bst.cpp bst.cpp ; [ $? != 2 ]
unifdef -DTESTING=1 -o ../web_tutorial_testing/array2d.cpp array2d.cpp ; [ $? != 2 ]
unifdef -DTESTING=1 -o ../web_tutorial_testing/array1d.cpp array1d.cpp ; [ $? != 2 ]
unifdef -DTESTING=1 -o ../web_tutorial_testing/tree.cpp tree.cpp ; [ $? != 2 ]
unifdef -DTESTING=1 -o ../web_tutorial_testing/mnt_path.cpp mnt_path.cpp ; [ $? != 2 ]
unifdef -DTESTING=1 -o ../web_tutorial_testing/input_game.cpp input_game.cpp ; [ $? != 2 ]
unifdef -DTESTING=1 -o ../web_tutorial_testing/array3d.cpp array3d.cpp ; [ $? != 2 ]
unifdef -DTESTING=1 -o ../web_tutorial_testing/circ_sllist.cpp circ_sllist.cpp ; [ $? != 2 ]
unifdef -DTESTING=1 -o ../web_tutorial_testing/wikidata_actor_snippet.cpp wikidata_actor_snippet.cpp ; [ $? != 2 ]
unifdef -DTESTING=1 -o ../web_tutorial_testing/guttenberg_snippet.cpp guttenberg_snippet.cpp ; [ $? != 2 ]
unifdef -DTESTING=1 -o ../web_tutorial_testing/circ_dllist.cpp circ_dllist.cpp ; [ $? != 2 ]
unifdef -DTESTING=1 -o ../web_tutorial_testing/osm_snippet.cpp osm_snippet.cpp ; [ $? != 2 ]
unifdef -DTESTING=1 -o ../web_tutorial_testing/graph_alist.cpp graph_alist.cpp ; [ $? != 2 ]
unifdef -DTESTING=1 -o ../web_tutorial_testing/avl.cpp avl.cpp ; [ $? != 2 ]
unifdef -DTESTING=1 -o ../web_tutorial_testing/bintree.cpp bintree.cpp ; [ $? != 2 ]
unifdef -DTESTING=1 -o ../web_tutorial_testing/game_snippet.cpp game_snippet.cpp ; [ $? != 2 ]
unifdef -DTESTING=1 -o ../web_tutorial_testing/face_shp_coll.cpp face_shp_coll.cpp ; [ $? != 2 ]
unifdef -DTESTING=1 -o ../web_tutorial_testing/osm_oldstyle.cpp osm_oldstyle.cpp ; [ $? != 2 ]
unifdef -DTESTING=1 -o ../web_tutorial_testing/vis_example.cpp vis_example.cpp ; [ $? != 2 ]
unifdef -DTESTING=1 -o ../web_tutorial_testing/display_game.cpp display_game.cpp ; [ $? != 2 ]
unifdef -DTESTING=1 -o ../web_tutorial_testing/shape_collection.cpp shape_collection.cpp ; [ $? != 2 ]
unifdef -DTESTING=1 -o ../web_tutorial_testing/dllist.cpp dllist.cpp ; [ $? != 2 ]
unifdef -DTESTING=1 -o ../web_tutorial_testing/shakespeare_snippet.cpp shakespeare_snippet.cpp ; [ $? != 2 ]
unifdef -DTESTING=1 -o ../web_tutorial_testing/mllist.cpp mllist.cpp ; [ $? != 2 ]
unifdef -DTESTING=1 -o ../web_tutorial_testing/imdb_snippet.cpp imdb_snippet.cpp ; [ $? != 2 ]
unifdef -DTESTING=1 -o ../web_tutorial_testing/kdt.cpp kdt.cpp ; [ $? != 2 ]
unifdef -DTESTING=1 -o ../web_tutorial_testing/eq_snippet.cpp eq_snippet.cpp ; [ $? != 2 ]
unifdef -DTESTING=1 -o ../web_tutorial_testing/color_grid.cpp color_grid.cpp ; [ $? != 2 ]
unifdef -DTESTING=1 -o ../web_tutorial_testing/song_lyrics_snippet.cpp song_lyrics_snippet.cpp ; [ $? != 2 ]
unifdef -DTESTING=1 -o ../web_tutorial_testing/sllist.cpp sllist.cpp ; [ $? != 2 ]
unifdef -DTESTING=1 -o ../web_tutorial_testing/elevation_snippet.cpp elevation_snippet.cpp ; [ $? != 2 ]
unifdef -DTESTING=1 -o ../web_tutorial_testing/linechart.cpp linechart.cpp ; [ $? != 2 ]
unifdef -DTESTING=1 -o ../web_tutorial_testing/graph_amatrix.cpp graph_amatrix.cpp ; [ $? != 2 ]
unifdef -DTESTING=1 -o ../web_tutorial_testing/lyrics_snippet.cpp lyrics_snippet.cpp ; [ $? != 2 ]
unifdef -DTESTING=1 -o ../web_tutorial_testing/array_test.cpp array_test.cpp ; [ $? != 2 ]
unifdef -DTESTING=1 -o ../web_tutorial_testing/audio_clip.cpp audio_clip.cpp ; [ $? != 2 ]
unifdef -DTESTING=1 -o ../web_tutorial_testing/StudentInfo.h StudentInfo.h; [ $? != 2 ]
make[1]: Leaving directory '/home/bridges-testing/bridges-client-testing/c++/web_tutorial_mastercopy'
cd c++/web_tutorial_testing; make; make run;
make[1]: Entering directory '/home/bridges-testing/bridges-client-testing/c++/web_tutorial_testing'
g++ -g -o array1d array1d.cpp -g -I/home/bridges-testing/bridges-cxx-install/include  -I/  -I/ -DTESTING=1 -std=c++14 -L /home/bridges-testing/bridges-cxx-install/lib -L/  -lcurl -l pthread -l bridges
g++ -g -o array2d array2d.cpp -g -I/home/bridges-testing/bridges-cxx-install/include  -I/  -I/ -DTESTING=1 -std=c++14 -L /home/bridges-testing/bridges-cxx-install/lib -L/  -lcurl -l pthread -l bridges
g++ -g -o array3d array3d.cpp -g -I/home/bridges-testing/bridges-cxx-install/include  -I/  -I/ -DTESTING=1 -std=c++14 -L /home/bridges-testing/bridges-cxx-install/lib -L/  -lcurl -l pthread -l bridges
g++ -g -o array_test array_test.cpp -g -I/home/bridges-testing/bridges-cxx-install/include  -I/  -I/ -DTESTING=1 -std=c++14 -L /home/bridges-testing/bridges-cxx-install/lib -L/  -lcurl -l pthread -l bridges
g++ -g -o audio_clip audio_clip.cpp -g -I/home/bridges-testing/bridges-cxx-install/include  -I/  -I/ -DTESTING=1 -std=c++14 -L /home/bridges-testing/bridges-cxx-install/lib -L/  -lcurl -l pthread -l bridges
g++ -g -o avl avl.cpp -g -I/home/bridges-testing/bridges-cxx-install/include  -I/  -I/ -DTESTING=1 -std=c++14 -L /home/bridges-testing/bridges-cxx-install/lib -L/  -lcurl -l pthread -l bridges
g++ -g -o bintree bintree.cpp -g -I/home/bridges-testing/bridges-cxx-install/include  -I/  -I/ -DTESTING=1 -std=c++14 -L /home/bridges-testing/bridges-cxx-install/lib -L/  -lcurl -l pthread -l bridges
g++ -g -o bst bst.cpp -g -I/home/bridges-testing/bridges-cxx-install/include  -I/  -I/ -DTESTING=1 -std=c++14 -L /home/bridges-testing/bridges-cxx-install/lib -L/  -lcurl -l pthread -l bridges
g++ -g -o cancer_snippet cancer_snippet.cpp -g -I/home/bridges-testing/bridges-cxx-install/include  -I/  -I/ -DTESTING=1 -std=c++14 -L /home/bridges-testing/bridges-cxx-install/lib -L/  -lcurl -l pthread -l bridges
g++ -g -o circ_dllist circ_dllist.cpp -g -I/home/bridges-testing/bridges-cxx-install/include  -I/  -I/ -DTESTING=1 -std=c++14 -L /home/bridges-testing/bridges-cxx-install/lib -L/  -lcurl -l pthread -l bridges
g++ -g -o circ_sllist circ_sllist.cpp -g -I/home/bridges-testing/bridges-cxx-install/include  -I/  -I/ -DTESTING=1 -std=c++14 -L /home/bridges-testing/bridges-cxx-install/lib -L/  -lcurl -l pthread -l bridges
g++ -g -o color_grid color_grid.cpp -g -I/home/bridges-testing/bridges-cxx-install/include  -I/  -I/ -DTESTING=1 -std=c++14 -L /home/bridges-testing/bridges-cxx-install/lib -L/  -lcurl -l pthread -l bridges
g++ -g -o display_game display_game.cpp -g -I/home/bridges-testing/bridges-cxx-install/include  -I/  -I/ -DTESTING=1 -std=c++14 -L /home/bridges-testing/bridges-cxx-install/lib -L/  -lcurl -l pthread -l bridges
g++ -g -o dllist dllist.cpp -g -I/home/bridges-testing/bridges-cxx-install/include  -I/  -I/ -DTESTING=1 -std=c++14 -L /home/bridges-testing/bridges-cxx-install/lib -L/  -lcurl -l pthread -l bridges
g++ -g -o elevation_snippet elevation_snippet.cpp -g -I/home/bridges-testing/bridges-cxx-install/include  -I/  -I/ -DTESTING=1 -std=c++14 -L /home/bridges-testing/bridges-cxx-install/lib -L/  -lcurl -l pthread -l bridges
g++ -g -o eq_snippet eq_snippet.cpp -g -I/home/bridges-testing/bridges-cxx-install/include  -I/  -I/ -DTESTING=1 -std=c++14 -L /home/bridges-testing/bridges-cxx-install/lib -L/  -lcurl -l pthread -l bridges
g++ -g -o face_shp_coll face_shp_coll.cpp -g -I/home/bridges-testing/bridges-cxx-install/include  -I/  -I/ -DTESTING=1 -std=c++14 -L /home/bridges-testing/bridges-cxx-install/lib -L/  -lcurl -l pthread -l bridges
face_shp_coll.cpp: In function ‘int main(int, char**)’:
face_shp_coll.cpp:29:18: error: no matching function for call to ‘bridges::datastructure::SymbolCollection::addSymbol(bridges::datastructure::Circle*)’
  sc.addSymbol(&s1);
                  ^
In file included from face_shp_coll.cpp:2:
/home/bridges-testing/bridges-cxx-install/include/SymbolCollection.h:86:10: note: candidate: ‘void bridges::datastructure::SymbolCollection::addSymbol(bridges::datastructure::Symbol&)’
     void addSymbol(Symbol& s) {
          ^~~~~~~~~
/home/bridges-testing/bridges-cxx-install/include/SymbolCollection.h:86:10: note:   no known conversion for argument 1 from ‘bridges::datastructure::Circle*’ to ‘bridges::datastructure::Symbol&’
face_shp_coll.cpp:39:18: error: no matching function for call to ‘bridges::datastructure::SymbolCollection::addSymbol(bridges::datastructure::Circle*)’
  sc.addSymbol(&s2);
                  ^
In file included from face_shp_coll.cpp:2:
/home/bridges-testing/bridges-cxx-install/include/SymbolCollection.h:86:10: note: candidate: ‘void bridges::datastructure::SymbolCollection::addSymbol(bridges::datastructure::Symbol&)’
     void addSymbol(Symbol& s) {
          ^~~~~~~~~
/home/bridges-testing/bridges-cxx-install/include/SymbolCollection.h:86:10: note:   no known conversion for argument 1 from ‘bridges::datastructure::Circle*’ to ‘bridges::datastructure::Symbol&’
face_shp_coll.cpp:49:18: error: no matching function for call to ‘bridges::datastructure::SymbolCollection::addSymbol(bridges::datastructure::Circle*)’
  sc.addSymbol(&s3);
                  ^
In file included from face_shp_coll.cpp:2:
/home/bridges-testing/bridges-cxx-install/include/SymbolCollection.h:86:10: note: candidate: ‘void bridges::datastructure::SymbolCollection::addSymbol(bridges::datastructure::Symbol&)’
     void addSymbol(Symbol& s) {
          ^~~~~~~~~
/home/bridges-testing/bridges-cxx-install/include/SymbolCollection.h:86:10: note:   no known conversion for argument 1 from ‘bridges::datastructure::Circle*’ to ‘bridges::datastructure::Symbol&’
face_shp_coll.cpp:62:18: error: no matching function for call to ‘bridges::datastructure::SymbolCollection::addSymbol(bridges::datastructure::Rectangle*)’
  sc.addSymbol(&s4);
                  ^
In file included from face_shp_coll.cpp:2:
/home/bridges-testing/bridges-cxx-install/include/SymbolCollection.h:86:10: note: candidate: ‘void bridges::datastructure::SymbolCollection::addSymbol(bridges::datastructure::Symbol&)’
     void addSymbol(Symbol& s) {
          ^~~~~~~~~
/home/bridges-testing/bridges-cxx-install/include/SymbolCollection.h:86:10: note:   no known conversion for argument 1 from ‘bridges::datastructure::Rectangle*’ to ‘bridges::datastructure::Symbol&’
face_shp_coll.cpp:74:18: error: no matching function for call to ‘bridges::datastructure::SymbolCollection::addSymbol(bridges::datastructure::Rectangle*)’
  sc.addSymbol(&s5);
                  ^
In file included from face_shp_coll.cpp:2:
/home/bridges-testing/bridges-cxx-install/include/SymbolCollection.h:86:10: note: candidate: ‘void bridges::datastructure::SymbolCollection::addSymbol(bridges::datastructure::Symbol&)’
     void addSymbol(Symbol& s) {
          ^~~~~~~~~
/home/bridges-testing/bridges-cxx-install/include/SymbolCollection.h:86:10: note:   no known conversion for argument 1 from ‘bridges::datastructure::Rectangle*’ to ‘bridges::datastructure::Symbol&’
face_shp_coll.cpp:83:18: error: no matching function for call to ‘bridges::datastructure::SymbolCollection::addSymbol(bridges::datastructure::Polyline*)’
  sc.addSymbol(&s6);
                  ^
In file included from face_shp_coll.cpp:2:
/home/bridges-testing/bridges-cxx-install/include/SymbolCollection.h:86:10: note: candidate: ‘void bridges::datastructure::SymbolCollection::addSymbol(bridges::datastructure::Symbol&)’
     void addSymbol(Symbol& s) {
          ^~~~~~~~~
/home/bridges-testing/bridges-cxx-install/include/SymbolCollection.h:86:10: note:   no known conversion for argument 1 from ‘bridges::datastructure::Polyline*’ to ‘bridges::datastructure::Symbol&’
face_shp_coll.cpp:92:17: error: no matching function for call to ‘bridges::datastructure::SymbolCollection::addSymbol(bridges::datastructure::Label*)’
  sc.addSymbol(&l);
                 ^
In file included from face_shp_coll.cpp:2:
/home/bridges-testing/bridges-cxx-install/include/SymbolCollection.h:86:10: note: candidate: ‘void bridges::datastructure::SymbolCollection::addSymbol(bridges::datastructure::Symbol&)’
     void addSymbol(Symbol& s) {
          ^~~~~~~~~
/home/bridges-testing/bridges-cxx-install/include/SymbolCollection.h:86:10: note:   no known conversion for argument 1 from ‘bridges::datastructure::Label*’ to ‘bridges::datastructure::Symbol&’
make[1]: *** [Makefile:40: face_shp_coll] Error 1
make[1]: Leaving directory '/home/bridges-testing/bridges-client-testing/c++/web_tutorial_testing'
make[1]: Entering directory '/home/bridges-testing/bridges-client-testing/c++/web_tutorial_testing'
g++ -g -o face_shp_coll face_shp_coll.cpp -g -I/home/bridges-testing/bridges-cxx-install/include  -I/  -I/ -DTESTING=1 -std=c++14 -L /home/bridges-testing/bridges-cxx-install/lib -L/  -lcurl -l pthread -l bridges
face_shp_coll.cpp: In function ‘int main(int, char**)’:
face_shp_coll.cpp:29:18: error: no matching function for call to ‘bridges::datastructure::SymbolCollection::addSymbol(bridges::datastructure::Circle*)’
  sc.addSymbol(&s1);
                  ^
In file included from face_shp_coll.cpp:2:
/home/bridges-testing/bridges-cxx-install/include/SymbolCollection.h:86:10: note: candidate: ‘void bridges::datastructure::SymbolCollection::addSymbol(bridges::datastructure::Symbol&)’
     void addSymbol(Symbol& s) {
          ^~~~~~~~~
/home/bridges-testing/bridges-cxx-install/include/SymbolCollection.h:86:10: note:   no known conversion for argument 1 from ‘bridges::datastructure::Circle*’ to ‘bridges::datastructure::Symbol&’
face_shp_coll.cpp:39:18: error: no matching function for call to ‘bridges::datastructure::SymbolCollection::addSymbol(bridges::datastructure::Circle*)’
  sc.addSymbol(&s2);
                  ^
In file included from face_shp_coll.cpp:2:
/home/bridges-testing/bridges-cxx-install/include/SymbolCollection.h:86:10: note: candidate: ‘void bridges::datastructure::SymbolCollection::addSymbol(bridges::datastructure::Symbol&)’
     void addSymbol(Symbol& s) {
          ^~~~~~~~~
/home/bridges-testing/bridges-cxx-install/include/SymbolCollection.h:86:10: note:   no known conversion for argument 1 from ‘bridges::datastructure::Circle*’ to ‘bridges::datastructure::Symbol&’
face_shp_coll.cpp:49:18: error: no matching function for call to ‘bridges::datastructure::SymbolCollection::addSymbol(bridges::datastructure::Circle*)’
  sc.addSymbol(&s3);
                  ^
In file included from face_shp_coll.cpp:2:
/home/bridges-testing/bridges-cxx-install/include/SymbolCollection.h:86:10: note: candidate: ‘void bridges::datastructure::SymbolCollection::addSymbol(bridges::datastructure::Symbol&)’
     void addSymbol(Symbol& s) {
          ^~~~~~~~~
/home/bridges-testing/bridges-cxx-install/include/SymbolCollection.h:86:10: note:   no known conversion for argument 1 from ‘bridges::datastructure::Circle*’ to ‘bridges::datastructure::Symbol&’
face_shp_coll.cpp:62:18: error: no matching function for call to ‘bridges::datastructure::SymbolCollection::addSymbol(bridges::datastructure::Rectangle*)’
  sc.addSymbol(&s4);
                  ^
In file included from face_shp_coll.cpp:2:
/home/bridges-testing/bridges-cxx-install/include/SymbolCollection.h:86:10: note: candidate: ‘void bridges::datastructure::SymbolCollection::addSymbol(bridges::datastructure::Symbol&)’
     void addSymbol(Symbol& s) {
          ^~~~~~~~~
/home/bridges-testing/bridges-cxx-install/include/SymbolCollection.h:86:10: note:   no known conversion for argument 1 from ‘bridges::datastructure::Rectangle*’ to ‘bridges::datastructure::Symbol&’
face_shp_coll.cpp:74:18: error: no matching function for call to ‘bridges::datastructure::SymbolCollection::addSymbol(bridges::datastructure::Rectangle*)’
  sc.addSymbol(&s5);
                  ^
In file included from face_shp_coll.cpp:2:
/home/bridges-testing/bridges-cxx-install/include/SymbolCollection.h:86:10: note: candidate: ‘void bridges::datastructure::SymbolCollection::addSymbol(bridges::datastructure::Symbol&)’
     void addSymbol(Symbol& s) {
          ^~~~~~~~~
/home/bridges-testing/bridges-cxx-install/include/SymbolCollection.h:86:10: note:   no known conversion for argument 1 from ‘bridges::datastructure::Rectangle*’ to ‘bridges::datastructure::Symbol&’
face_shp_coll.cpp:83:18: error: no matching function for call to ‘bridges::datastructure::SymbolCollection::addSymbol(bridges::datastructure::Polyline*)’
  sc.addSymbol(&s6);
                  ^
In file included from face_shp_coll.cpp:2:
/home/bridges-testing/bridges-cxx-install/include/SymbolCollection.h:86:10: note: candidate: ‘void bridges::datastructure::SymbolCollection::addSymbol(bridges::datastructure::Symbol&)’
     void addSymbol(Symbol& s) {
          ^~~~~~~~~
/home/bridges-testing/bridges-cxx-install/include/SymbolCollection.h:86:10: note:   no known conversion for argument 1 from ‘bridges::datastructure::Polyline*’ to ‘bridges::datastructure::Symbol&’
face_shp_coll.cpp:92:17: error: no matching function for call to ‘bridges::datastructure::SymbolCollection::addSymbol(bridges::datastructure::Label*)’
  sc.addSymbol(&l);
                 ^
In file included from face_shp_coll.cpp:2:
/home/bridges-testing/bridges-cxx-install/include/SymbolCollection.h:86:10: note: candidate: ‘void bridges::datastructure::SymbolCollection::addSymbol(bridges::datastructure::Symbol&)’
     void addSymbol(Symbol& s) {
          ^~~~~~~~~
/home/bridges-testing/bridges-cxx-install/include/SymbolCollection.h:86:10: note:   no known conversion for argument 1 from ‘bridges::datastructure::Label*’ to ‘bridges::datastructure::Symbol&’
make[1]: *** [Makefile:40: face_shp_coll] Error 1
make[1]: Leaving directory '/home/bridges-testing/bridges-client-testing/c++/web_tutorial_testing'
make: *** [Makefile:21: make_c++] Error 2
