    <html>
    <head>
<style>
.failure {
background-color: orangered;
}
.success {
background-color: springgreen;
}
</style>
    </head>
    <body>
	<h1>Testing logs for C++</h1>
	<p>Running at Mon 06 Jun 2022 03:39:30 AM EDT</p>
  <div id="summary0" class="success">
    <h2><a href="cxx_logs.html#cxxlog0">Assignment 0</a> </h2>
    <p>
      <ul>
        <li> Build Scaffold : <a href="cxx_logs.html#cxxlog0-buildscaffold">success</a></li>
        <li> Build Answer : <a href="cxx_logs.html#cxxlog0-buildanswer">success</a></li>
        <li> Run Answer : <a href="cxx_logs.html#cxxlog0-runanswer">success</a></li>
      </ul>
    </p>
  </div>
  <div id="summary1" class="failure">
    <h2><a href="cxx_logs.html#cxxlog1">Assignment 1</a> </h2>
    <p>
      <ul>
        <li> Build Scaffold : <a href="cxx_logs.html#cxxlog1-buildscaffold">error</a></li>
        <li> Build Answer : <a href="cxx_logs.html#cxxlog1-buildanswer">error</a></li>
        <li> Run Answer : <a href="cxx_logs.html#cxxlog1-runanswer">error</a></li>
      </ul>
    </p>
  </div>
  <div id="summary2" class="failure">
    <h2><a href="cxx_logs.html#cxxlog2">Assignment 2</a> </h2>
    <p>
      <ul>
        <li> Build Scaffold : <a href="cxx_logs.html#cxxlog2-buildscaffold">error</a></li>
        <li> Build Answer : <a href="cxx_logs.html#cxxlog2-buildanswer">error</a></li>
        <li> Run Answer : <a href="cxx_logs.html#cxxlog2-runanswer">error</a></li>
      </ul>
    </p>
  </div>
  <div id="summary3" class="failure">
    <h2><a href="cxx_logs.html#cxxlog3">Assignment 3</a> </h2>
    <p>
      <ul>
        <li> Build Scaffold : <a href="cxx_logs.html#cxxlog3-buildscaffold">error</a></li>
        <li> Build Answer : <a href="cxx_logs.html#cxxlog3-buildanswer">error</a></li>
        <li> Run Answer : <a href="cxx_logs.html#cxxlog3-runanswer">error</a></li>
      </ul>
    </p>
  </div>
  <div id="summary4" class="failure">
    <h2><a href="cxx_logs.html#cxxlog4">Assignment 4</a> </h2>
    <p>
      <ul>
        <li> Build Scaffold : <a href="cxx_logs.html#cxxlog4-buildscaffold">error</a></li>
        <li> Build Answer : <a href="cxx_logs.html#cxxlog4-buildanswer">error</a></li>
        <li> Run Answer : <a href="cxx_logs.html#cxxlog4-runanswer">error</a></li>
      </ul>
    </p>
  </div>
  <div id="summary5" class="failure">
    <h2><a href="cxx_logs.html#cxxlog5">Assignment 5</a> </h2>
    <p>
      <ul>
        <li> Build Scaffold : <a href="cxx_logs.html#cxxlog5-buildscaffold">error</a></li>
        <li> Build Answer : <a href="cxx_logs.html#cxxlog5-buildanswer">error</a></li>
        <li> Run Answer : <a href="cxx_logs.html#cxxlog5-runanswer">error</a></li>
      </ul>
    </p>
  </div>
  <div id="summary6" class="failure">
    <h2><a href="cxx_logs.html#cxxlog6">Assignment 6</a> </h2>
    <p>
      <ul>
        <li> Build Scaffold : <a href="cxx_logs.html#cxxlog6-buildscaffold">error</a></li>
        <li> Build Answer : <a href="cxx_logs.html#cxxlog6-buildanswer">error</a></li>
        <li> Run Answer : <a href="cxx_logs.html#cxxlog6-runanswer">error</a></li>
      </ul>
    </p>
  </div>
  <div id="summary7" class="failure">
    <h2><a href="cxx_logs.html#cxxlog7">Assignment 7</a> </h2>
    <p>
      <ul>
        <li> Build Scaffold : <a href="cxx_logs.html#cxxlog7-buildscaffold">error</a></li>
        <li> Build Answer : <a href="cxx_logs.html#cxxlog7-buildanswer">error</a></li>
        <li> Run Answer : <a href="cxx_logs.html#cxxlog7-runanswer">error</a></li>
      </ul>
    </p>
  </div>
  <div id="summary8" class="failure">
    <h2><a href="cxx_logs.html#cxxlog8">Assignment 8</a> </h2>
    <p>
      <ul>
        <li> Build Scaffold : <a href="cxx_logs.html#cxxlog8-buildscaffold">error</a></li>
        <li> Build Answer : <a href="cxx_logs.html#cxxlog8-buildanswer">error</a></li>
        <li> Run Answer : <a href="cxx_logs.html#cxxlog8-runanswer">error</a></li>
      </ul>
    </p>
  </div>
  <div id="summary9" class="failure">
    <h2><a href="cxx_logs.html#cxxlog9">Assignment 9</a> </h2>
    <p>
      <ul>
        <li> Build Scaffold : <a href="cxx_logs.html#cxxlog9-buildscaffold">error</a></li>
        <li> Build Answer : <a href="cxx_logs.html#cxxlog9-buildanswer">error</a></li>
        <li> Run Answer : <a href="cxx_logs.html#cxxlog9-runanswer">error</a></li>
      </ul>
    </p>
  </div>
  <div id="summary10" class="failure">
    <h2><a href="cxx_logs.html#cxxlog10">Assignment 10</a> </h2>
    <p>
      <ul>
        <li> Build Scaffold : <a href="cxx_logs.html#cxxlog10-buildscaffold">error</a></li>
        <li> Build Answer : <a href="cxx_logs.html#cxxlog10-buildanswer">error</a></li>
        <li> Run Answer : <a href="cxx_logs.html#cxxlog10-runanswer">error</a></li>
      </ul>
    </p>
  </div>
  <div id="summary11" class="failure">
    <h2><a href="cxx_logs.html#cxxlog11">Assignment 11</a> </h2>
    <p>
      <ul>
        <li> Build Scaffold : <a href="cxx_logs.html#cxxlog11-buildscaffold">error</a></li>
        <li> Build Answer : <a href="cxx_logs.html#cxxlog11-buildanswer">error</a></li>
        <li> Run Answer : <a href="cxx_logs.html#cxxlog11-runanswer">error</a></li>
      </ul>
    </p>
  </div>
  <div id="summary12" class="failure">
    <h2><a href="cxx_logs.html#cxxlog12">Assignment 12</a> </h2>
    <p>
      <ul>
        <li> Build Scaffold : <a href="cxx_logs.html#cxxlog12-buildscaffold">error</a></li>
        <li> Build Answer : <a href="cxx_logs.html#cxxlog12-buildanswer">error</a></li>
        <li> Run Answer : <a href="cxx_logs.html#cxxlog12-runanswer">error</a></li>
      </ul>
    </p>
  </div>
  <div id="summary13" class="failure">
    <h2><a href="cxx_logs.html#cxxlog13">Assignment 13</a> </h2>
    <p>
      <ul>
        <li> Build Scaffold : <a href="cxx_logs.html#cxxlog13-buildscaffold">error</a></li>
        <li> Build Answer : <a href="cxx_logs.html#cxxlog13-buildanswer">error</a></li>
        <li> Run Answer : <a href="cxx_logs.html#cxxlog13-runanswer">error</a></li>
      </ul>
    </p>
  </div>
  <div id="summary14" class="failure">
    <h2><a href="cxx_logs.html#cxxlog14">Assignment 14</a> </h2>
    <p>
      <ul>
        <li> Build Scaffold : <a href="cxx_logs.html#cxxlog14-buildscaffold">error</a></li>
        <li> Build Answer : <a href="cxx_logs.html#cxxlog14-buildanswer">error</a></li>
        <li> Run Answer : <a href="cxx_logs.html#cxxlog14-runanswer">error</a></li>
      </ul>
    </p>
  </div>
  <div id="summary15" class="failure">
    <h2><a href="cxx_logs.html#cxxlog15">Assignment 15</a> </h2>
    <p>
      <ul>
        <li> Build Scaffold : <a href="cxx_logs.html#cxxlog15-buildscaffold">error</a></li>
        <li> Build Answer : <a href="cxx_logs.html#cxxlog15-buildanswer">error</a></li>
        <li> Run Answer : <a href="cxx_logs.html#cxxlog15-runanswer">error</a></li>
      </ul>
    </p>
  </div>
  <div id="summary16" class="failure">
    <h2><a href="cxx_logs.html#cxxlog16">Assignment 16</a> </h2>
    <p>
      <ul>
        <li> Build Scaffold : <a href="cxx_logs.html#cxxlog16-buildscaffold">error</a></li>
        <li> Build Answer : <a href="cxx_logs.html#cxxlog16-buildanswer">error</a></li>
        <li> Run Answer : <a href="cxx_logs.html#cxxlog16-runanswer">error</a></li>
      </ul>
    </p>
  </div>
  <div id="summary17" class="failure">
    <h2><a href="cxx_logs.html#cxxlog17">Assignment 17</a> </h2>
    <p>
      <ul>
        <li> Build Scaffold : <a href="cxx_logs.html#cxxlog17-buildscaffold">error</a></li>
        <li> Build Answer : <a href="cxx_logs.html#cxxlog17-buildanswer">error</a></li>
        <li> Run Answer : <a href="cxx_logs.html#cxxlog17-runanswer">error</a></li>
      </ul>
    </p>
  </div>
  <div id="summary18" class="failure">
    <h2><a href="cxx_logs.html#cxxlog18">Assignment 18</a> </h2>
    <p>
      <ul>
        <li> Build Scaffold : <a href="cxx_logs.html#cxxlog18-buildscaffold">error</a></li>
        <li> Build Answer : <a href="cxx_logs.html#cxxlog18-buildanswer">error</a></li>
        <li> Run Answer : <a href="cxx_logs.html#cxxlog18-runanswer">error</a></li>
      </ul>
    </p>
  </div>
  <div id="summary19" class="failure">
    <h2><a href="cxx_logs.html#cxxlog19">Assignment 19</a> </h2>
    <p>
      <ul>
        <li> Build Scaffold : <a href="cxx_logs.html#cxxlog19-buildscaffold">error</a></li>
        <li> Build Answer : <a href="cxx_logs.html#cxxlog19-buildanswer">error</a></li>
        <li> Run Answer : <a href="cxx_logs.html#cxxlog19-runanswer">error</a></li>
      </ul>
    </p>
  </div>
  <div id="summary20" class="failure">
    <h2><a href="cxx_logs.html#cxxlog20">Assignment 20</a> </h2>
    <p>
      <ul>
        <li> Build Scaffold : <a href="cxx_logs.html#cxxlog20-buildscaffold">error</a></li>
        <li> Build Answer : <a href="cxx_logs.html#cxxlog20-buildanswer">error</a></li>
        <li> Run Answer : <a href="cxx_logs.html#cxxlog20-runanswer">error</a></li>
      </ul>
    </p>
  </div>
  <div id="summary21" class="failure">
    <h2><a href="cxx_logs.html#cxxlog21">Assignment 21</a> </h2>
    <p>
      <ul>
        <li> Build Scaffold : <a href="cxx_logs.html#cxxlog21-buildscaffold">error</a></li>
        <li> Build Answer : <a href="cxx_logs.html#cxxlog21-buildanswer">error</a></li>
        <li> Run Answer : <a href="cxx_logs.html#cxxlog21-runanswer">error</a></li>
      </ul>
    </p>
  </div>
  <div id="summary22" class="failure">
    <h2><a href="cxx_logs.html#cxxlog22">Assignment 22</a> </h2>
    <p>
      <ul>
        <li> Build Scaffold : <a href="cxx_logs.html#cxxlog22-buildscaffold">error</a></li>
        <li> Build Answer : <a href="cxx_logs.html#cxxlog22-buildanswer">error</a></li>
        <li> Run Answer : <a href="cxx_logs.html#cxxlog22-runanswer">error</a></li>
      </ul>
    </p>
  </div>
  <div id="summary23" class="failure">
    <h2><a href="cxx_logs.html#cxxlog23">Assignment 23</a> </h2>
    <p>
      <ul>
        <li> Build Scaffold : <a href="cxx_logs.html#cxxlog23-buildscaffold">error</a></li>
        <li> Build Answer : <a href="cxx_logs.html#cxxlog23-buildanswer">error</a></li>
        <li> Run Answer : <a href="cxx_logs.html#cxxlog23-runanswer">error</a></li>
      </ul>
    </p>
  </div>
  <div id="summary24" class="failure">
    <h2><a href="cxx_logs.html#cxxlog24">Assignment 24</a> </h2>
    <p>
      <ul>
        <li> Build Scaffold : <a href="cxx_logs.html#cxxlog24-buildscaffold">error</a></li>
        <li> Build Answer : <a href="cxx_logs.html#cxxlog24-buildanswer">error</a></li>
        <li> Run Answer : <a href="cxx_logs.html#cxxlog24-runanswer">error</a></li>
      </ul>
    </p>
  </div>
  <div id="summary25" class="failure">
    <h2><a href="cxx_logs.html#cxxlog25">Assignment 25</a> </h2>
    <p>
      <ul>
        <li> Build Scaffold : <a href="cxx_logs.html#cxxlog25-buildscaffold">error</a></li>
        <li> Build Answer : <a href="cxx_logs.html#cxxlog25-buildanswer">error</a></li>
        <li> Run Answer : <a href="cxx_logs.html#cxxlog25-runanswer">error</a></li>
      </ul>
    </p>
  </div>
  <div id="summary26" class="failure">
    <h2><a href="cxx_logs.html#cxxlog26">Assignment 26</a> </h2>
    <p>
      <ul>
        <li> Build Scaffold : <a href="cxx_logs.html#cxxlog26-buildscaffold">error</a></li>
        <li> Build Answer : <a href="cxx_logs.html#cxxlog26-buildanswer">error</a></li>
        <li> Run Answer : <a href="cxx_logs.html#cxxlog26-runanswer">error</a></li>
      </ul>
    </p>
  </div>
  <div id="summary27" class="failure">
    <h2><a href="cxx_logs.html#cxxlog27">Assignment 27</a> </h2>
    <p>
      <ul>
        <li> Build Scaffold : <a href="cxx_logs.html#cxxlog27-buildscaffold">error</a></li>
        <li> Build Answer : <a href="cxx_logs.html#cxxlog27-buildanswer">error</a></li>
        <li> Run Answer : <a href="cxx_logs.html#cxxlog27-runanswer">error</a></li>
      </ul>
    </p>
  </div>
  <div id="summary28" class="failure">
    <h2><a href="cxx_logs.html#cxxlog28">Assignment 28</a> </h2>
    <p>
      <ul>
        <li> Build Scaffold : <a href="cxx_logs.html#cxxlog28-buildscaffold">error</a></li>
        <li> Build Answer : <a href="cxx_logs.html#cxxlog28-buildanswer">error</a></li>
        <li> Run Answer : <a href="cxx_logs.html#cxxlog28-runanswer">error</a></li>
      </ul>
    </p>
  </div>
  <div id="summary29" class="failure">
    <h2><a href="cxx_logs.html#cxxlog29">Assignment 29</a> </h2>
    <p>
      <ul>
        <li> Build Scaffold : <a href="cxx_logs.html#cxxlog29-buildscaffold">error</a></li>
        <li> Build Answer : <a href="cxx_logs.html#cxxlog29-buildanswer">error</a></li>
        <li> Run Answer : <a href="cxx_logs.html#cxxlog29-runanswer">error</a></li>
      </ul>
    </p>
  </div>
  <div id="summary30" class="failure">
    <h2><a href="cxx_logs.html#cxxlog30">Assignment 30</a> </h2>
    <p>
      <ul>
        <li> Build Scaffold : <a href="cxx_logs.html#cxxlog30-buildscaffold">error</a></li>
        <li> Build Answer : <a href="cxx_logs.html#cxxlog30-buildanswer">error</a></li>
        <li> Run Answer : <a href="cxx_logs.html#cxxlog30-runanswer">error</a></li>
      </ul>
    </p>
  </div>
  <div id="summary31" class="failure">
    <h2><a href="cxx_logs.html#cxxlog31">Assignment 31</a> </h2>
    <p>
      <ul>
        <li> Build Scaffold : <a href="cxx_logs.html#cxxlog31-buildscaffold">error</a></li>
        <li> Build Answer : <a href="cxx_logs.html#cxxlog31-buildanswer">error</a></li>
        <li> Run Answer : <a href="cxx_logs.html#cxxlog31-runanswer">error</a></li>
      </ul>
    </p>
  </div>
  <div id="summary32" class="failure">
    <h2><a href="cxx_logs.html#cxxlog32">Assignment 32</a> </h2>
    <p>
      <ul>
        <li> Build Scaffold : <a href="cxx_logs.html#cxxlog32-buildscaffold">error</a></li>
        <li> Build Answer : <a href="cxx_logs.html#cxxlog32-buildanswer">error</a></li>
        <li> Run Answer : <a href="cxx_logs.html#cxxlog32-runanswer">error</a></li>
      </ul>
    </p>
  </div>
  <div id="summary33" class="failure">
    <h2><a href="cxx_logs.html#cxxlog33">Assignment 33</a> </h2>
    <p>
      <ul>
        <li> Build Scaffold : <a href="cxx_logs.html#cxxlog33-buildscaffold">error</a></li>
        <li> Build Answer : <a href="cxx_logs.html#cxxlog33-buildanswer">error</a></li>
        <li> Run Answer : <a href="cxx_logs.html#cxxlog33-runanswer">error</a></li>
      </ul>
    </p>
  </div>
  <div id="summary34" class="failure">
    <h2><a href="cxx_logs.html#cxxlog34">Assignment 34</a> </h2>
    <p>
      <ul>
        <li> Build Scaffold : <a href="cxx_logs.html#cxxlog34-buildscaffold">error</a></li>
        <li> Build Answer : <a href="cxx_logs.html#cxxlog34-buildanswer">error</a></li>
        <li> Run Answer : <a href="cxx_logs.html#cxxlog34-runanswer">error</a></li>
      </ul>
    </p>
  </div>
  <div id="summary35" class="failure">
    <h2><a href="cxx_logs.html#cxxlog35">Assignment 35</a> </h2>
    <p>
      <ul>
        <li> Build Scaffold : <a href="cxx_logs.html#cxxlog35-buildscaffold">error</a></li>
        <li> Build Answer : <a href="cxx_logs.html#cxxlog35-buildanswer">error</a></li>
        <li> Run Answer : <a href="cxx_logs.html#cxxlog35-runanswer">error</a></li>
      </ul>
    </p>
  </div>
  <div id="summary36" class="failure">
    <h2><a href="cxx_logs.html#cxxlog36">Assignment 36</a> </h2>
    <p>
      <ul>
        <li> Build Scaffold : <a href="cxx_logs.html#cxxlog36-buildscaffold">error</a></li>
        <li> Build Answer : <a href="cxx_logs.html#cxxlog36-buildanswer">error</a></li>
        <li> Run Answer : <a href="cxx_logs.html#cxxlog36-runanswer">error</a></li>
      </ul>
    </p>
  </div>
  <div id="summary37" class="failure">
    <h2><a href="cxx_logs.html#cxxlog37">Assignment 37</a> </h2>
    <p>
      <ul>
        <li> Build Scaffold : <a href="cxx_logs.html#cxxlog37-buildscaffold">error</a></li>
        <li> Build Answer : <a href="cxx_logs.html#cxxlog37-buildanswer">error</a></li>
        <li> Run Answer : <a href="cxx_logs.html#cxxlog37-runanswer">error</a></li>
      </ul>
    </p>
  </div>
  <div id="summary38" class="failure">
    <h2><a href="cxx_logs.html#cxxlog38">Assignment 38</a> </h2>
    <p>
      <ul>
        <li> Build Scaffold : <a href="cxx_logs.html#cxxlog38-buildscaffold">error</a></li>
        <li> Build Answer : <a href="cxx_logs.html#cxxlog38-buildanswer">error</a></li>
        <li> Run Answer : <a href="cxx_logs.html#cxxlog38-runanswer">error</a></li>
      </ul>
    </p>
  </div>
  <div id="summary39" class="failure">
    <h2><a href="cxx_logs.html#cxxlog39">Assignment 39</a> </h2>
    <p>
      <ul>
        <li> Build Scaffold : <a href="cxx_logs.html#cxxlog39-buildscaffold">error</a></li>
        <li> Build Answer : <a href="cxx_logs.html#cxxlog39-buildanswer">error</a></li>
        <li> Run Answer : <a href="cxx_logs.html#cxxlog39-runanswer">error</a></li>
      </ul>
    </p>
  </div>
  <div id="summary40" class="failure">
    <h2><a href="cxx_logs.html#cxxlog40">Assignment 40</a> </h2>
    <p>
      <ul>
        <li> Build Scaffold : <a href="cxx_logs.html#cxxlog40-buildscaffold">error</a></li>
        <li> Build Answer : <a href="cxx_logs.html#cxxlog40-buildanswer">error</a></li>
        <li> Run Answer : <a href="cxx_logs.html#cxxlog40-runanswer">error</a></li>
      </ul>
    </p>
  </div>
  <div id="summary41" class="failure">
    <h2><a href="cxx_logs.html#cxxlog41">Assignment 41</a> </h2>
    <p>
      <ul>
        <li> Build Scaffold : <a href="cxx_logs.html#cxxlog41-buildscaffold">error</a></li>
        <li> Build Answer : <a href="cxx_logs.html#cxxlog41-buildanswer">error</a></li>
        <li> Run Answer : <a href="cxx_logs.html#cxxlog41-runanswer">error</a></li>
      </ul>
    </p>
  </div>
  <div id="summary42" class="failure">
    <h2><a href="cxx_logs.html#cxxlog42">Assignment 42</a> </h2>
    <p>
      <ul>
        <li> Build Scaffold : <a href="cxx_logs.html#cxxlog42-buildscaffold">error</a></li>
        <li> Build Answer : <a href="cxx_logs.html#cxxlog42-buildanswer">error</a></li>
        <li> Run Answer : <a href="cxx_logs.html#cxxlog42-runanswer">error</a></li>
      </ul>
    </p>
  </div>
  <div id="summary43" class="failure">
    <h2><a href="cxx_logs.html#cxxlog43">Assignment 43</a> </h2>
    <p>
      <ul>
        <li> Build Scaffold : <a href="cxx_logs.html#cxxlog43-buildscaffold">error</a></li>
        <li> Build Answer : <a href="cxx_logs.html#cxxlog43-buildanswer">error</a></li>
        <li> Run Answer : <a href="cxx_logs.html#cxxlog43-runanswer">error</a></li>
      </ul>
    </p>
  </div>
  <div id="summary44" class="failure">
    <h2><a href="cxx_logs.html#cxxlog44">Assignment 44</a> </h2>
    <p>
      <ul>
        <li> Build Scaffold : <a href="cxx_logs.html#cxxlog44-buildscaffold">error</a></li>
        <li> Build Answer : <a href="cxx_logs.html#cxxlog44-buildanswer">error</a></li>
        <li> Run Answer : <a href="cxx_logs.html#cxxlog44-runanswer">error</a></li>
      </ul>
    </p>
  </div>
  <div id="summary45" class="failure">
    <h2><a href="cxx_logs.html#cxxlog45">Assignment 45</a> </h2>
    <p>
      <ul>
        <li> Build Scaffold : <a href="cxx_logs.html#cxxlog45-buildscaffold">error</a></li>
        <li> Build Answer : <a href="cxx_logs.html#cxxlog45-buildanswer">error</a></li>
        <li> Run Answer : <a href="cxx_logs.html#cxxlog45-runanswer">error</a></li>
      </ul>
    </p>
  </div>
  <div id="summary46" class="failure">
    <h2><a href="cxx_logs.html#cxxlog46">Assignment 46</a> </h2>
    <p>
      <ul>
        <li> Build Scaffold : <a href="cxx_logs.html#cxxlog46-buildscaffold">error</a></li>
        <li> Build Answer : <a href="cxx_logs.html#cxxlog46-buildanswer">error</a></li>
        <li> Run Answer : <a href="cxx_logs.html#cxxlog46-runanswer">error</a></li>
      </ul>
    </p>
  </div>
  <div id="summary47" class="failure">
    <h2><a href="cxx_logs.html#cxxlog47">Assignment 47</a> </h2>
    <p>
      <ul>
        <li> Build Scaffold : <a href="cxx_logs.html#cxxlog47-buildscaffold">error</a></li>
        <li> Build Answer : <a href="cxx_logs.html#cxxlog47-buildanswer">error</a></li>
        <li> Run Answer : <a href="cxx_logs.html#cxxlog47-runanswer">error</a></li>
      </ul>
    </p>
  </div>
  <div id="summary48" class="failure">
    <h2><a href="cxx_logs.html#cxxlog48">Assignment 48</a> </h2>
    <p>
      <ul>
        <li> Build Scaffold : <a href="cxx_logs.html#cxxlog48-buildscaffold">error</a></li>
        <li> Build Answer : <a href="cxx_logs.html#cxxlog48-buildanswer">error</a></li>
        <li> Run Answer : <a href="cxx_logs.html#cxxlog48-runanswer">error</a></li>
      </ul>
    </p>
  </div>
  <div id="summary49" class="failure">
    <h2><a href="cxx_logs.html#cxxlog49">Assignment 49</a> </h2>
    <p>
      <ul>
        <li> Build Scaffold : <a href="cxx_logs.html#cxxlog49-buildscaffold">error</a></li>
        <li> Build Answer : <a href="cxx_logs.html#cxxlog49-buildanswer">error</a></li>
        <li> Run Answer : <a href="cxx_logs.html#cxxlog49-runanswer">error</a></li>
      </ul>
    </p>
  </div>
  <div id="summary50" class="failure">
    <h2><a href="cxx_logs.html#cxxlog50">Assignment 50</a> </h2>
    <p>
      <ul>
        <li> Build Scaffold : <a href="cxx_logs.html#cxxlog50-buildscaffold">error</a></li>
        <li> Build Answer : <a href="cxx_logs.html#cxxlog50-buildanswer">error</a></li>
        <li> Run Answer : <a href="cxx_logs.html#cxxlog50-runanswer">error</a></li>
      </ul>
    </p>
  </div>
  <div id="summary51" class="failure">
    <h2><a href="cxx_logs.html#cxxlog51">Assignment 51</a> </h2>
    <p>
      <ul>
        <li> Build Scaffold : <a href="cxx_logs.html#cxxlog51-buildscaffold">error</a></li>
        <li> Build Answer : <a href="cxx_logs.html#cxxlog51-buildanswer">error</a></li>
        <li> Run Answer : <a href="cxx_logs.html#cxxlog51-runanswer">error</a></li>
      </ul>
    </p>
  </div>
  <div id="summary52" class="failure">
    <h2><a href="cxx_logs.html#cxxlog52">Assignment 52</a> </h2>
    <p>
      <ul>
        <li> Build Scaffold : <a href="cxx_logs.html#cxxlog52-buildscaffold">error</a></li>
        <li> Build Answer : <a href="cxx_logs.html#cxxlog52-buildanswer">error</a></li>
        <li> Run Answer : <a href="cxx_logs.html#cxxlog52-runanswer">error</a></li>
      </ul>
    </p>
  </div>
  <div id="summary53" class="failure">
    <h2><a href="cxx_logs.html#cxxlog53">Assignment 53</a> </h2>
    <p>
      <ul>
        <li> Build Scaffold : <a href="cxx_logs.html#cxxlog53-buildscaffold">error</a></li>
        <li> Build Answer : <a href="cxx_logs.html#cxxlog53-buildanswer">error</a></li>
        <li> Run Answer : <a href="cxx_logs.html#cxxlog53-runanswer">error</a></li>
      </ul>
    </p>
  </div>
  <div id="summary54" class="failure">
    <h2><a href="cxx_logs.html#cxxlog54">Assignment 54</a> </h2>
    <p>
      <ul>
        <li> Build Scaffold : <a href="cxx_logs.html#cxxlog54-buildscaffold">error</a></li>
        <li> Build Answer : <a href="cxx_logs.html#cxxlog54-buildanswer">error</a></li>
        <li> Run Answer : <a href="cxx_logs.html#cxxlog54-runanswer">error</a></li>
      </ul>
    </p>
  </div>
  <div id="summary55" class="failure">
    <h2><a href="cxx_logs.html#cxxlog55">Assignment 55</a> </h2>
    <p>
      <ul>
        <li> Build Scaffold : <a href="cxx_logs.html#cxxlog55-buildscaffold">error</a></li>
        <li> Build Answer : <a href="cxx_logs.html#cxxlog55-buildanswer">error</a></li>
        <li> Run Answer : <a href="cxx_logs.html#cxxlog55-runanswer">error</a></li>
      </ul>
    </p>
  </div>
  <div id="summary56" class="failure">
    <h2><a href="cxx_logs.html#cxxlog56">Assignment 56</a> </h2>
    <p>
      <ul>
        <li> Build Scaffold : <a href="cxx_logs.html#cxxlog56-buildscaffold">error</a></li>
        <li> Build Answer : <a href="cxx_logs.html#cxxlog56-buildanswer">error</a></li>
        <li> Run Answer : <a href="cxx_logs.html#cxxlog56-runanswer">error</a></li>
      </ul>
    </p>
  </div>
  <div id="summary57" class="failure">
    <h2><a href="cxx_logs.html#cxxlog57">Assignment 57</a> </h2>
    <p>
      <ul>
        <li> Build Scaffold : <a href="cxx_logs.html#cxxlog57-buildscaffold">error</a></li>
        <li> Build Answer : <a href="cxx_logs.html#cxxlog57-buildanswer">error</a></li>
        <li> Run Answer : <a href="cxx_logs.html#cxxlog57-runanswer">error</a></li>
      </ul>
    </p>
  </div>
  <div id="summary58" class="failure">
    <h2><a href="cxx_logs.html#cxxlog58">Assignment 58</a> </h2>
    <p>
      <ul>
        <li> Build Scaffold : <a href="cxx_logs.html#cxxlog58-buildscaffold">error</a></li>
        <li> Build Answer : <a href="cxx_logs.html#cxxlog58-buildanswer">error</a></li>
        <li> Run Answer : <a href="cxx_logs.html#cxxlog58-runanswer">error</a></li>
      </ul>
    </p>
  </div>
  <div id="summary59" class="failure">
    <h2><a href="cxx_logs.html#cxxlog59">Assignment 59</a> </h2>
    <p>
      <ul>
        <li> Build Scaffold : <a href="cxx_logs.html#cxxlog59-buildscaffold">error</a></li>
        <li> Build Answer : <a href="cxx_logs.html#cxxlog59-buildanswer">error</a></li>
        <li> Run Answer : <a href="cxx_logs.html#cxxlog59-runanswer">error</a></li>
      </ul>
    </p>
  </div>
  <div id="summary60" class="failure">
    <h2><a href="cxx_logs.html#cxxlog60">Assignment 60</a> </h2>
    <p>
      <ul>
        <li> Build Scaffold : <a href="cxx_logs.html#cxxlog60-buildscaffold">error</a></li>
        <li> Build Answer : <a href="cxx_logs.html#cxxlog60-buildanswer">error</a></li>
        <li> Run Answer : <a href="cxx_logs.html#cxxlog60-runanswer">error</a></li>
      </ul>
    </p>
  </div>
  <div id="summary61" class="failure">
    <h2><a href="cxx_logs.html#cxxlog61">Assignment 61</a> </h2>
    <p>
      <ul>
        <li> Build Scaffold : <a href="cxx_logs.html#cxxlog61-buildscaffold">error</a></li>
        <li> Build Answer : <a href="cxx_logs.html#cxxlog61-buildanswer">error</a></li>
        <li> Run Answer : <a href="cxx_logs.html#cxxlog61-runanswer">error</a></li>
      </ul>
    </p>
  </div>
  <div id="summary62" class="failure">
    <h2><a href="cxx_logs.html#cxxlog62">Assignment 62</a> </h2>
    <p>
      <ul>
        <li> Build Scaffold : <a href="cxx_logs.html#cxxlog62-buildscaffold">error</a></li>
        <li> Build Answer : <a href="cxx_logs.html#cxxlog62-buildanswer">error</a></li>
        <li> Run Answer : <a href="cxx_logs.html#cxxlog62-runanswer">error</a></li>
      </ul>
    </p>
  </div>
    <div id="cxxlog0" class="logdetails">
      <h2>Assignment 0 full log</h2>
    
<div class="success">
<h3 id="cxxlog0-buildscaffold">Build Scaffold for Assignment 0</h3>
<pre><code>Compiling c++/ for assignment in ../assignmentdb/0-Setup/c++
rm Setup.o
rm Setup
rm: cannot remove 'Setup': No such file or directory
make: [Makefile:32: clean] Error 1 (ignored)
g++ -g  -std=c++14 -I /home/bridges-testing/bridges-cxx-install/include/ -c Setup.cpp -o Setup.o
g++ -o Setup Setup.o -g -L /home/bridges-testing/bridges-cxx-install/lib/ -pthread -lcurl 
</code></pre>
</div>
<div class="success">
<h3 id="cxxlog0-buildanswer">Build Answer for Assignment 0</h3>
<pre><code>Compiling c++_answer/ for assignment in ../assignmentdb/0-Setup/c++_answer
rm Setup.o
rm Setup
rm: cannot remove 'Setup': No such file or directory
make: [Makefile:32: clean] Error 1 (ignored)
g++ -g  -std=c++14 -I /home/bridges-testing/bridges-cxx-install/include/ -c Setup.cpp -o Setup.o
g++ -o Setup Setup.o -g -L /home/bridges-testing/bridges-cxx-install/lib/ -pthread -lcurl 
</code></pre>
</div>
<div class="success">
<h3 id="cxxlog0-runanswer">Run Answer for Assignment 0</h3>
<pre><code>Guessing ./Setup is the right binary file where main is

Success: Assignment posted to the server. 
Check out your visualization at:

http://bridges-cs.herokuapp.com/assignments/0/bridges_testing

</code></pre>
</div>
    
    </div>
    <div id="cxxlog1" class="logdetails">
      <h2>Assignment 1 full log</h2>
    
<div class="failure">
<h3 id="cxxlog1-buildscaffold">Build Scaffold for Assignment 1</h3>
<pre><code>Compiling c++/ for assignment in ../assignmentdb/1-ListIMDB/c++
rm ListIMDB.o
rm ListIMDB
rm: cannot remove 'ListIMDB': No such file or directory
make: [Makefile:33: clean] Error 1 (ignored)
g++ -g  -std=c++14 -I /home/bridges-testing/bridges-cxx-install/include/ -c ListIMDB.cpp -o ListIMDB.o
g++ -o ListIMDB ListIMDB.o -g -L /home/bridges-testing/bridges-cxx-install/lib/ -pthread -lcurl -l bridges 
/usr/bin/ld: cannot find -lbridges
collect2: error: ld returned 1 exit status
make: *** [Makefile:22: ListIMDB] Error 1
could not compile c++/ for assignment in ../assignmentdb/1-ListIMDB/c++
</code></pre>
</div>
<div class="failure">
<h3 id="cxxlog1-buildanswer">Build Answer for Assignment 1</h3>
<pre><code>Compiling c++_answer/ for assignment in ../assignmentdb/1-ListIMDB/c++_answer
rm ListIMDB.o
rm ListIMDB
rm: cannot remove 'ListIMDB': No such file or directory
make: [Makefile:32: clean] Error 1 (ignored)
g++ -g  -std=c++14 -I /home/bridges-testing/bridges-cxx-install/include/ -c ListIMDB.cpp -o ListIMDB.o
g++ -o ListIMDB ListIMDB.o -g -L /home/bridges-testing/bridges-cxx-install/lib/ -pthread -lcurl -l bridges 
/usr/bin/ld: cannot find -lbridges
collect2: error: ld returned 1 exit status
make: *** [Makefile:21: ListIMDB] Error 1
could not compile c++_answer/ for assignment in ../assignmentdb/1-ListIMDB/c++_answer
</code></pre>
</div>
<div class="failure">
<h3 id="cxxlog1-runanswer">Run Answer for Assignment 1</h3>
<pre><code>can't guess a binary file to run
could not run c++_answer for assignment in ../assignmentdb/1-ListIMDB/c++_answer
</code></pre>
</div>
    
    </div>
    <div id="cxxlog2" class="logdetails">
      <h2>Assignment 2 full log</h2>
    
<div class="failure">
<h3 id="cxxlog2-buildscaffold">Build Scaffold for Assignment 2</h3>
<pre><code>Compiling c++/ for assignment in ../assignmentdb/2-ListEQ/c++
rm ListEQ.o
rm ListEQ
rm: cannot remove 'ListEQ': No such file or directory
make: [Makefile:32: clean] Error 1 (ignored)
g++ -g  -std=c++14 -I /home/bridges-testing/bridges-cxx-install/include/ -c ListEQ.cpp -o ListEQ.o
g++ -o ListEQ ListEQ.o -g -L /home/bridges-testing/bridges-cxx-install/lib/ -pthread -lcurl -l bridges 
/usr/bin/ld: cannot find -lbridges
collect2: error: ld returned 1 exit status
make: *** [Makefile:21: ListEQ] Error 1
could not compile c++/ for assignment in ../assignmentdb/2-ListEQ/c++
</code></pre>
</div>
<div class="failure">
<h3 id="cxxlog2-buildanswer">Build Answer for Assignment 2</h3>
<pre><code>Compiling c++_answer/ for assignment in ../assignmentdb/2-ListEQ/c++_answer
rm ListEQ.o
rm ListEQ
rm: cannot remove 'ListEQ': No such file or directory
make: [Makefile:32: clean] Error 1 (ignored)
g++ -g  -std=c++14 -I /home/bridges-testing/bridges-cxx-install/include/ -c ListEQ.cpp -o ListEQ.o
g++ -o ListEQ ListEQ.o -g -L /home/bridges-testing/bridges-cxx-install/lib/ -pthread -lcurl -l bridges 
/usr/bin/ld: cannot find -lbridges
collect2: error: ld returned 1 exit status
make: *** [Makefile:21: ListEQ] Error 1
could not compile c++_answer/ for assignment in ../assignmentdb/2-ListEQ/c++_answer
</code></pre>
</div>
<div class="failure">
<h3 id="cxxlog2-runanswer">Run Answer for Assignment 2</h3>
<pre><code>can't guess a binary file to run
could not run c++_answer for assignment in ../assignmentdb/2-ListEQ/c++_answer
</code></pre>
</div>
    
    </div>
    <div id="cxxlog3" class="logdetails">
      <h2>Assignment 3 full log</h2>
    
<div class="failure">
<h3 id="cxxlog3-buildscaffold">Build Scaffold for Assignment 3</h3>
<pre><code>Compiling c++/ for assignment in ../assignmentdb/3-GraphBaconNumber/c++
rm GraphBaconNumber.o
rm GraphBaconNumber
rm: cannot remove 'GraphBaconNumber': No such file or directory
make: [Makefile:32: clean] Error 1 (ignored)
g++ -g  -std=c++14 -I /home/bridges-testing/bridges-cxx-install/include/ -c GraphBaconNumber.cpp -o GraphBaconNumber.o
g++ -o GraphBaconNumber GraphBaconNumber.o -g -L /home/bridges-testing/bridges-cxx-install/lib/ -pthread -lcurl -l bridges 
/usr/bin/ld: cannot find -lbridges
collect2: error: ld returned 1 exit status
make: *** [Makefile:21: GraphBaconNumber] Error 1
could not compile c++/ for assignment in ../assignmentdb/3-GraphBaconNumber/c++
</code></pre>
</div>
<div class="failure">
<h3 id="cxxlog3-buildanswer">Build Answer for Assignment 3</h3>
<pre><code>Compiling c++_answer/ for assignment in ../assignmentdb/3-GraphBaconNumber/c++_answer
rm GraphBaconNumber.o
rm GraphBaconNumber
rm: cannot remove 'GraphBaconNumber': No such file or directory
make: [Makefile:32: clean] Error 1 (ignored)
g++ -g  -std=c++14 -I /home/bridges-testing/bridges-cxx-install/include/ -c GraphBaconNumber.cpp -o GraphBaconNumber.o
g++ -o GraphBaconNumber GraphBaconNumber.o -g -L /home/bridges-testing/bridges-cxx-install/lib/ -pthread -lcurl -l bridges 
/usr/bin/ld: cannot find -lbridges
collect2: error: ld returned 1 exit status
make: *** [Makefile:21: GraphBaconNumber] Error 1
could not compile c++_answer/ for assignment in ../assignmentdb/3-GraphBaconNumber/c++_answer
</code></pre>
</div>
<div class="failure">
<h3 id="cxxlog3-runanswer">Run Answer for Assignment 3</h3>
<pre><code>can't guess a binary file to run
could not run c++_answer for assignment in ../assignmentdb/3-GraphBaconNumber/c++_answer
</code></pre>
</div>
    
    </div>
    <div id="cxxlog4" class="logdetails">
      <h2>Assignment 4 full log</h2>
    
<div class="failure">
<h3 id="cxxlog4-buildscaffold">Build Scaffold for Assignment 4</h3>
<pre><code>Compiling c++/ for assignment in ../assignmentdb/4-GraphEQ/c++
rm GraphEQ.o
rm GraphEQ
rm: cannot remove 'GraphEQ': No such file or directory
make: [Makefile:32: clean] Error 1 (ignored)
g++ -g  -std=c++14 -I /home/bridges-testing/bridges-cxx-install/include/ -c GraphEQ.cpp -o GraphEQ.o
g++ -o GraphEQ GraphEQ.o -g -L /home/bridges-testing/bridges-cxx-install/lib/ -pthread -lcurl -l bridges 
/usr/bin/ld: cannot find -lbridges
collect2: error: ld returned 1 exit status
make: *** [Makefile:21: GraphEQ] Error 1
could not compile c++/ for assignment in ../assignmentdb/4-GraphEQ/c++
</code></pre>
</div>
<div class="failure">
<h3 id="cxxlog4-buildanswer">Build Answer for Assignment 4</h3>
<pre><code>Compiling c++_answer/ for assignment in ../assignmentdb/4-GraphEQ/c++_answer
rm GraphEQ.o
rm GraphEQ
rm: cannot remove 'GraphEQ': No such file or directory
make: [Makefile:32: clean] Error 1 (ignored)
g++ -g  -std=c++14 -I /home/bridges-testing/bridges-cxx-install/include/ -c GraphEQ.cpp -o GraphEQ.o
g++ -o GraphEQ GraphEQ.o -g -L /home/bridges-testing/bridges-cxx-install/lib/ -pthread -lcurl -l bridges 
/usr/bin/ld: cannot find -lbridges
collect2: error: ld returned 1 exit status
make: *** [Makefile:21: GraphEQ] Error 1
could not compile c++_answer/ for assignment in ../assignmentdb/4-GraphEQ/c++_answer
</code></pre>
</div>
<div class="failure">
<h3 id="cxxlog4-runanswer">Run Answer for Assignment 4</h3>
<pre><code>can't guess a binary file to run
could not run c++_answer for assignment in ../assignmentdb/4-GraphEQ/c++_answer
</code></pre>
</div>
    
    </div>
    <div id="cxxlog5" class="logdetails">
      <h2>Assignment 5 full log</h2>
    
<div class="failure">
<h3 id="cxxlog5-buildscaffold">Build Scaffold for Assignment 5</h3>
<pre><code>Compiling c++/ for assignment in ../assignmentdb/5-BstEq/c++
rm bst_eq.o
rm BstEq
rm: cannot remove 'BstEq': No such file or directory
make: [Makefile:33: clean] Error 1 (ignored)
g++ -g  -std=c++14 -I /home/bridges-testing/bridges-cxx-install/include/ -c bst_eq.cpp -o bst_eq.o
In file included from bst_eq.cpp:12:
bst.h: In member function ‘void* BST&lt;Key, E&gt;::findLargestAndHighlight(bridges::datastructure::BSTElement&lt;Key, E&gt;*)’:
bst.h:126:5: warning: no return statement in function returning non-void [-Wreturn-type]
  126 |     }
      |     ^
bst.h: In member function ‘void* BST&lt;Key, E&gt;::findSmallestAndHighlight(bridges::datastructure::BSTElement&lt;Key, E&gt;*)’:
bst.h:131:5: warning: no return statement in function returning non-void [-Wreturn-type]
  131 |     }
      |     ^
g++ -o BstEq bst_eq.o -g -L /home/bridges-testing/bridges-cxx-install/lib/ -pthread -lcurl -l bridges 
/usr/bin/ld: cannot find -lbridges
collect2: error: ld returned 1 exit status
make: *** [Makefile:22: BstEq] Error 1
could not compile c++/ for assignment in ../assignmentdb/5-BstEq/c++
</code></pre>
</div>
<div class="failure">
<h3 id="cxxlog5-buildanswer">Build Answer for Assignment 5</h3>
<pre><code>Compiling c++_answer/ for assignment in ../assignmentdb/5-BstEq/c++_answer
rm bst_eq.o
rm BstEq
rm: cannot remove 'BstEq': No such file or directory
make: [Makefile:32: clean] Error 1 (ignored)
g++ -g  -std=c++14 -I /home/bridges-testing/bridges-cxx-install/include/ -c bst_eq.cpp -o bst_eq.o
g++ -o BstEq bst_eq.o -g -L /home/bridges-testing/bridges-cxx-install/lib/ -pthread -lcurl -l bridges 
/usr/bin/ld: cannot find -lbridges
collect2: error: ld returned 1 exit status
make: *** [Makefile:21: BstEq] Error 1
could not compile c++_answer/ for assignment in ../assignmentdb/5-BstEq/c++_answer
</code></pre>
</div>
<div class="failure">
<h3 id="cxxlog5-runanswer">Run Answer for Assignment 5</h3>
<pre><code>can't guess a binary file to run
could not run c++_answer for assignment in ../assignmentdb/5-BstEq/c++_answer
</code></pre>
</div>
    
    </div>
    <div id="cxxlog6" class="logdetails">
      <h2>Assignment 6 full log</h2>
    
<div class="failure">
<h3 id="cxxlog6-buildscaffold">Build Scaffold for Assignment 6</h3>
<pre><code>Compiling c++/ for assignment in ../assignmentdb/6-GridSquareFill/c++
rm GridSquareFillSimple.o
rm SquareFill
rm: cannot remove 'SquareFill': No such file or directory
make: [Makefile:32: clean] Error 1 (ignored)
g++ -g  -std=c++14 -I /home/bridges-testing/bridges-cxx-install/include/ -c GridSquareFillSimple.cpp -o GridSquareFillSimple.o
g++ -o SquareFill GridSquareFillSimple.o -g -L /home/bridges-testing/bridges-cxx-install/lib/ -pthread -lcurl -l bridges 
/usr/bin/ld: cannot find -lbridges
collect2: error: ld returned 1 exit status
make: *** [Makefile:21: SquareFill] Error 1
could not compile c++/ for assignment in ../assignmentdb/6-GridSquareFill/c++
</code></pre>
</div>
<div class="failure">
<h3 id="cxxlog6-buildanswer">Build Answer for Assignment 6</h3>
<pre><code>Compiling c++_answer/ for assignment in ../assignmentdb/6-GridSquareFill/c++_answer
rm GridSquareFillSimple.o
rm SquareFill
rm: cannot remove 'SquareFill': No such file or directory
make: [Makefile:32: clean] Error 1 (ignored)
g++ -g  -std=c++14 -I /home/bridges-testing/bridges-cxx-install/include/ -c GridSquareFillSimple.cpp -o GridSquareFillSimple.o
g++ -o SquareFill GridSquareFillSimple.o -g -L /home/bridges-testing/bridges-cxx-install/lib/ -pthread -lcurl -l bridges 
/usr/bin/ld: cannot find -lbridges
collect2: error: ld returned 1 exit status
make: *** [Makefile:21: SquareFill] Error 1
could not compile c++_answer/ for assignment in ../assignmentdb/6-GridSquareFill/c++_answer
</code></pre>
</div>
<div class="failure">
<h3 id="cxxlog6-runanswer">Run Answer for Assignment 6</h3>
<pre><code>can't guess a binary file to run
could not run c++_answer for assignment in ../assignmentdb/6-GridSquareFill/c++_answer
</code></pre>
</div>
    
    </div>
    <div id="cxxlog7" class="logdetails">
      <h2>Assignment 7 full log</h2>
    
<div class="failure">
<h3 id="cxxlog7-buildscaffold">Build Scaffold for Assignment 7</h3>
<pre><code>Compiling c++/ for assignment in ../assignmentdb/7-GridLyrics/c++
rm GridLyrics.o
rm GridLyrics
rm: cannot remove 'GridLyrics': No such file or directory
make: [Makefile:32: clean] Error 1 (ignored)
g++ -g  -std=c++14 -I /home/bridges-testing/bridges-cxx-install/include/ -c GridLyrics.cpp -o GridLyrics.o
g++ -o GridLyrics GridLyrics.o -g -L /home/bridges-testing/bridges-cxx-install/lib/ -pthread -lcurl -l bridges 
/usr/bin/ld: cannot find -lbridges
collect2: error: ld returned 1 exit status
make: *** [Makefile:21: GridLyrics] Error 1
could not compile c++/ for assignment in ../assignmentdb/7-GridLyrics/c++
</code></pre>
</div>
<div class="failure">
<h3 id="cxxlog7-buildanswer">Build Answer for Assignment 7</h3>
<pre><code>Compiling c++_answer/ for assignment in ../assignmentdb/7-GridLyrics/c++_answer
rm GridLyrics.o
rm GridLyrics
rm: cannot remove 'GridLyrics': No such file or directory
make: [Makefile:32: clean] Error 1 (ignored)
g++ -g  -std=c++14 -I /home/bridges-testing/bridges-cxx-install/include/ -c GridLyrics.cpp -o GridLyrics.o
g++ -o GridLyrics GridLyrics.o -g -L /home/bridges-testing/bridges-cxx-install/lib/ -pthread -lcurl -l bridges 
/usr/bin/ld: cannot find -lbridges
collect2: error: ld returned 1 exit status
make: *** [Makefile:21: GridLyrics] Error 1
could not compile c++_answer/ for assignment in ../assignmentdb/7-GridLyrics/c++_answer
</code></pre>
</div>
<div class="failure">
<h3 id="cxxlog7-runanswer">Run Answer for Assignment 7</h3>
<pre><code>can't guess a binary file to run
could not run c++_answer for assignment in ../assignmentdb/7-GridLyrics/c++_answer
</code></pre>
</div>
    
    </div>
    <div id="cxxlog8" class="logdetails">
      <h2>Assignment 8 full log</h2>
    
<div class="failure">
<h3 id="cxxlog8-buildscaffold">Build Scaffold for Assignment 8</h3>
<pre><code>Compiling c++/ for assignment in ../assignmentdb/8-PQBook/c++
rm PQBook.o
rm PQBook
rm: cannot remove 'PQBook': No such file or directory
make: [Makefile:32: clean] Error 1 (ignored)
g++ -g  -std=c++14 -I /home/bridges-testing/bridges-cxx-install/include/ -c PQBook.cpp -o PQBook.o
g++ -o PQBook PQBook.o -g -L /home/bridges-testing/bridges-cxx-install/lib/ -pthread -lcurl -l bridges 
/usr/bin/ld: cannot find -lbridges
collect2: error: ld returned 1 exit status
make: *** [Makefile:21: PQBook] Error 1
could not compile c++/ for assignment in ../assignmentdb/8-PQBook/c++
</code></pre>
</div>
<div class="failure">
<h3 id="cxxlog8-buildanswer">Build Answer for Assignment 8</h3>
<pre><code>Compiling c++_answer/ for assignment in ../assignmentdb/8-PQBook/c++_answer
rm PQBook.o
rm PQBook
rm: cannot remove 'PQBook': No such file or directory
make: [Makefile:32: clean] Error 1 (ignored)
g++ -g  -std=c++14 -I /home/bridges-testing/bridges-cxx-install/include/ -c PQBook.cpp -o PQBook.o
g++ -o PQBook PQBook.o -g -L /home/bridges-testing/bridges-cxx-install/lib/ -pthread -lcurl -l bridges 
/usr/bin/ld: cannot find -lbridges
collect2: error: ld returned 1 exit status
make: *** [Makefile:21: PQBook] Error 1
could not compile c++_answer/ for assignment in ../assignmentdb/8-PQBook/c++_answer
</code></pre>
</div>
<div class="failure">
<h3 id="cxxlog8-runanswer">Run Answer for Assignment 8</h3>
<pre><code>can't guess a binary file to run
could not run c++_answer for assignment in ../assignmentdb/8-PQBook/c++_answer
</code></pre>
</div>
    
    </div>
    <div id="cxxlog9" class="logdetails">
      <h2>Assignment 9 full log</h2>
    
<div class="failure">
<h3 id="cxxlog9-buildscaffold">Build Scaffold for Assignment 9</h3>
<pre><code>Compiling c++/ for assignment in ../assignmentdb/9-ShortestPathOSM/c++
rm osm.o
rm ShortestPathOSM
rm: cannot remove 'ShortestPathOSM': No such file or directory
make: [Makefile:33: clean] Error 1 (ignored)
g++ -g  -std=c++14 -I /home/bridges-testing/bridges-cxx-install/include/ -c osm.cpp -o osm.o
g++ -o ShortestPathOSM osm.o -g -L /home/bridges-testing/bridges-cxx-install/lib/ -pthread -lcurl -l bridges 
/usr/bin/ld: cannot find -lbridges
collect2: error: ld returned 1 exit status
make: *** [Makefile:22: ShortestPathOSM] Error 1
could not compile c++/ for assignment in ../assignmentdb/9-ShortestPathOSM/c++
</code></pre>
</div>
<div class="failure">
<h3 id="cxxlog9-buildanswer">Build Answer for Assignment 9</h3>
<pre><code>Compiling c++_answer/ for assignment in ../assignmentdb/9-ShortestPathOSM/c++_answer
rm osm.o
rm ShortestPathOSM
rm: cannot remove 'ShortestPathOSM': No such file or directory
make: [Makefile:34: clean] Error 1 (ignored)
g++ -g  -std=c++14 -I /home/bridges-testing/bridges-cxx-install/include/ -c osm.cpp -o osm.o
g++ -o ShortestPathOSM osm.o -g -L /home/bridges-testing/bridges-cxx-install/lib/ -pthread -lcurl -l bridges 
/usr/bin/ld: cannot find -lbridges
collect2: error: ld returned 1 exit status
make: *** [Makefile:23: ShortestPathOSM] Error 1
could not compile c++_answer/ for assignment in ../assignmentdb/9-ShortestPathOSM/c++_answer
</code></pre>
</div>
<div class="failure">
<h3 id="cxxlog9-runanswer">Run Answer for Assignment 9</h3>
<pre><code>can't guess a binary file to run
could not run c++_answer for assignment in ../assignmentdb/9-ShortestPathOSM/c++_answer
</code></pre>
</div>
    
    </div>
    <div id="cxxlog10" class="logdetails">
      <h2>Assignment 10 full log</h2>
    
<div class="failure">
<h3 id="cxxlog10-buildscaffold">Build Scaffold for Assignment 10</h3>
<pre><code>Compiling c++/ for assignment in ../assignmentdb/10-HurricaneTracker/c++
rm hurricane.o main.o
rm Hurricane
rm: cannot remove 'Hurricane': No such file or directory
make: [Makefile:32: clean] Error 1 (ignored)
g++ -g  -std=c++14 -I /home/bridges-testing/bridges-cxx-install/include/ -c hurricane.cpp -o hurricane.o
hurricane.cpp: In member function ‘int Hurricane::getCategory()’:
hurricane.cpp:24:1: warning: no return statement in function returning non-void [-Wreturn-type]
   24 | }
      | ^
g++ -g  -std=c++14 -I /home/bridges-testing/bridges-cxx-install/include/ -c main.cpp -o main.o
g++ -o Hurricane hurricane.o main.o -g -L /home/bridges-testing/bridges-cxx-install/lib/ -pthread -lcurl -l bridges 
/usr/bin/ld: cannot find -lbridges
collect2: error: ld returned 1 exit status
make: *** [Makefile:21: Hurricane] Error 1
could not compile c++/ for assignment in ../assignmentdb/10-HurricaneTracker/c++
</code></pre>
</div>
<div class="failure">
<h3 id="cxxlog10-buildanswer">Build Answer for Assignment 10</h3>
<pre><code>Compiling c++_answer/ for assignment in ../assignmentdb/10-HurricaneTracker/c++_answer
rm hurricane.o main.o
rm Hurricane
rm: cannot remove 'Hurricane': No such file or directory
make: [Makefile:32: clean] Error 1 (ignored)
g++ -g  -std=c++14 -I /home/bridges-testing/bridges-cxx-install/include/ -c hurricane.cpp -o hurricane.o
g++ -g  -std=c++14 -I /home/bridges-testing/bridges-cxx-install/include/ -c main.cpp -o main.o
g++ -o Hurricane hurricane.o main.o -g -L /home/bridges-testing/bridges-cxx-install/lib/ -pthread -lcurl -l bridges 
/usr/bin/ld: cannot find -lbridges
collect2: error: ld returned 1 exit status
make: *** [Makefile:21: Hurricane] Error 1
could not compile c++_answer/ for assignment in ../assignmentdb/10-HurricaneTracker/c++_answer
</code></pre>
</div>
<div class="failure">
<h3 id="cxxlog10-runanswer">Run Answer for Assignment 10</h3>
<pre><code>can't guess a binary file to run
could not run c++_answer for assignment in ../assignmentdb/10-HurricaneTracker/c++_answer
</code></pre>
</div>
    
    </div>
    <div id="cxxlog11" class="logdetails">
      <h2>Assignment 11 full log</h2>
    
<div class="failure">
<h3 id="cxxlog11-buildscaffold">Build Scaffold for Assignment 11</h3>
<pre><code>Compiling c++/ for assignment in ../assignmentdb/11-2048Game/c++
rm 2048.o
rm: cannot remove '2048.o': No such file or directory
make: [Makefile:31: clean] Error 1 (ignored)
rm 2048
rm: cannot remove '2048': No such file or directory
make: [Makefile:32: clean] Error 1 (ignored)
g++ -g  -std=c++14 -I /home/bridges-testing/bridges-cxx-install/include/ -c 2048.cpp -o 2048.o
2048.cpp: In member function ‘Vector2 Game2048::randomOpenTile()’:
2048.cpp:66:5: warning: no return statement in function returning non-void [-Wreturn-type]
   66 |     }
      |     ^
2048.cpp: In member function ‘Tile* Game2048::tileAt(Vector2)’:
2048.cpp:71:5: warning: no return statement in function returning non-void [-Wreturn-type]
   71 |     }
      |     ^
g++ -o 2048 2048.o -g -L /home/bridges-testing/bridges-cxx-install/lib/ -pthread -lcurl -l bridges 
/usr/bin/ld: cannot find -lbridges
collect2: error: ld returned 1 exit status
make: *** [Makefile:21: 2048] Error 1
could not compile c++/ for assignment in ../assignmentdb/11-2048Game/c++
</code></pre>
</div>
<div class="failure">
<h3 id="cxxlog11-buildanswer">Build Answer for Assignment 11</h3>
<pre><code>Compiling c++_answer/ for assignment in ../assignmentdb/11-2048Game/c++_answer
rm 2048.o
rm: cannot remove '2048.o': No such file or directory
make: [Makefile:31: clean] Error 1 (ignored)
rm 2048
rm: cannot remove '2048': No such file or directory
make: [Makefile:32: clean] Error 1 (ignored)
g++ -g  -std=c++14 -I /home/bridges-testing/bridges-cxx-install/include/ -c 2048.cpp -o 2048.o
g++ -o 2048 2048.o -g -L /home/bridges-testing/bridges-cxx-install/lib/ -pthread -lcurl -l bridges 
/usr/bin/ld: cannot find -lbridges
collect2: error: ld returned 1 exit status
make: *** [Makefile:21: 2048] Error 1
could not compile c++_answer/ for assignment in ../assignmentdb/11-2048Game/c++_answer
</code></pre>
</div>
<div class="failure">
<h3 id="cxxlog11-runanswer">Run Answer for Assignment 11</h3>
<pre><code>can't guess a binary file to run
could not run c++_answer for assignment in ../assignmentdb/11-2048Game/c++_answer
</code></pre>
</div>
    
    </div>
    <div id="cxxlog12" class="logdetails">
      <h2>Assignment 12 full log</h2>
    
<div class="failure">
<h3 id="cxxlog12-buildscaffold">Build Scaffold for Assignment 12</h3>
<pre><code>Compiling c++/ for assignment in ../assignmentdb/12-AStarMaze/c++
rm pathfinder.o
rm: cannot remove 'pathfinder.o': No such file or directory
make: [Makefile:31: clean] Error 1 (ignored)
rm AStarMaze
rm: cannot remove 'AStarMaze': No such file or directory
make: [Makefile:32: clean] Error 1 (ignored)
g++ -g  -std=c++14 -I /home/bridges-testing/bridges-cxx-install/include/ -c pathfinder.cpp -o pathfinder.o
g++ -o AStarMaze pathfinder.o -g -L /home/bridges-testing/bridges-cxx-install/lib/ -pthread -lcurl -l bridges 
/usr/bin/ld: cannot find -lbridges
collect2: error: ld returned 1 exit status
make: *** [Makefile:21: AStarMaze] Error 1
could not compile c++/ for assignment in ../assignmentdb/12-AStarMaze/c++
</code></pre>
</div>
<div class="failure">
<h3 id="cxxlog12-buildanswer">Build Answer for Assignment 12</h3>
<pre><code>Compiling c++_answer/ for assignment in ../assignmentdb/12-AStarMaze/c++_answer
rm pathfinder.o
rm: cannot remove 'pathfinder.o': No such file or directory
make: [Makefile:31: clean] Error 1 (ignored)
rm AStarMaze
rm: cannot remove 'AStarMaze': No such file or directory
make: [Makefile:32: clean] Error 1 (ignored)
g++ -g  -std=c++14 -I /home/bridges-testing/bridges-cxx-install/include/ -c pathfinder.cpp -o pathfinder.o
g++ -o AStarMaze pathfinder.o -g -L /home/bridges-testing/bridges-cxx-install/lib/ -pthread -lcurl -l bridges 
/usr/bin/ld: cannot find -lbridges
collect2: error: ld returned 1 exit status
make: *** [Makefile:21: AStarMaze] Error 1
could not compile c++_answer/ for assignment in ../assignmentdb/12-AStarMaze/c++_answer
</code></pre>
</div>
<div class="failure">
<h3 id="cxxlog12-runanswer">Run Answer for Assignment 12</h3>
<pre><code>can't guess a binary file to run
could not run c++_answer for assignment in ../assignmentdb/12-AStarMaze/c++_answer
</code></pre>
</div>
    
    </div>
    <div id="cxxlog13" class="logdetails">
      <h2>Assignment 13 full log</h2>
    
<div class="failure">
<h3 id="cxxlog13-buildscaffold">Build Scaffold for Assignment 13</h3>
<pre><code>Compiling c++/ for assignment in ../assignmentdb/13-InfiniteRunner/c++
rm runner.o
rm: cannot remove 'runner.o': No such file or directory
make: [Makefile:31: clean] Error 1 (ignored)
rm InfiniteRunner
rm: cannot remove 'InfiniteRunner': No such file or directory
make: [Makefile:32: clean] Error 1 (ignored)
g++ -g  -std=c++14 -I /home/bridges-testing/bridges-cxx-install/include/ -c runner.cpp -o runner.o
g++ -o InfiniteRunner runner.o -g -L /home/bridges-testing/bridges-cxx-install/lib/ -pthread -lcurl -l bridges 
/usr/bin/ld: cannot find -lbridges
collect2: error: ld returned 1 exit status
make: *** [Makefile:21: InfiniteRunner] Error 1
could not compile c++/ for assignment in ../assignmentdb/13-InfiniteRunner/c++
</code></pre>
</div>
<div class="failure">
<h3 id="cxxlog13-buildanswer">Build Answer for Assignment 13</h3>
<pre><code>Compiling c++_answer/ for assignment in ../assignmentdb/13-InfiniteRunner/c++_answer
rm runner.o
rm: cannot remove 'runner.o': No such file or directory
make: [Makefile:31: clean] Error 1 (ignored)
rm InfiniteRunner
rm: cannot remove 'InfiniteRunner': No such file or directory
make: [Makefile:32: clean] Error 1 (ignored)
g++ -g  -std=c++14 -I /home/bridges-testing/bridges-cxx-install/include/ -c runner.cpp -o runner.o
runner.cpp: In member function ‘void Runner::printScore()’:
runner.cpp:182:29: error: ‘numberList’ was not declared in this scope
  182 |    drawSymbol(0, size[0]-1, numberList[score%10], NamedColor::green);
      |                             ^~~~~~~~~~
make: *** [Makefile:26: runner.o] Error 1
could not compile c++_answer/ for assignment in ../assignmentdb/13-InfiniteRunner/c++_answer
</code></pre>
</div>
<div class="failure">
<h3 id="cxxlog13-runanswer">Run Answer for Assignment 13</h3>
<pre><code>can't guess a binary file to run
could not run c++_answer for assignment in ../assignmentdb/13-InfiniteRunner/c++_answer
</code></pre>
</div>
    
    </div>
    <div id="cxxlog14" class="logdetails">
      <h2>Assignment 14 full log</h2>
    
<div class="failure">
<h3 id="cxxlog14-buildscaffold">Build Scaffold for Assignment 14</h3>
<pre><code>Compiling c++/ for assignment in ../assignmentdb/14-SpreadingFire/c++
rm SpreadingFire.o
rm: cannot remove 'SpreadingFire.o': No such file or directory
make: [Makefile:31: clean] Error 1 (ignored)
rm SpreadingFire
rm: cannot remove 'SpreadingFire': No such file or directory
make: [Makefile:32: clean] Error 1 (ignored)
g++ -g  -std=c++14 -I /home/bridges-testing/bridges-cxx-install/include/ -c SpreadingFire.cpp -o SpreadingFire.o
SpreadingFire.cpp: In function ‘int main(int, char**)’:
SpreadingFire.cpp:60:3: error: ‘my_game’ was not declared in this scope
   60 |   my_game bridges_g (114, &quot;BRIDGES_USER_ID&quot;, &quot;BRIDGES_API_KEY&quot;);
      |   ^~~~~~~
SpreadingFire.cpp:62:3: error: ‘bridges_g’ was not declared in this scope; did you mean ‘bridges’?
   62 |   bridges_g.start();
      |   ^~~~~~~~~
      |   bridges
make: *** [Makefile:26: SpreadingFire.o] Error 1
could not compile c++/ for assignment in ../assignmentdb/14-SpreadingFire/c++
</code></pre>
</div>
<div class="failure">
<h3 id="cxxlog14-buildanswer">Build Answer for Assignment 14</h3>
<pre><code>Compiling c++_answer/ for assignment in ../assignmentdb/14-SpreadingFire/c++_answer
rm SpreadingFire.o
rm: cannot remove 'SpreadingFire.o': No such file or directory
make: [Makefile:31: clean] Error 1 (ignored)
rm SpreadingFire
rm: cannot remove 'SpreadingFire': No such file or directory
make: [Makefile:32: clean] Error 1 (ignored)
g++ -g  -std=c++14 -I /home/bridges-testing/bridges-cxx-install/include/ -c SpreadingFire.cpp -o SpreadingFire.o
g++ -o SpreadingFire SpreadingFire.o -g -L /home/bridges-testing/bridges-cxx-install/lib/ -pthread -lcurl -l bridges 
/usr/bin/ld: cannot find -lbridges
collect2: error: ld returned 1 exit status
make: *** [Makefile:21: SpreadingFire] Error 1
could not compile c++_answer/ for assignment in ../assignmentdb/14-SpreadingFire/c++_answer
</code></pre>
</div>
<div class="failure">
<h3 id="cxxlog14-runanswer">Run Answer for Assignment 14</h3>
<pre><code>can't guess a binary file to run
could not run c++_answer for assignment in ../assignmentdb/14-SpreadingFire/c++_answer
</code></pre>
</div>
    
    </div>
    <div id="cxxlog15" class="logdetails">
      <h2>Assignment 15 full log</h2>
    
<div class="failure">
<h3 id="cxxlog15-buildscaffold">Build Scaffold for Assignment 15</h3>
<pre><code>Compiling c++/ for assignment in ../assignmentdb/15-FallingSand/c++
rm FallingSand.o
rm: cannot remove 'FallingSand.o': No such file or directory
make: [Makefile:31: clean] Error 1 (ignored)
rm FallingSand
rm: cannot remove 'FallingSand': No such file or directory
make: [Makefile:32: clean] Error 1 (ignored)
g++ -g  -std=c++14 -I /home/bridges-testing/bridges-cxx-install/include/ -c FallingSand.cpp -o FallingSand.o
g++ -o FallingSand FallingSand.o -g -L /home/bridges-testing/bridges-cxx-install/lib/ -pthread -lcurl -l bridges 
/usr/bin/ld: cannot find -lbridges
collect2: error: ld returned 1 exit status
make: *** [Makefile:21: FallingSand] Error 1
could not compile c++/ for assignment in ../assignmentdb/15-FallingSand/c++
</code></pre>
</div>
<div class="failure">
<h3 id="cxxlog15-buildanswer">Build Answer for Assignment 15</h3>
<pre><code>Compiling c++_answer/ for assignment in ../assignmentdb/15-FallingSand/c++_answer
rm FallingSand.o
rm: cannot remove 'FallingSand.o': No such file or directory
make: [Makefile:31: clean] Error 1 (ignored)
rm FallingSand
rm: cannot remove 'FallingSand': No such file or directory
make: [Makefile:32: clean] Error 1 (ignored)
g++ -g  -std=c++14 -I /home/bridges-testing/bridges-cxx-install/include/ -c FallingSand.cpp -o FallingSand.o
g++ -o FallingSand FallingSand.o -g -L /home/bridges-testing/bridges-cxx-install/lib/ -pthread -lcurl -l bridges 
/usr/bin/ld: cannot find -lbridges
collect2: error: ld returned 1 exit status
make: *** [Makefile:21: FallingSand] Error 1
could not compile c++_answer/ for assignment in ../assignmentdb/15-FallingSand/c++_answer
</code></pre>
</div>
<div class="failure">
<h3 id="cxxlog15-runanswer">Run Answer for Assignment 15</h3>
<pre><code>can't guess a binary file to run
could not run c++_answer for assignment in ../assignmentdb/15-FallingSand/c++_answer
</code></pre>
</div>
    
    </div>
    <div id="cxxlog16" class="logdetails">
      <h2>Assignment 16 full log</h2>
    
<div class="failure">
<h3 id="cxxlog16-buildscaffold">Build Scaffold for Assignment 16</h3>
<pre><code>Compiling c++/ for assignment in ../assignmentdb/16-ImagePuzzle/c++
rm whodunit.o image.o
rm ImagePuzzle
rm: cannot remove 'ImagePuzzle': No such file or directory
make: [Makefile:32: clean] Error 1 (ignored)
g++ -g  -std=c++14 -I /home/bridges-testing/bridges-cxx-install/include/ -c whodunit.cpp -o whodunit.o
g++ -g  -std=c++14 -I /home/bridges-testing/bridges-cxx-install/include/ -c image.cpp -o image.o
g++ -o ImagePuzzle whodunit.o image.o -g -L /home/bridges-testing/bridges-cxx-install/lib/ -pthread -lcurl -l bridges 
/usr/bin/ld: cannot find -lbridges
collect2: error: ld returned 1 exit status
make: *** [Makefile:21: ImagePuzzle] Error 1
could not compile c++/ for assignment in ../assignmentdb/16-ImagePuzzle/c++
</code></pre>
</div>
<div class="failure">
<h3 id="cxxlog16-buildanswer">Build Answer for Assignment 16</h3>
<pre><code>Compiling c++_answer/ for assignment in ../assignmentdb/16-ImagePuzzle/c++_answer
rm ImagePuzzle.o image.o
rm ImagePuzzle
rm: cannot remove 'ImagePuzzle': No such file or directory
make: [Makefile:32: clean] Error 1 (ignored)
g++ -g  -std=c++14 -I /home/bridges-testing/bridges-cxx-install/include/ -c ImagePuzzle.cpp -o ImagePuzzle.o
g++ -g  -std=c++14 -I /home/bridges-testing/bridges-cxx-install/include/ -c image.cpp -o image.o
g++ -o ImagePuzzle ImagePuzzle.o image.o -g -L /home/bridges-testing/bridges-cxx-install/lib/ -pthread -lcurl -l bridges 
/usr/bin/ld: cannot find -lbridges
collect2: error: ld returned 1 exit status
make: *** [Makefile:21: ImagePuzzle] Error 1
could not compile c++_answer/ for assignment in ../assignmentdb/16-ImagePuzzle/c++_answer
</code></pre>
</div>
<div class="failure">
<h3 id="cxxlog16-runanswer">Run Answer for Assignment 16</h3>
<pre><code>can't guess a binary file to run
could not run c++_answer for assignment in ../assignmentdb/16-ImagePuzzle/c++_answer
</code></pre>
</div>
    
    </div>
    <div id="cxxlog17" class="logdetails">
      <h2>Assignment 17 full log</h2>
    
<div class="failure">
<h3 id="cxxlog17-buildscaffold">Build Scaffold for Assignment 17</h3>
<pre><code>Compiling c++/ for assignment in ../assignmentdb/17-ControlsTutorial/c++
rm Controls_Tutorial.o
rm: cannot remove 'Controls_Tutorial.o': No such file or directory
make: [Makefile:31: clean] Error 1 (ignored)
rm ControlsTutorial
rm: cannot remove 'ControlsTutorial': No such file or directory
make: [Makefile:32: clean] Error 1 (ignored)
g++ -g  -std=c++14 -I /home/bridges-testing/bridges-cxx-install/include/ -c Controls_Tutorial.cpp -o Controls_Tutorial.o
g++ -o ControlsTutorial Controls_Tutorial.o -g -L /home/bridges-testing/bridges-cxx-install/lib/ -pthread -lcurl -l bridges 
/usr/bin/ld: cannot find -lbridges
collect2: error: ld returned 1 exit status
make: *** [Makefile:21: ControlsTutorial] Error 1
could not compile c++/ for assignment in ../assignmentdb/17-ControlsTutorial/c++
</code></pre>
</div>
<div class="failure">
<h3 id="cxxlog17-buildanswer">Build Answer for Assignment 17</h3>
<pre><code>Compiling c++_answer/ for assignment in ../assignmentdb/17-ControlsTutorial/c++_answer
rm Controls_Tutorial.o
rm: cannot remove 'Controls_Tutorial.o': No such file or directory
make: [Makefile:31: clean] Error 1 (ignored)
rm ControlsTutorial
rm: cannot remove 'ControlsTutorial': No such file or directory
make: [Makefile:32: clean] Error 1 (ignored)
g++ -g  -std=c++14 -I /home/bridges-testing/bridges-cxx-install/include/ -c Controls_Tutorial.cpp -o Controls_Tutorial.o
g++ -o ControlsTutorial Controls_Tutorial.o -g -L /home/bridges-testing/bridges-cxx-install/lib/ -pthread -lcurl -l bridges 
/usr/bin/ld: cannot find -lbridges
collect2: error: ld returned 1 exit status
make: *** [Makefile:21: ControlsTutorial] Error 1
could not compile c++_answer/ for assignment in ../assignmentdb/17-ControlsTutorial/c++_answer
</code></pre>
</div>
<div class="failure">
<h3 id="cxxlog17-runanswer">Run Answer for Assignment 17</h3>
<pre><code>can't guess a binary file to run
could not run c++_answer for assignment in ../assignmentdb/17-ControlsTutorial/c++_answer
</code></pre>
</div>
    
    </div>
    <div id="cxxlog18" class="logdetails">
      <h2>Assignment 18 full log</h2>
    
<div class="failure">
<h3 id="cxxlog18-buildscaffold">Build Scaffold for Assignment 18</h3>
<pre><code>Compiling c++/ for assignment in ../assignmentdb/18-ControlsTutorialTwo/c++
rm Controls_Tutorial2.o
rm: cannot remove 'Controls_Tutorial2.o': No such file or directory
make: [Makefile:31: clean] Error 1 (ignored)
rm ControlTutorial2
rm: cannot remove 'ControlTutorial2': No such file or directory
make: [Makefile:32: clean] Error 1 (ignored)
g++ -g  -std=c++14 -I /home/bridges-testing/bridges-cxx-install/include/ -c Controls_Tutorial2.cpp -o Controls_Tutorial2.o
g++ -o ControlTutorial2 Controls_Tutorial2.o -g -L /home/bridges-testing/bridges-cxx-install/lib/ -pthread -lcurl -l bridges 
/usr/bin/ld: cannot find -lbridges
collect2: error: ld returned 1 exit status
make: *** [Makefile:21: ControlTutorial2] Error 1
could not compile c++/ for assignment in ../assignmentdb/18-ControlsTutorialTwo/c++
</code></pre>
</div>
<div class="failure">
<h3 id="cxxlog18-buildanswer">Build Answer for Assignment 18</h3>
<pre><code>Compiling c++_answer/ for assignment in ../assignmentdb/18-ControlsTutorialTwo/c++_answer
rm Controls_Tutorial2.o
rm: cannot remove 'Controls_Tutorial2.o': No such file or directory
make: [Makefile:31: clean] Error 1 (ignored)
rm ControlsTutorial2
rm: cannot remove 'ControlsTutorial2': No such file or directory
make: [Makefile:32: clean] Error 1 (ignored)
g++ -g  -std=c++14 -I /home/bridges-testing/bridges-cxx-install/include/ -c Controls_Tutorial2.cpp -o Controls_Tutorial2.o
g++ -o ControlsTutorial2 Controls_Tutorial2.o -g -L /home/bridges-testing/bridges-cxx-install/lib/ -pthread -lcurl -l bridges 
/usr/bin/ld: cannot find -lbridges
collect2: error: ld returned 1 exit status
make: *** [Makefile:21: ControlsTutorial2] Error 1
could not compile c++_answer/ for assignment in ../assignmentdb/18-ControlsTutorialTwo/c++_answer
</code></pre>
</div>
<div class="failure">
<h3 id="cxxlog18-runanswer">Run Answer for Assignment 18</h3>
<pre><code>can't guess a binary file to run
could not run c++_answer for assignment in ../assignmentdb/18-ControlsTutorialTwo/c++_answer
</code></pre>
</div>
    
    </div>
    <div id="cxxlog19" class="logdetails">
      <h2>Assignment 19 full log</h2>
    
<div class="failure">
<h3 id="cxxlog19-buildscaffold">Build Scaffold for Assignment 19</h3>
<pre><code>Compiling c++/ for assignment in ../assignmentdb/19-Bugstomp/c++
rm BugStomp.o
rm: cannot remove 'BugStomp.o': No such file or directory
make: [Makefile:31: clean] Error 1 (ignored)
rm BugStomp
rm: cannot remove 'BugStomp': No such file or directory
make: [Makefile:32: clean] Error 1 (ignored)
g++ -g  -std=c++14 -I /home/bridges-testing/bridges-cxx-install/include/ -c BugStomp.cpp -o BugStomp.o
BugStomp.cpp: In member function ‘bool my_game::overlap(int*, int*)’:
BugStomp.cpp:42:3: warning: no return statement in function returning non-void [-Wreturn-type]
   42 |   }
      |   ^
g++ -o BugStomp BugStomp.o -g -L /home/bridges-testing/bridges-cxx-install/lib/ -pthread -lcurl -l bridges 
/usr/bin/ld: cannot find -lbridges
collect2: error: ld returned 1 exit status
make: *** [Makefile:21: BugStomp] Error 1
could not compile c++/ for assignment in ../assignmentdb/19-Bugstomp/c++
</code></pre>
</div>
<div class="failure">
<h3 id="cxxlog19-buildanswer">Build Answer for Assignment 19</h3>
<pre><code>Compiling c++_answer/ for assignment in ../assignmentdb/19-Bugstomp/c++_answer
rm BugStomp.o
rm: cannot remove 'BugStomp.o': No such file or directory
make: [Makefile:31: clean] Error 1 (ignored)
rm BugStomp
rm: cannot remove 'BugStomp': No such file or directory
make: [Makefile:32: clean] Error 1 (ignored)
g++ -g  -std=c++14 -I /home/bridges-testing/bridges-cxx-install/include/ -c BugStomp.cpp -o BugStomp.o
g++ -o BugStomp BugStomp.o -g -L /home/bridges-testing/bridges-cxx-install/lib/ -pthread -lcurl -l bridges 
/usr/bin/ld: cannot find -lbridges
collect2: error: ld returned 1 exit status
make: *** [Makefile:21: BugStomp] Error 1
could not compile c++_answer/ for assignment in ../assignmentdb/19-Bugstomp/c++_answer
</code></pre>
</div>
<div class="failure">
<h3 id="cxxlog19-runanswer">Run Answer for Assignment 19</h3>
<pre><code>can't guess a binary file to run
could not run c++_answer for assignment in ../assignmentdb/19-Bugstomp/c++_answer
</code></pre>
</div>
    
    </div>
    <div id="cxxlog20" class="logdetails">
      <h2>Assignment 20 full log</h2>
    
<div class="failure">
<h3 id="cxxlog20-buildscaffold">Build Scaffold for Assignment 20</h3>
<pre><code>Compiling c++/ for assignment in ../assignmentdb/20-Minesweeper/c++
rm minesweeper.o
rm: cannot remove 'minesweeper.o': No such file or directory
make: [Makefile:31: clean] Error 1 (ignored)
rm Minesweeper
rm: cannot remove 'Minesweeper': No such file or directory
make: [Makefile:32: clean] Error 1 (ignored)
g++ -g  -std=c++14 -I /home/bridges-testing/bridges-cxx-install/include/ -c minesweeper.cpp -o minesweeper.o
g++ -o Minesweeper minesweeper.o -g -L /home/bridges-testing/bridges-cxx-install/lib/ -pthread -lcurl -l bridges 
/usr/bin/ld: cannot find -lbridges
collect2: error: ld returned 1 exit status
make: *** [Makefile:21: Minesweeper] Error 1
could not compile c++/ for assignment in ../assignmentdb/20-Minesweeper/c++
</code></pre>
</div>
<div class="failure">
<h3 id="cxxlog20-buildanswer">Build Answer for Assignment 20</h3>
<pre><code>Compiling c++_answer/ for assignment in ../assignmentdb/20-Minesweeper/c++_answer
rm minesweeper.o
rm: cannot remove 'minesweeper.o': No such file or directory
make: [Makefile:31: clean] Error 1 (ignored)
rm Minesweeper
rm: cannot remove 'Minesweeper': No such file or directory
make: [Makefile:32: clean] Error 1 (ignored)
g++ -g  -std=c++14 -I /home/bridges-testing/bridges-cxx-install/include/ -c minesweeper.cpp -o minesweeper.o
g++ -o Minesweeper minesweeper.o -g -L /home/bridges-testing/bridges-cxx-install/lib/ -pthread -lcurl -l bridges 
/usr/bin/ld: cannot find -lbridges
collect2: error: ld returned 1 exit status
make: *** [Makefile:21: Minesweeper] Error 1
could not compile c++_answer/ for assignment in ../assignmentdb/20-Minesweeper/c++_answer
</code></pre>
</div>
<div class="failure">
<h3 id="cxxlog20-runanswer">Run Answer for Assignment 20</h3>
<pre><code>can't guess a binary file to run
could not run c++_answer for assignment in ../assignmentdb/20-Minesweeper/c++_answer
</code></pre>
</div>
    
    </div>
    <div id="cxxlog21" class="logdetails">
      <h2>Assignment 21 full log</h2>
    
<div class="failure">
<h3 id="cxxlog21-buildscaffold">Build Scaffold for Assignment 21</h3>
<pre><code>Compiling c++/ for assignment in ../assignmentdb/21-RaceCar/c++
rm RaceCar.o
rm: cannot remove 'RaceCar.o': No such file or directory
make: [Makefile:31: clean] Error 1 (ignored)
rm RaceCar
rm: cannot remove 'RaceCar': No such file or directory
make: [Makefile:32: clean] Error 1 (ignored)
g++ -g  -std=c++14 -I /home/bridges-testing/bridges-cxx-install/include/ -c RaceCar.cpp -o RaceCar.o
g++ -o RaceCar RaceCar.o -g -L /home/bridges-testing/bridges-cxx-install/lib/ -pthread -lcurl -l bridges 
/usr/bin/ld: cannot find -lbridges
collect2: error: ld returned 1 exit status
make: *** [Makefile:21: RaceCar] Error 1
could not compile c++/ for assignment in ../assignmentdb/21-RaceCar/c++
</code></pre>
</div>
<div class="failure">
<h3 id="cxxlog21-buildanswer">Build Answer for Assignment 21</h3>
<pre><code>Compiling c++_answer/ for assignment in ../assignmentdb/21-RaceCar/c++_answer
rm RaceCar.o
rm: cannot remove 'RaceCar.o': No such file or directory
make: [Makefile:31: clean] Error 1 (ignored)
rm RaceCar
rm: cannot remove 'RaceCar': No such file or directory
make: [Makefile:32: clean] Error 1 (ignored)
g++ -g  -std=c++14 -I /home/bridges-testing/bridges-cxx-install/include/ -c RaceCar.cpp -o RaceCar.o
g++ -o RaceCar RaceCar.o -g -L /home/bridges-testing/bridges-cxx-install/lib/ -pthread -lcurl -l bridges 
/usr/bin/ld: cannot find -lbridges
collect2: error: ld returned 1 exit status
make: *** [Makefile:21: RaceCar] Error 1
could not compile c++_answer/ for assignment in ../assignmentdb/21-RaceCar/c++_answer
</code></pre>
</div>
<div class="failure">
<h3 id="cxxlog21-runanswer">Run Answer for Assignment 21</h3>
<pre><code>can't guess a binary file to run
could not run c++_answer for assignment in ../assignmentdb/21-RaceCar/c++_answer
</code></pre>
</div>
    
    </div>
    <div id="cxxlog22" class="logdetails">
      <h2>Assignment 22 full log</h2>
    
<div class="failure">
<h3 id="cxxlog22-buildscaffold">Build Scaffold for Assignment 22</h3>
<pre><code>Compiling c++/ for assignment in ../assignmentdb/22-Snake/c++
rm Snake.o
rm: cannot remove 'Snake.o': No such file or directory
make: [Makefile:31: clean] Error 1 (ignored)
rm Snake
rm: cannot remove 'Snake': No such file or directory
make: [Makefile:32: clean] Error 1 (ignored)
g++ -g  -std=c++14 -I /home/bridges-testing/bridges-cxx-install/include/ -c Snake.cpp -o Snake.o
g++ -o Snake Snake.o -g -L /home/bridges-testing/bridges-cxx-install/lib/ -pthread -lcurl -l bridges 
/usr/bin/ld: cannot find -lbridges
collect2: error: ld returned 1 exit status
make: *** [Makefile:21: Snake] Error 1
could not compile c++/ for assignment in ../assignmentdb/22-Snake/c++
</code></pre>
</div>
<div class="failure">
<h3 id="cxxlog22-buildanswer">Build Answer for Assignment 22</h3>
<pre><code>Compiling c++_answer/ for assignment in ../assignmentdb/22-Snake/c++_answer
rm Snake.o
rm: cannot remove 'Snake.o': No such file or directory
make: [Makefile:31: clean] Error 1 (ignored)
rm Snake
rm: cannot remove 'Snake': No such file or directory
make: [Makefile:32: clean] Error 1 (ignored)
g++ -g  -std=c++14 -I /home/bridges-testing/bridges-cxx-install/include/ -c Snake.cpp -o Snake.o
g++ -o Snake Snake.o -g -L /home/bridges-testing/bridges-cxx-install/lib/ -pthread -lcurl -l bridges 
/usr/bin/ld: cannot find -lbridges
collect2: error: ld returned 1 exit status
make: *** [Makefile:21: Snake] Error 1
could not compile c++_answer/ for assignment in ../assignmentdb/22-Snake/c++_answer
</code></pre>
</div>
<div class="failure">
<h3 id="cxxlog22-runanswer">Run Answer for Assignment 22</h3>
<pre><code>can't guess a binary file to run
could not run c++_answer for assignment in ../assignmentdb/22-Snake/c++_answer
</code></pre>
</div>
    
    </div>
    <div id="cxxlog23" class="logdetails">
      <h2>Assignment 23 full log</h2>
    
<div class="failure">
<h3 id="cxxlog23-buildscaffold">Build Scaffold for Assignment 23</h3>
<pre><code>Compiling c++/ for assignment in ../assignmentdb/23-MountainPaths/c++
rm mnt_path.o
rm MountainPath
rm: cannot remove 'MountainPath': No such file or directory
make: [Makefile:32: clean] Error 1 (ignored)
g++ -g  -std=c++14 -I /home/bridges-testing/bridges-cxx-install/include/ -c mnt_path.cpp -o mnt_path.o
g++ -o MountainPath mnt_path.o -g -L /home/bridges-testing/bridges-cxx-install/lib/ -pthread -lcurl -l bridges 
/usr/bin/ld: cannot find -lbridges
collect2: error: ld returned 1 exit status
make: *** [Makefile:21: MountainPath] Error 1
could not compile c++/ for assignment in ../assignmentdb/23-MountainPaths/c++
</code></pre>
</div>
<div class="failure">
<h3 id="cxxlog23-buildanswer">Build Answer for Assignment 23</h3>
<pre><code>Compiling c++_answer/ for assignment in ../assignmentdb/23-MountainPaths/c++_answer
rm mnt_path.o
rm MountainPath
rm: cannot remove 'MountainPath': No such file or directory
make: [Makefile:33: clean] Error 1 (ignored)
g++ -g  -std=c++14 -I /home/bridges-testing/bridges-cxx-install/include/ -c mnt_path.cpp -o mnt_path.o
g++ -o MountainPath mnt_path.o -g -L /home/bridges-testing/bridges-cxx-install/lib/ -pthread -lcurl -lbridges 
/usr/bin/ld: cannot find -lbridges
collect2: error: ld returned 1 exit status
make: *** [Makefile:22: MountainPath] Error 1
could not compile c++_answer/ for assignment in ../assignmentdb/23-MountainPaths/c++_answer
</code></pre>
</div>
<div class="failure">
<h3 id="cxxlog23-runanswer">Run Answer for Assignment 23</h3>
<pre><code>can't guess a binary file to run
could not run c++_answer for assignment in ../assignmentdb/23-MountainPaths/c++_answer
</code></pre>
</div>
    
    </div>
    <div id="cxxlog24" class="logdetails">
      <h2>Assignment 24 full log</h2>
    
<div class="failure">
<h3 id="cxxlog24-buildscaffold">Build Scaffold for Assignment 24</h3>
<pre><code>Compiling c++/ for assignment in ../assignmentdb/24-ImageCompressionKdTree/c++
rm kdt_image.o
rm KdTree
rm: cannot remove 'KdTree': No such file or directory
make: [Makefile:32: clean] Error 1 (ignored)
g++ -g  -std=c++14 -I /home/bridges-testing/bridges-cxx-install/include/ -c kdt_image.cpp -o kdt_image.o
g++ -o KdTree kdt_image.o -g -L /home/bridges-testing/bridges-cxx-install/lib/ -pthread -lcurl -l bridges 
/usr/bin/ld: cannot find -lbridges
collect2: error: ld returned 1 exit status
make: *** [Makefile:21: KdTree] Error 1
could not compile c++/ for assignment in ../assignmentdb/24-ImageCompressionKdTree/c++
</code></pre>
</div>
<div class="failure">
<h3 id="cxxlog24-buildanswer">Build Answer for Assignment 24</h3>
<pre><code>Compiling c++_answer/ for assignment in ../assignmentdb/24-ImageCompressionKdTree/c++_answer
rm kdt_image.o
rm KdTree
rm: cannot remove 'KdTree': No such file or directory
make: [Makefile:32: clean] Error 1 (ignored)
g++ -g  -std=c++14 -I /home/bridges-testing/bridges-cxx-install/include/ -c kdt_image.cpp -o kdt_image.o
g++ -o KdTree kdt_image.o -g -L /home/bridges-testing/bridges-cxx-install/lib/ -pthread -lcurl -l bridges 
/usr/bin/ld: cannot find -lbridges
collect2: error: ld returned 1 exit status
make: *** [Makefile:21: KdTree] Error 1
could not compile c++_answer/ for assignment in ../assignmentdb/24-ImageCompressionKdTree/c++_answer
</code></pre>
</div>
<div class="failure">
<h3 id="cxxlog24-runanswer">Run Answer for Assignment 24</h3>
<pre><code>can't guess a binary file to run
could not run c++_answer for assignment in ../assignmentdb/24-ImageCompressionKdTree/c++_answer
</code></pre>
</div>
    
    </div>
    <div id="cxxlog25" class="logdetails">
      <h2>Assignment 25 full log</h2>
    
<div class="failure">
<h3 id="cxxlog25-buildscaffold">Build Scaffold for Assignment 25</h3>
<pre><code>Compiling c++/ for assignment in ../assignmentdb/25-Patterns/c++
rm pattern.o
rm Patterns
rm: cannot remove 'Patterns': No such file or directory
make: [Makefile:33: clean] Error 1 (ignored)
g++ -g  -std=c++14 -I /home/bridges-testing/bridges-cxx-install/include/ -c pattern.cpp -o pattern.o
g++ -o Patterns pattern.o -g -L /home/bridges-testing/bridges-cxx-install/lib/ -pthread -lcurl -l bridges 
/usr/bin/ld: cannot find -lbridges
collect2: error: ld returned 1 exit status
make: *** [Makefile:22: Patterns] Error 1
could not compile c++/ for assignment in ../assignmentdb/25-Patterns/c++
</code></pre>
</div>
<div class="failure">
<h3 id="cxxlog25-buildanswer">Build Answer for Assignment 25</h3>
<pre><code>Compiling c++_answer/ for assignment in ../assignmentdb/25-Patterns/c++_answer
rm pattern.o
rm Patterns
rm: cannot remove 'Patterns': No such file or directory
make: [Makefile:33: clean] Error 1 (ignored)
g++ -g  -std=c++14 -I /home/bridges-testing/bridges-cxx-install/include/ -c pattern.cpp -o pattern.o
g++ -o Patterns pattern.o -g -L /home/bridges-testing/bridges-cxx-install/lib/ -pthread -lcurl -l bridges 
/usr/bin/ld: cannot find -lbridges
collect2: error: ld returned 1 exit status
make: *** [Makefile:22: Patterns] Error 1
could not compile c++_answer/ for assignment in ../assignmentdb/25-Patterns/c++_answer
</code></pre>
</div>
<div class="failure">
<h3 id="cxxlog25-runanswer">Run Answer for Assignment 25</h3>
<pre><code>can't guess a binary file to run
could not run c++_answer for assignment in ../assignmentdb/25-Patterns/c++_answer
</code></pre>
</div>
    
    </div>
    <div id="cxxlog26" class="logdetails">
      <h2>Assignment 26 full log</h2>
    
<div class="failure">
<h3 id="cxxlog26-buildscaffold">Build Scaffold for Assignment 26</h3>
<pre><code>Compiling c++/ for assignment in ../assignmentdb/26-TowersOfHanoi/c++
rm toh.o
rm TowersOfHanoi
rm: cannot remove 'TowersOfHanoi': No such file or directory
make: [Makefile:32: clean] Error 1 (ignored)
g++ -g  -std=c++14 -I /home/bridges-testing/bridges-cxx-install/include/ -c toh.cpp -o toh.o
g++ -o TowersOfHanoi toh.o -g -L /home/bridges-testing/bridges-cxx-install/lib/ -pthread -lcurl -l bridges 
/usr/bin/ld: cannot find -lbridges
collect2: error: ld returned 1 exit status
make: *** [Makefile:21: TowersOfHanoi] Error 1
could not compile c++/ for assignment in ../assignmentdb/26-TowersOfHanoi/c++
</code></pre>
</div>
<div class="failure">
<h3 id="cxxlog26-buildanswer">Build Answer for Assignment 26</h3>
<pre><code>Compiling c++_answer/ for assignment in ../assignmentdb/26-TowersOfHanoi/c++_answer
rm toh.o
rm TowersOfHanoi
rm: cannot remove 'TowersOfHanoi': No such file or directory
make: [Makefile:32: clean] Error 1 (ignored)
g++ -g  -std=c++14 -I /home/bridges-testing/bridges-cxx-install/include/ -c toh.cpp -o toh.o
g++ -o TowersOfHanoi toh.o -g -L /home/bridges-testing/bridges-cxx-install/lib/ -pthread -lcurl -l bridges 
/usr/bin/ld: cannot find -lbridges
collect2: error: ld returned 1 exit status
make: *** [Makefile:21: TowersOfHanoi] Error 1
could not compile c++_answer/ for assignment in ../assignmentdb/26-TowersOfHanoi/c++_answer
</code></pre>
</div>
<div class="failure">
<h3 id="cxxlog26-runanswer">Run Answer for Assignment 26</h3>
<pre><code>can't guess a binary file to run
could not run c++_answer for assignment in ../assignmentdb/26-TowersOfHanoi/c++_answer
</code></pre>
</div>
    
    </div>
    <div id="cxxlog27" class="logdetails">
      <h2>Assignment 27 full log</h2>
    
<div class="failure">
<h3 id="cxxlog27-buildscaffold">Build Scaffold for Assignment 27</h3>
<pre><code>Compiling c++/ for assignment in ../assignmentdb/27-GameGridBasic/c++
rm SmileyFace.o
rm: cannot remove 'SmileyFace.o': No such file or directory
make: [Makefile:31: clean] Error 1 (ignored)
rm SmileyFace
rm: cannot remove 'SmileyFace': No such file or directory
make: [Makefile:32: clean] Error 1 (ignored)
g++ -g  -std=c++14 -I /home/bridges-testing/bridges-cxx-install/include/ -c SmileyFace.cpp -o SmileyFace.o
g++ -o SmileyFace SmileyFace.o -g -L /home/bridges-testing/bridges-cxx-install/lib/ -pthread -lcurl -l bridges 
/usr/bin/ld: cannot find -lbridges
collect2: error: ld returned 1 exit status
make: *** [Makefile:21: SmileyFace] Error 1
could not compile c++/ for assignment in ../assignmentdb/27-GameGridBasic/c++
</code></pre>
</div>
<div class="failure">
<h3 id="cxxlog27-buildanswer">Build Answer for Assignment 27</h3>
<pre><code>Compiling c++_answer/ for assignment in ../assignmentdb/27-GameGridBasic/c++_answer
rm SmileyFace.o
rm: cannot remove 'SmileyFace.o': No such file or directory
make: [Makefile:31: clean] Error 1 (ignored)
rm SmileyFace
rm: cannot remove 'SmileyFace': No such file or directory
make: [Makefile:32: clean] Error 1 (ignored)
g++ -g  -std=c++14 -I /home/bridges-testing/bridges-cxx-install/include/ -c SmileyFace.cpp -o SmileyFace.o
g++ -o SmileyFace SmileyFace.o -g -L /home/bridges-testing/bridges-cxx-install/lib/ -pthread -lcurl -l bridges 
/usr/bin/ld: cannot find -lbridges
collect2: error: ld returned 1 exit status
make: *** [Makefile:21: SmileyFace] Error 1
could not compile c++_answer/ for assignment in ../assignmentdb/27-GameGridBasic/c++_answer
</code></pre>
</div>
<div class="failure">
<h3 id="cxxlog27-runanswer">Run Answer for Assignment 27</h3>
<pre><code>can't guess a binary file to run
could not run c++_answer for assignment in ../assignmentdb/27-GameGridBasic/c++_answer
</code></pre>
</div>
    
    </div>
    <div id="cxxlog28" class="logdetails">
      <h2>Assignment 28 full log</h2>
    
<div class="failure">
<h3 id="cxxlog28-buildscaffold">Build Scaffold for Assignment 28</h3>
<pre><code>Compiling c++/ for assignment in ../assignmentdb/28-BigOhMatters/c++
rm Complexity.o
rm BigOhMatters
rm: cannot remove 'BigOhMatters': No such file or directory
make: [Makefile:32: clean] Error 1 (ignored)
g++ -g  -std=c++14 -I /home/bridges-testing/bridges-cxx-install/include/ -c Complexity.cpp -o Complexity.o
g++ -o BigOhMatters Complexity.o -g -L /home/bridges-testing/bridges-cxx-install/lib/ -pthread -lcurl -l bridges 
/usr/bin/ld: cannot find -lbridges
collect2: error: ld returned 1 exit status
make: *** [Makefile:21: BigOhMatters] Error 1
could not compile c++/ for assignment in ../assignmentdb/28-BigOhMatters/c++
</code></pre>
</div>
<div class="failure">
<h3 id="cxxlog28-buildanswer">Build Answer for Assignment 28</h3>
<pre><code>Compiling c++_answer/ for assignment in ../assignmentdb/28-BigOhMatters/c++_answer
rm Complexity.o
rm BigOhMatters
rm: cannot remove 'BigOhMatters': No such file or directory
make: [Makefile:32: clean] Error 1 (ignored)
g++ -g  -std=c++14 -I /home/bridges-testing/bridges-cxx-install/include/ -c Complexity.cpp -o Complexity.o
g++ -o BigOhMatters Complexity.o -g -L /home/bridges-testing/bridges-cxx-install/lib/ -pthread -lcurl -l bridges 
/usr/bin/ld: cannot find -lbridges
collect2: error: ld returned 1 exit status
make: *** [Makefile:21: BigOhMatters] Error 1
could not compile c++_answer/ for assignment in ../assignmentdb/28-BigOhMatters/c++_answer
</code></pre>
</div>
<div class="failure">
<h3 id="cxxlog28-runanswer">Run Answer for Assignment 28</h3>
<pre><code>can't guess a binary file to run
could not run c++_answer for assignment in ../assignmentdb/28-BigOhMatters/c++_answer
</code></pre>
</div>
    
    </div>
    <div id="cxxlog29" class="logdetails">
      <h2>Assignment 29 full log</h2>
    
<div class="failure">
<h3 id="cxxlog29-buildscaffold">Build Scaffold for Assignment 29</h3>
<pre><code>Compiling c++/ for assignment in ../assignmentdb/29-SortingBenchmark/c++
rm SortingBenchmark.o
rm SortingBenchmark
rm: cannot remove 'SortingBenchmark': No such file or directory
make: [Makefile:32: clean] Error 1 (ignored)
g++ -g  -std=c++14 -I /home/bridges-testing/bridges-cxx-install/include/ -c SortingBenchmark.cpp -o SortingBenchmark.o
g++ -o SortingBenchmark SortingBenchmark.o -g -L /home/bridges-testing/bridges-cxx-install/lib/ -pthread -lcurl -l bridges 
/usr/bin/ld: cannot find -lbridges
collect2: error: ld returned 1 exit status
make: *** [Makefile:21: SortingBenchmark] Error 1
could not compile c++/ for assignment in ../assignmentdb/29-SortingBenchmark/c++
</code></pre>
</div>
<div class="failure">
<h3 id="cxxlog29-buildanswer">Build Answer for Assignment 29</h3>
<pre><code>Compiling c++_answer/ for assignment in ../assignmentdb/29-SortingBenchmark/c++_answer
rm SortingBenchmark.o
rm SortingBenchmark
rm: cannot remove 'SortingBenchmark': No such file or directory
make: [Makefile:32: clean] Error 1 (ignored)
g++ -g  -std=c++14 -I /home/bridges-testing/bridges-cxx-install/include/ -c SortingBenchmark.cpp -o SortingBenchmark.o
g++ -o SortingBenchmark SortingBenchmark.o -g -L /home/bridges-testing/bridges-cxx-install/lib/ -pthread -lcurl -l bridges 
/usr/bin/ld: cannot find -lbridges
collect2: error: ld returned 1 exit status
make: *** [Makefile:21: SortingBenchmark] Error 1
could not compile c++_answer/ for assignment in ../assignmentdb/29-SortingBenchmark/c++_answer
</code></pre>
</div>
<div class="failure">
<h3 id="cxxlog29-runanswer">Run Answer for Assignment 29</h3>
<pre><code>can't guess a binary file to run
could not run c++_answer for assignment in ../assignmentdb/29-SortingBenchmark/c++_answer
</code></pre>
</div>
    
    </div>
    <div id="cxxlog30" class="logdetails">
      <h2>Assignment 30 full log</h2>
    
<div class="failure">
<h3 id="cxxlog30-buildscaffold">Build Scaffold for Assignment 30</h3>
<pre><code>assignment 30 has no c++ directory
</code></pre>
</div>
<div class="failure">
<h3 id="cxxlog30-buildanswer">Build Answer for Assignment 30</h3>
<pre><code>Compiling c++_answer/ for assignment in ../assignmentdb/30-TemporalBaconNumber/c++_answer
rm wikidata_actor.o
rm TemporalBaconNumber
rm: cannot remove 'TemporalBaconNumber': No such file or directory
make: [Makefile:31: clean] Error 1 (ignored)
g++ -g  -std=c++14 -I /home/bridges-testing/bridges-cxx-install/include/ -c wikidata_actor.cpp -o wikidata_actor.o
g++ -o TemporalBaconNumber wikidata_actor.o -g -L /home/bridges-testing/bridges-cxx-install/lib/ -pthread -lcurl -l bridges 
/usr/bin/ld: cannot find -lbridges
collect2: error: ld returned 1 exit status
make: *** [Makefile:20: TemporalBaconNumber] Error 1
could not compile c++_answer/ for assignment in ../assignmentdb/30-TemporalBaconNumber/c++_answer
</code></pre>
</div>
<div class="failure">
<h3 id="cxxlog30-runanswer">Run Answer for Assignment 30</h3>
<pre><code>can't guess a binary file to run
could not run c++_answer for assignment in ../assignmentdb/30-TemporalBaconNumber/c++_answer
</code></pre>
</div>
    
    </div>
    <div id="cxxlog31" class="logdetails">
      <h2>Assignment 31 full log</h2>
    
<div class="failure">
<h3 id="cxxlog31-buildscaffold">Build Scaffold for Assignment 31</h3>
<pre><code>assignment 31 has no c++ directory
</code></pre>
</div>
<div class="failure">
<h3 id="cxxlog31-buildanswer">Build Answer for Assignment 31</h3>
<pre><code>Compiling c++_answer/ for assignment in ../assignmentdb/31-TemporalPageRank/c++_answer
rm wikidata_actor.o
rm TemporalPageRank
rm: cannot remove 'TemporalPageRank': No such file or directory
make: [Makefile:32: clean] Error 1 (ignored)
g++ -g  -std=c++14 -I /home/bridges-testing/bridges-cxx-install/include/ -c wikidata_actor.cpp -o wikidata_actor.o
g++ -o TemporalPageRank wikidata_actor.o -g -L /home/bridges-testing/bridges-cxx-install/lib/ -pthread -lcurl -l bridges 
/usr/bin/ld: cannot find -lbridges
collect2: error: ld returned 1 exit status
make: *** [Makefile:21: TemporalPageRank] Error 1
could not compile c++_answer/ for assignment in ../assignmentdb/31-TemporalPageRank/c++_answer
</code></pre>
</div>
<div class="failure">
<h3 id="cxxlog31-runanswer">Run Answer for Assignment 31</h3>
<pre><code>can't guess a binary file to run
could not run c++_answer for assignment in ../assignmentdb/31-TemporalPageRank/c++_answer
</code></pre>
</div>
    
    </div>
    <div id="cxxlog32" class="logdetails">
      <h2>Assignment 32 full log</h2>
    
<div class="failure">
<h3 id="cxxlog32-buildscaffold">Build Scaffold for Assignment 32</h3>
<pre><code>Compiling c++/ for assignment in ../assignmentdb/32-TicTacToe/c++
rm tic_tac_toe_scaffold.o
rm: cannot remove 'tic_tac_toe_scaffold.o': No such file or directory
make: [Makefile:31: clean] Error 1 (ignored)
rm TicTacToe
rm: cannot remove 'TicTacToe': No such file or directory
make: [Makefile:32: clean] Error 1 (ignored)
g++ -g  -std=c++14 -I /home/bridges-testing/bridges-cxx-install/include/ -c tic_tac_toe_scaffold.cpp -o tic_tac_toe_scaffold.o
tic_tac_toe_scaffold.cpp: In member function ‘bool my_game::legalMove(int)’:
tic_tac_toe_scaffold.cpp:71:3: warning: no return statement in function returning non-void [-Wreturn-type]
   71 |   }
      |   ^
tic_tac_toe_scaffold.cpp: In member function ‘bool my_game::gameOver()’:
tic_tac_toe_scaffold.cpp:81:3: warning: no return statement in function returning non-void [-Wreturn-type]
   81 |   }
      |   ^
g++ -o TicTacToe tic_tac_toe_scaffold.o -g -L /home/bridges-testing/bridges-cxx-install/lib/ -pthread -lcurl -l bridges 
/usr/bin/ld: cannot find -lbridges
collect2: error: ld returned 1 exit status
make: *** [Makefile:21: TicTacToe] Error 1
could not compile c++/ for assignment in ../assignmentdb/32-TicTacToe/c++
</code></pre>
</div>
<div class="failure">
<h3 id="cxxlog32-buildanswer">Build Answer for Assignment 32</h3>
<pre><code>Compiling c++_answer/ for assignment in ../assignmentdb/32-TicTacToe/c++_answer
rm tic_tac_toe.o
rm: cannot remove 'tic_tac_toe.o': No such file or directory
make: [Makefile:31: clean] Error 1 (ignored)
rm TicTacToe
rm: cannot remove 'TicTacToe': No such file or directory
make: [Makefile:32: clean] Error 1 (ignored)
g++ -g  -std=c++14 -I /home/bridges-testing/bridges-cxx-install/include/ -c tic_tac_toe.cpp -o tic_tac_toe.o
tic_tac_toe.cpp: In member function ‘void my_game::printMessage(bridges::game::NamedSymbol)’:
tic_tac_toe.cpp:173:8: error: expected ‘;’ before ‘}’ token
  173 |  quit()
      |        ^
      |        ;
  174 |   }
      |   ~     
make: *** [Makefile:26: tic_tac_toe.o] Error 1
could not compile c++_answer/ for assignment in ../assignmentdb/32-TicTacToe/c++_answer
</code></pre>
</div>
<div class="failure">
<h3 id="cxxlog32-runanswer">Run Answer for Assignment 32</h3>
<pre><code>can't guess a binary file to run
could not run c++_answer for assignment in ../assignmentdb/32-TicTacToe/c++_answer
</code></pre>
</div>
    
    </div>
    <div id="cxxlog33" class="logdetails">
      <h2>Assignment 33 full log</h2>
    
<div class="failure">
<h3 id="cxxlog33-buildscaffold">Build Scaffold for Assignment 33</h3>
<pre><code>Compiling c++/ for assignment in ../assignmentdb/33-AudioMixing/c++
rm AudioMixing.o
rm AudioMixing
rm: cannot remove 'AudioMixing': No such file or directory
make: [Makefile:32: clean] Error 1 (ignored)
g++ -g  -std=c++14 -I /home/bridges-testing/bridges-cxx-install/include/ -c AudioMixing.cpp -o AudioMixing.o
g++ -o AudioMixing AudioMixing.o -g -L /home/bridges-testing/bridges-cxx-install/lib/ -pthread -lcurl -l bridges 
/usr/bin/ld: cannot find -lbridges
collect2: error: ld returned 1 exit status
make: *** [Makefile:21: AudioMixing] Error 1
could not compile c++/ for assignment in ../assignmentdb/33-AudioMixing/c++
</code></pre>
</div>
<div class="failure">
<h3 id="cxxlog33-buildanswer">Build Answer for Assignment 33</h3>
<pre><code>Compiling c++_answer/ for assignment in ../assignmentdb/33-AudioMixing/c++_answer
rm AudioMixing.o
rm AudioMixing
rm: cannot remove 'AudioMixing': No such file or directory
make: [Makefile:32: clean] Error 1 (ignored)
g++ -g  -std=c++14 -I /home/bridges-testing/bridges-cxx-install/include/ -c AudioMixing.cpp -o AudioMixing.o
g++ -o AudioMixing AudioMixing.o -g -L /home/bridges-testing/bridges-cxx-install/lib/ -pthread -lcurl -l bridges 
/usr/bin/ld: cannot find -lbridges
collect2: error: ld returned 1 exit status
make: *** [Makefile:21: AudioMixing] Error 1
could not compile c++_answer/ for assignment in ../assignmentdb/33-AudioMixing/c++_answer
</code></pre>
</div>
<div class="failure">
<h3 id="cxxlog33-runanswer">Run Answer for Assignment 33</h3>
<pre><code>can't guess a binary file to run
could not run c++_answer for assignment in ../assignmentdb/33-AudioMixing/c++_answer
</code></pre>
</div>
    
    </div>
    <div id="cxxlog34" class="logdetails">
      <h2>Assignment 34 full log</h2>
    
<div class="failure">
<h3 id="cxxlog34-buildscaffold">Build Scaffold for Assignment 34</h3>
<pre><code>Compiling c++/ for assignment in ../assignmentdb/34-GameTutorials/c++
rm GameTutorial.o
rm: cannot remove 'GameTutorial.o': No such file or directory
make: [Makefile:31: clean] Error 1 (ignored)
rm GameTutorial
rm: cannot remove 'GameTutorial': No such file or directory
make: [Makefile:32: clean] Error 1 (ignored)
g++ -g  -std=c++14 -I /home/bridges-testing/bridges-cxx-install/include/ -c GameTutorial.cpp -o GameTutorial.o
g++ -o GameTutorial GameTutorial.o -g -L /home/bridges-testing/bridges-cxx-install/lib/ -pthread -lcurl -l bridges 
/usr/bin/ld: cannot find -lbridges
collect2: error: ld returned 1 exit status
make: *** [Makefile:21: GameTutorial] Error 1
could not compile c++/ for assignment in ../assignmentdb/34-GameTutorials/c++
</code></pre>
</div>
<div class="failure">
<h3 id="cxxlog34-buildanswer">Build Answer for Assignment 34</h3>
<pre><code>Compiling c++_answer/ for assignment in ../assignmentdb/34-GameTutorials/c++_answer
rm GameTutorial.o
rm: cannot remove 'GameTutorial.o': No such file or directory
make: [Makefile:31: clean] Error 1 (ignored)
rm GameTutorial
rm: cannot remove 'GameTutorial': No such file or directory
make: [Makefile:32: clean] Error 1 (ignored)
g++ -g  -std=c++14 -I /home/bridges-testing/bridges-cxx-install/include/ -c GameTutorial.cpp -o GameTutorial.o
g++ -o GameTutorial GameTutorial.o -g -L /home/bridges-testing/bridges-cxx-install/lib/ -pthread -lcurl -l bridges 
/usr/bin/ld: cannot find -lbridges
collect2: error: ld returned 1 exit status
make: *** [Makefile:21: GameTutorial] Error 1
could not compile c++_answer/ for assignment in ../assignmentdb/34-GameTutorials/c++_answer
</code></pre>
</div>
<div class="failure">
<h3 id="cxxlog34-runanswer">Run Answer for Assignment 34</h3>
<pre><code>can't guess a binary file to run
could not run c++_answer for assignment in ../assignmentdb/34-GameTutorials/c++_answer
</code></pre>
</div>
    
    </div>
    <div id="cxxlog35" class="logdetails">
      <h2>Assignment 35 full log</h2>
    
<div class="failure">
<h3 id="cxxlog35-buildscaffold">Build Scaffold for Assignment 35</h3>
<pre><code>Compiling c++/ for assignment in ../assignmentdb/35-ConnectFour/c++
rm connect4.o
rm: cannot remove 'connect4.o': No such file or directory
make: [Makefile:31: clean] Error 1 (ignored)
rm connect4
rm: cannot remove 'connect4': No such file or directory
make: [Makefile:32: clean] Error 1 (ignored)
g++ -g  -std=c++14 -I /home/bridges-testing/bridges-cxx-install/include/ -c connect4.cpp -o connect4.o
g++ -o connect4 connect4.o -g -L /home/bridges-testing/bridges-cxx-install/lib/ -pthread -lcurl -l bridges 
/usr/bin/ld: cannot find -lbridges
collect2: error: ld returned 1 exit status
make: *** [Makefile:21: connect4] Error 1
could not compile c++/ for assignment in ../assignmentdb/35-ConnectFour/c++
</code></pre>
</div>
<div class="failure">
<h3 id="cxxlog35-buildanswer">Build Answer for Assignment 35</h3>
<pre><code>Compiling c++_answer/ for assignment in ../assignmentdb/35-ConnectFour/c++_answer
make: *** No rule to make target 'clean'.  Stop.
make: *** No targets specified and no makefile found.  Stop.
could not compile c++_answer/ for assignment in ../assignmentdb/35-ConnectFour/c++_answer
</code></pre>
</div>
<div class="failure">
<h3 id="cxxlog35-runanswer">Run Answer for Assignment 35</h3>
<pre><code>can't guess a binary file to run
could not run c++_answer for assignment in ../assignmentdb/35-ConnectFour/c++_answer
</code></pre>
</div>
    
    </div>
    <div id="cxxlog36" class="logdetails">
      <h2>Assignment 36 full log</h2>
    
<div class="failure">
<h3 id="cxxlog36-buildscaffold">Build Scaffold for Assignment 36</h3>
<pre><code>assignment 36 has no c++ directory
</code></pre>
</div>
<div class="failure">
<h3 id="cxxlog36-buildanswer">Build Answer for Assignment 36</h3>
<pre><code>assignment 36 has no c++_answer directory
</code></pre>
</div>
<div class="failure">
<h3 id="cxxlog36-runanswer">Run Answer for Assignment 36</h3>
<pre><code>assignment 36 has no c++_answer directory
</code></pre>
</div>
    
    </div>
    <div id="cxxlog37" class="logdetails">
      <h2>Assignment 37 full log</h2>
    
<div class="failure">
<h3 id="cxxlog37-buildscaffold">Build Scaffold for Assignment 37</h3>
<pre><code>Compiling c++/ for assignment in ../assignmentdb/37-BST_Earthquakes/c++
rm bst_eq.o
rm bst_eq
rm: cannot remove 'bst_eq': No such file or directory
make: [Makefile:32: clean] Error 1 (ignored)
g++ -g  -std=c++14 -I /home/bridges-testing/bridges-cxx-install/include/ -c bst_eq.cpp -o bst_eq.o
g++ -o bst_eq bst_eq.o -g -L /home/bridges-testing/bridges-cxx-install/lib/ -pthread -lcurl -l bridges 
/usr/bin/ld: cannot find -lbridges
collect2: error: ld returned 1 exit status
make: *** [Makefile:21: bst_eq] Error 1
could not compile c++/ for assignment in ../assignmentdb/37-BST_Earthquakes/c++
</code></pre>
</div>
<div class="failure">
<h3 id="cxxlog37-buildanswer">Build Answer for Assignment 37</h3>
<pre><code>Compiling c++_answer/ for assignment in ../assignmentdb/37-BST_Earthquakes/c++_answer
rm bst_eq.o
rm bst_eq
rm: cannot remove 'bst_eq': No such file or directory
make: [Makefile:32: clean] Error 1 (ignored)
g++ -g  -std=c++14 -I /home/bridges-testing/bridges-cxx-install/include/ -c bst_eq.cpp -o bst_eq.o
g++ -o bst_eq bst_eq.o -g -L /home/bridges-testing/bridges-cxx-install/lib/ -pthread -lcurl -l bridges 
/usr/bin/ld: cannot find -lbridges
collect2: error: ld returned 1 exit status
make: *** [Makefile:21: bst_eq] Error 1
could not compile c++_answer/ for assignment in ../assignmentdb/37-BST_Earthquakes/c++_answer
</code></pre>
</div>
<div class="failure">
<h3 id="cxxlog37-runanswer">Run Answer for Assignment 37</h3>
<pre><code>can't guess a binary file to run
could not run c++_answer for assignment in ../assignmentdb/37-BST_Earthquakes/c++_answer
</code></pre>
</div>
    
    </div>
    <div id="cxxlog38" class="logdetails">
      <h2>Assignment 38 full log</h2>
    
<div class="failure">
<h3 id="cxxlog38-buildscaffold">Build Scaffold for Assignment 38</h3>
<pre><code>assignment 38 has no c++ directory
</code></pre>
</div>
<div class="failure">
<h3 id="cxxlog38-buildanswer">Build Answer for Assignment 38</h3>
<pre><code>Compiling c++_answer/ for assignment in ../assignmentdb/38-GeologicalSurvey/c++_answer
rm geological_survey.o
rm geological_survey
rm: cannot remove 'geological_survey': No such file or directory
make: [Makefile:32: clean] Error 1 (ignored)
g++ -g  -std=c++14 -I /home/bridges-testing/bridges-cxx-install/include/ -c geological_survey.cpp -o geological_survey.o
g++ -o geological_survey geological_survey.o -g -L /home/bridges-testing/bridges-cxx-install/lib/ -pthread -lcurl -l bridges 
/usr/bin/ld: cannot find -lbridges
collect2: error: ld returned 1 exit status
make: *** [Makefile:21: geological_survey] Error 1
could not compile c++_answer/ for assignment in ../assignmentdb/38-GeologicalSurvey/c++_answer
</code></pre>
</div>
<div class="failure">
<h3 id="cxxlog38-runanswer">Run Answer for Assignment 38</h3>
<pre><code>can't guess a binary file to run
could not run c++_answer for assignment in ../assignmentdb/38-GeologicalSurvey/c++_answer
</code></pre>
</div>
    
    </div>
    <div id="cxxlog39" class="logdetails">
      <h2>Assignment 39 full log</h2>
    
<div class="failure">
<h3 id="cxxlog39-buildscaffold">Build Scaffold for Assignment 39</h3>
<pre><code>assignment 39 has no c++ directory
</code></pre>
</div>
<div class="failure">
<h3 id="cxxlog39-buildanswer">Build Answer for Assignment 39</h3>
<pre><code>Compiling c++_answer/ for assignment in ../assignmentdb/39-BookDistance/c++_answer
rm book_analysis.o
rm: cannot remove 'book_analysis.o': No such file or directory
make: [Makefile:31: clean] Error 1 (ignored)
rm book_analysis
rm: cannot remove 'book_analysis': No such file or directory
make: [Makefile:32: clean] Error 1 (ignored)
make: *** No rule to make target 'book_analysis.o', needed by 'book_analysis'.  Stop.
could not compile c++_answer/ for assignment in ../assignmentdb/39-BookDistance/c++_answer
</code></pre>
</div>
<div class="failure">
<h3 id="cxxlog39-runanswer">Run Answer for Assignment 39</h3>
<pre><code>can't guess a binary file to run
could not run c++_answer for assignment in ../assignmentdb/39-BookDistance/c++_answer
</code></pre>
</div>
    
    </div>
    <div id="cxxlog40" class="logdetails">
      <h2>Assignment 40 full log</h2>
    
<div class="failure">
<h3 id="cxxlog40-buildscaffold">Build Scaffold for Assignment 40</h3>
<pre><code>Compiling c++/ for assignment in ../assignmentdb/40-ImageProcessing/c++
make: *** No rule to make target 'clean'.  Stop.
make: *** No targets specified and no makefile found.  Stop.
could not compile c++/ for assignment in ../assignmentdb/40-ImageProcessing/c++
</code></pre>
</div>
<div class="failure">
<h3 id="cxxlog40-buildanswer">Build Answer for Assignment 40</h3>
<pre><code>Compiling c++_answer/ for assignment in ../assignmentdb/40-ImageProcessing/c++_answer
rm ImageProcess.o
rm ImageProcess
rm: cannot remove 'ImageProcess': No such file or directory
make: [Makefile:32: clean] Error 1 (ignored)
g++ -g  -std=c++14 -I /home/bridges-testing/bridges-cxx-install/include/ -c ImageProcess.cpp -o ImageProcess.o
g++ -o ImageProcess ImageProcess.o -g -L /home/bridges-testing/bridges-cxx-install/lib/ -pthread -lcurl -l bridges 
/usr/bin/ld: cannot find -lbridges
collect2: error: ld returned 1 exit status
make: *** [Makefile:21: ImageProcess] Error 1
could not compile c++_answer/ for assignment in ../assignmentdb/40-ImageProcessing/c++_answer
</code></pre>
</div>
<div class="failure">
<h3 id="cxxlog40-runanswer">Run Answer for Assignment 40</h3>
<pre><code>can't guess a binary file to run
could not run c++_answer for assignment in ../assignmentdb/40-ImageProcessing/c++_answer
</code></pre>
</div>
    
    </div>
    <div id="cxxlog41" class="logdetails">
      <h2>Assignment 41 full log</h2>
    
<div class="failure">
<h3 id="cxxlog41-buildscaffold">Build Scaffold for Assignment 41</h3>
<pre><code>Compiling c++/ for assignment in ../assignmentdb/41-SpaceInvaders/c++
rm SpaceInvaders.o
rm: cannot remove 'SpaceInvaders.o': No such file or directory
make: [Makefile:31: clean] Error 1 (ignored)
rm SpaceInvaders
rm: cannot remove 'SpaceInvaders': No such file or directory
make: [Makefile:32: clean] Error 1 (ignored)
g++ -g  -std=c++14 -I /home/bridges-testing/bridges-cxx-install/include/ -c SpaceInvaders.cpp -o SpaceInvaders.o
g++ -o SpaceInvaders SpaceInvaders.o -g -L /home/bridges-testing/bridges-cxx-install/lib/ -pthread -lcurl -l bridges 
/usr/bin/ld: cannot find -lbridges
collect2: error: ld returned 1 exit status
make: *** [Makefile:21: SpaceInvaders] Error 1
could not compile c++/ for assignment in ../assignmentdb/41-SpaceInvaders/c++
</code></pre>
</div>
<div class="failure">
<h3 id="cxxlog41-buildanswer">Build Answer for Assignment 41</h3>
<pre><code>Compiling c++_answer/ for assignment in ../assignmentdb/41-SpaceInvaders/c++_answer
rm SpaceInvaders.o
rm: cannot remove 'SpaceInvaders.o': No such file or directory
make: [Makefile:31: clean] Error 1 (ignored)
rm SpaceInvaders
rm: cannot remove 'SpaceInvaders': No such file or directory
make: [Makefile:32: clean] Error 1 (ignored)
g++ -g  -std=c++14 -I /home/bridges-testing/bridges-cxx-install/include/ -c SpaceInvaders.cpp -o SpaceInvaders.o
g++ -o SpaceInvaders SpaceInvaders.o -g -L /home/bridges-testing/bridges-cxx-install/lib/ -pthread -lcurl -l bridges 
/usr/bin/ld: cannot find -lbridges
collect2: error: ld returned 1 exit status
make: *** [Makefile:21: SpaceInvaders] Error 1
could not compile c++_answer/ for assignment in ../assignmentdb/41-SpaceInvaders/c++_answer
</code></pre>
</div>
<div class="failure">
<h3 id="cxxlog41-runanswer">Run Answer for Assignment 41</h3>
<pre><code>can't guess a binary file to run
could not run c++_answer for assignment in ../assignmentdb/41-SpaceInvaders/c++_answer
</code></pre>
</div>
    
    </div>
    <div id="cxxlog42" class="logdetails">
      <h2>Assignment 42 full log</h2>
    
<div class="failure">
<h3 id="cxxlog42-buildscaffold">Build Scaffold for Assignment 42</h3>
<pre><code>assignment 42 has no c++ directory
</code></pre>
</div>
<div class="failure">
<h3 id="cxxlog42-buildanswer">Build Answer for Assignment 42</h3>
<pre><code>assignment 42 has no c++_answer directory
</code></pre>
</div>
<div class="failure">
<h3 id="cxxlog42-runanswer">Run Answer for Assignment 42</h3>
<pre><code>assignment 42 has no c++_answer directory
</code></pre>
</div>
    
    </div>
    <div id="cxxlog43" class="logdetails">
      <h2>Assignment 43 full log</h2>
    
<div class="failure">
<h3 id="cxxlog43-buildscaffold">Build Scaffold for Assignment 43</h3>
<pre><code>Compiling c++/ for assignment in ../assignmentdb/43-SpatialIndexing/c++
rm spatialindexing.o
rm SpatialIndexing
rm: cannot remove 'SpatialIndexing': No such file or directory
make: [Makefile:34: clean] Error 1 (ignored)
g++ -g  -std=c++14 -I /home/bridges-testing/bridges-cxx-install/include/ -c spatialindexing.cpp -o spatialindexing.o
g++ -o SpatialIndexing spatialindexing.o -g -L /home/bridges-testing/bridges-cxx-install/lib/ -pthread -lcurl -l bridges 
/usr/bin/ld: cannot find -lbridges
collect2: error: ld returned 1 exit status
make: *** [Makefile:23: SpatialIndexing] Error 1
could not compile c++/ for assignment in ../assignmentdb/43-SpatialIndexing/c++
</code></pre>
</div>
<div class="failure">
<h3 id="cxxlog43-buildanswer">Build Answer for Assignment 43</h3>
<pre><code>Compiling c++_answer/ for assignment in ../assignmentdb/43-SpatialIndexing/c++_answer
rm closestPoint.o
rm closestPoint
rm: cannot remove 'closestPoint': No such file or directory
make: [Makefile:34: clean] Error 1 (ignored)
g++ -g  -std=c++14 -I /home/bridges-testing/bridges-cxx-install/include/ -c closestPoint.cpp -o closestPoint.o
g++ -o closestPoint closestPoint.o -g -L /home/bridges-testing/bridges-cxx-install/lib/ -pthread -lcurl -l bridges 
/usr/bin/ld: cannot find -lbridges
collect2: error: ld returned 1 exit status
make: *** [Makefile:23: closestPoint] Error 1
could not compile c++_answer/ for assignment in ../assignmentdb/43-SpatialIndexing/c++_answer
</code></pre>
</div>
<div class="failure">
<h3 id="cxxlog43-runanswer">Run Answer for Assignment 43</h3>
<pre><code>can't guess a binary file to run
could not run c++_answer for assignment in ../assignmentdb/43-SpatialIndexing/c++_answer
</code></pre>
</div>
    
    </div>
    <div id="cxxlog44" class="logdetails">
      <h2>Assignment 44 full log</h2>
    
<div class="failure">
<h3 id="cxxlog44-buildscaffold">Build Scaffold for Assignment 44</h3>
<pre><code>Compiling c++/ for assignment in ../assignmentdb/44-MST-Cities/c++
make: *** No rule to make target 'clean'.  Stop.
make: *** No targets specified and no makefile found.  Stop.
could not compile c++/ for assignment in ../assignmentdb/44-MST-Cities/c++
</code></pre>
</div>
<div class="failure">
<h3 id="cxxlog44-buildanswer">Build Answer for Assignment 44</h3>
<pre><code>Compiling c++_answer/ for assignment in ../assignmentdb/44-MST-Cities/c++_answer
make: *** No rule to make target 'clean'.  Stop.
make: *** No targets specified and no makefile found.  Stop.
could not compile c++_answer/ for assignment in ../assignmentdb/44-MST-Cities/c++_answer
</code></pre>
</div>
<div class="failure">
<h3 id="cxxlog44-runanswer">Run Answer for Assignment 44</h3>
<pre><code>can't guess a binary file to run
could not run c++_answer for assignment in ../assignmentdb/44-MST-Cities/c++_answer
</code></pre>
</div>
    
    </div>
    <div id="cxxlog45" class="logdetails">
      <h2>Assignment 45 full log</h2>
    
<div class="failure">
<h3 id="cxxlog45-buildscaffold">Build Scaffold for Assignment 45</h3>
<pre><code>Compiling c++/ for assignment in ../assignmentdb/45-ExplorerRobot/c++
rm ExplorerRobot.o
rm: cannot remove 'ExplorerRobot.o': No such file or directory
make: [Makefile:31: clean] Error 1 (ignored)
rm ExplorerRobot
rm: cannot remove 'ExplorerRobot': No such file or directory
make: [Makefile:32: clean] Error 1 (ignored)
g++ -g  -std=c++14 -I /home/bridges-testing/bridges-cxx-install/include/ -c ExplorerRobot.cpp -o ExplorerRobot.o
g++ -o ExplorerRobot ExplorerRobot.o -g -L /home/bridges-testing/bridges-cxx-install/lib/ -pthread -lcurl -l bridges 
/usr/bin/ld: cannot find -lbridges
collect2: error: ld returned 1 exit status
make: *** [Makefile:21: ExplorerRobot] Error 1
could not compile c++/ for assignment in ../assignmentdb/45-ExplorerRobot/c++
</code></pre>
</div>
<div class="failure">
<h3 id="cxxlog45-buildanswer">Build Answer for Assignment 45</h3>
<pre><code>Compiling c++_answer/ for assignment in ../assignmentdb/45-ExplorerRobot/c++_answer
rm ExplorerRobot.o
rm: cannot remove 'ExplorerRobot.o': No such file or directory
make: [Makefile:31: clean] Error 1 (ignored)
rm ExplorerRobot
rm: cannot remove 'ExplorerRobot': No such file or directory
make: [Makefile:32: clean] Error 1 (ignored)
g++ -g  -std=c++14 -I /home/bridges-testing/bridges-cxx-install/include/ -c ExplorerRobot.cpp -o ExplorerRobot.o
g++ -o ExplorerRobot ExplorerRobot.o -g -L /home/bridges-testing/bridges-cxx-install/lib/ -pthread -lcurl -l bridges 
/usr/bin/ld: cannot find -lbridges
collect2: error: ld returned 1 exit status
make: *** [Makefile:21: ExplorerRobot] Error 1
could not compile c++_answer/ for assignment in ../assignmentdb/45-ExplorerRobot/c++_answer
</code></pre>
</div>
<div class="failure">
<h3 id="cxxlog45-runanswer">Run Answer for Assignment 45</h3>
<pre><code>can't guess a binary file to run
could not run c++_answer for assignment in ../assignmentdb/45-ExplorerRobot/c++_answer
</code></pre>
</div>
    
    </div>
    <div id="cxxlog46" class="logdetails">
      <h2>Assignment 46 full log</h2>
    
<div class="failure">
<h3 id="cxxlog46-buildscaffold">Build Scaffold for Assignment 46</h3>
<pre><code>assignment 46 has no c++ directory
</code></pre>
</div>
<div class="failure">
<h3 id="cxxlog46-buildanswer">Build Answer for Assignment 46</h3>
<pre><code>assignment 46 has no c++_answer directory
</code></pre>
</div>
<div class="failure">
<h3 id="cxxlog46-runanswer">Run Answer for Assignment 46</h3>
<pre><code>assignment 46 has no c++_answer directory
</code></pre>
</div>
    
    </div>
    <div id="cxxlog47" class="logdetails">
      <h2>Assignment 47 full log</h2>
    
<div class="failure">
<h3 id="cxxlog47-buildscaffold">Build Scaffold for Assignment 47</h3>
<pre><code>assignment 47 has no c++ directory
</code></pre>
</div>
<div class="failure">
<h3 id="cxxlog47-buildanswer">Build Answer for Assignment 47</h3>
<pre><code>assignment 47 has no c++_answer directory
</code></pre>
</div>
<div class="failure">
<h3 id="cxxlog47-runanswer">Run Answer for Assignment 47</h3>
<pre><code>assignment 47 has no c++_answer directory
</code></pre>
</div>
    
    </div>
    <div id="cxxlog48" class="logdetails">
      <h2>Assignment 48 full log</h2>
    
<div class="failure">
<h3 id="cxxlog48-buildscaffold">Build Scaffold for Assignment 48</h3>
<pre><code>assignment 48 has no c++ directory
</code></pre>
</div>
<div class="failure">
<h3 id="cxxlog48-buildanswer">Build Answer for Assignment 48</h3>
<pre><code>assignment 48 has no c++_answer directory
</code></pre>
</div>
<div class="failure">
<h3 id="cxxlog48-runanswer">Run Answer for Assignment 48</h3>
<pre><code>assignment 48 has no c++_answer directory
</code></pre>
</div>
    
    </div>
    <div id="cxxlog49" class="logdetails">
      <h2>Assignment 49 full log</h2>
    
<div class="failure">
<h3 id="cxxlog49-buildscaffold">Build Scaffold for Assignment 49</h3>
<pre><code>assignment 49 has no c++ directory
</code></pre>
</div>
<div class="failure">
<h3 id="cxxlog49-buildanswer">Build Answer for Assignment 49</h3>
<pre><code>assignment 49 has no c++_answer directory
</code></pre>
</div>
<div class="failure">
<h3 id="cxxlog49-runanswer">Run Answer for Assignment 49</h3>
<pre><code>assignment 49 has no c++_answer directory
</code></pre>
</div>
    
    </div>
    <div id="cxxlog50" class="logdetails">
      <h2>Assignment 50 full log</h2>
    
<div class="failure">
<h3 id="cxxlog50-buildscaffold">Build Scaffold for Assignment 50</h3>
<pre><code>assignment 50 has no c++ directory
</code></pre>
</div>
<div class="failure">
<h3 id="cxxlog50-buildanswer">Build Answer for Assignment 50</h3>
<pre><code>assignment 50 has no c++_answer directory
</code></pre>
</div>
<div class="failure">
<h3 id="cxxlog50-runanswer">Run Answer for Assignment 50</h3>
<pre><code>assignment 50 has no c++_answer directory
</code></pre>
</div>
    
    </div>
    <div id="cxxlog51" class="logdetails">
      <h2>Assignment 51 full log</h2>
    
<div class="failure">
<h3 id="cxxlog51-buildscaffold">Build Scaffold for Assignment 51</h3>
<pre><code>assignment 51 has no c++ directory
</code></pre>
</div>
<div class="failure">
<h3 id="cxxlog51-buildanswer">Build Answer for Assignment 51</h3>
<pre><code>assignment 51 has no c++_answer directory
</code></pre>
</div>
<div class="failure">
<h3 id="cxxlog51-runanswer">Run Answer for Assignment 51</h3>
<pre><code>assignment 51 has no c++_answer directory
</code></pre>
</div>
    
    </div>
    <div id="cxxlog52" class="logdetails">
      <h2>Assignment 52 full log</h2>
    
<div class="failure">
<h3 id="cxxlog52-buildscaffold">Build Scaffold for Assignment 52</h3>
<pre><code>Compiling c++/ for assignment in ../assignmentdb/52-AudioWave/c++
make: *** No rule to make target 'clean'.  Stop.
make: *** No targets specified and no makefile found.  Stop.
could not compile c++/ for assignment in ../assignmentdb/52-AudioWave/c++
</code></pre>
</div>
<div class="failure">
<h3 id="cxxlog52-buildanswer">Build Answer for Assignment 52</h3>
<pre><code>Compiling c++_answer/ for assignment in ../assignmentdb/52-AudioWave/c++_answer
make: *** No rule to make target 'clean'.  Stop.
make: *** No targets specified and no makefile found.  Stop.
could not compile c++_answer/ for assignment in ../assignmentdb/52-AudioWave/c++_answer
</code></pre>
</div>
<div class="failure">
<h3 id="cxxlog52-runanswer">Run Answer for Assignment 52</h3>
<pre><code>can't guess a binary file to run
could not run c++_answer for assignment in ../assignmentdb/52-AudioWave/c++_answer
</code></pre>
</div>
    
    </div>
    <div id="cxxlog53" class="logdetails">
      <h2>Assignment 53 full log</h2>
    
<div class="failure">
<h3 id="cxxlog53-buildscaffold">Build Scaffold for Assignment 53</h3>
<pre><code>assignment 53 has no c++ directory
</code></pre>
</div>
<div class="failure">
<h3 id="cxxlog53-buildanswer">Build Answer for Assignment 53</h3>
<pre><code>Compiling c++_answer/ for assignment in ../assignmentdb/53-DNA_Splicing/c++_answer
make: *** No rule to make target 'clean'.  Stop.
make: *** No targets specified and no makefile found.  Stop.
could not compile c++_answer/ for assignment in ../assignmentdb/53-DNA_Splicing/c++_answer
</code></pre>
</div>
<div class="failure">
<h3 id="cxxlog53-runanswer">Run Answer for Assignment 53</h3>
<pre><code>can't guess a binary file to run
could not run c++_answer for assignment in ../assignmentdb/53-DNA_Splicing/c++_answer
</code></pre>
</div>
    
    </div>
    <div id="cxxlog54" class="logdetails">
      <h2>Assignment 54 full log</h2>
    
<div class="failure">
<h3 id="cxxlog54-buildscaffold">Build Scaffold for Assignment 54</h3>
<pre><code>assignment 54 has no c++ directory
</code></pre>
</div>
<div class="failure">
<h3 id="cxxlog54-buildanswer">Build Answer for Assignment 54</h3>
<pre><code>assignment 54 has no c++_answer directory
</code></pre>
</div>
<div class="failure">
<h3 id="cxxlog54-runanswer">Run Answer for Assignment 54</h3>
<pre><code>assignment 54 has no c++_answer directory
</code></pre>
</div>
    
    </div>
    <div id="cxxlog55" class="logdetails">
      <h2>Assignment 55 full log</h2>
    
<div class="failure">
<h3 id="cxxlog55-buildscaffold">Build Scaffold for Assignment 55</h3>
<pre><code>Compiling c++/ for assignment in ../assignmentdb/55-FreqencyPlayer/c++
rm freqPlayer.o
rm freqPlayer
rm: cannot remove 'freqPlayer': No such file or directory
make: [Makefile:33: clean] Error 1 (ignored)
g++ -g  -std=c++14 -I /home/bridges-testing/bridges-cxx-install/include/ -c freqPlayer.cpp -o freqPlayer.o
freqPlayer.cpp: In function ‘int generateSineSample(double, double, double)’:
freqPlayer.cpp:18:1: warning: no return statement in function returning non-void [-Wreturn-type]
   18 | }
      | ^
g++ -o freqPlayer freqPlayer.o -g -L /home/bridges-testing/bridges-cxx-install/lib/ -pthread -lcurl -l bridges 
/usr/bin/ld: cannot find -lbridges
collect2: error: ld returned 1 exit status
make: *** [Makefile:22: freqPlayer] Error 1
could not compile c++/ for assignment in ../assignmentdb/55-FreqencyPlayer/c++
</code></pre>
</div>
<div class="failure">
<h3 id="cxxlog55-buildanswer">Build Answer for Assignment 55</h3>
<pre><code>Compiling c++_answer/ for assignment in ../assignmentdb/55-FreqencyPlayer/c++_answer
rm freqPlayer.o
rm freqPlayer
rm: cannot remove 'freqPlayer': No such file or directory
make: [Makefile:33: clean] Error 1 (ignored)
g++ -g  -std=c++14 -I /home/bridges-testing/bridges-cxx-install/include/ -c freqPlayer.cpp -o freqPlayer.o
g++ -o freqPlayer freqPlayer.o -g -L /home/bridges-testing/bridges-cxx-install/lib/ -pthread -lcurl -l bridges 
/usr/bin/ld: cannot find -lbridges
collect2: error: ld returned 1 exit status
make: *** [Makefile:22: freqPlayer] Error 1
could not compile c++_answer/ for assignment in ../assignmentdb/55-FreqencyPlayer/c++_answer
</code></pre>
</div>
<div class="failure">
<h3 id="cxxlog55-runanswer">Run Answer for Assignment 55</h3>
<pre><code>can't guess a binary file to run
could not run c++_answer for assignment in ../assignmentdb/55-FreqencyPlayer/c++_answer
</code></pre>
</div>
    
    </div>
    <div id="cxxlog56" class="logdetails">
      <h2>Assignment 56 full log</h2>
    
<div class="failure">
<h3 id="cxxlog56-buildscaffold">Build Scaffold for Assignment 56</h3>
<pre><code>Compiling c++/ for assignment in ../assignmentdb/56-2DIndexing/c++
rm layers.o
rm layers
rm: cannot remove 'layers': No such file or directory
make: [Makefile:32: clean] Error 1 (ignored)
g++ -g  -std=c++14 -I /home/bridges-testing/bridges-cxx-install/include/ -c layers.cpp -o layers.o
g++ -o layers layers.o -g -L /home/bridges-testing/bridges-cxx-install/lib/ -pthread -lcurl -l bridges 
/usr/bin/ld: cannot find -lbridges
collect2: error: ld returned 1 exit status
make: *** [Makefile:21: layers] Error 1
could not compile c++/ for assignment in ../assignmentdb/56-2DIndexing/c++
</code></pre>
</div>
<div class="failure">
<h3 id="cxxlog56-buildanswer">Build Answer for Assignment 56</h3>
<pre><code>Compiling c++_answer/ for assignment in ../assignmentdb/56-2DIndexing/c++_answer
rm layers.o
rm layers
rm: cannot remove 'layers': No such file or directory
make: [Makefile:32: clean] Error 1 (ignored)
g++ -g  -std=c++14 -I /home/bridges-testing/bridges-cxx-install/include/ -c layers.cpp -o layers.o
g++ -o layers layers.o -g -L /home/bridges-testing/bridges-cxx-install/lib/ -pthread -lcurl -l bridges 
/usr/bin/ld: cannot find -lbridges
collect2: error: ld returned 1 exit status
make: *** [Makefile:21: layers] Error 1
could not compile c++_answer/ for assignment in ../assignmentdb/56-2DIndexing/c++_answer
</code></pre>
</div>
<div class="failure">
<h3 id="cxxlog56-runanswer">Run Answer for Assignment 56</h3>
<pre><code>can't guess a binary file to run
could not run c++_answer for assignment in ../assignmentdb/56-2DIndexing/c++_answer
</code></pre>
</div>
    
    </div>
    <div id="cxxlog57" class="logdetails">
      <h2>Assignment 57 full log</h2>
    
<div class="failure">
<h3 id="cxxlog57-buildscaffold">Build Scaffold for Assignment 57</h3>
<pre><code>assignment 57 has no c++ directory
</code></pre>
</div>
<div class="failure">
<h3 id="cxxlog57-buildanswer">Build Answer for Assignment 57</h3>
<pre><code>Compiling c++_answer/ for assignment in ../assignmentdb/57-BookAnalysis/c++_answer
rm book_analysis.o
rm book_analysis
rm: cannot remove 'book_analysis': No such file or directory
make: [Makefile:32: clean] Error 1 (ignored)
g++ -g  -std=c++14 -I /home/bridges-testing/bridges-cxx-install/include/ -c book_analysis.cpp -o book_analysis.o
g++ -o book_analysis book_analysis.o -g -L /home/bridges-testing/bridges-cxx-install/lib/ -pthread -lcurl -l bridges 
/usr/bin/ld: cannot find -lbridges
collect2: error: ld returned 1 exit status
make: *** [Makefile:21: book_analysis] Error 1
could not compile c++_answer/ for assignment in ../assignmentdb/57-BookAnalysis/c++_answer
</code></pre>
</div>
<div class="failure">
<h3 id="cxxlog57-runanswer">Run Answer for Assignment 57</h3>
<pre><code>can't guess a binary file to run
could not run c++_answer for assignment in ../assignmentdb/57-BookAnalysis/c++_answer
</code></pre>
</div>
    
    </div>
    <div id="cxxlog58" class="logdetails">
      <h2>Assignment 58 full log</h2>
    
<div class="failure">
<h3 id="cxxlog58-buildscaffold">Build Scaffold for Assignment 58</h3>
<pre><code>assignment 58 has no c++ directory
</code></pre>
</div>
<div class="failure">
<h3 id="cxxlog58-buildanswer">Build Answer for Assignment 58</h3>
<pre><code>Compiling c++_answer/ for assignment in ../assignmentdb/58-WordCloud/c++_answer
make: *** No rule to make target 'clean'.  Stop.
make: *** No targets specified and no makefile found.  Stop.
could not compile c++_answer/ for assignment in ../assignmentdb/58-WordCloud/c++_answer
</code></pre>
</div>
<div class="failure">
<h3 id="cxxlog58-runanswer">Run Answer for Assignment 58</h3>
<pre><code>can't guess a binary file to run
could not run c++_answer for assignment in ../assignmentdb/58-WordCloud/c++_answer
</code></pre>
</div>
    
    </div>
    <div id="cxxlog59" class="logdetails">
      <h2>Assignment 59 full log</h2>
    
<div class="failure">
<h3 id="cxxlog59-buildscaffold">Build Scaffold for Assignment 59</h3>
<pre><code>Compiling c++/ for assignment in ../assignmentdb/59-ConvexHull_CityData/c++
rm cvh.o
rm: cannot remove 'cvh.o': No such file or directory
make: [Makefile:31: clean] Error 1 (ignored)
rm cvh
rm: cannot remove 'cvh': No such file or directory
make: [Makefile:32: clean] Error 1 (ignored)
g++ -g  -std=c++14 -I /home/bridges-testing/bridges-cxx-install/include/ -c cvh.cpp -o cvh.o
In file included from cvh.cpp:12:
cvh.h: In member function ‘std::vector&lt;Line&gt; ConvHull::getConvexHull_BruteForce()’:
cvh.h:65:3: warning: no return statement in function returning non-void [-Wreturn-type]
   65 |   }
      |   ^
cvh.cpp: In function ‘int main(int, char**)’:
cvh.cpp:35:19: error: ‘class ConvHull’ has no member named ‘getBoundingBox’
   35 |  float *bbox = cv.getBoundingBox();
      |                   ^~~~~~~~~~~~~~
cvh.cpp:54:16: error: ‘class ConvHull’ has no member named ‘getConvexHull_DivideConquer’
   54 |  cv_lines = cv.getConvexHull_DivideConquer();
      |                ^~~~~~~~~~~~~~~~~~~~~~~~~~~
cvh.cpp: In function ‘bridges::datastructure::SymbolCollection drawConvexHull(ConvHull&amp;, std::vector&lt;Line&gt;)’:
cvh.cpp:94:2: warning: no return statement in function returning non-void [-Wreturn-type]
   94 |  }
      |  ^
cvh.cpp: At global scope:
cvh.cpp:96:2: error: expected unqualified-id before ‘return’
   96 |  return cvh;
      |  ^~~~~~
cvh.cpp:97:1: error: expected declaration before ‘}’ token
   97 | }
      | ^
make: *** [Makefile:26: cvh.o] Error 1
could not compile c++/ for assignment in ../assignmentdb/59-ConvexHull_CityData/c++
</code></pre>
</div>
<div class="failure">
<h3 id="cxxlog59-buildanswer">Build Answer for Assignment 59</h3>
<pre><code>Compiling c++_answer/ for assignment in ../assignmentdb/59-ConvexHull_CityData/c++_answer
rm cvh.o
rm cvh
rm: cannot remove 'cvh': No such file or directory
make: [Makefile:32: clean] Error 1 (ignored)
g++ -g  -std=c++14 -I /home/bridges-testing/bridges-cxx-install/include/ -c cvh.cpp -o cvh.o
g++ -o cvh cvh.o -g -L /home/bridges-testing/bridges-cxx-install/lib/ -pthread -lcurl -l bridges 
/usr/bin/ld: cannot find -lbridges
collect2: error: ld returned 1 exit status
make: *** [Makefile:21: cvh] Error 1
could not compile c++_answer/ for assignment in ../assignmentdb/59-ConvexHull_CityData/c++_answer
</code></pre>
</div>
<div class="failure">
<h3 id="cxxlog59-runanswer">Run Answer for Assignment 59</h3>
<pre><code>can't guess a binary file to run
could not run c++_answer for assignment in ../assignmentdb/59-ConvexHull_CityData/c++_answer
</code></pre>
</div>
    
    </div>
    <div id="cxxlog60" class="logdetails">
      <h2>Assignment 60 full log</h2>
    
<div class="failure">
<h3 id="cxxlog60-buildscaffold">Build Scaffold for Assignment 60</h3>
<pre><code>Compiling c++/ for assignment in ../assignmentdb/60-Quadtree-CityData/c++
make: *** No rule to make target 'clean'.  Stop.
make: *** No targets specified and no makefile found.  Stop.
could not compile c++/ for assignment in ../assignmentdb/60-Quadtree-CityData/c++
</code></pre>
</div>
<div class="failure">
<h3 id="cxxlog60-buildanswer">Build Answer for Assignment 60</h3>
<pre><code>Compiling c++_answer/ for assignment in ../assignmentdb/60-Quadtree-CityData/c++_answer
make: *** No rule to make target 'clean'.  Stop.
make: *** No targets specified and no makefile found.  Stop.
could not compile c++_answer/ for assignment in ../assignmentdb/60-Quadtree-CityData/c++_answer
</code></pre>
</div>
<div class="failure">
<h3 id="cxxlog60-runanswer">Run Answer for Assignment 60</h3>
<pre><code>can't guess a binary file to run
could not run c++_answer for assignment in ../assignmentdb/60-Quadtree-CityData/c++_answer
</code></pre>
</div>
    
    </div>
    <div id="cxxlog61" class="logdetails">
      <h2>Assignment 61 full log</h2>
    
<div class="failure">
<h3 id="cxxlog61-buildscaffold">Build Scaffold for Assignment 61</h3>
<pre><code>assignment 61 has no c++ directory
</code></pre>
</div>
<div class="failure">
<h3 id="cxxlog61-buildanswer">Build Answer for Assignment 61</h3>
<pre><code>assignment 61 has no c++_answer directory
</code></pre>
</div>
<div class="failure">
<h3 id="cxxlog61-runanswer">Run Answer for Assignment 61</h3>
<pre><code>assignment 61 has no c++_answer directory
</code></pre>
</div>
    
    </div>
    <div id="cxxlog62" class="logdetails">
      <h2>Assignment 62 full log</h2>
    
<div class="failure">
<h3 id="cxxlog62-buildscaffold">Build Scaffold for Assignment 62</h3>
<pre><code>assignment 62 has no c++ directory
</code></pre>
</div>
<div class="failure">
<h3 id="cxxlog62-buildanswer">Build Answer for Assignment 62</h3>
<pre><code>Compiling c++_answer/ for assignment in ../assignmentdb/62-Flags/c++_answer
rm create_flags.o
rm create_flags
rm: cannot remove 'create_flags': No such file or directory
make: [Makefile:32: clean] Error 1 (ignored)
g++ -g  -std=c++14 -I /home/bridges-testing/bridges-cxx-install/include/ -c create_flags.cpp -o create_flags.o
g++ -o create_flags create_flags.o -g -L /home/bridges-testing/bridges-cxx-install/lib/ -pthread -lcurl -l bridges 
/usr/bin/ld: cannot find -lbridges
collect2: error: ld returned 1 exit status
make: *** [Makefile:21: create_flags] Error 1
could not compile c++_answer/ for assignment in ../assignmentdb/62-Flags/c++_answer
</code></pre>
</div>
<div class="failure">
<h3 id="cxxlog62-runanswer">Run Answer for Assignment 62</h3>
<pre><code>can't guess a binary file to run
could not run c++_answer for assignment in ../assignmentdb/62-Flags/c++_answer
</code></pre>
</div>
    
    </div>
  </body>
