    <html>
    <head>
<style>
.failure {
background-color: orangered;
}
.success {
background-color: springgreen;
}
</style>
    </head>
    <body>
	<h1>Testing logs for C++</h1>
	<p>Running at Mon 06 Jun 2022 03:24:20 AM EDT</p>
  <div id="summaryarray1d.cpp" class="failure">
    <h2><a href="cxx_testing_logs.html#cxxlogarray1d.cpp">Test array1d.cpp</a> </h2>
    <p>
      <ul>
        <li> Build Test : <a href="cxx_testing_logs.html#cxxlogarray1d.cpp-buildtest">error</a></li>
        <li> Run Test : <a href="cxx_testing_logs.html#cxxlogarray1d.cpp-runtest">error</a></li>
      </ul>
    </p>
  </div>
  <div id="summaryarray2d.cpp" class="failure">
    <h2><a href="cxx_testing_logs.html#cxxlogarray2d.cpp">Test array2d.cpp</a> </h2>
    <p>
      <ul>
        <li> Build Test : <a href="cxx_testing_logs.html#cxxlogarray2d.cpp-buildtest">error</a></li>
        <li> Run Test : <a href="cxx_testing_logs.html#cxxlogarray2d.cpp-runtest">error</a></li>
      </ul>
    </p>
  </div>
  <div id="summaryarray3d.cpp" class="failure">
    <h2><a href="cxx_testing_logs.html#cxxlogarray3d.cpp">Test array3d.cpp</a> </h2>
    <p>
      <ul>
        <li> Build Test : <a href="cxx_testing_logs.html#cxxlogarray3d.cpp-buildtest">error</a></li>
        <li> Run Test : <a href="cxx_testing_logs.html#cxxlogarray3d.cpp-runtest">error</a></li>
      </ul>
    </p>
  </div>
  <div id="summaryaudio_clip.cpp" class="failure">
    <h2><a href="cxx_testing_logs.html#cxxlogaudio_clip.cpp">Test audio_clip.cpp</a> </h2>
    <p>
      <ul>
        <li> Build Test : <a href="cxx_testing_logs.html#cxxlogaudio_clip.cpp-buildtest">error</a></li>
        <li> Run Test : <a href="cxx_testing_logs.html#cxxlogaudio_clip.cpp-runtest">error</a></li>
      </ul>
    </p>
  </div>
  <div id="summaryaudio_clip_manipulation.cpp" class="failure">
    <h2><a href="cxx_testing_logs.html#cxxlogaudio_clip_manipulation.cpp">Test audio_clip_manipulation.cpp</a> </h2>
    <p>
      <ul>
        <li> Build Test : <a href="cxx_testing_logs.html#cxxlogaudio_clip_manipulation.cpp-buildtest">error</a></li>
        <li> Run Test : <a href="cxx_testing_logs.html#cxxlogaudio_clip_manipulation.cpp-runtest">error</a></li>
      </ul>
    </p>
  </div>
  <div id="summaryavl.cpp" class="failure">
    <h2><a href="cxx_testing_logs.html#cxxlogavl.cpp">Test avl.cpp</a> </h2>
    <p>
      <ul>
        <li> Build Test : <a href="cxx_testing_logs.html#cxxlogavl.cpp-buildtest">error</a></li>
        <li> Run Test : <a href="cxx_testing_logs.html#cxxlogavl.cpp-runtest">error</a></li>
      </ul>
    </p>
  </div>
  <div id="summarybintree.cpp" class="failure">
    <h2><a href="cxx_testing_logs.html#cxxlogbintree.cpp">Test bintree.cpp</a> </h2>
    <p>
      <ul>
        <li> Build Test : <a href="cxx_testing_logs.html#cxxlogbintree.cpp-buildtest">error</a></li>
        <li> Run Test : <a href="cxx_testing_logs.html#cxxlogbintree.cpp-runtest">error</a></li>
      </ul>
    </p>
  </div>
  <div id="summarybst_eq.cpp" class="failure">
    <h2><a href="cxx_testing_logs.html#cxxlogbst_eq.cpp">Test bst_eq.cpp</a> </h2>
    <p>
      <ul>
        <li> Build Test : <a href="cxx_testing_logs.html#cxxlogbst_eq.cpp-buildtest">error</a></li>
        <li> Run Test : <a href="cxx_testing_logs.html#cxxlogbst_eq.cpp-runtest">error</a></li>
      </ul>
    </p>
  </div>
  <div id="summarycancer_snippet.cpp" class="failure">
    <h2><a href="cxx_testing_logs.html#cxxlogcancer_snippet.cpp">Test cancer_snippet.cpp</a> </h2>
    <p>
      <ul>
        <li> Build Test : <a href="cxx_testing_logs.html#cxxlogcancer_snippet.cpp-buildtest">error</a></li>
        <li> Run Test : <a href="cxx_testing_logs.html#cxxlogcancer_snippet.cpp-runtest">error</a></li>
      </ul>
    </p>
  </div>
  <div id="summarycirc_dllist.cpp" class="failure">
    <h2><a href="cxx_testing_logs.html#cxxlogcirc_dllist.cpp">Test circ_dllist.cpp</a> </h2>
    <p>
      <ul>
        <li> Build Test : <a href="cxx_testing_logs.html#cxxlogcirc_dllist.cpp-buildtest">error</a></li>
        <li> Run Test : <a href="cxx_testing_logs.html#cxxlogcirc_dllist.cpp-runtest">error</a></li>
      </ul>
    </p>
  </div>
  <div id="summarycirc_sllist.cpp" class="failure">
    <h2><a href="cxx_testing_logs.html#cxxlogcirc_sllist.cpp">Test circ_sllist.cpp</a> </h2>
    <p>
      <ul>
        <li> Build Test : <a href="cxx_testing_logs.html#cxxlogcirc_sllist.cpp-buildtest">error</a></li>
        <li> Run Test : <a href="cxx_testing_logs.html#cxxlogcirc_sllist.cpp-runtest">error</a></li>
      </ul>
    </p>
  </div>
  <div id="summarycolor_grid.cpp" class="failure">
    <h2><a href="cxx_testing_logs.html#cxxlogcolor_grid.cpp">Test color_grid.cpp</a> </h2>
    <p>
      <ul>
        <li> Build Test : <a href="cxx_testing_logs.html#cxxlogcolor_grid.cpp-buildtest">error</a></li>
        <li> Run Test : <a href="cxx_testing_logs.html#cxxlogcolor_grid.cpp-runtest">error</a></li>
      </ul>
    </p>
  </div>
  <div id="summarydisplay_game.cpp" class="failure">
    <h2><a href="cxx_testing_logs.html#cxxlogdisplay_game.cpp">Test display_game.cpp</a> </h2>
    <p>
      <ul>
        <li> Build Test : <a href="cxx_testing_logs.html#cxxlogdisplay_game.cpp-buildtest">error</a></li>
        <li> Run Test : <a href="cxx_testing_logs.html#cxxlogdisplay_game.cpp-runtest">error</a></li>
      </ul>
    </p>
  </div>
  <div id="summarydllist.cpp" class="failure">
    <h2><a href="cxx_testing_logs.html#cxxlogdllist.cpp">Test dllist.cpp</a> </h2>
    <p>
      <ul>
        <li> Build Test : <a href="cxx_testing_logs.html#cxxlogdllist.cpp-buildtest">error</a></li>
        <li> Run Test : <a href="cxx_testing_logs.html#cxxlogdllist.cpp-runtest">error</a></li>
      </ul>
    </p>
  </div>
  <div id="summaryelevation_snippet.cpp" class="failure">
    <h2><a href="cxx_testing_logs.html#cxxlogelevation_snippet.cpp">Test elevation_snippet.cpp</a> </h2>
    <p>
      <ul>
        <li> Build Test : <a href="cxx_testing_logs.html#cxxlogelevation_snippet.cpp-buildtest">error</a></li>
        <li> Run Test : <a href="cxx_testing_logs.html#cxxlogelevation_snippet.cpp-runtest">error</a></li>
      </ul>
    </p>
  </div>
  <div id="summaryeq_snippet.cpp" class="failure">
    <h2><a href="cxx_testing_logs.html#cxxlogeq_snippet.cpp">Test eq_snippet.cpp</a> </h2>
    <p>
      <ul>
        <li> Build Test : <a href="cxx_testing_logs.html#cxxlogeq_snippet.cpp-buildtest">error</a></li>
        <li> Run Test : <a href="cxx_testing_logs.html#cxxlogeq_snippet.cpp-runtest">error</a></li>
      </ul>
    </p>
  </div>
  <div id="summaryface_shp_coll.cpp" class="failure">
    <h2><a href="cxx_testing_logs.html#cxxlogface_shp_coll.cpp">Test face_shp_coll.cpp</a> </h2>
    <p>
      <ul>
        <li> Build Test : <a href="cxx_testing_logs.html#cxxlogface_shp_coll.cpp-buildtest">error</a></li>
        <li> Run Test : <a href="cxx_testing_logs.html#cxxlogface_shp_coll.cpp-runtest">error</a></li>
      </ul>
    </p>
  </div>
  <div id="summarygame_size_test.cpp" class="failure">
    <h2><a href="cxx_testing_logs.html#cxxloggame_size_test.cpp">Test game_size_test.cpp</a> </h2>
    <p>
      <ul>
        <li> Build Test : <a href="cxx_testing_logs.html#cxxloggame_size_test.cpp-buildtest">error</a></li>
        <li> Run Test : <a href="cxx_testing_logs.html#cxxloggame_size_test.cpp-runtest">error</a></li>
      </ul>
    </p>
  </div>
  <div id="summarygame_snippet.cpp" class="failure">
    <h2><a href="cxx_testing_logs.html#cxxloggame_snippet.cpp">Test game_snippet.cpp</a> </h2>
    <p>
      <ul>
        <li> Build Test : <a href="cxx_testing_logs.html#cxxloggame_snippet.cpp-buildtest">error</a></li>
        <li> Run Test : <a href="cxx_testing_logs.html#cxxloggame_snippet.cpp-runtest">error</a></li>
      </ul>
    </p>
  </div>
  <div id="summarygraph_alist.cpp" class="failure">
    <h2><a href="cxx_testing_logs.html#cxxloggraph_alist.cpp">Test graph_alist.cpp</a> </h2>
    <p>
      <ul>
        <li> Build Test : <a href="cxx_testing_logs.html#cxxloggraph_alist.cpp-buildtest">error</a></li>
        <li> Run Test : <a href="cxx_testing_logs.html#cxxloggraph_alist.cpp-runtest">error</a></li>
      </ul>
    </p>
  </div>
  <div id="summarygraph_alist_empty.cpp" class="failure">
    <h2><a href="cxx_testing_logs.html#cxxloggraph_alist_empty.cpp">Test graph_alist_empty.cpp</a> </h2>
    <p>
      <ul>
        <li> Build Test : <a href="cxx_testing_logs.html#cxxloggraph_alist_empty.cpp-buildtest">error</a></li>
        <li> Run Test : <a href="cxx_testing_logs.html#cxxloggraph_alist_empty.cpp-runtest">error</a></li>
      </ul>
    </p>
  </div>
  <div id="summarygraph_amatrix.cpp" class="failure">
    <h2><a href="cxx_testing_logs.html#cxxloggraph_amatrix.cpp">Test graph_amatrix.cpp</a> </h2>
    <p>
      <ul>
        <li> Build Test : <a href="cxx_testing_logs.html#cxxloggraph_amatrix.cpp-buildtest">error</a></li>
        <li> Run Test : <a href="cxx_testing_logs.html#cxxloggraph_amatrix.cpp-runtest">error</a></li>
      </ul>
    </p>
  </div>
  <div id="summarygraph_map_test.cpp" class="failure">
    <h2><a href="cxx_testing_logs.html#cxxloggraph_map_test.cpp">Test graph_map_test.cpp</a> </h2>
    <p>
      <ul>
        <li> Build Test : <a href="cxx_testing_logs.html#cxxloggraph_map_test.cpp-buildtest">error</a></li>
        <li> Run Test : <a href="cxx_testing_logs.html#cxxloggraph_map_test.cpp-runtest">error</a></li>
      </ul>
    </p>
  </div>
  <div id="summarygutenberg_snippet.cpp" class="failure">
    <h2><a href="cxx_testing_logs.html#cxxloggutenberg_snippet.cpp">Test gutenberg_snippet.cpp</a> </h2>
    <p>
      <ul>
        <li> Build Test : <a href="cxx_testing_logs.html#cxxloggutenberg_snippet.cpp-buildtest">error</a></li>
        <li> Run Test : <a href="cxx_testing_logs.html#cxxloggutenberg_snippet.cpp-runtest">error</a></li>
      </ul>
    </p>
  </div>
  <div id="summaryimdb_snippet.cpp" class="failure">
    <h2><a href="cxx_testing_logs.html#cxxlogimdb_snippet.cpp">Test imdb_snippet.cpp</a> </h2>
    <p>
      <ul>
        <li> Build Test : <a href="cxx_testing_logs.html#cxxlogimdb_snippet.cpp-buildtest">error</a></li>
        <li> Run Test : <a href="cxx_testing_logs.html#cxxlogimdb_snippet.cpp-runtest">error</a></li>
      </ul>
    </p>
  </div>
  <div id="summaryinput_game.cpp" class="failure">
    <h2><a href="cxx_testing_logs.html#cxxloginput_game.cpp">Test input_game.cpp</a> </h2>
    <p>
      <ul>
        <li> Build Test : <a href="cxx_testing_logs.html#cxxloginput_game.cpp-buildtest">error</a></li>
        <li> Run Test : <a href="cxx_testing_logs.html#cxxloginput_game.cpp-runtest">error</a></li>
      </ul>
    </p>
  </div>
  <div id="summarykdt.cpp" class="failure">
    <h2><a href="cxx_testing_logs.html#cxxlogkdt.cpp">Test kdt.cpp</a> </h2>
    <p>
      <ul>
        <li> Build Test : <a href="cxx_testing_logs.html#cxxlogkdt.cpp-buildtest">error</a></li>
        <li> Run Test : <a href="cxx_testing_logs.html#cxxlogkdt.cpp-runtest">error</a></li>
      </ul>
    </p>
  </div>
  <div id="summarylinechart.cpp" class="failure">
    <h2><a href="cxx_testing_logs.html#cxxloglinechart.cpp">Test linechart.cpp</a> </h2>
    <p>
      <ul>
        <li> Build Test : <a href="cxx_testing_logs.html#cxxloglinechart.cpp-buildtest">error</a></li>
        <li> Run Test : <a href="cxx_testing_logs.html#cxxloglinechart.cpp-runtest">error</a></li>
      </ul>
    </p>
  </div>
  <div id="summaryminimal_game.cpp" class="failure">
    <h2><a href="cxx_testing_logs.html#cxxlogminimal_game.cpp">Test minimal_game.cpp</a> </h2>
    <p>
      <ul>
        <li> Build Test : <a href="cxx_testing_logs.html#cxxlogminimal_game.cpp-buildtest">error</a></li>
        <li> Run Test : <a href="cxx_testing_logs.html#cxxlogminimal_game.cpp-runtest">error</a></li>
      </ul>
    </p>
  </div>
  <div id="summarymixed_assignments.cpp" class="failure">
    <h2><a href="cxx_testing_logs.html#cxxlogmixed_assignments.cpp">Test mixed_assignments.cpp</a> </h2>
    <p>
      <ul>
        <li> Build Test : <a href="cxx_testing_logs.html#cxxlogmixed_assignments.cpp-buildtest">error</a></li>
        <li> Run Test : <a href="cxx_testing_logs.html#cxxlogmixed_assignments.cpp-runtest">error</a></li>
      </ul>
    </p>
  </div>
  <div id="summarymllist.cpp" class="failure">
    <h2><a href="cxx_testing_logs.html#cxxlogmllist.cpp">Test mllist.cpp</a> </h2>
    <p>
      <ul>
        <li> Build Test : <a href="cxx_testing_logs.html#cxxlogmllist.cpp-buildtest">error</a></li>
        <li> Run Test : <a href="cxx_testing_logs.html#cxxlogmllist.cpp-runtest">error</a></li>
      </ul>
    </p>
  </div>
  <div id="summaryosm.cpp" class="failure">
    <h2><a href="cxx_testing_logs.html#cxxlogosm.cpp">Test osm.cpp</a> </h2>
    <p>
      <ul>
        <li> Build Test : <a href="cxx_testing_logs.html#cxxlogosm.cpp-buildtest">error</a></li>
        <li> Run Test : <a href="cxx_testing_logs.html#cxxlogosm.cpp-runtest">error</a></li>
      </ul>
    </p>
  </div>
  <div id="summaryosm_amenity_snippet.cpp" class="failure">
    <h2><a href="cxx_testing_logs.html#cxxlogosm_amenity_snippet.cpp">Test osm_amenity_snippet.cpp</a> </h2>
    <p>
      <ul>
        <li> Build Test : <a href="cxx_testing_logs.html#cxxlogosm_amenity_snippet.cpp-buildtest">error</a></li>
        <li> Run Test : <a href="cxx_testing_logs.html#cxxlogosm_amenity_snippet.cpp-runtest">error</a></li>
      </ul>
    </p>
  </div>
  <div id="summaryosm_snippet.cpp" class="failure">
    <h2><a href="cxx_testing_logs.html#cxxlogosm_snippet.cpp">Test osm_snippet.cpp</a> </h2>
    <p>
      <ul>
        <li> Build Test : <a href="cxx_testing_logs.html#cxxlogosm_snippet.cpp-buildtest">error</a></li>
        <li> Run Test : <a href="cxx_testing_logs.html#cxxlogosm_snippet.cpp-runtest">error</a></li>
      </ul>
    </p>
  </div>
  <div id="summaryshakespeare_snippet.cpp" class="failure">
    <h2><a href="cxx_testing_logs.html#cxxlogshakespeare_snippet.cpp">Test shakespeare_snippet.cpp</a> </h2>
    <p>
      <ul>
        <li> Build Test : <a href="cxx_testing_logs.html#cxxlogshakespeare_snippet.cpp-buildtest">error</a></li>
        <li> Run Test : <a href="cxx_testing_logs.html#cxxlogshakespeare_snippet.cpp-runtest">error</a></li>
      </ul>
    </p>
  </div>
  <div id="summaryshape_collection.cpp" class="failure">
    <h2><a href="cxx_testing_logs.html#cxxlogshape_collection.cpp">Test shape_collection.cpp</a> </h2>
    <p>
      <ul>
        <li> Build Test : <a href="cxx_testing_logs.html#cxxlogshape_collection.cpp-buildtest">error</a></li>
        <li> Run Test : <a href="cxx_testing_logs.html#cxxlogshape_collection.cpp-runtest">error</a></li>
      </ul>
    </p>
  </div>
  <div id="summaryshape_collection_layer.cpp" class="failure">
    <h2><a href="cxx_testing_logs.html#cxxlogshape_collection_layer.cpp">Test shape_collection_layer.cpp</a> </h2>
    <p>
      <ul>
        <li> Build Test : <a href="cxx_testing_logs.html#cxxlogshape_collection_layer.cpp-buildtest">error</a></li>
        <li> Run Test : <a href="cxx_testing_logs.html#cxxlogshape_collection_layer.cpp-runtest">error</a></li>
      </ul>
    </p>
  </div>
  <div id="summaryshape_collection_textalign.cpp" class="failure">
    <h2><a href="cxx_testing_logs.html#cxxlogshape_collection_textalign.cpp">Test shape_collection_textalign.cpp</a> </h2>
    <p>
      <ul>
        <li> Build Test : <a href="cxx_testing_logs.html#cxxlogshape_collection_textalign.cpp-buildtest">error</a></li>
        <li> Run Test : <a href="cxx_testing_logs.html#cxxlogshape_collection_textalign.cpp-runtest">error</a></li>
      </ul>
    </p>
  </div>
  <div id="summarysine_wave.cpp" class="failure">
    <h2><a href="cxx_testing_logs.html#cxxlogsine_wave.cpp">Test sine_wave.cpp</a> </h2>
    <p>
      <ul>
        <li> Build Test : <a href="cxx_testing_logs.html#cxxlogsine_wave.cpp-buildtest">error</a></li>
        <li> Run Test : <a href="cxx_testing_logs.html#cxxlogsine_wave.cpp-runtest">error</a></li>
      </ul>
    </p>
  </div>
  <div id="summarysllist.cpp" class="failure">
    <h2><a href="cxx_testing_logs.html#cxxlogsllist.cpp">Test sllist.cpp</a> </h2>
    <p>
      <ul>
        <li> Build Test : <a href="cxx_testing_logs.html#cxxlogsllist.cpp-buildtest">error</a></li>
        <li> Run Test : <a href="cxx_testing_logs.html#cxxlogsllist.cpp-runtest">error</a></li>
      </ul>
    </p>
  </div>
  <div id="summarysong_lyrics_snippet.cpp" class="failure">
    <h2><a href="cxx_testing_logs.html#cxxlogsong_lyrics_snippet.cpp">Test song_lyrics_snippet.cpp</a> </h2>
    <p>
      <ul>
        <li> Build Test : <a href="cxx_testing_logs.html#cxxlogsong_lyrics_snippet.cpp-buildtest">error</a></li>
        <li> Run Test : <a href="cxx_testing_logs.html#cxxlogsong_lyrics_snippet.cpp-runtest">error</a></li>
      </ul>
    </p>
  </div>
  <div id="summarysorting_benchmark.cpp" class="failure">
    <h2><a href="cxx_testing_logs.html#cxxlogsorting_benchmark.cpp">Test sorting_benchmark.cpp</a> </h2>
    <p>
      <ul>
        <li> Build Test : <a href="cxx_testing_logs.html#cxxlogsorting_benchmark.cpp-buildtest">error</a></li>
        <li> Run Test : <a href="cxx_testing_logs.html#cxxlogsorting_benchmark.cpp-runtest">error</a></li>
      </ul>
    </p>
  </div>
  <div id="summarytree.cpp" class="failure">
    <h2><a href="cxx_testing_logs.html#cxxlogtree.cpp">Test tree.cpp</a> </h2>
    <p>
      <ul>
        <li> Build Test : <a href="cxx_testing_logs.html#cxxlogtree.cpp-buildtest">error</a></li>
        <li> Run Test : <a href="cxx_testing_logs.html#cxxlogtree.cpp-runtest">error</a></li>
      </ul>
    </p>
  </div>
  <div id="summarytut_array1d.cpp" class="failure">
    <h2><a href="cxx_testing_logs.html#cxxlogtut_array1d.cpp">Test tut_array1d.cpp</a> </h2>
    <p>
      <ul>
        <li> Build Test : <a href="cxx_testing_logs.html#cxxlogtut_array1d.cpp-buildtest">error</a></li>
        <li> Run Test : <a href="cxx_testing_logs.html#cxxlogtut_array1d.cpp-runtest">error</a></li>
      </ul>
    </p>
  </div>
  <div id="summarytut_array1d_p1.cpp" class="failure">
    <h2><a href="cxx_testing_logs.html#cxxlogtut_array1d_p1.cpp">Test tut_array1d_p1.cpp</a> </h2>
    <p>
      <ul>
        <li> Build Test : <a href="cxx_testing_logs.html#cxxlogtut_array1d_p1.cpp-buildtest">error</a></li>
        <li> Run Test : <a href="cxx_testing_logs.html#cxxlogtut_array1d_p1.cpp-runtest">error</a></li>
      </ul>
    </p>
  </div>
  <div id="summarytut_array1d_p2.cpp" class="failure">
    <h2><a href="cxx_testing_logs.html#cxxlogtut_array1d_p2.cpp">Test tut_array1d_p2.cpp</a> </h2>
    <p>
      <ul>
        <li> Build Test : <a href="cxx_testing_logs.html#cxxlogtut_array1d_p2.cpp-buildtest">error</a></li>
        <li> Run Test : <a href="cxx_testing_logs.html#cxxlogtut_array1d_p2.cpp-runtest">error</a></li>
      </ul>
    </p>
  </div>
  <div id="summarytut_array1d_p3.cpp" class="failure">
    <h2><a href="cxx_testing_logs.html#cxxlogtut_array1d_p3.cpp">Test tut_array1d_p3.cpp</a> </h2>
    <p>
      <ul>
        <li> Build Test : <a href="cxx_testing_logs.html#cxxlogtut_array1d_p3.cpp-buildtest">error</a></li>
        <li> Run Test : <a href="cxx_testing_logs.html#cxxlogtut_array1d_p3.cpp-runtest">error</a></li>
      </ul>
    </p>
  </div>
  <div id="summarytut_bst_p1.cpp" class="failure">
    <h2><a href="cxx_testing_logs.html#cxxlogtut_bst_p1.cpp">Test tut_bst_p1.cpp</a> </h2>
    <p>
      <ul>
        <li> Build Test : <a href="cxx_testing_logs.html#cxxlogtut_bst_p1.cpp-buildtest">error</a></li>
        <li> Run Test : <a href="cxx_testing_logs.html#cxxlogtut_bst_p1.cpp-runtest">error</a></li>
      </ul>
    </p>
  </div>
  <div id="summarytut_bst_p2.cpp" class="failure">
    <h2><a href="cxx_testing_logs.html#cxxlogtut_bst_p2.cpp">Test tut_bst_p2.cpp</a> </h2>
    <p>
      <ul>
        <li> Build Test : <a href="cxx_testing_logs.html#cxxlogtut_bst_p2.cpp-buildtest">error</a></li>
        <li> Run Test : <a href="cxx_testing_logs.html#cxxlogtut_bst_p2.cpp-runtest">error</a></li>
      </ul>
    </p>
  </div>
  <div id="summarytut_bst_p3.cpp" class="failure">
    <h2><a href="cxx_testing_logs.html#cxxlogtut_bst_p3.cpp">Test tut_bst_p3.cpp</a> </h2>
    <p>
      <ul>
        <li> Build Test : <a href="cxx_testing_logs.html#cxxlogtut_bst_p3.cpp-buildtest">error</a></li>
        <li> Run Test : <a href="cxx_testing_logs.html#cxxlogtut_bst_p3.cpp-runtest">error</a></li>
      </ul>
    </p>
  </div>
  <div id="summarytut_col_grid_p1.cpp" class="failure">
    <h2><a href="cxx_testing_logs.html#cxxlogtut_col_grid_p1.cpp">Test tut_col_grid_p1.cpp</a> </h2>
    <p>
      <ul>
        <li> Build Test : <a href="cxx_testing_logs.html#cxxlogtut_col_grid_p1.cpp-buildtest">error</a></li>
        <li> Run Test : <a href="cxx_testing_logs.html#cxxlogtut_col_grid_p1.cpp-runtest">error</a></li>
      </ul>
    </p>
  </div>
  <div id="summarytut_col_grid_p2.cpp" class="failure">
    <h2><a href="cxx_testing_logs.html#cxxlogtut_col_grid_p2.cpp">Test tut_col_grid_p2.cpp</a> </h2>
    <p>
      <ul>
        <li> Build Test : <a href="cxx_testing_logs.html#cxxlogtut_col_grid_p2.cpp-buildtest">error</a></li>
        <li> Run Test : <a href="cxx_testing_logs.html#cxxlogtut_col_grid_p2.cpp-runtest">error</a></li>
      </ul>
    </p>
  </div>
  <div id="summarytut_col_grid_p3.cpp" class="failure">
    <h2><a href="cxx_testing_logs.html#cxxlogtut_col_grid_p3.cpp">Test tut_col_grid_p3.cpp</a> </h2>
    <p>
      <ul>
        <li> Build Test : <a href="cxx_testing_logs.html#cxxlogtut_col_grid_p3.cpp-buildtest">error</a></li>
        <li> Run Test : <a href="cxx_testing_logs.html#cxxlogtut_col_grid_p3.cpp-runtest">error</a></li>
      </ul>
    </p>
  </div>
  <div id="summarytut_dllist_p1.cpp" class="failure">
    <h2><a href="cxx_testing_logs.html#cxxlogtut_dllist_p1.cpp">Test tut_dllist_p1.cpp</a> </h2>
    <p>
      <ul>
        <li> Build Test : <a href="cxx_testing_logs.html#cxxlogtut_dllist_p1.cpp-buildtest">error</a></li>
        <li> Run Test : <a href="cxx_testing_logs.html#cxxlogtut_dllist_p1.cpp-runtest">error</a></li>
      </ul>
    </p>
  </div>
  <div id="summarytut_dllist_p2.cpp" class="failure">
    <h2><a href="cxx_testing_logs.html#cxxlogtut_dllist_p2.cpp">Test tut_dllist_p2.cpp</a> </h2>
    <p>
      <ul>
        <li> Build Test : <a href="cxx_testing_logs.html#cxxlogtut_dllist_p2.cpp-buildtest">error</a></li>
        <li> Run Test : <a href="cxx_testing_logs.html#cxxlogtut_dllist_p2.cpp-runtest">error</a></li>
      </ul>
    </p>
  </div>
  <div id="summarytut_dllist_p3.cpp" class="failure">
    <h2><a href="cxx_testing_logs.html#cxxlogtut_dllist_p3.cpp">Test tut_dllist_p3.cpp</a> </h2>
    <p>
      <ul>
        <li> Build Test : <a href="cxx_testing_logs.html#cxxlogtut_dllist_p3.cpp-buildtest">error</a></li>
        <li> Run Test : <a href="cxx_testing_logs.html#cxxlogtut_dllist_p3.cpp-runtest">error</a></li>
      </ul>
    </p>
  </div>
  <div id="summarytut_graph_p1.cpp" class="failure">
    <h2><a href="cxx_testing_logs.html#cxxlogtut_graph_p1.cpp">Test tut_graph_p1.cpp</a> </h2>
    <p>
      <ul>
        <li> Build Test : <a href="cxx_testing_logs.html#cxxlogtut_graph_p1.cpp-buildtest">error</a></li>
        <li> Run Test : <a href="cxx_testing_logs.html#cxxlogtut_graph_p1.cpp-runtest">error</a></li>
      </ul>
    </p>
  </div>
  <div id="summarytut_graph_p2.cpp" class="failure">
    <h2><a href="cxx_testing_logs.html#cxxlogtut_graph_p2.cpp">Test tut_graph_p2.cpp</a> </h2>
    <p>
      <ul>
        <li> Build Test : <a href="cxx_testing_logs.html#cxxlogtut_graph_p2.cpp-buildtest">error</a></li>
        <li> Run Test : <a href="cxx_testing_logs.html#cxxlogtut_graph_p2.cpp-runtest">error</a></li>
      </ul>
    </p>
  </div>
  <div id="summarytut_graph_p3.cpp" class="failure">
    <h2><a href="cxx_testing_logs.html#cxxlogtut_graph_p3.cpp">Test tut_graph_p3.cpp</a> </h2>
    <p>
      <ul>
        <li> Build Test : <a href="cxx_testing_logs.html#cxxlogtut_graph_p3.cpp-buildtest">error</a></li>
        <li> Run Test : <a href="cxx_testing_logs.html#cxxlogtut_graph_p3.cpp-runtest">error</a></li>
      </ul>
    </p>
  </div>
  <div id="summarytut_shapes_p1.cpp" class="failure">
    <h2><a href="cxx_testing_logs.html#cxxlogtut_shapes_p1.cpp">Test tut_shapes_p1.cpp</a> </h2>
    <p>
      <ul>
        <li> Build Test : <a href="cxx_testing_logs.html#cxxlogtut_shapes_p1.cpp-buildtest">error</a></li>
        <li> Run Test : <a href="cxx_testing_logs.html#cxxlogtut_shapes_p1.cpp-runtest">error</a></li>
      </ul>
    </p>
  </div>
  <div id="summarytut_shapes_p2.cpp" class="failure">
    <h2><a href="cxx_testing_logs.html#cxxlogtut_shapes_p2.cpp">Test tut_shapes_p2.cpp</a> </h2>
    <p>
      <ul>
        <li> Build Test : <a href="cxx_testing_logs.html#cxxlogtut_shapes_p2.cpp-buildtest">error</a></li>
        <li> Run Test : <a href="cxx_testing_logs.html#cxxlogtut_shapes_p2.cpp-runtest">error</a></li>
      </ul>
    </p>
  </div>
  <div id="summarytut_sllist_p1.cpp" class="failure">
    <h2><a href="cxx_testing_logs.html#cxxlogtut_sllist_p1.cpp">Test tut_sllist_p1.cpp</a> </h2>
    <p>
      <ul>
        <li> Build Test : <a href="cxx_testing_logs.html#cxxlogtut_sllist_p1.cpp-buildtest">error</a></li>
        <li> Run Test : <a href="cxx_testing_logs.html#cxxlogtut_sllist_p1.cpp-runtest">error</a></li>
      </ul>
    </p>
  </div>
  <div id="summarytut_sllist_p2.cpp" class="failure">
    <h2><a href="cxx_testing_logs.html#cxxlogtut_sllist_p2.cpp">Test tut_sllist_p2.cpp</a> </h2>
    <p>
      <ul>
        <li> Build Test : <a href="cxx_testing_logs.html#cxxlogtut_sllist_p2.cpp-buildtest">error</a></li>
        <li> Run Test : <a href="cxx_testing_logs.html#cxxlogtut_sllist_p2.cpp-runtest">error</a></li>
      </ul>
    </p>
  </div>
  <div id="summarytut_sllist_p3.cpp" class="failure">
    <h2><a href="cxx_testing_logs.html#cxxlogtut_sllist_p3.cpp">Test tut_sllist_p3.cpp</a> </h2>
    <p>
      <ul>
        <li> Build Test : <a href="cxx_testing_logs.html#cxxlogtut_sllist_p3.cpp-buildtest">error</a></li>
        <li> Run Test : <a href="cxx_testing_logs.html#cxxlogtut_sllist_p3.cpp-runtest">error</a></li>
      </ul>
    </p>
  </div>
  <div id="summaryvis_example.cpp" class="failure">
    <h2><a href="cxx_testing_logs.html#cxxlogvis_example.cpp">Test vis_example.cpp</a> </h2>
    <p>
      <ul>
        <li> Build Test : <a href="cxx_testing_logs.html#cxxlogvis_example.cpp-buildtest">error</a></li>
        <li> Run Test : <a href="cxx_testing_logs.html#cxxlogvis_example.cpp-runtest">error</a></li>
      </ul>
    </p>
  </div>
  <div id="summarywikidata_actor_snippet.cpp" class="failure">
    <h2><a href="cxx_testing_logs.html#cxxlogwikidata_actor_snippet.cpp">Test wikidata_actor_snippet.cpp</a> </h2>
    <p>
      <ul>
        <li> Build Test : <a href="cxx_testing_logs.html#cxxlogwikidata_actor_snippet.cpp-buildtest">error</a></li>
        <li> Run Test : <a href="cxx_testing_logs.html#cxxlogwikidata_actor_snippet.cpp-runtest">error</a></li>
      </ul>
    </p>
  </div>
    <div id="cxxlogarray1d.cpp" class="logdetails">
      <h2>Test array1d.cpp full log</h2>
    
<div class="failure">
<h3> id="cxxlogarray1d.cpp-buildtest">Build Test for test array1d.cpp</h3>
<pre><code>Compiling test array1d.cpp
rm -f array1d array2d array3d audio_clip audio_clip_manipulation avl bintree bst_eq cancer_snippet circ_dllist circ_sllist color_grid display_game dllist elevation_snippet eq_snippet face_shp_coll game_size_test game_snippet graph_alist graph_alist_empty graph_amatrix graph_map_test gutenberg_snippet imdb_snippet input_game kdt linechart minimal_game mixed_assignments mllist osm osm_amenity_snippet osm_snippet shakespeare_snippet shape_collection shape_collection_layer shape_collection_textalign sine_wave sllist song_lyrics_snippet sorting_benchmark tree tut_array1d tut_array1d_p1 tut_array1d_p2 tut_array1d_p3 tut_bst_p1 tut_bst_p2 tut_bst_p3 tut_col_grid_p1 tut_col_grid_p2 tut_col_grid_p3 tut_dllist_p1 tut_dllist_p2 tut_dllist_p3 tut_graph_p1 tut_graph_p2 tut_graph_p3 tut_shapes_p1 tut_shapes_p2 tut_sllist_p1 tut_sllist_p2 tut_sllist_p3 vis_example wikidata_actor_snippet array1d.o array2d.o array3d.o audio_clip.o audio_clip_manipulation.o avl.o bintree.o bst_eq.o cancer_snippet.o circ_dllist.o circ_sllist.o color_grid.o display_game.o dllist.o elevation_snippet.o eq_snippet.o face_shp_coll.o game_size_test.o game_snippet.o graph_alist.o graph_alist_empty.o graph_amatrix.o graph_map_test.o gutenberg_snippet.o imdb_snippet.o input_game.o kdt.o linechart.o minimal_game.o mixed_assignments.o mllist.o osm.o osm_amenity_snippet.o osm_snippet.o shakespeare_snippet.o shape_collection.o shape_collection_layer.o shape_collection_textalign.o sine_wave.o sllist.o song_lyrics_snippet.o sorting_benchmark.o tree.o tut_array1d.o tut_array1d_p1.o tut_array1d_p2.o tut_array1d_p3.o tut_bst_p1.o tut_bst_p2.o tut_bst_p3.o tut_col_grid_p1.o tut_col_grid_p2.o tut_col_grid_p3.o tut_dllist_p1.o tut_dllist_p2.o tut_dllist_p3.o tut_graph_p1.o tut_graph_p2.o tut_graph_p3.o tut_shapes_p1.o tut_shapes_p2.o tut_sllist_p1.o tut_sllist_p2.o tut_sllist_p3.o vis_example.o wikidata_actor_snippet.o
g++ -g -o array1d array1d.cpp -g -I/home/bridges-testing/bridges-cxx-install/include  -I/  -I/ -DTESTING=1 -std=c++14 -L /home/bridges-testing/bridges-cxx-install/lib -L/  -lcurl -l pthread -l bridges -l pthread
/usr/bin/ld: cannot find -lbridges
collect2: error: ld returned 1 exit status
make: *** [Makefile:40: array1d] Error 1
could not compile c++/ for assignment in
</code></pre>
</div>
<div class="failure">
<h3> id="cxxlogarray1d.cpp-runtest">Run Test for test array1d.cpp</h3>
<pre><code>valgrind: ./array1d: No such file or directory
could not run test
</code></pre>
</div>
    
    </div>
    <div id="cxxlogarray2d.cpp" class="logdetails">
      <h2>Test array2d.cpp full log</h2>
    
<div class="failure">
<h3> id="cxxlogarray2d.cpp-buildtest">Build Test for test array2d.cpp</h3>
<pre><code>Compiling test array2d.cpp
rm -f array1d array2d array3d audio_clip audio_clip_manipulation avl bintree bst_eq cancer_snippet circ_dllist circ_sllist color_grid display_game dllist elevation_snippet eq_snippet face_shp_coll game_size_test game_snippet graph_alist graph_alist_empty graph_amatrix graph_map_test gutenberg_snippet imdb_snippet input_game kdt linechart minimal_game mixed_assignments mllist osm osm_amenity_snippet osm_snippet shakespeare_snippet shape_collection shape_collection_layer shape_collection_textalign sine_wave sllist song_lyrics_snippet sorting_benchmark tree tut_array1d tut_array1d_p1 tut_array1d_p2 tut_array1d_p3 tut_bst_p1 tut_bst_p2 tut_bst_p3 tut_col_grid_p1 tut_col_grid_p2 tut_col_grid_p3 tut_dllist_p1 tut_dllist_p2 tut_dllist_p3 tut_graph_p1 tut_graph_p2 tut_graph_p3 tut_shapes_p1 tut_shapes_p2 tut_sllist_p1 tut_sllist_p2 tut_sllist_p3 vis_example wikidata_actor_snippet array1d.o array2d.o array3d.o audio_clip.o audio_clip_manipulation.o avl.o bintree.o bst_eq.o cancer_snippet.o circ_dllist.o circ_sllist.o color_grid.o display_game.o dllist.o elevation_snippet.o eq_snippet.o face_shp_coll.o game_size_test.o game_snippet.o graph_alist.o graph_alist_empty.o graph_amatrix.o graph_map_test.o gutenberg_snippet.o imdb_snippet.o input_game.o kdt.o linechart.o minimal_game.o mixed_assignments.o mllist.o osm.o osm_amenity_snippet.o osm_snippet.o shakespeare_snippet.o shape_collection.o shape_collection_layer.o shape_collection_textalign.o sine_wave.o sllist.o song_lyrics_snippet.o sorting_benchmark.o tree.o tut_array1d.o tut_array1d_p1.o tut_array1d_p2.o tut_array1d_p3.o tut_bst_p1.o tut_bst_p2.o tut_bst_p3.o tut_col_grid_p1.o tut_col_grid_p2.o tut_col_grid_p3.o tut_dllist_p1.o tut_dllist_p2.o tut_dllist_p3.o tut_graph_p1.o tut_graph_p2.o tut_graph_p3.o tut_shapes_p1.o tut_shapes_p2.o tut_sllist_p1.o tut_sllist_p2.o tut_sllist_p3.o vis_example.o wikidata_actor_snippet.o
g++ -g -o array2d array2d.cpp -g -I/home/bridges-testing/bridges-cxx-install/include  -I/  -I/ -DTESTING=1 -std=c++14 -L /home/bridges-testing/bridges-cxx-install/lib -L/  -lcurl -l pthread -l bridges -l pthread
/usr/bin/ld: cannot find -lbridges
collect2: error: ld returned 1 exit status
make: *** [Makefile:40: array2d] Error 1
could not compile c++/ for assignment in
</code></pre>
</div>
<div class="failure">
<h3> id="cxxlogarray2d.cpp-runtest">Run Test for test array2d.cpp</h3>
<pre><code>valgrind: ./array2d: No such file or directory
could not run test
</code></pre>
</div>
    
    </div>
    <div id="cxxlogarray3d.cpp" class="logdetails">
      <h2>Test array3d.cpp full log</h2>
    
<div class="failure">
<h3> id="cxxlogarray3d.cpp-buildtest">Build Test for test array3d.cpp</h3>
<pre><code>Compiling test array3d.cpp
rm -f array1d array2d array3d audio_clip audio_clip_manipulation avl bintree bst_eq cancer_snippet circ_dllist circ_sllist color_grid display_game dllist elevation_snippet eq_snippet face_shp_coll game_size_test game_snippet graph_alist graph_alist_empty graph_amatrix graph_map_test gutenberg_snippet imdb_snippet input_game kdt linechart minimal_game mixed_assignments mllist osm osm_amenity_snippet osm_snippet shakespeare_snippet shape_collection shape_collection_layer shape_collection_textalign sine_wave sllist song_lyrics_snippet sorting_benchmark tree tut_array1d tut_array1d_p1 tut_array1d_p2 tut_array1d_p3 tut_bst_p1 tut_bst_p2 tut_bst_p3 tut_col_grid_p1 tut_col_grid_p2 tut_col_grid_p3 tut_dllist_p1 tut_dllist_p2 tut_dllist_p3 tut_graph_p1 tut_graph_p2 tut_graph_p3 tut_shapes_p1 tut_shapes_p2 tut_sllist_p1 tut_sllist_p2 tut_sllist_p3 vis_example wikidata_actor_snippet array1d.o array2d.o array3d.o audio_clip.o audio_clip_manipulation.o avl.o bintree.o bst_eq.o cancer_snippet.o circ_dllist.o circ_sllist.o color_grid.o display_game.o dllist.o elevation_snippet.o eq_snippet.o face_shp_coll.o game_size_test.o game_snippet.o graph_alist.o graph_alist_empty.o graph_amatrix.o graph_map_test.o gutenberg_snippet.o imdb_snippet.o input_game.o kdt.o linechart.o minimal_game.o mixed_assignments.o mllist.o osm.o osm_amenity_snippet.o osm_snippet.o shakespeare_snippet.o shape_collection.o shape_collection_layer.o shape_collection_textalign.o sine_wave.o sllist.o song_lyrics_snippet.o sorting_benchmark.o tree.o tut_array1d.o tut_array1d_p1.o tut_array1d_p2.o tut_array1d_p3.o tut_bst_p1.o tut_bst_p2.o tut_bst_p3.o tut_col_grid_p1.o tut_col_grid_p2.o tut_col_grid_p3.o tut_dllist_p1.o tut_dllist_p2.o tut_dllist_p3.o tut_graph_p1.o tut_graph_p2.o tut_graph_p3.o tut_shapes_p1.o tut_shapes_p2.o tut_sllist_p1.o tut_sllist_p2.o tut_sllist_p3.o vis_example.o wikidata_actor_snippet.o
g++ -g -o array3d array3d.cpp -g -I/home/bridges-testing/bridges-cxx-install/include  -I/  -I/ -DTESTING=1 -std=c++14 -L /home/bridges-testing/bridges-cxx-install/lib -L/  -lcurl -l pthread -l bridges -l pthread
/usr/bin/ld: cannot find -lbridges
collect2: error: ld returned 1 exit status
make: *** [Makefile:40: array3d] Error 1
could not compile c++/ for assignment in
</code></pre>
</div>
<div class="failure">
<h3> id="cxxlogarray3d.cpp-runtest">Run Test for test array3d.cpp</h3>
<pre><code>valgrind: ./array3d: No such file or directory
could not run test
</code></pre>
</div>
    
    </div>
    <div id="cxxlogaudio_clip.cpp" class="logdetails">
      <h2>Test audio_clip.cpp full log</h2>
    
<div class="failure">
<h3> id="cxxlogaudio_clip.cpp-buildtest">Build Test for test audio_clip.cpp</h3>
<pre><code>Compiling test audio_clip.cpp
rm -f array1d array2d array3d audio_clip audio_clip_manipulation avl bintree bst_eq cancer_snippet circ_dllist circ_sllist color_grid display_game dllist elevation_snippet eq_snippet face_shp_coll game_size_test game_snippet graph_alist graph_alist_empty graph_amatrix graph_map_test gutenberg_snippet imdb_snippet input_game kdt linechart minimal_game mixed_assignments mllist osm osm_amenity_snippet osm_snippet shakespeare_snippet shape_collection shape_collection_layer shape_collection_textalign sine_wave sllist song_lyrics_snippet sorting_benchmark tree tut_array1d tut_array1d_p1 tut_array1d_p2 tut_array1d_p3 tut_bst_p1 tut_bst_p2 tut_bst_p3 tut_col_grid_p1 tut_col_grid_p2 tut_col_grid_p3 tut_dllist_p1 tut_dllist_p2 tut_dllist_p3 tut_graph_p1 tut_graph_p2 tut_graph_p3 tut_shapes_p1 tut_shapes_p2 tut_sllist_p1 tut_sllist_p2 tut_sllist_p3 vis_example wikidata_actor_snippet array1d.o array2d.o array3d.o audio_clip.o audio_clip_manipulation.o avl.o bintree.o bst_eq.o cancer_snippet.o circ_dllist.o circ_sllist.o color_grid.o display_game.o dllist.o elevation_snippet.o eq_snippet.o face_shp_coll.o game_size_test.o game_snippet.o graph_alist.o graph_alist_empty.o graph_amatrix.o graph_map_test.o gutenberg_snippet.o imdb_snippet.o input_game.o kdt.o linechart.o minimal_game.o mixed_assignments.o mllist.o osm.o osm_amenity_snippet.o osm_snippet.o shakespeare_snippet.o shape_collection.o shape_collection_layer.o shape_collection_textalign.o sine_wave.o sllist.o song_lyrics_snippet.o sorting_benchmark.o tree.o tut_array1d.o tut_array1d_p1.o tut_array1d_p2.o tut_array1d_p3.o tut_bst_p1.o tut_bst_p2.o tut_bst_p3.o tut_col_grid_p1.o tut_col_grid_p2.o tut_col_grid_p3.o tut_dllist_p1.o tut_dllist_p2.o tut_dllist_p3.o tut_graph_p1.o tut_graph_p2.o tut_graph_p3.o tut_shapes_p1.o tut_shapes_p2.o tut_sllist_p1.o tut_sllist_p2.o tut_sllist_p3.o vis_example.o wikidata_actor_snippet.o
g++ -g -o audio_clip audio_clip.cpp -g -I/home/bridges-testing/bridges-cxx-install/include  -I/  -I/ -DTESTING=1 -std=c++14 -L /home/bridges-testing/bridges-cxx-install/lib -L/  -lcurl -l pthread -l bridges -l pthread
/usr/bin/ld: cannot find -lbridges
collect2: error: ld returned 1 exit status
make: *** [Makefile:40: audio_clip] Error 1
could not compile c++/ for assignment in
</code></pre>
</div>
<div class="failure">
<h3> id="cxxlogaudio_clip.cpp-runtest">Run Test for test audio_clip.cpp</h3>
<pre><code>valgrind: ./audio_clip: No such file or directory
could not run test
</code></pre>
</div>
    
    </div>
    <div id="cxxlogaudio_clip_manipulation.cpp" class="logdetails">
      <h2>Test audio_clip_manipulation.cpp full log</h2>
    
<div class="failure">
<h3> id="cxxlogaudio_clip_manipulation.cpp-buildtest">Build Test for test audio_clip_manipulation.cpp</h3>
<pre><code>Compiling test audio_clip_manipulation.cpp
rm -f array1d array2d array3d audio_clip audio_clip_manipulation avl bintree bst_eq cancer_snippet circ_dllist circ_sllist color_grid display_game dllist elevation_snippet eq_snippet face_shp_coll game_size_test game_snippet graph_alist graph_alist_empty graph_amatrix graph_map_test gutenberg_snippet imdb_snippet input_game kdt linechart minimal_game mixed_assignments mllist osm osm_amenity_snippet osm_snippet shakespeare_snippet shape_collection shape_collection_layer shape_collection_textalign sine_wave sllist song_lyrics_snippet sorting_benchmark tree tut_array1d tut_array1d_p1 tut_array1d_p2 tut_array1d_p3 tut_bst_p1 tut_bst_p2 tut_bst_p3 tut_col_grid_p1 tut_col_grid_p2 tut_col_grid_p3 tut_dllist_p1 tut_dllist_p2 tut_dllist_p3 tut_graph_p1 tut_graph_p2 tut_graph_p3 tut_shapes_p1 tut_shapes_p2 tut_sllist_p1 tut_sllist_p2 tut_sllist_p3 vis_example wikidata_actor_snippet array1d.o array2d.o array3d.o audio_clip.o audio_clip_manipulation.o avl.o bintree.o bst_eq.o cancer_snippet.o circ_dllist.o circ_sllist.o color_grid.o display_game.o dllist.o elevation_snippet.o eq_snippet.o face_shp_coll.o game_size_test.o game_snippet.o graph_alist.o graph_alist_empty.o graph_amatrix.o graph_map_test.o gutenberg_snippet.o imdb_snippet.o input_game.o kdt.o linechart.o minimal_game.o mixed_assignments.o mllist.o osm.o osm_amenity_snippet.o osm_snippet.o shakespeare_snippet.o shape_collection.o shape_collection_layer.o shape_collection_textalign.o sine_wave.o sllist.o song_lyrics_snippet.o sorting_benchmark.o tree.o tut_array1d.o tut_array1d_p1.o tut_array1d_p2.o tut_array1d_p3.o tut_bst_p1.o tut_bst_p2.o tut_bst_p3.o tut_col_grid_p1.o tut_col_grid_p2.o tut_col_grid_p3.o tut_dllist_p1.o tut_dllist_p2.o tut_dllist_p3.o tut_graph_p1.o tut_graph_p2.o tut_graph_p3.o tut_shapes_p1.o tut_shapes_p2.o tut_sllist_p1.o tut_sllist_p2.o tut_sllist_p3.o vis_example.o wikidata_actor_snippet.o
g++ -g -o audio_clip_manipulation audio_clip_manipulation.cpp -g -I/home/bridges-testing/bridges-cxx-install/include  -I/  -I/ -DTESTING=1 -std=c++14 -L /home/bridges-testing/bridges-cxx-install/lib -L/  -lcurl -l pthread -l bridges -l pthread
/usr/bin/ld: cannot find -lbridges
collect2: error: ld returned 1 exit status
make: *** [Makefile:40: audio_clip_manipulation] Error 1
could not compile c++/ for assignment in
</code></pre>
</div>
<div class="failure">
<h3> id="cxxlogaudio_clip_manipulation.cpp-runtest">Run Test for test audio_clip_manipulation.cpp</h3>
<pre><code>valgrind: ./audio_clip_manipulation: No such file or directory
could not run test
</code></pre>
</div>
    
    </div>
    <div id="cxxlogavl.cpp" class="logdetails">
      <h2>Test avl.cpp full log</h2>
    
<div class="failure">
<h3> id="cxxlogavl.cpp-buildtest">Build Test for test avl.cpp</h3>
<pre><code>Compiling test avl.cpp
rm -f array1d array2d array3d audio_clip audio_clip_manipulation avl bintree bst_eq cancer_snippet circ_dllist circ_sllist color_grid display_game dllist elevation_snippet eq_snippet face_shp_coll game_size_test game_snippet graph_alist graph_alist_empty graph_amatrix graph_map_test gutenberg_snippet imdb_snippet input_game kdt linechart minimal_game mixed_assignments mllist osm osm_amenity_snippet osm_snippet shakespeare_snippet shape_collection shape_collection_layer shape_collection_textalign sine_wave sllist song_lyrics_snippet sorting_benchmark tree tut_array1d tut_array1d_p1 tut_array1d_p2 tut_array1d_p3 tut_bst_p1 tut_bst_p2 tut_bst_p3 tut_col_grid_p1 tut_col_grid_p2 tut_col_grid_p3 tut_dllist_p1 tut_dllist_p2 tut_dllist_p3 tut_graph_p1 tut_graph_p2 tut_graph_p3 tut_shapes_p1 tut_shapes_p2 tut_sllist_p1 tut_sllist_p2 tut_sllist_p3 vis_example wikidata_actor_snippet array1d.o array2d.o array3d.o audio_clip.o audio_clip_manipulation.o avl.o bintree.o bst_eq.o cancer_snippet.o circ_dllist.o circ_sllist.o color_grid.o display_game.o dllist.o elevation_snippet.o eq_snippet.o face_shp_coll.o game_size_test.o game_snippet.o graph_alist.o graph_alist_empty.o graph_amatrix.o graph_map_test.o gutenberg_snippet.o imdb_snippet.o input_game.o kdt.o linechart.o minimal_game.o mixed_assignments.o mllist.o osm.o osm_amenity_snippet.o osm_snippet.o shakespeare_snippet.o shape_collection.o shape_collection_layer.o shape_collection_textalign.o sine_wave.o sllist.o song_lyrics_snippet.o sorting_benchmark.o tree.o tut_array1d.o tut_array1d_p1.o tut_array1d_p2.o tut_array1d_p3.o tut_bst_p1.o tut_bst_p2.o tut_bst_p3.o tut_col_grid_p1.o tut_col_grid_p2.o tut_col_grid_p3.o tut_dllist_p1.o tut_dllist_p2.o tut_dllist_p3.o tut_graph_p1.o tut_graph_p2.o tut_graph_p3.o tut_shapes_p1.o tut_shapes_p2.o tut_sllist_p1.o tut_sllist_p2.o tut_sllist_p3.o vis_example.o wikidata_actor_snippet.o
g++ -g -o avl avl.cpp -g -I/home/bridges-testing/bridges-cxx-install/include  -I/  -I/ -DTESTING=1 -std=c++14 -L /home/bridges-testing/bridges-cxx-install/lib -L/  -lcurl -l pthread -l bridges -l pthread
/usr/bin/ld: cannot find -lbridges
collect2: error: ld returned 1 exit status
make: *** [Makefile:40: avl] Error 1
could not compile c++/ for assignment in
</code></pre>
</div>
<div class="failure">
<h3> id="cxxlogavl.cpp-runtest">Run Test for test avl.cpp</h3>
<pre><code>valgrind: ./avl: No such file or directory
could not run test
</code></pre>
</div>
    
    </div>
    <div id="cxxlogbintree.cpp" class="logdetails">
      <h2>Test bintree.cpp full log</h2>
    
<div class="failure">
<h3> id="cxxlogbintree.cpp-buildtest">Build Test for test bintree.cpp</h3>
<pre><code>Compiling test bintree.cpp
rm -f array1d array2d array3d audio_clip audio_clip_manipulation avl bintree bst_eq cancer_snippet circ_dllist circ_sllist color_grid display_game dllist elevation_snippet eq_snippet face_shp_coll game_size_test game_snippet graph_alist graph_alist_empty graph_amatrix graph_map_test gutenberg_snippet imdb_snippet input_game kdt linechart minimal_game mixed_assignments mllist osm osm_amenity_snippet osm_snippet shakespeare_snippet shape_collection shape_collection_layer shape_collection_textalign sine_wave sllist song_lyrics_snippet sorting_benchmark tree tut_array1d tut_array1d_p1 tut_array1d_p2 tut_array1d_p3 tut_bst_p1 tut_bst_p2 tut_bst_p3 tut_col_grid_p1 tut_col_grid_p2 tut_col_grid_p3 tut_dllist_p1 tut_dllist_p2 tut_dllist_p3 tut_graph_p1 tut_graph_p2 tut_graph_p3 tut_shapes_p1 tut_shapes_p2 tut_sllist_p1 tut_sllist_p2 tut_sllist_p3 vis_example wikidata_actor_snippet array1d.o array2d.o array3d.o audio_clip.o audio_clip_manipulation.o avl.o bintree.o bst_eq.o cancer_snippet.o circ_dllist.o circ_sllist.o color_grid.o display_game.o dllist.o elevation_snippet.o eq_snippet.o face_shp_coll.o game_size_test.o game_snippet.o graph_alist.o graph_alist_empty.o graph_amatrix.o graph_map_test.o gutenberg_snippet.o imdb_snippet.o input_game.o kdt.o linechart.o minimal_game.o mixed_assignments.o mllist.o osm.o osm_amenity_snippet.o osm_snippet.o shakespeare_snippet.o shape_collection.o shape_collection_layer.o shape_collection_textalign.o sine_wave.o sllist.o song_lyrics_snippet.o sorting_benchmark.o tree.o tut_array1d.o tut_array1d_p1.o tut_array1d_p2.o tut_array1d_p3.o tut_bst_p1.o tut_bst_p2.o tut_bst_p3.o tut_col_grid_p1.o tut_col_grid_p2.o tut_col_grid_p3.o tut_dllist_p1.o tut_dllist_p2.o tut_dllist_p3.o tut_graph_p1.o tut_graph_p2.o tut_graph_p3.o tut_shapes_p1.o tut_shapes_p2.o tut_sllist_p1.o tut_sllist_p2.o tut_sllist_p3.o vis_example.o wikidata_actor_snippet.o
g++ -g -o bintree bintree.cpp -g -I/home/bridges-testing/bridges-cxx-install/include  -I/  -I/ -DTESTING=1 -std=c++14 -L /home/bridges-testing/bridges-cxx-install/lib -L/  -lcurl -l pthread -l bridges -l pthread
/usr/bin/ld: cannot find -lbridges
collect2: error: ld returned 1 exit status
make: *** [Makefile:40: bintree] Error 1
could not compile c++/ for assignment in
</code></pre>
</div>
<div class="failure">
<h3> id="cxxlogbintree.cpp-runtest">Run Test for test bintree.cpp</h3>
<pre><code>valgrind: ./bintree: No such file or directory
could not run test
</code></pre>
</div>
    
    </div>
    <div id="cxxlogbst_eq.cpp" class="logdetails">
      <h2>Test bst_eq.cpp full log</h2>
    
<div class="failure">
<h3> id="cxxlogbst_eq.cpp-buildtest">Build Test for test bst_eq.cpp</h3>
<pre><code>Compiling test bst_eq.cpp
rm -f array1d array2d array3d audio_clip audio_clip_manipulation avl bintree bst_eq cancer_snippet circ_dllist circ_sllist color_grid display_game dllist elevation_snippet eq_snippet face_shp_coll game_size_test game_snippet graph_alist graph_alist_empty graph_amatrix graph_map_test gutenberg_snippet imdb_snippet input_game kdt linechart minimal_game mixed_assignments mllist osm osm_amenity_snippet osm_snippet shakespeare_snippet shape_collection shape_collection_layer shape_collection_textalign sine_wave sllist song_lyrics_snippet sorting_benchmark tree tut_array1d tut_array1d_p1 tut_array1d_p2 tut_array1d_p3 tut_bst_p1 tut_bst_p2 tut_bst_p3 tut_col_grid_p1 tut_col_grid_p2 tut_col_grid_p3 tut_dllist_p1 tut_dllist_p2 tut_dllist_p3 tut_graph_p1 tut_graph_p2 tut_graph_p3 tut_shapes_p1 tut_shapes_p2 tut_sllist_p1 tut_sllist_p2 tut_sllist_p3 vis_example wikidata_actor_snippet array1d.o array2d.o array3d.o audio_clip.o audio_clip_manipulation.o avl.o bintree.o bst_eq.o cancer_snippet.o circ_dllist.o circ_sllist.o color_grid.o display_game.o dllist.o elevation_snippet.o eq_snippet.o face_shp_coll.o game_size_test.o game_snippet.o graph_alist.o graph_alist_empty.o graph_amatrix.o graph_map_test.o gutenberg_snippet.o imdb_snippet.o input_game.o kdt.o linechart.o minimal_game.o mixed_assignments.o mllist.o osm.o osm_amenity_snippet.o osm_snippet.o shakespeare_snippet.o shape_collection.o shape_collection_layer.o shape_collection_textalign.o sine_wave.o sllist.o song_lyrics_snippet.o sorting_benchmark.o tree.o tut_array1d.o tut_array1d_p1.o tut_array1d_p2.o tut_array1d_p3.o tut_bst_p1.o tut_bst_p2.o tut_bst_p3.o tut_col_grid_p1.o tut_col_grid_p2.o tut_col_grid_p3.o tut_dllist_p1.o tut_dllist_p2.o tut_dllist_p3.o tut_graph_p1.o tut_graph_p2.o tut_graph_p3.o tut_shapes_p1.o tut_shapes_p2.o tut_sllist_p1.o tut_sllist_p2.o tut_sllist_p3.o vis_example.o wikidata_actor_snippet.o
g++ -g -o bst_eq bst_eq.cpp -g -I/home/bridges-testing/bridges-cxx-install/include  -I/  -I/ -DTESTING=1 -std=c++14 -L /home/bridges-testing/bridges-cxx-install/lib -L/  -lcurl -l pthread -l bridges -l pthread
/usr/bin/ld: cannot find -lbridges
collect2: error: ld returned 1 exit status
make: *** [Makefile:40: bst_eq] Error 1
could not compile c++/ for assignment in
</code></pre>
</div>
<div class="failure">
<h3> id="cxxlogbst_eq.cpp-runtest">Run Test for test bst_eq.cpp</h3>
<pre><code>valgrind: ./bst_eq: No such file or directory
could not run test
</code></pre>
</div>
    
    </div>
    <div id="cxxlogcancer_snippet.cpp" class="logdetails">
      <h2>Test cancer_snippet.cpp full log</h2>
    
<div class="failure">
<h3> id="cxxlogcancer_snippet.cpp-buildtest">Build Test for test cancer_snippet.cpp</h3>
<pre><code>Compiling test cancer_snippet.cpp
rm -f array1d array2d array3d audio_clip audio_clip_manipulation avl bintree bst_eq cancer_snippet circ_dllist circ_sllist color_grid display_game dllist elevation_snippet eq_snippet face_shp_coll game_size_test game_snippet graph_alist graph_alist_empty graph_amatrix graph_map_test gutenberg_snippet imdb_snippet input_game kdt linechart minimal_game mixed_assignments mllist osm osm_amenity_snippet osm_snippet shakespeare_snippet shape_collection shape_collection_layer shape_collection_textalign sine_wave sllist song_lyrics_snippet sorting_benchmark tree tut_array1d tut_array1d_p1 tut_array1d_p2 tut_array1d_p3 tut_bst_p1 tut_bst_p2 tut_bst_p3 tut_col_grid_p1 tut_col_grid_p2 tut_col_grid_p3 tut_dllist_p1 tut_dllist_p2 tut_dllist_p3 tut_graph_p1 tut_graph_p2 tut_graph_p3 tut_shapes_p1 tut_shapes_p2 tut_sllist_p1 tut_sllist_p2 tut_sllist_p3 vis_example wikidata_actor_snippet array1d.o array2d.o array3d.o audio_clip.o audio_clip_manipulation.o avl.o bintree.o bst_eq.o cancer_snippet.o circ_dllist.o circ_sllist.o color_grid.o display_game.o dllist.o elevation_snippet.o eq_snippet.o face_shp_coll.o game_size_test.o game_snippet.o graph_alist.o graph_alist_empty.o graph_amatrix.o graph_map_test.o gutenberg_snippet.o imdb_snippet.o input_game.o kdt.o linechart.o minimal_game.o mixed_assignments.o mllist.o osm.o osm_amenity_snippet.o osm_snippet.o shakespeare_snippet.o shape_collection.o shape_collection_layer.o shape_collection_textalign.o sine_wave.o sllist.o song_lyrics_snippet.o sorting_benchmark.o tree.o tut_array1d.o tut_array1d_p1.o tut_array1d_p2.o tut_array1d_p3.o tut_bst_p1.o tut_bst_p2.o tut_bst_p3.o tut_col_grid_p1.o tut_col_grid_p2.o tut_col_grid_p3.o tut_dllist_p1.o tut_dllist_p2.o tut_dllist_p3.o tut_graph_p1.o tut_graph_p2.o tut_graph_p3.o tut_shapes_p1.o tut_shapes_p2.o tut_sllist_p1.o tut_sllist_p2.o tut_sllist_p3.o vis_example.o wikidata_actor_snippet.o
g++ -g -o cancer_snippet cancer_snippet.cpp -g -I/home/bridges-testing/bridges-cxx-install/include  -I/  -I/ -DTESTING=1 -std=c++14 -L /home/bridges-testing/bridges-cxx-install/lib -L/  -lcurl -l pthread -l bridges -l pthread
/usr/bin/ld: cannot find -lbridges
collect2: error: ld returned 1 exit status
make: *** [Makefile:40: cancer_snippet] Error 1
could not compile c++/ for assignment in
</code></pre>
</div>
<div class="failure">
<h3> id="cxxlogcancer_snippet.cpp-runtest">Run Test for test cancer_snippet.cpp</h3>
<pre><code>valgrind: ./cancer_snippet: No such file or directory
could not run test
</code></pre>
</div>
    
    </div>
    <div id="cxxlogcirc_dllist.cpp" class="logdetails">
      <h2>Test circ_dllist.cpp full log</h2>
    
<div class="failure">
<h3> id="cxxlogcirc_dllist.cpp-buildtest">Build Test for test circ_dllist.cpp</h3>
<pre><code>Compiling test circ_dllist.cpp
rm -f array1d array2d array3d audio_clip audio_clip_manipulation avl bintree bst_eq cancer_snippet circ_dllist circ_sllist color_grid display_game dllist elevation_snippet eq_snippet face_shp_coll game_size_test game_snippet graph_alist graph_alist_empty graph_amatrix graph_map_test gutenberg_snippet imdb_snippet input_game kdt linechart minimal_game mixed_assignments mllist osm osm_amenity_snippet osm_snippet shakespeare_snippet shape_collection shape_collection_layer shape_collection_textalign sine_wave sllist song_lyrics_snippet sorting_benchmark tree tut_array1d tut_array1d_p1 tut_array1d_p2 tut_array1d_p3 tut_bst_p1 tut_bst_p2 tut_bst_p3 tut_col_grid_p1 tut_col_grid_p2 tut_col_grid_p3 tut_dllist_p1 tut_dllist_p2 tut_dllist_p3 tut_graph_p1 tut_graph_p2 tut_graph_p3 tut_shapes_p1 tut_shapes_p2 tut_sllist_p1 tut_sllist_p2 tut_sllist_p3 vis_example wikidata_actor_snippet array1d.o array2d.o array3d.o audio_clip.o audio_clip_manipulation.o avl.o bintree.o bst_eq.o cancer_snippet.o circ_dllist.o circ_sllist.o color_grid.o display_game.o dllist.o elevation_snippet.o eq_snippet.o face_shp_coll.o game_size_test.o game_snippet.o graph_alist.o graph_alist_empty.o graph_amatrix.o graph_map_test.o gutenberg_snippet.o imdb_snippet.o input_game.o kdt.o linechart.o minimal_game.o mixed_assignments.o mllist.o osm.o osm_amenity_snippet.o osm_snippet.o shakespeare_snippet.o shape_collection.o shape_collection_layer.o shape_collection_textalign.o sine_wave.o sllist.o song_lyrics_snippet.o sorting_benchmark.o tree.o tut_array1d.o tut_array1d_p1.o tut_array1d_p2.o tut_array1d_p3.o tut_bst_p1.o tut_bst_p2.o tut_bst_p3.o tut_col_grid_p1.o tut_col_grid_p2.o tut_col_grid_p3.o tut_dllist_p1.o tut_dllist_p2.o tut_dllist_p3.o tut_graph_p1.o tut_graph_p2.o tut_graph_p3.o tut_shapes_p1.o tut_shapes_p2.o tut_sllist_p1.o tut_sllist_p2.o tut_sllist_p3.o vis_example.o wikidata_actor_snippet.o
g++ -g -o circ_dllist circ_dllist.cpp -g -I/home/bridges-testing/bridges-cxx-install/include  -I/  -I/ -DTESTING=1 -std=c++14 -L /home/bridges-testing/bridges-cxx-install/lib -L/  -lcurl -l pthread -l bridges -l pthread
/usr/bin/ld: cannot find -lbridges
collect2: error: ld returned 1 exit status
make: *** [Makefile:40: circ_dllist] Error 1
could not compile c++/ for assignment in
</code></pre>
</div>
<div class="failure">
<h3> id="cxxlogcirc_dllist.cpp-runtest">Run Test for test circ_dllist.cpp</h3>
<pre><code>valgrind: ./circ_dllist: No such file or directory
could not run test
</code></pre>
</div>
    
    </div>
    <div id="cxxlogcirc_sllist.cpp" class="logdetails">
      <h2>Test circ_sllist.cpp full log</h2>
    
<div class="failure">
<h3> id="cxxlogcirc_sllist.cpp-buildtest">Build Test for test circ_sllist.cpp</h3>
<pre><code>Compiling test circ_sllist.cpp
rm -f array1d array2d array3d audio_clip audio_clip_manipulation avl bintree bst_eq cancer_snippet circ_dllist circ_sllist color_grid display_game dllist elevation_snippet eq_snippet face_shp_coll game_size_test game_snippet graph_alist graph_alist_empty graph_amatrix graph_map_test gutenberg_snippet imdb_snippet input_game kdt linechart minimal_game mixed_assignments mllist osm osm_amenity_snippet osm_snippet shakespeare_snippet shape_collection shape_collection_layer shape_collection_textalign sine_wave sllist song_lyrics_snippet sorting_benchmark tree tut_array1d tut_array1d_p1 tut_array1d_p2 tut_array1d_p3 tut_bst_p1 tut_bst_p2 tut_bst_p3 tut_col_grid_p1 tut_col_grid_p2 tut_col_grid_p3 tut_dllist_p1 tut_dllist_p2 tut_dllist_p3 tut_graph_p1 tut_graph_p2 tut_graph_p3 tut_shapes_p1 tut_shapes_p2 tut_sllist_p1 tut_sllist_p2 tut_sllist_p3 vis_example wikidata_actor_snippet array1d.o array2d.o array3d.o audio_clip.o audio_clip_manipulation.o avl.o bintree.o bst_eq.o cancer_snippet.o circ_dllist.o circ_sllist.o color_grid.o display_game.o dllist.o elevation_snippet.o eq_snippet.o face_shp_coll.o game_size_test.o game_snippet.o graph_alist.o graph_alist_empty.o graph_amatrix.o graph_map_test.o gutenberg_snippet.o imdb_snippet.o input_game.o kdt.o linechart.o minimal_game.o mixed_assignments.o mllist.o osm.o osm_amenity_snippet.o osm_snippet.o shakespeare_snippet.o shape_collection.o shape_collection_layer.o shape_collection_textalign.o sine_wave.o sllist.o song_lyrics_snippet.o sorting_benchmark.o tree.o tut_array1d.o tut_array1d_p1.o tut_array1d_p2.o tut_array1d_p3.o tut_bst_p1.o tut_bst_p2.o tut_bst_p3.o tut_col_grid_p1.o tut_col_grid_p2.o tut_col_grid_p3.o tut_dllist_p1.o tut_dllist_p2.o tut_dllist_p3.o tut_graph_p1.o tut_graph_p2.o tut_graph_p3.o tut_shapes_p1.o tut_shapes_p2.o tut_sllist_p1.o tut_sllist_p2.o tut_sllist_p3.o vis_example.o wikidata_actor_snippet.o
g++ -g -o circ_sllist circ_sllist.cpp -g -I/home/bridges-testing/bridges-cxx-install/include  -I/  -I/ -DTESTING=1 -std=c++14 -L /home/bridges-testing/bridges-cxx-install/lib -L/  -lcurl -l pthread -l bridges -l pthread
/usr/bin/ld: cannot find -lbridges
collect2: error: ld returned 1 exit status
make: *** [Makefile:40: circ_sllist] Error 1
could not compile c++/ for assignment in
</code></pre>
</div>
<div class="failure">
<h3> id="cxxlogcirc_sllist.cpp-runtest">Run Test for test circ_sllist.cpp</h3>
<pre><code>valgrind: ./circ_sllist: No such file or directory
could not run test
</code></pre>
</div>
    
    </div>
    <div id="cxxlogcolor_grid.cpp" class="logdetails">
      <h2>Test color_grid.cpp full log</h2>
    
<div class="failure">
<h3> id="cxxlogcolor_grid.cpp-buildtest">Build Test for test color_grid.cpp</h3>
<pre><code>Compiling test color_grid.cpp
rm -f array1d array2d array3d audio_clip audio_clip_manipulation avl bintree bst_eq cancer_snippet circ_dllist circ_sllist color_grid display_game dllist elevation_snippet eq_snippet face_shp_coll game_size_test game_snippet graph_alist graph_alist_empty graph_amatrix graph_map_test gutenberg_snippet imdb_snippet input_game kdt linechart minimal_game mixed_assignments mllist osm osm_amenity_snippet osm_snippet shakespeare_snippet shape_collection shape_collection_layer shape_collection_textalign sine_wave sllist song_lyrics_snippet sorting_benchmark tree tut_array1d tut_array1d_p1 tut_array1d_p2 tut_array1d_p3 tut_bst_p1 tut_bst_p2 tut_bst_p3 tut_col_grid_p1 tut_col_grid_p2 tut_col_grid_p3 tut_dllist_p1 tut_dllist_p2 tut_dllist_p3 tut_graph_p1 tut_graph_p2 tut_graph_p3 tut_shapes_p1 tut_shapes_p2 tut_sllist_p1 tut_sllist_p2 tut_sllist_p3 vis_example wikidata_actor_snippet array1d.o array2d.o array3d.o audio_clip.o audio_clip_manipulation.o avl.o bintree.o bst_eq.o cancer_snippet.o circ_dllist.o circ_sllist.o color_grid.o display_game.o dllist.o elevation_snippet.o eq_snippet.o face_shp_coll.o game_size_test.o game_snippet.o graph_alist.o graph_alist_empty.o graph_amatrix.o graph_map_test.o gutenberg_snippet.o imdb_snippet.o input_game.o kdt.o linechart.o minimal_game.o mixed_assignments.o mllist.o osm.o osm_amenity_snippet.o osm_snippet.o shakespeare_snippet.o shape_collection.o shape_collection_layer.o shape_collection_textalign.o sine_wave.o sllist.o song_lyrics_snippet.o sorting_benchmark.o tree.o tut_array1d.o tut_array1d_p1.o tut_array1d_p2.o tut_array1d_p3.o tut_bst_p1.o tut_bst_p2.o tut_bst_p3.o tut_col_grid_p1.o tut_col_grid_p2.o tut_col_grid_p3.o tut_dllist_p1.o tut_dllist_p2.o tut_dllist_p3.o tut_graph_p1.o tut_graph_p2.o tut_graph_p3.o tut_shapes_p1.o tut_shapes_p2.o tut_sllist_p1.o tut_sllist_p2.o tut_sllist_p3.o vis_example.o wikidata_actor_snippet.o
g++ -g -o color_grid color_grid.cpp -g -I/home/bridges-testing/bridges-cxx-install/include  -I/  -I/ -DTESTING=1 -std=c++14 -L /home/bridges-testing/bridges-cxx-install/lib -L/  -lcurl -l pthread -l bridges -l pthread
/usr/bin/ld: cannot find -lbridges
collect2: error: ld returned 1 exit status
make: *** [Makefile:40: color_grid] Error 1
could not compile c++/ for assignment in
</code></pre>
</div>
<div class="failure">
<h3> id="cxxlogcolor_grid.cpp-runtest">Run Test for test color_grid.cpp</h3>
<pre><code>valgrind: ./color_grid: No such file or directory
could not run test
</code></pre>
</div>
    
    </div>
    <div id="cxxlogdisplay_game.cpp" class="logdetails">
      <h2>Test display_game.cpp full log</h2>
    
<div class="failure">
<h3> id="cxxlogdisplay_game.cpp-buildtest">Build Test for test display_game.cpp</h3>
<pre><code>Compiling test display_game.cpp
rm -f array1d array2d array3d audio_clip audio_clip_manipulation avl bintree bst_eq cancer_snippet circ_dllist circ_sllist color_grid display_game dllist elevation_snippet eq_snippet face_shp_coll game_size_test game_snippet graph_alist graph_alist_empty graph_amatrix graph_map_test gutenberg_snippet imdb_snippet input_game kdt linechart minimal_game mixed_assignments mllist osm osm_amenity_snippet osm_snippet shakespeare_snippet shape_collection shape_collection_layer shape_collection_textalign sine_wave sllist song_lyrics_snippet sorting_benchmark tree tut_array1d tut_array1d_p1 tut_array1d_p2 tut_array1d_p3 tut_bst_p1 tut_bst_p2 tut_bst_p3 tut_col_grid_p1 tut_col_grid_p2 tut_col_grid_p3 tut_dllist_p1 tut_dllist_p2 tut_dllist_p3 tut_graph_p1 tut_graph_p2 tut_graph_p3 tut_shapes_p1 tut_shapes_p2 tut_sllist_p1 tut_sllist_p2 tut_sllist_p3 vis_example wikidata_actor_snippet array1d.o array2d.o array3d.o audio_clip.o audio_clip_manipulation.o avl.o bintree.o bst_eq.o cancer_snippet.o circ_dllist.o circ_sllist.o color_grid.o display_game.o dllist.o elevation_snippet.o eq_snippet.o face_shp_coll.o game_size_test.o game_snippet.o graph_alist.o graph_alist_empty.o graph_amatrix.o graph_map_test.o gutenberg_snippet.o imdb_snippet.o input_game.o kdt.o linechart.o minimal_game.o mixed_assignments.o mllist.o osm.o osm_amenity_snippet.o osm_snippet.o shakespeare_snippet.o shape_collection.o shape_collection_layer.o shape_collection_textalign.o sine_wave.o sllist.o song_lyrics_snippet.o sorting_benchmark.o tree.o tut_array1d.o tut_array1d_p1.o tut_array1d_p2.o tut_array1d_p3.o tut_bst_p1.o tut_bst_p2.o tut_bst_p3.o tut_col_grid_p1.o tut_col_grid_p2.o tut_col_grid_p3.o tut_dllist_p1.o tut_dllist_p2.o tut_dllist_p3.o tut_graph_p1.o tut_graph_p2.o tut_graph_p3.o tut_shapes_p1.o tut_shapes_p2.o tut_sllist_p1.o tut_sllist_p2.o tut_sllist_p3.o vis_example.o wikidata_actor_snippet.o
g++ -g -o display_game display_game.cpp -g -I/home/bridges-testing/bridges-cxx-install/include  -I/  -I/ -DTESTING=1 -std=c++14 -L /home/bridges-testing/bridges-cxx-install/lib -L/  -lcurl -l pthread -l bridges -l pthread
/usr/bin/ld: cannot find -lbridges
collect2: error: ld returned 1 exit status
make: *** [Makefile:40: display_game] Error 1
could not compile c++/ for assignment in
</code></pre>
</div>
<div class="failure">
<h3> id="cxxlogdisplay_game.cpp-runtest">Run Test for test display_game.cpp</h3>
<pre><code>valgrind: ./display_game: No such file or directory
could not run test
</code></pre>
</div>
    
    </div>
    <div id="cxxlogdllist.cpp" class="logdetails">
      <h2>Test dllist.cpp full log</h2>
    
<div class="failure">
<h3> id="cxxlogdllist.cpp-buildtest">Build Test for test dllist.cpp</h3>
<pre><code>Compiling test dllist.cpp
rm -f array1d array2d array3d audio_clip audio_clip_manipulation avl bintree bst_eq cancer_snippet circ_dllist circ_sllist color_grid display_game dllist elevation_snippet eq_snippet face_shp_coll game_size_test game_snippet graph_alist graph_alist_empty graph_amatrix graph_map_test gutenberg_snippet imdb_snippet input_game kdt linechart minimal_game mixed_assignments mllist osm osm_amenity_snippet osm_snippet shakespeare_snippet shape_collection shape_collection_layer shape_collection_textalign sine_wave sllist song_lyrics_snippet sorting_benchmark tree tut_array1d tut_array1d_p1 tut_array1d_p2 tut_array1d_p3 tut_bst_p1 tut_bst_p2 tut_bst_p3 tut_col_grid_p1 tut_col_grid_p2 tut_col_grid_p3 tut_dllist_p1 tut_dllist_p2 tut_dllist_p3 tut_graph_p1 tut_graph_p2 tut_graph_p3 tut_shapes_p1 tut_shapes_p2 tut_sllist_p1 tut_sllist_p2 tut_sllist_p3 vis_example wikidata_actor_snippet array1d.o array2d.o array3d.o audio_clip.o audio_clip_manipulation.o avl.o bintree.o bst_eq.o cancer_snippet.o circ_dllist.o circ_sllist.o color_grid.o display_game.o dllist.o elevation_snippet.o eq_snippet.o face_shp_coll.o game_size_test.o game_snippet.o graph_alist.o graph_alist_empty.o graph_amatrix.o graph_map_test.o gutenberg_snippet.o imdb_snippet.o input_game.o kdt.o linechart.o minimal_game.o mixed_assignments.o mllist.o osm.o osm_amenity_snippet.o osm_snippet.o shakespeare_snippet.o shape_collection.o shape_collection_layer.o shape_collection_textalign.o sine_wave.o sllist.o song_lyrics_snippet.o sorting_benchmark.o tree.o tut_array1d.o tut_array1d_p1.o tut_array1d_p2.o tut_array1d_p3.o tut_bst_p1.o tut_bst_p2.o tut_bst_p3.o tut_col_grid_p1.o tut_col_grid_p2.o tut_col_grid_p3.o tut_dllist_p1.o tut_dllist_p2.o tut_dllist_p3.o tut_graph_p1.o tut_graph_p2.o tut_graph_p3.o tut_shapes_p1.o tut_shapes_p2.o tut_sllist_p1.o tut_sllist_p2.o tut_sllist_p3.o vis_example.o wikidata_actor_snippet.o
g++ -g -o dllist dllist.cpp -g -I/home/bridges-testing/bridges-cxx-install/include  -I/  -I/ -DTESTING=1 -std=c++14 -L /home/bridges-testing/bridges-cxx-install/lib -L/  -lcurl -l pthread -l bridges -l pthread
/usr/bin/ld: cannot find -lbridges
collect2: error: ld returned 1 exit status
make: *** [Makefile:40: dllist] Error 1
could not compile c++/ for assignment in
</code></pre>
</div>
<div class="failure">
<h3> id="cxxlogdllist.cpp-runtest">Run Test for test dllist.cpp</h3>
<pre><code>valgrind: ./dllist: No such file or directory
could not run test
</code></pre>
</div>
    
    </div>
    <div id="cxxlogelevation_snippet.cpp" class="logdetails">
      <h2>Test elevation_snippet.cpp full log</h2>
    
<div class="failure">
<h3> id="cxxlogelevation_snippet.cpp-buildtest">Build Test for test elevation_snippet.cpp</h3>
<pre><code>Compiling test elevation_snippet.cpp
rm -f array1d array2d array3d audio_clip audio_clip_manipulation avl bintree bst_eq cancer_snippet circ_dllist circ_sllist color_grid display_game dllist elevation_snippet eq_snippet face_shp_coll game_size_test game_snippet graph_alist graph_alist_empty graph_amatrix graph_map_test gutenberg_snippet imdb_snippet input_game kdt linechart minimal_game mixed_assignments mllist osm osm_amenity_snippet osm_snippet shakespeare_snippet shape_collection shape_collection_layer shape_collection_textalign sine_wave sllist song_lyrics_snippet sorting_benchmark tree tut_array1d tut_array1d_p1 tut_array1d_p2 tut_array1d_p3 tut_bst_p1 tut_bst_p2 tut_bst_p3 tut_col_grid_p1 tut_col_grid_p2 tut_col_grid_p3 tut_dllist_p1 tut_dllist_p2 tut_dllist_p3 tut_graph_p1 tut_graph_p2 tut_graph_p3 tut_shapes_p1 tut_shapes_p2 tut_sllist_p1 tut_sllist_p2 tut_sllist_p3 vis_example wikidata_actor_snippet array1d.o array2d.o array3d.o audio_clip.o audio_clip_manipulation.o avl.o bintree.o bst_eq.o cancer_snippet.o circ_dllist.o circ_sllist.o color_grid.o display_game.o dllist.o elevation_snippet.o eq_snippet.o face_shp_coll.o game_size_test.o game_snippet.o graph_alist.o graph_alist_empty.o graph_amatrix.o graph_map_test.o gutenberg_snippet.o imdb_snippet.o input_game.o kdt.o linechart.o minimal_game.o mixed_assignments.o mllist.o osm.o osm_amenity_snippet.o osm_snippet.o shakespeare_snippet.o shape_collection.o shape_collection_layer.o shape_collection_textalign.o sine_wave.o sllist.o song_lyrics_snippet.o sorting_benchmark.o tree.o tut_array1d.o tut_array1d_p1.o tut_array1d_p2.o tut_array1d_p3.o tut_bst_p1.o tut_bst_p2.o tut_bst_p3.o tut_col_grid_p1.o tut_col_grid_p2.o tut_col_grid_p3.o tut_dllist_p1.o tut_dllist_p2.o tut_dllist_p3.o tut_graph_p1.o tut_graph_p2.o tut_graph_p3.o tut_shapes_p1.o tut_shapes_p2.o tut_sllist_p1.o tut_sllist_p2.o tut_sllist_p3.o vis_example.o wikidata_actor_snippet.o
g++ -g -o elevation_snippet elevation_snippet.cpp -g -I/home/bridges-testing/bridges-cxx-install/include  -I/  -I/ -DTESTING=1 -std=c++14 -L /home/bridges-testing/bridges-cxx-install/lib -L/  -lcurl -l pthread -l bridges -l pthread
/usr/bin/ld: cannot find -lbridges
collect2: error: ld returned 1 exit status
make: *** [Makefile:40: elevation_snippet] Error 1
could not compile c++/ for assignment in
</code></pre>
</div>
<div class="failure">
<h3> id="cxxlogelevation_snippet.cpp-runtest">Run Test for test elevation_snippet.cpp</h3>
<pre><code>valgrind: ./elevation_snippet: No such file or directory
could not run test
</code></pre>
</div>
    
    </div>
    <div id="cxxlogeq_snippet.cpp" class="logdetails">
      <h2>Test eq_snippet.cpp full log</h2>
    
<div class="failure">
<h3> id="cxxlogeq_snippet.cpp-buildtest">Build Test for test eq_snippet.cpp</h3>
<pre><code>Compiling test eq_snippet.cpp
rm -f array1d array2d array3d audio_clip audio_clip_manipulation avl bintree bst_eq cancer_snippet circ_dllist circ_sllist color_grid display_game dllist elevation_snippet eq_snippet face_shp_coll game_size_test game_snippet graph_alist graph_alist_empty graph_amatrix graph_map_test gutenberg_snippet imdb_snippet input_game kdt linechart minimal_game mixed_assignments mllist osm osm_amenity_snippet osm_snippet shakespeare_snippet shape_collection shape_collection_layer shape_collection_textalign sine_wave sllist song_lyrics_snippet sorting_benchmark tree tut_array1d tut_array1d_p1 tut_array1d_p2 tut_array1d_p3 tut_bst_p1 tut_bst_p2 tut_bst_p3 tut_col_grid_p1 tut_col_grid_p2 tut_col_grid_p3 tut_dllist_p1 tut_dllist_p2 tut_dllist_p3 tut_graph_p1 tut_graph_p2 tut_graph_p3 tut_shapes_p1 tut_shapes_p2 tut_sllist_p1 tut_sllist_p2 tut_sllist_p3 vis_example wikidata_actor_snippet array1d.o array2d.o array3d.o audio_clip.o audio_clip_manipulation.o avl.o bintree.o bst_eq.o cancer_snippet.o circ_dllist.o circ_sllist.o color_grid.o display_game.o dllist.o elevation_snippet.o eq_snippet.o face_shp_coll.o game_size_test.o game_snippet.o graph_alist.o graph_alist_empty.o graph_amatrix.o graph_map_test.o gutenberg_snippet.o imdb_snippet.o input_game.o kdt.o linechart.o minimal_game.o mixed_assignments.o mllist.o osm.o osm_amenity_snippet.o osm_snippet.o shakespeare_snippet.o shape_collection.o shape_collection_layer.o shape_collection_textalign.o sine_wave.o sllist.o song_lyrics_snippet.o sorting_benchmark.o tree.o tut_array1d.o tut_array1d_p1.o tut_array1d_p2.o tut_array1d_p3.o tut_bst_p1.o tut_bst_p2.o tut_bst_p3.o tut_col_grid_p1.o tut_col_grid_p2.o tut_col_grid_p3.o tut_dllist_p1.o tut_dllist_p2.o tut_dllist_p3.o tut_graph_p1.o tut_graph_p2.o tut_graph_p3.o tut_shapes_p1.o tut_shapes_p2.o tut_sllist_p1.o tut_sllist_p2.o tut_sllist_p3.o vis_example.o wikidata_actor_snippet.o
g++ -g -o eq_snippet eq_snippet.cpp -g -I/home/bridges-testing/bridges-cxx-install/include  -I/  -I/ -DTESTING=1 -std=c++14 -L /home/bridges-testing/bridges-cxx-install/lib -L/  -lcurl -l pthread -l bridges -l pthread
/usr/bin/ld: cannot find -lbridges
collect2: error: ld returned 1 exit status
make: *** [Makefile:40: eq_snippet] Error 1
could not compile c++/ for assignment in
</code></pre>
</div>
<div class="failure">
<h3> id="cxxlogeq_snippet.cpp-runtest">Run Test for test eq_snippet.cpp</h3>
<pre><code>valgrind: ./eq_snippet: No such file or directory
could not run test
</code></pre>
</div>
    
    </div>
    <div id="cxxlogface_shp_coll.cpp" class="logdetails">
      <h2>Test face_shp_coll.cpp full log</h2>
    
<div class="failure">
<h3> id="cxxlogface_shp_coll.cpp-buildtest">Build Test for test face_shp_coll.cpp</h3>
<pre><code>Compiling test face_shp_coll.cpp
rm -f array1d array2d array3d audio_clip audio_clip_manipulation avl bintree bst_eq cancer_snippet circ_dllist circ_sllist color_grid display_game dllist elevation_snippet eq_snippet face_shp_coll game_size_test game_snippet graph_alist graph_alist_empty graph_amatrix graph_map_test gutenberg_snippet imdb_snippet input_game kdt linechart minimal_game mixed_assignments mllist osm osm_amenity_snippet osm_snippet shakespeare_snippet shape_collection shape_collection_layer shape_collection_textalign sine_wave sllist song_lyrics_snippet sorting_benchmark tree tut_array1d tut_array1d_p1 tut_array1d_p2 tut_array1d_p3 tut_bst_p1 tut_bst_p2 tut_bst_p3 tut_col_grid_p1 tut_col_grid_p2 tut_col_grid_p3 tut_dllist_p1 tut_dllist_p2 tut_dllist_p3 tut_graph_p1 tut_graph_p2 tut_graph_p3 tut_shapes_p1 tut_shapes_p2 tut_sllist_p1 tut_sllist_p2 tut_sllist_p3 vis_example wikidata_actor_snippet array1d.o array2d.o array3d.o audio_clip.o audio_clip_manipulation.o avl.o bintree.o bst_eq.o cancer_snippet.o circ_dllist.o circ_sllist.o color_grid.o display_game.o dllist.o elevation_snippet.o eq_snippet.o face_shp_coll.o game_size_test.o game_snippet.o graph_alist.o graph_alist_empty.o graph_amatrix.o graph_map_test.o gutenberg_snippet.o imdb_snippet.o input_game.o kdt.o linechart.o minimal_game.o mixed_assignments.o mllist.o osm.o osm_amenity_snippet.o osm_snippet.o shakespeare_snippet.o shape_collection.o shape_collection_layer.o shape_collection_textalign.o sine_wave.o sllist.o song_lyrics_snippet.o sorting_benchmark.o tree.o tut_array1d.o tut_array1d_p1.o tut_array1d_p2.o tut_array1d_p3.o tut_bst_p1.o tut_bst_p2.o tut_bst_p3.o tut_col_grid_p1.o tut_col_grid_p2.o tut_col_grid_p3.o tut_dllist_p1.o tut_dllist_p2.o tut_dllist_p3.o tut_graph_p1.o tut_graph_p2.o tut_graph_p3.o tut_shapes_p1.o tut_shapes_p2.o tut_sllist_p1.o tut_sllist_p2.o tut_sllist_p3.o vis_example.o wikidata_actor_snippet.o
g++ -g -o face_shp_coll face_shp_coll.cpp -g -I/home/bridges-testing/bridges-cxx-install/include  -I/  -I/ -DTESTING=1 -std=c++14 -L /home/bridges-testing/bridges-cxx-install/lib -L/  -lcurl -l pthread -l bridges -l pthread
/usr/bin/ld: cannot find -lbridges
collect2: error: ld returned 1 exit status
make: *** [Makefile:40: face_shp_coll] Error 1
could not compile c++/ for assignment in
</code></pre>
</div>
<div class="failure">
<h3> id="cxxlogface_shp_coll.cpp-runtest">Run Test for test face_shp_coll.cpp</h3>
<pre><code>valgrind: ./face_shp_coll: No such file or directory
could not run test
</code></pre>
</div>
    
    </div>
    <div id="cxxloggame_size_test.cpp" class="logdetails">
      <h2>Test game_size_test.cpp full log</h2>
    
<div class="failure">
<h3> id="cxxloggame_size_test.cpp-buildtest">Build Test for test game_size_test.cpp</h3>
<pre><code>Compiling test game_size_test.cpp
rm -f array1d array2d array3d audio_clip audio_clip_manipulation avl bintree bst_eq cancer_snippet circ_dllist circ_sllist color_grid display_game dllist elevation_snippet eq_snippet face_shp_coll game_size_test game_snippet graph_alist graph_alist_empty graph_amatrix graph_map_test gutenberg_snippet imdb_snippet input_game kdt linechart minimal_game mixed_assignments mllist osm osm_amenity_snippet osm_snippet shakespeare_snippet shape_collection shape_collection_layer shape_collection_textalign sine_wave sllist song_lyrics_snippet sorting_benchmark tree tut_array1d tut_array1d_p1 tut_array1d_p2 tut_array1d_p3 tut_bst_p1 tut_bst_p2 tut_bst_p3 tut_col_grid_p1 tut_col_grid_p2 tut_col_grid_p3 tut_dllist_p1 tut_dllist_p2 tut_dllist_p3 tut_graph_p1 tut_graph_p2 tut_graph_p3 tut_shapes_p1 tut_shapes_p2 tut_sllist_p1 tut_sllist_p2 tut_sllist_p3 vis_example wikidata_actor_snippet array1d.o array2d.o array3d.o audio_clip.o audio_clip_manipulation.o avl.o bintree.o bst_eq.o cancer_snippet.o circ_dllist.o circ_sllist.o color_grid.o display_game.o dllist.o elevation_snippet.o eq_snippet.o face_shp_coll.o game_size_test.o game_snippet.o graph_alist.o graph_alist_empty.o graph_amatrix.o graph_map_test.o gutenberg_snippet.o imdb_snippet.o input_game.o kdt.o linechart.o minimal_game.o mixed_assignments.o mllist.o osm.o osm_amenity_snippet.o osm_snippet.o shakespeare_snippet.o shape_collection.o shape_collection_layer.o shape_collection_textalign.o sine_wave.o sllist.o song_lyrics_snippet.o sorting_benchmark.o tree.o tut_array1d.o tut_array1d_p1.o tut_array1d_p2.o tut_array1d_p3.o tut_bst_p1.o tut_bst_p2.o tut_bst_p3.o tut_col_grid_p1.o tut_col_grid_p2.o tut_col_grid_p3.o tut_dllist_p1.o tut_dllist_p2.o tut_dllist_p3.o tut_graph_p1.o tut_graph_p2.o tut_graph_p3.o tut_shapes_p1.o tut_shapes_p2.o tut_sllist_p1.o tut_sllist_p2.o tut_sllist_p3.o vis_example.o wikidata_actor_snippet.o
g++ -g -o game_size_test game_size_test.cpp -g -I/home/bridges-testing/bridges-cxx-install/include  -I/  -I/ -DTESTING=1 -std=c++14 -L /home/bridges-testing/bridges-cxx-install/lib -L/  -lcurl -l pthread -l bridges -l pthread
/usr/bin/ld: cannot find -lbridges
collect2: error: ld returned 1 exit status
make: *** [Makefile:40: game_size_test] Error 1
could not compile c++/ for assignment in
</code></pre>
</div>
<div class="failure">
<h3> id="cxxloggame_size_test.cpp-runtest">Run Test for test game_size_test.cpp</h3>
<pre><code>valgrind: ./game_size_test: No such file or directory
could not run test
</code></pre>
</div>
    
    </div>
    <div id="cxxloggame_snippet.cpp" class="logdetails">
      <h2>Test game_snippet.cpp full log</h2>
    
<div class="failure">
<h3> id="cxxloggame_snippet.cpp-buildtest">Build Test for test game_snippet.cpp</h3>
<pre><code>Compiling test game_snippet.cpp
rm -f array1d array2d array3d audio_clip audio_clip_manipulation avl bintree bst_eq cancer_snippet circ_dllist circ_sllist color_grid display_game dllist elevation_snippet eq_snippet face_shp_coll game_size_test game_snippet graph_alist graph_alist_empty graph_amatrix graph_map_test gutenberg_snippet imdb_snippet input_game kdt linechart minimal_game mixed_assignments mllist osm osm_amenity_snippet osm_snippet shakespeare_snippet shape_collection shape_collection_layer shape_collection_textalign sine_wave sllist song_lyrics_snippet sorting_benchmark tree tut_array1d tut_array1d_p1 tut_array1d_p2 tut_array1d_p3 tut_bst_p1 tut_bst_p2 tut_bst_p3 tut_col_grid_p1 tut_col_grid_p2 tut_col_grid_p3 tut_dllist_p1 tut_dllist_p2 tut_dllist_p3 tut_graph_p1 tut_graph_p2 tut_graph_p3 tut_shapes_p1 tut_shapes_p2 tut_sllist_p1 tut_sllist_p2 tut_sllist_p3 vis_example wikidata_actor_snippet array1d.o array2d.o array3d.o audio_clip.o audio_clip_manipulation.o avl.o bintree.o bst_eq.o cancer_snippet.o circ_dllist.o circ_sllist.o color_grid.o display_game.o dllist.o elevation_snippet.o eq_snippet.o face_shp_coll.o game_size_test.o game_snippet.o graph_alist.o graph_alist_empty.o graph_amatrix.o graph_map_test.o gutenberg_snippet.o imdb_snippet.o input_game.o kdt.o linechart.o minimal_game.o mixed_assignments.o mllist.o osm.o osm_amenity_snippet.o osm_snippet.o shakespeare_snippet.o shape_collection.o shape_collection_layer.o shape_collection_textalign.o sine_wave.o sllist.o song_lyrics_snippet.o sorting_benchmark.o tree.o tut_array1d.o tut_array1d_p1.o tut_array1d_p2.o tut_array1d_p3.o tut_bst_p1.o tut_bst_p2.o tut_bst_p3.o tut_col_grid_p1.o tut_col_grid_p2.o tut_col_grid_p3.o tut_dllist_p1.o tut_dllist_p2.o tut_dllist_p3.o tut_graph_p1.o tut_graph_p2.o tut_graph_p3.o tut_shapes_p1.o tut_shapes_p2.o tut_sllist_p1.o tut_sllist_p2.o tut_sllist_p3.o vis_example.o wikidata_actor_snippet.o
g++ -g -o game_snippet game_snippet.cpp -g -I/home/bridges-testing/bridges-cxx-install/include  -I/  -I/ -DTESTING=1 -std=c++14 -L /home/bridges-testing/bridges-cxx-install/lib -L/  -lcurl -l pthread -l bridges -l pthread
/usr/bin/ld: cannot find -lbridges
collect2: error: ld returned 1 exit status
make: *** [Makefile:40: game_snippet] Error 1
could not compile c++/ for assignment in
</code></pre>
</div>
<div class="failure">
<h3> id="cxxloggame_snippet.cpp-runtest">Run Test for test game_snippet.cpp</h3>
<pre><code>valgrind: ./game_snippet: No such file or directory
could not run test
</code></pre>
</div>
    
    </div>
    <div id="cxxloggraph_alist.cpp" class="logdetails">
      <h2>Test graph_alist.cpp full log</h2>
    
<div class="failure">
<h3> id="cxxloggraph_alist.cpp-buildtest">Build Test for test graph_alist.cpp</h3>
<pre><code>Compiling test graph_alist.cpp
rm -f array1d array2d array3d audio_clip audio_clip_manipulation avl bintree bst_eq cancer_snippet circ_dllist circ_sllist color_grid display_game dllist elevation_snippet eq_snippet face_shp_coll game_size_test game_snippet graph_alist graph_alist_empty graph_amatrix graph_map_test gutenberg_snippet imdb_snippet input_game kdt linechart minimal_game mixed_assignments mllist osm osm_amenity_snippet osm_snippet shakespeare_snippet shape_collection shape_collection_layer shape_collection_textalign sine_wave sllist song_lyrics_snippet sorting_benchmark tree tut_array1d tut_array1d_p1 tut_array1d_p2 tut_array1d_p3 tut_bst_p1 tut_bst_p2 tut_bst_p3 tut_col_grid_p1 tut_col_grid_p2 tut_col_grid_p3 tut_dllist_p1 tut_dllist_p2 tut_dllist_p3 tut_graph_p1 tut_graph_p2 tut_graph_p3 tut_shapes_p1 tut_shapes_p2 tut_sllist_p1 tut_sllist_p2 tut_sllist_p3 vis_example wikidata_actor_snippet array1d.o array2d.o array3d.o audio_clip.o audio_clip_manipulation.o avl.o bintree.o bst_eq.o cancer_snippet.o circ_dllist.o circ_sllist.o color_grid.o display_game.o dllist.o elevation_snippet.o eq_snippet.o face_shp_coll.o game_size_test.o game_snippet.o graph_alist.o graph_alist_empty.o graph_amatrix.o graph_map_test.o gutenberg_snippet.o imdb_snippet.o input_game.o kdt.o linechart.o minimal_game.o mixed_assignments.o mllist.o osm.o osm_amenity_snippet.o osm_snippet.o shakespeare_snippet.o shape_collection.o shape_collection_layer.o shape_collection_textalign.o sine_wave.o sllist.o song_lyrics_snippet.o sorting_benchmark.o tree.o tut_array1d.o tut_array1d_p1.o tut_array1d_p2.o tut_array1d_p3.o tut_bst_p1.o tut_bst_p2.o tut_bst_p3.o tut_col_grid_p1.o tut_col_grid_p2.o tut_col_grid_p3.o tut_dllist_p1.o tut_dllist_p2.o tut_dllist_p3.o tut_graph_p1.o tut_graph_p2.o tut_graph_p3.o tut_shapes_p1.o tut_shapes_p2.o tut_sllist_p1.o tut_sllist_p2.o tut_sllist_p3.o vis_example.o wikidata_actor_snippet.o
g++ -g -o graph_alist graph_alist.cpp -g -I/home/bridges-testing/bridges-cxx-install/include  -I/  -I/ -DTESTING=1 -std=c++14 -L /home/bridges-testing/bridges-cxx-install/lib -L/  -lcurl -l pthread -l bridges -l pthread
/usr/bin/ld: cannot find -lbridges
collect2: error: ld returned 1 exit status
make: *** [Makefile:40: graph_alist] Error 1
could not compile c++/ for assignment in
</code></pre>
</div>
<div class="failure">
<h3> id="cxxloggraph_alist.cpp-runtest">Run Test for test graph_alist.cpp</h3>
<pre><code>valgrind: ./graph_alist: No such file or directory
could not run test
</code></pre>
</div>
    
    </div>
    <div id="cxxloggraph_alist_empty.cpp" class="logdetails">
      <h2>Test graph_alist_empty.cpp full log</h2>
    
<div class="failure">
<h3> id="cxxloggraph_alist_empty.cpp-buildtest">Build Test for test graph_alist_empty.cpp</h3>
<pre><code>Compiling test graph_alist_empty.cpp
rm -f array1d array2d array3d audio_clip audio_clip_manipulation avl bintree bst_eq cancer_snippet circ_dllist circ_sllist color_grid display_game dllist elevation_snippet eq_snippet face_shp_coll game_size_test game_snippet graph_alist graph_alist_empty graph_amatrix graph_map_test gutenberg_snippet imdb_snippet input_game kdt linechart minimal_game mixed_assignments mllist osm osm_amenity_snippet osm_snippet shakespeare_snippet shape_collection shape_collection_layer shape_collection_textalign sine_wave sllist song_lyrics_snippet sorting_benchmark tree tut_array1d tut_array1d_p1 tut_array1d_p2 tut_array1d_p3 tut_bst_p1 tut_bst_p2 tut_bst_p3 tut_col_grid_p1 tut_col_grid_p2 tut_col_grid_p3 tut_dllist_p1 tut_dllist_p2 tut_dllist_p3 tut_graph_p1 tut_graph_p2 tut_graph_p3 tut_shapes_p1 tut_shapes_p2 tut_sllist_p1 tut_sllist_p2 tut_sllist_p3 vis_example wikidata_actor_snippet array1d.o array2d.o array3d.o audio_clip.o audio_clip_manipulation.o avl.o bintree.o bst_eq.o cancer_snippet.o circ_dllist.o circ_sllist.o color_grid.o display_game.o dllist.o elevation_snippet.o eq_snippet.o face_shp_coll.o game_size_test.o game_snippet.o graph_alist.o graph_alist_empty.o graph_amatrix.o graph_map_test.o gutenberg_snippet.o imdb_snippet.o input_game.o kdt.o linechart.o minimal_game.o mixed_assignments.o mllist.o osm.o osm_amenity_snippet.o osm_snippet.o shakespeare_snippet.o shape_collection.o shape_collection_layer.o shape_collection_textalign.o sine_wave.o sllist.o song_lyrics_snippet.o sorting_benchmark.o tree.o tut_array1d.o tut_array1d_p1.o tut_array1d_p2.o tut_array1d_p3.o tut_bst_p1.o tut_bst_p2.o tut_bst_p3.o tut_col_grid_p1.o tut_col_grid_p2.o tut_col_grid_p3.o tut_dllist_p1.o tut_dllist_p2.o tut_dllist_p3.o tut_graph_p1.o tut_graph_p2.o tut_graph_p3.o tut_shapes_p1.o tut_shapes_p2.o tut_sllist_p1.o tut_sllist_p2.o tut_sllist_p3.o vis_example.o wikidata_actor_snippet.o
g++ -g -o graph_alist_empty graph_alist_empty.cpp -g -I/home/bridges-testing/bridges-cxx-install/include  -I/  -I/ -DTESTING=1 -std=c++14 -L /home/bridges-testing/bridges-cxx-install/lib -L/  -lcurl -l pthread -l bridges -l pthread
/usr/bin/ld: cannot find -lbridges
collect2: error: ld returned 1 exit status
make: *** [Makefile:40: graph_alist_empty] Error 1
could not compile c++/ for assignment in
</code></pre>
</div>
<div class="failure">
<h3> id="cxxloggraph_alist_empty.cpp-runtest">Run Test for test graph_alist_empty.cpp</h3>
<pre><code>valgrind: ./graph_alist_empty: No such file or directory
could not run test
</code></pre>
</div>
    
    </div>
    <div id="cxxloggraph_amatrix.cpp" class="logdetails">
      <h2>Test graph_amatrix.cpp full log</h2>
    
<div class="failure">
<h3> id="cxxloggraph_amatrix.cpp-buildtest">Build Test for test graph_amatrix.cpp</h3>
<pre><code>Compiling test graph_amatrix.cpp
rm -f array1d array2d array3d audio_clip audio_clip_manipulation avl bintree bst_eq cancer_snippet circ_dllist circ_sllist color_grid display_game dllist elevation_snippet eq_snippet face_shp_coll game_size_test game_snippet graph_alist graph_alist_empty graph_amatrix graph_map_test gutenberg_snippet imdb_snippet input_game kdt linechart minimal_game mixed_assignments mllist osm osm_amenity_snippet osm_snippet shakespeare_snippet shape_collection shape_collection_layer shape_collection_textalign sine_wave sllist song_lyrics_snippet sorting_benchmark tree tut_array1d tut_array1d_p1 tut_array1d_p2 tut_array1d_p3 tut_bst_p1 tut_bst_p2 tut_bst_p3 tut_col_grid_p1 tut_col_grid_p2 tut_col_grid_p3 tut_dllist_p1 tut_dllist_p2 tut_dllist_p3 tut_graph_p1 tut_graph_p2 tut_graph_p3 tut_shapes_p1 tut_shapes_p2 tut_sllist_p1 tut_sllist_p2 tut_sllist_p3 vis_example wikidata_actor_snippet array1d.o array2d.o array3d.o audio_clip.o audio_clip_manipulation.o avl.o bintree.o bst_eq.o cancer_snippet.o circ_dllist.o circ_sllist.o color_grid.o display_game.o dllist.o elevation_snippet.o eq_snippet.o face_shp_coll.o game_size_test.o game_snippet.o graph_alist.o graph_alist_empty.o graph_amatrix.o graph_map_test.o gutenberg_snippet.o imdb_snippet.o input_game.o kdt.o linechart.o minimal_game.o mixed_assignments.o mllist.o osm.o osm_amenity_snippet.o osm_snippet.o shakespeare_snippet.o shape_collection.o shape_collection_layer.o shape_collection_textalign.o sine_wave.o sllist.o song_lyrics_snippet.o sorting_benchmark.o tree.o tut_array1d.o tut_array1d_p1.o tut_array1d_p2.o tut_array1d_p3.o tut_bst_p1.o tut_bst_p2.o tut_bst_p3.o tut_col_grid_p1.o tut_col_grid_p2.o tut_col_grid_p3.o tut_dllist_p1.o tut_dllist_p2.o tut_dllist_p3.o tut_graph_p1.o tut_graph_p2.o tut_graph_p3.o tut_shapes_p1.o tut_shapes_p2.o tut_sllist_p1.o tut_sllist_p2.o tut_sllist_p3.o vis_example.o wikidata_actor_snippet.o
g++ -g -o graph_amatrix graph_amatrix.cpp -g -I/home/bridges-testing/bridges-cxx-install/include  -I/  -I/ -DTESTING=1 -std=c++14 -L /home/bridges-testing/bridges-cxx-install/lib -L/  -lcurl -l pthread -l bridges -l pthread
/usr/bin/ld: cannot find -lbridges
collect2: error: ld returned 1 exit status
make: *** [Makefile:40: graph_amatrix] Error 1
could not compile c++/ for assignment in
</code></pre>
</div>
<div class="failure">
<h3> id="cxxloggraph_amatrix.cpp-runtest">Run Test for test graph_amatrix.cpp</h3>
<pre><code>valgrind: ./graph_amatrix: No such file or directory
could not run test
</code></pre>
</div>
    
    </div>
    <div id="cxxloggraph_map_test.cpp" class="logdetails">
      <h2>Test graph_map_test.cpp full log</h2>
    
<div class="failure">
<h3> id="cxxloggraph_map_test.cpp-buildtest">Build Test for test graph_map_test.cpp</h3>
<pre><code>Compiling test graph_map_test.cpp
rm -f array1d array2d array3d audio_clip audio_clip_manipulation avl bintree bst_eq cancer_snippet circ_dllist circ_sllist color_grid display_game dllist elevation_snippet eq_snippet face_shp_coll game_size_test game_snippet graph_alist graph_alist_empty graph_amatrix graph_map_test gutenberg_snippet imdb_snippet input_game kdt linechart minimal_game mixed_assignments mllist osm osm_amenity_snippet osm_snippet shakespeare_snippet shape_collection shape_collection_layer shape_collection_textalign sine_wave sllist song_lyrics_snippet sorting_benchmark tree tut_array1d tut_array1d_p1 tut_array1d_p2 tut_array1d_p3 tut_bst_p1 tut_bst_p2 tut_bst_p3 tut_col_grid_p1 tut_col_grid_p2 tut_col_grid_p3 tut_dllist_p1 tut_dllist_p2 tut_dllist_p3 tut_graph_p1 tut_graph_p2 tut_graph_p3 tut_shapes_p1 tut_shapes_p2 tut_sllist_p1 tut_sllist_p2 tut_sllist_p3 vis_example wikidata_actor_snippet array1d.o array2d.o array3d.o audio_clip.o audio_clip_manipulation.o avl.o bintree.o bst_eq.o cancer_snippet.o circ_dllist.o circ_sllist.o color_grid.o display_game.o dllist.o elevation_snippet.o eq_snippet.o face_shp_coll.o game_size_test.o game_snippet.o graph_alist.o graph_alist_empty.o graph_amatrix.o graph_map_test.o gutenberg_snippet.o imdb_snippet.o input_game.o kdt.o linechart.o minimal_game.o mixed_assignments.o mllist.o osm.o osm_amenity_snippet.o osm_snippet.o shakespeare_snippet.o shape_collection.o shape_collection_layer.o shape_collection_textalign.o sine_wave.o sllist.o song_lyrics_snippet.o sorting_benchmark.o tree.o tut_array1d.o tut_array1d_p1.o tut_array1d_p2.o tut_array1d_p3.o tut_bst_p1.o tut_bst_p2.o tut_bst_p3.o tut_col_grid_p1.o tut_col_grid_p2.o tut_col_grid_p3.o tut_dllist_p1.o tut_dllist_p2.o tut_dllist_p3.o tut_graph_p1.o tut_graph_p2.o tut_graph_p3.o tut_shapes_p1.o tut_shapes_p2.o tut_sllist_p1.o tut_sllist_p2.o tut_sllist_p3.o vis_example.o wikidata_actor_snippet.o
g++ -g -o graph_map_test graph_map_test.cpp -g -I/home/bridges-testing/bridges-cxx-install/include  -I/  -I/ -DTESTING=1 -std=c++14 -L /home/bridges-testing/bridges-cxx-install/lib -L/  -lcurl -l pthread -l bridges -l pthread
/usr/bin/ld: cannot find -lbridges
collect2: error: ld returned 1 exit status
make: *** [Makefile:40: graph_map_test] Error 1
could not compile c++/ for assignment in
</code></pre>
</div>
<div class="failure">
<h3> id="cxxloggraph_map_test.cpp-runtest">Run Test for test graph_map_test.cpp</h3>
<pre><code>valgrind: ./graph_map_test: No such file or directory
could not run test
</code></pre>
</div>
    
    </div>
    <div id="cxxloggutenberg_snippet.cpp" class="logdetails">
      <h2>Test gutenberg_snippet.cpp full log</h2>
    
<div class="failure">
<h3> id="cxxloggutenberg_snippet.cpp-buildtest">Build Test for test gutenberg_snippet.cpp</h3>
<pre><code>Compiling test gutenberg_snippet.cpp
rm -f array1d array2d array3d audio_clip audio_clip_manipulation avl bintree bst_eq cancer_snippet circ_dllist circ_sllist color_grid display_game dllist elevation_snippet eq_snippet face_shp_coll game_size_test game_snippet graph_alist graph_alist_empty graph_amatrix graph_map_test gutenberg_snippet imdb_snippet input_game kdt linechart minimal_game mixed_assignments mllist osm osm_amenity_snippet osm_snippet shakespeare_snippet shape_collection shape_collection_layer shape_collection_textalign sine_wave sllist song_lyrics_snippet sorting_benchmark tree tut_array1d tut_array1d_p1 tut_array1d_p2 tut_array1d_p3 tut_bst_p1 tut_bst_p2 tut_bst_p3 tut_col_grid_p1 tut_col_grid_p2 tut_col_grid_p3 tut_dllist_p1 tut_dllist_p2 tut_dllist_p3 tut_graph_p1 tut_graph_p2 tut_graph_p3 tut_shapes_p1 tut_shapes_p2 tut_sllist_p1 tut_sllist_p2 tut_sllist_p3 vis_example wikidata_actor_snippet array1d.o array2d.o array3d.o audio_clip.o audio_clip_manipulation.o avl.o bintree.o bst_eq.o cancer_snippet.o circ_dllist.o circ_sllist.o color_grid.o display_game.o dllist.o elevation_snippet.o eq_snippet.o face_shp_coll.o game_size_test.o game_snippet.o graph_alist.o graph_alist_empty.o graph_amatrix.o graph_map_test.o gutenberg_snippet.o imdb_snippet.o input_game.o kdt.o linechart.o minimal_game.o mixed_assignments.o mllist.o osm.o osm_amenity_snippet.o osm_snippet.o shakespeare_snippet.o shape_collection.o shape_collection_layer.o shape_collection_textalign.o sine_wave.o sllist.o song_lyrics_snippet.o sorting_benchmark.o tree.o tut_array1d.o tut_array1d_p1.o tut_array1d_p2.o tut_array1d_p3.o tut_bst_p1.o tut_bst_p2.o tut_bst_p3.o tut_col_grid_p1.o tut_col_grid_p2.o tut_col_grid_p3.o tut_dllist_p1.o tut_dllist_p2.o tut_dllist_p3.o tut_graph_p1.o tut_graph_p2.o tut_graph_p3.o tut_shapes_p1.o tut_shapes_p2.o tut_sllist_p1.o tut_sllist_p2.o tut_sllist_p3.o vis_example.o wikidata_actor_snippet.o
g++ -g -o gutenberg_snippet gutenberg_snippet.cpp -g -I/home/bridges-testing/bridges-cxx-install/include  -I/  -I/ -DTESTING=1 -std=c++14 -L /home/bridges-testing/bridges-cxx-install/lib -L/  -lcurl -l pthread -l bridges -l pthread
/usr/bin/ld: cannot find -lbridges
collect2: error: ld returned 1 exit status
make: *** [Makefile:40: gutenberg_snippet] Error 1
could not compile c++/ for assignment in
</code></pre>
</div>
<div class="failure">
<h3> id="cxxloggutenberg_snippet.cpp-runtest">Run Test for test gutenberg_snippet.cpp</h3>
<pre><code>valgrind: ./gutenberg_snippet: No such file or directory
could not run test
</code></pre>
</div>
    
    </div>
    <div id="cxxlogimdb_snippet.cpp" class="logdetails">
      <h2>Test imdb_snippet.cpp full log</h2>
    
<div class="failure">
<h3> id="cxxlogimdb_snippet.cpp-buildtest">Build Test for test imdb_snippet.cpp</h3>
<pre><code>Compiling test imdb_snippet.cpp
rm -f array1d array2d array3d audio_clip audio_clip_manipulation avl bintree bst_eq cancer_snippet circ_dllist circ_sllist color_grid display_game dllist elevation_snippet eq_snippet face_shp_coll game_size_test game_snippet graph_alist graph_alist_empty graph_amatrix graph_map_test gutenberg_snippet imdb_snippet input_game kdt linechart minimal_game mixed_assignments mllist osm osm_amenity_snippet osm_snippet shakespeare_snippet shape_collection shape_collection_layer shape_collection_textalign sine_wave sllist song_lyrics_snippet sorting_benchmark tree tut_array1d tut_array1d_p1 tut_array1d_p2 tut_array1d_p3 tut_bst_p1 tut_bst_p2 tut_bst_p3 tut_col_grid_p1 tut_col_grid_p2 tut_col_grid_p3 tut_dllist_p1 tut_dllist_p2 tut_dllist_p3 tut_graph_p1 tut_graph_p2 tut_graph_p3 tut_shapes_p1 tut_shapes_p2 tut_sllist_p1 tut_sllist_p2 tut_sllist_p3 vis_example wikidata_actor_snippet array1d.o array2d.o array3d.o audio_clip.o audio_clip_manipulation.o avl.o bintree.o bst_eq.o cancer_snippet.o circ_dllist.o circ_sllist.o color_grid.o display_game.o dllist.o elevation_snippet.o eq_snippet.o face_shp_coll.o game_size_test.o game_snippet.o graph_alist.o graph_alist_empty.o graph_amatrix.o graph_map_test.o gutenberg_snippet.o imdb_snippet.o input_game.o kdt.o linechart.o minimal_game.o mixed_assignments.o mllist.o osm.o osm_amenity_snippet.o osm_snippet.o shakespeare_snippet.o shape_collection.o shape_collection_layer.o shape_collection_textalign.o sine_wave.o sllist.o song_lyrics_snippet.o sorting_benchmark.o tree.o tut_array1d.o tut_array1d_p1.o tut_array1d_p2.o tut_array1d_p3.o tut_bst_p1.o tut_bst_p2.o tut_bst_p3.o tut_col_grid_p1.o tut_col_grid_p2.o tut_col_grid_p3.o tut_dllist_p1.o tut_dllist_p2.o tut_dllist_p3.o tut_graph_p1.o tut_graph_p2.o tut_graph_p3.o tut_shapes_p1.o tut_shapes_p2.o tut_sllist_p1.o tut_sllist_p2.o tut_sllist_p3.o vis_example.o wikidata_actor_snippet.o
g++ -g -o imdb_snippet imdb_snippet.cpp -g -I/home/bridges-testing/bridges-cxx-install/include  -I/  -I/ -DTESTING=1 -std=c++14 -L /home/bridges-testing/bridges-cxx-install/lib -L/  -lcurl -l pthread -l bridges -l pthread
/usr/bin/ld: cannot find -lbridges
collect2: error: ld returned 1 exit status
make: *** [Makefile:40: imdb_snippet] Error 1
could not compile c++/ for assignment in
</code></pre>
</div>
<div class="failure">
<h3> id="cxxlogimdb_snippet.cpp-runtest">Run Test for test imdb_snippet.cpp</h3>
<pre><code>valgrind: ./imdb_snippet: No such file or directory
could not run test
</code></pre>
</div>
    
    </div>
    <div id="cxxloginput_game.cpp" class="logdetails">
      <h2>Test input_game.cpp full log</h2>
    
<div class="failure">
<h3> id="cxxloginput_game.cpp-buildtest">Build Test for test input_game.cpp</h3>
<pre><code>Compiling test input_game.cpp
rm -f array1d array2d array3d audio_clip audio_clip_manipulation avl bintree bst_eq cancer_snippet circ_dllist circ_sllist color_grid display_game dllist elevation_snippet eq_snippet face_shp_coll game_size_test game_snippet graph_alist graph_alist_empty graph_amatrix graph_map_test gutenberg_snippet imdb_snippet input_game kdt linechart minimal_game mixed_assignments mllist osm osm_amenity_snippet osm_snippet shakespeare_snippet shape_collection shape_collection_layer shape_collection_textalign sine_wave sllist song_lyrics_snippet sorting_benchmark tree tut_array1d tut_array1d_p1 tut_array1d_p2 tut_array1d_p3 tut_bst_p1 tut_bst_p2 tut_bst_p3 tut_col_grid_p1 tut_col_grid_p2 tut_col_grid_p3 tut_dllist_p1 tut_dllist_p2 tut_dllist_p3 tut_graph_p1 tut_graph_p2 tut_graph_p3 tut_shapes_p1 tut_shapes_p2 tut_sllist_p1 tut_sllist_p2 tut_sllist_p3 vis_example wikidata_actor_snippet array1d.o array2d.o array3d.o audio_clip.o audio_clip_manipulation.o avl.o bintree.o bst_eq.o cancer_snippet.o circ_dllist.o circ_sllist.o color_grid.o display_game.o dllist.o elevation_snippet.o eq_snippet.o face_shp_coll.o game_size_test.o game_snippet.o graph_alist.o graph_alist_empty.o graph_amatrix.o graph_map_test.o gutenberg_snippet.o imdb_snippet.o input_game.o kdt.o linechart.o minimal_game.o mixed_assignments.o mllist.o osm.o osm_amenity_snippet.o osm_snippet.o shakespeare_snippet.o shape_collection.o shape_collection_layer.o shape_collection_textalign.o sine_wave.o sllist.o song_lyrics_snippet.o sorting_benchmark.o tree.o tut_array1d.o tut_array1d_p1.o tut_array1d_p2.o tut_array1d_p3.o tut_bst_p1.o tut_bst_p2.o tut_bst_p3.o tut_col_grid_p1.o tut_col_grid_p2.o tut_col_grid_p3.o tut_dllist_p1.o tut_dllist_p2.o tut_dllist_p3.o tut_graph_p1.o tut_graph_p2.o tut_graph_p3.o tut_shapes_p1.o tut_shapes_p2.o tut_sllist_p1.o tut_sllist_p2.o tut_sllist_p3.o vis_example.o wikidata_actor_snippet.o
g++ -g -o input_game input_game.cpp -g -I/home/bridges-testing/bridges-cxx-install/include  -I/  -I/ -DTESTING=1 -std=c++14 -L /home/bridges-testing/bridges-cxx-install/lib -L/  -lcurl -l pthread -l bridges -l pthread
/usr/bin/ld: cannot find -lbridges
collect2: error: ld returned 1 exit status
make: *** [Makefile:40: input_game] Error 1
could not compile c++/ for assignment in
</code></pre>
</div>
<div class="failure">
<h3> id="cxxloginput_game.cpp-runtest">Run Test for test input_game.cpp</h3>
<pre><code>valgrind: ./input_game: No such file or directory
could not run test
</code></pre>
</div>
    
    </div>
    <div id="cxxlogkdt.cpp" class="logdetails">
      <h2>Test kdt.cpp full log</h2>
    
<div class="failure">
<h3> id="cxxlogkdt.cpp-buildtest">Build Test for test kdt.cpp</h3>
<pre><code>Compiling test kdt.cpp
rm -f array1d array2d array3d audio_clip audio_clip_manipulation avl bintree bst_eq cancer_snippet circ_dllist circ_sllist color_grid display_game dllist elevation_snippet eq_snippet face_shp_coll game_size_test game_snippet graph_alist graph_alist_empty graph_amatrix graph_map_test gutenberg_snippet imdb_snippet input_game kdt linechart minimal_game mixed_assignments mllist osm osm_amenity_snippet osm_snippet shakespeare_snippet shape_collection shape_collection_layer shape_collection_textalign sine_wave sllist song_lyrics_snippet sorting_benchmark tree tut_array1d tut_array1d_p1 tut_array1d_p2 tut_array1d_p3 tut_bst_p1 tut_bst_p2 tut_bst_p3 tut_col_grid_p1 tut_col_grid_p2 tut_col_grid_p3 tut_dllist_p1 tut_dllist_p2 tut_dllist_p3 tut_graph_p1 tut_graph_p2 tut_graph_p3 tut_shapes_p1 tut_shapes_p2 tut_sllist_p1 tut_sllist_p2 tut_sllist_p3 vis_example wikidata_actor_snippet array1d.o array2d.o array3d.o audio_clip.o audio_clip_manipulation.o avl.o bintree.o bst_eq.o cancer_snippet.o circ_dllist.o circ_sllist.o color_grid.o display_game.o dllist.o elevation_snippet.o eq_snippet.o face_shp_coll.o game_size_test.o game_snippet.o graph_alist.o graph_alist_empty.o graph_amatrix.o graph_map_test.o gutenberg_snippet.o imdb_snippet.o input_game.o kdt.o linechart.o minimal_game.o mixed_assignments.o mllist.o osm.o osm_amenity_snippet.o osm_snippet.o shakespeare_snippet.o shape_collection.o shape_collection_layer.o shape_collection_textalign.o sine_wave.o sllist.o song_lyrics_snippet.o sorting_benchmark.o tree.o tut_array1d.o tut_array1d_p1.o tut_array1d_p2.o tut_array1d_p3.o tut_bst_p1.o tut_bst_p2.o tut_bst_p3.o tut_col_grid_p1.o tut_col_grid_p2.o tut_col_grid_p3.o tut_dllist_p1.o tut_dllist_p2.o tut_dllist_p3.o tut_graph_p1.o tut_graph_p2.o tut_graph_p3.o tut_shapes_p1.o tut_shapes_p2.o tut_sllist_p1.o tut_sllist_p2.o tut_sllist_p3.o vis_example.o wikidata_actor_snippet.o
g++ -g -o kdt kdt.cpp -g -I/home/bridges-testing/bridges-cxx-install/include  -I/  -I/ -DTESTING=1 -std=c++14 -L /home/bridges-testing/bridges-cxx-install/lib -L/  -lcurl -l pthread -l bridges -l pthread
/usr/bin/ld: cannot find -lbridges
collect2: error: ld returned 1 exit status
make: *** [Makefile:40: kdt] Error 1
could not compile c++/ for assignment in
</code></pre>
</div>
<div class="failure">
<h3> id="cxxlogkdt.cpp-runtest">Run Test for test kdt.cpp</h3>
<pre><code>valgrind: ./kdt: No such file or directory
could not run test
</code></pre>
</div>
    
    </div>
    <div id="cxxloglinechart.cpp" class="logdetails">
      <h2>Test linechart.cpp full log</h2>
    
<div class="failure">
<h3> id="cxxloglinechart.cpp-buildtest">Build Test for test linechart.cpp</h3>
<pre><code>Compiling test linechart.cpp
rm -f array1d array2d array3d audio_clip audio_clip_manipulation avl bintree bst_eq cancer_snippet circ_dllist circ_sllist color_grid display_game dllist elevation_snippet eq_snippet face_shp_coll game_size_test game_snippet graph_alist graph_alist_empty graph_amatrix graph_map_test gutenberg_snippet imdb_snippet input_game kdt linechart minimal_game mixed_assignments mllist osm osm_amenity_snippet osm_snippet shakespeare_snippet shape_collection shape_collection_layer shape_collection_textalign sine_wave sllist song_lyrics_snippet sorting_benchmark tree tut_array1d tut_array1d_p1 tut_array1d_p2 tut_array1d_p3 tut_bst_p1 tut_bst_p2 tut_bst_p3 tut_col_grid_p1 tut_col_grid_p2 tut_col_grid_p3 tut_dllist_p1 tut_dllist_p2 tut_dllist_p3 tut_graph_p1 tut_graph_p2 tut_graph_p3 tut_shapes_p1 tut_shapes_p2 tut_sllist_p1 tut_sllist_p2 tut_sllist_p3 vis_example wikidata_actor_snippet array1d.o array2d.o array3d.o audio_clip.o audio_clip_manipulation.o avl.o bintree.o bst_eq.o cancer_snippet.o circ_dllist.o circ_sllist.o color_grid.o display_game.o dllist.o elevation_snippet.o eq_snippet.o face_shp_coll.o game_size_test.o game_snippet.o graph_alist.o graph_alist_empty.o graph_amatrix.o graph_map_test.o gutenberg_snippet.o imdb_snippet.o input_game.o kdt.o linechart.o minimal_game.o mixed_assignments.o mllist.o osm.o osm_amenity_snippet.o osm_snippet.o shakespeare_snippet.o shape_collection.o shape_collection_layer.o shape_collection_textalign.o sine_wave.o sllist.o song_lyrics_snippet.o sorting_benchmark.o tree.o tut_array1d.o tut_array1d_p1.o tut_array1d_p2.o tut_array1d_p3.o tut_bst_p1.o tut_bst_p2.o tut_bst_p3.o tut_col_grid_p1.o tut_col_grid_p2.o tut_col_grid_p3.o tut_dllist_p1.o tut_dllist_p2.o tut_dllist_p3.o tut_graph_p1.o tut_graph_p2.o tut_graph_p3.o tut_shapes_p1.o tut_shapes_p2.o tut_sllist_p1.o tut_sllist_p2.o tut_sllist_p3.o vis_example.o wikidata_actor_snippet.o
g++ -g -o linechart linechart.cpp -g -I/home/bridges-testing/bridges-cxx-install/include  -I/  -I/ -DTESTING=1 -std=c++14 -L /home/bridges-testing/bridges-cxx-install/lib -L/  -lcurl -l pthread -l bridges -l pthread
/usr/bin/ld: cannot find -lbridges
collect2: error: ld returned 1 exit status
make: *** [Makefile:40: linechart] Error 1
could not compile c++/ for assignment in
</code></pre>
</div>
<div class="failure">
<h3> id="cxxloglinechart.cpp-runtest">Run Test for test linechart.cpp</h3>
<pre><code>valgrind: ./linechart: No such file or directory
could not run test
</code></pre>
</div>
    
    </div>
    <div id="cxxlogminimal_game.cpp" class="logdetails">
      <h2>Test minimal_game.cpp full log</h2>
    
<div class="failure">
<h3> id="cxxlogminimal_game.cpp-buildtest">Build Test for test minimal_game.cpp</h3>
<pre><code>Compiling test minimal_game.cpp
rm -f array1d array2d array3d audio_clip audio_clip_manipulation avl bintree bst_eq cancer_snippet circ_dllist circ_sllist color_grid display_game dllist elevation_snippet eq_snippet face_shp_coll game_size_test game_snippet graph_alist graph_alist_empty graph_amatrix graph_map_test gutenberg_snippet imdb_snippet input_game kdt linechart minimal_game mixed_assignments mllist osm osm_amenity_snippet osm_snippet shakespeare_snippet shape_collection shape_collection_layer shape_collection_textalign sine_wave sllist song_lyrics_snippet sorting_benchmark tree tut_array1d tut_array1d_p1 tut_array1d_p2 tut_array1d_p3 tut_bst_p1 tut_bst_p2 tut_bst_p3 tut_col_grid_p1 tut_col_grid_p2 tut_col_grid_p3 tut_dllist_p1 tut_dllist_p2 tut_dllist_p3 tut_graph_p1 tut_graph_p2 tut_graph_p3 tut_shapes_p1 tut_shapes_p2 tut_sllist_p1 tut_sllist_p2 tut_sllist_p3 vis_example wikidata_actor_snippet array1d.o array2d.o array3d.o audio_clip.o audio_clip_manipulation.o avl.o bintree.o bst_eq.o cancer_snippet.o circ_dllist.o circ_sllist.o color_grid.o display_game.o dllist.o elevation_snippet.o eq_snippet.o face_shp_coll.o game_size_test.o game_snippet.o graph_alist.o graph_alist_empty.o graph_amatrix.o graph_map_test.o gutenberg_snippet.o imdb_snippet.o input_game.o kdt.o linechart.o minimal_game.o mixed_assignments.o mllist.o osm.o osm_amenity_snippet.o osm_snippet.o shakespeare_snippet.o shape_collection.o shape_collection_layer.o shape_collection_textalign.o sine_wave.o sllist.o song_lyrics_snippet.o sorting_benchmark.o tree.o tut_array1d.o tut_array1d_p1.o tut_array1d_p2.o tut_array1d_p3.o tut_bst_p1.o tut_bst_p2.o tut_bst_p3.o tut_col_grid_p1.o tut_col_grid_p2.o tut_col_grid_p3.o tut_dllist_p1.o tut_dllist_p2.o tut_dllist_p3.o tut_graph_p1.o tut_graph_p2.o tut_graph_p3.o tut_shapes_p1.o tut_shapes_p2.o tut_sllist_p1.o tut_sllist_p2.o tut_sllist_p3.o vis_example.o wikidata_actor_snippet.o
g++ -g -o minimal_game minimal_game.cpp -g -I/home/bridges-testing/bridges-cxx-install/include  -I/  -I/ -DTESTING=1 -std=c++14 -L /home/bridges-testing/bridges-cxx-install/lib -L/  -lcurl -l pthread -l bridges -l pthread
/usr/bin/ld: cannot find -lbridges
collect2: error: ld returned 1 exit status
make: *** [Makefile:40: minimal_game] Error 1
could not compile c++/ for assignment in
</code></pre>
</div>
<div class="failure">
<h3> id="cxxlogminimal_game.cpp-runtest">Run Test for test minimal_game.cpp</h3>
<pre><code>valgrind: ./minimal_game: No such file or directory
could not run test
</code></pre>
</div>
    
    </div>
    <div id="cxxlogmixed_assignments.cpp" class="logdetails">
      <h2>Test mixed_assignments.cpp full log</h2>
    
<div class="failure">
<h3> id="cxxlogmixed_assignments.cpp-buildtest">Build Test for test mixed_assignments.cpp</h3>
<pre><code>Compiling test mixed_assignments.cpp
rm -f array1d array2d array3d audio_clip audio_clip_manipulation avl bintree bst_eq cancer_snippet circ_dllist circ_sllist color_grid display_game dllist elevation_snippet eq_snippet face_shp_coll game_size_test game_snippet graph_alist graph_alist_empty graph_amatrix graph_map_test gutenberg_snippet imdb_snippet input_game kdt linechart minimal_game mixed_assignments mllist osm osm_amenity_snippet osm_snippet shakespeare_snippet shape_collection shape_collection_layer shape_collection_textalign sine_wave sllist song_lyrics_snippet sorting_benchmark tree tut_array1d tut_array1d_p1 tut_array1d_p2 tut_array1d_p3 tut_bst_p1 tut_bst_p2 tut_bst_p3 tut_col_grid_p1 tut_col_grid_p2 tut_col_grid_p3 tut_dllist_p1 tut_dllist_p2 tut_dllist_p3 tut_graph_p1 tut_graph_p2 tut_graph_p3 tut_shapes_p1 tut_shapes_p2 tut_sllist_p1 tut_sllist_p2 tut_sllist_p3 vis_example wikidata_actor_snippet array1d.o array2d.o array3d.o audio_clip.o audio_clip_manipulation.o avl.o bintree.o bst_eq.o cancer_snippet.o circ_dllist.o circ_sllist.o color_grid.o display_game.o dllist.o elevation_snippet.o eq_snippet.o face_shp_coll.o game_size_test.o game_snippet.o graph_alist.o graph_alist_empty.o graph_amatrix.o graph_map_test.o gutenberg_snippet.o imdb_snippet.o input_game.o kdt.o linechart.o minimal_game.o mixed_assignments.o mllist.o osm.o osm_amenity_snippet.o osm_snippet.o shakespeare_snippet.o shape_collection.o shape_collection_layer.o shape_collection_textalign.o sine_wave.o sllist.o song_lyrics_snippet.o sorting_benchmark.o tree.o tut_array1d.o tut_array1d_p1.o tut_array1d_p2.o tut_array1d_p3.o tut_bst_p1.o tut_bst_p2.o tut_bst_p3.o tut_col_grid_p1.o tut_col_grid_p2.o tut_col_grid_p3.o tut_dllist_p1.o tut_dllist_p2.o tut_dllist_p3.o tut_graph_p1.o tut_graph_p2.o tut_graph_p3.o tut_shapes_p1.o tut_shapes_p2.o tut_sllist_p1.o tut_sllist_p2.o tut_sllist_p3.o vis_example.o wikidata_actor_snippet.o
g++ -g -o mixed_assignments mixed_assignments.cpp -g -I/home/bridges-testing/bridges-cxx-install/include  -I/  -I/ -DTESTING=1 -std=c++14 -L /home/bridges-testing/bridges-cxx-install/lib -L/  -lcurl -l pthread -l bridges -l pthread
/usr/bin/ld: cannot find -lbridges
collect2: error: ld returned 1 exit status
make: *** [Makefile:40: mixed_assignments] Error 1
could not compile c++/ for assignment in
</code></pre>
</div>
<div class="failure">
<h3> id="cxxlogmixed_assignments.cpp-runtest">Run Test for test mixed_assignments.cpp</h3>
<pre><code>valgrind: ./mixed_assignments: No such file or directory
could not run test
</code></pre>
</div>
    
    </div>
    <div id="cxxlogmllist.cpp" class="logdetails">
      <h2>Test mllist.cpp full log</h2>
    
<div class="failure">
<h3> id="cxxlogmllist.cpp-buildtest">Build Test for test mllist.cpp</h3>
<pre><code>Compiling test mllist.cpp
rm -f array1d array2d array3d audio_clip audio_clip_manipulation avl bintree bst_eq cancer_snippet circ_dllist circ_sllist color_grid display_game dllist elevation_snippet eq_snippet face_shp_coll game_size_test game_snippet graph_alist graph_alist_empty graph_amatrix graph_map_test gutenberg_snippet imdb_snippet input_game kdt linechart minimal_game mixed_assignments mllist osm osm_amenity_snippet osm_snippet shakespeare_snippet shape_collection shape_collection_layer shape_collection_textalign sine_wave sllist song_lyrics_snippet sorting_benchmark tree tut_array1d tut_array1d_p1 tut_array1d_p2 tut_array1d_p3 tut_bst_p1 tut_bst_p2 tut_bst_p3 tut_col_grid_p1 tut_col_grid_p2 tut_col_grid_p3 tut_dllist_p1 tut_dllist_p2 tut_dllist_p3 tut_graph_p1 tut_graph_p2 tut_graph_p3 tut_shapes_p1 tut_shapes_p2 tut_sllist_p1 tut_sllist_p2 tut_sllist_p3 vis_example wikidata_actor_snippet array1d.o array2d.o array3d.o audio_clip.o audio_clip_manipulation.o avl.o bintree.o bst_eq.o cancer_snippet.o circ_dllist.o circ_sllist.o color_grid.o display_game.o dllist.o elevation_snippet.o eq_snippet.o face_shp_coll.o game_size_test.o game_snippet.o graph_alist.o graph_alist_empty.o graph_amatrix.o graph_map_test.o gutenberg_snippet.o imdb_snippet.o input_game.o kdt.o linechart.o minimal_game.o mixed_assignments.o mllist.o osm.o osm_amenity_snippet.o osm_snippet.o shakespeare_snippet.o shape_collection.o shape_collection_layer.o shape_collection_textalign.o sine_wave.o sllist.o song_lyrics_snippet.o sorting_benchmark.o tree.o tut_array1d.o tut_array1d_p1.o tut_array1d_p2.o tut_array1d_p3.o tut_bst_p1.o tut_bst_p2.o tut_bst_p3.o tut_col_grid_p1.o tut_col_grid_p2.o tut_col_grid_p3.o tut_dllist_p1.o tut_dllist_p2.o tut_dllist_p3.o tut_graph_p1.o tut_graph_p2.o tut_graph_p3.o tut_shapes_p1.o tut_shapes_p2.o tut_sllist_p1.o tut_sllist_p2.o tut_sllist_p3.o vis_example.o wikidata_actor_snippet.o
g++ -g -o mllist mllist.cpp -g -I/home/bridges-testing/bridges-cxx-install/include  -I/  -I/ -DTESTING=1 -std=c++14 -L /home/bridges-testing/bridges-cxx-install/lib -L/  -lcurl -l pthread -l bridges -l pthread
/usr/bin/ld: cannot find -lbridges
collect2: error: ld returned 1 exit status
make: *** [Makefile:40: mllist] Error 1
could not compile c++/ for assignment in
</code></pre>
</div>
<div class="failure">
<h3> id="cxxlogmllist.cpp-runtest">Run Test for test mllist.cpp</h3>
<pre><code>valgrind: ./mllist: No such file or directory
could not run test
</code></pre>
</div>
    
    </div>
    <div id="cxxlogosm.cpp" class="logdetails">
      <h2>Test osm.cpp full log</h2>
    
<div class="failure">
<h3> id="cxxlogosm.cpp-buildtest">Build Test for test osm.cpp</h3>
<pre><code>Compiling test osm.cpp
rm -f array1d array2d array3d audio_clip audio_clip_manipulation avl bintree bst_eq cancer_snippet circ_dllist circ_sllist color_grid display_game dllist elevation_snippet eq_snippet face_shp_coll game_size_test game_snippet graph_alist graph_alist_empty graph_amatrix graph_map_test gutenberg_snippet imdb_snippet input_game kdt linechart minimal_game mixed_assignments mllist osm osm_amenity_snippet osm_snippet shakespeare_snippet shape_collection shape_collection_layer shape_collection_textalign sine_wave sllist song_lyrics_snippet sorting_benchmark tree tut_array1d tut_array1d_p1 tut_array1d_p2 tut_array1d_p3 tut_bst_p1 tut_bst_p2 tut_bst_p3 tut_col_grid_p1 tut_col_grid_p2 tut_col_grid_p3 tut_dllist_p1 tut_dllist_p2 tut_dllist_p3 tut_graph_p1 tut_graph_p2 tut_graph_p3 tut_shapes_p1 tut_shapes_p2 tut_sllist_p1 tut_sllist_p2 tut_sllist_p3 vis_example wikidata_actor_snippet array1d.o array2d.o array3d.o audio_clip.o audio_clip_manipulation.o avl.o bintree.o bst_eq.o cancer_snippet.o circ_dllist.o circ_sllist.o color_grid.o display_game.o dllist.o elevation_snippet.o eq_snippet.o face_shp_coll.o game_size_test.o game_snippet.o graph_alist.o graph_alist_empty.o graph_amatrix.o graph_map_test.o gutenberg_snippet.o imdb_snippet.o input_game.o kdt.o linechart.o minimal_game.o mixed_assignments.o mllist.o osm.o osm_amenity_snippet.o osm_snippet.o shakespeare_snippet.o shape_collection.o shape_collection_layer.o shape_collection_textalign.o sine_wave.o sllist.o song_lyrics_snippet.o sorting_benchmark.o tree.o tut_array1d.o tut_array1d_p1.o tut_array1d_p2.o tut_array1d_p3.o tut_bst_p1.o tut_bst_p2.o tut_bst_p3.o tut_col_grid_p1.o tut_col_grid_p2.o tut_col_grid_p3.o tut_dllist_p1.o tut_dllist_p2.o tut_dllist_p3.o tut_graph_p1.o tut_graph_p2.o tut_graph_p3.o tut_shapes_p1.o tut_shapes_p2.o tut_sllist_p1.o tut_sllist_p2.o tut_sllist_p3.o vis_example.o wikidata_actor_snippet.o
g++ -g -o osm osm.cpp -g -I/home/bridges-testing/bridges-cxx-install/include  -I/  -I/ -DTESTING=1 -std=c++14 -L /home/bridges-testing/bridges-cxx-install/lib -L/  -lcurl -l pthread -l bridges -l pthread
/usr/bin/ld: cannot find -lbridges
collect2: error: ld returned 1 exit status
make: *** [Makefile:40: osm] Error 1
could not compile c++/ for assignment in
</code></pre>
</div>
<div class="failure">
<h3> id="cxxlogosm.cpp-runtest">Run Test for test osm.cpp</h3>
<pre><code>valgrind: ./osm: No such file or directory
could not run test
</code></pre>
</div>
    
    </div>
    <div id="cxxlogosm_amenity_snippet.cpp" class="logdetails">
      <h2>Test osm_amenity_snippet.cpp full log</h2>
    
<div class="failure">
<h3> id="cxxlogosm_amenity_snippet.cpp-buildtest">Build Test for test osm_amenity_snippet.cpp</h3>
<pre><code>Compiling test osm_amenity_snippet.cpp
rm -f array1d array2d array3d audio_clip audio_clip_manipulation avl bintree bst_eq cancer_snippet circ_dllist circ_sllist color_grid display_game dllist elevation_snippet eq_snippet face_shp_coll game_size_test game_snippet graph_alist graph_alist_empty graph_amatrix graph_map_test gutenberg_snippet imdb_snippet input_game kdt linechart minimal_game mixed_assignments mllist osm osm_amenity_snippet osm_snippet shakespeare_snippet shape_collection shape_collection_layer shape_collection_textalign sine_wave sllist song_lyrics_snippet sorting_benchmark tree tut_array1d tut_array1d_p1 tut_array1d_p2 tut_array1d_p3 tut_bst_p1 tut_bst_p2 tut_bst_p3 tut_col_grid_p1 tut_col_grid_p2 tut_col_grid_p3 tut_dllist_p1 tut_dllist_p2 tut_dllist_p3 tut_graph_p1 tut_graph_p2 tut_graph_p3 tut_shapes_p1 tut_shapes_p2 tut_sllist_p1 tut_sllist_p2 tut_sllist_p3 vis_example wikidata_actor_snippet array1d.o array2d.o array3d.o audio_clip.o audio_clip_manipulation.o avl.o bintree.o bst_eq.o cancer_snippet.o circ_dllist.o circ_sllist.o color_grid.o display_game.o dllist.o elevation_snippet.o eq_snippet.o face_shp_coll.o game_size_test.o game_snippet.o graph_alist.o graph_alist_empty.o graph_amatrix.o graph_map_test.o gutenberg_snippet.o imdb_snippet.o input_game.o kdt.o linechart.o minimal_game.o mixed_assignments.o mllist.o osm.o osm_amenity_snippet.o osm_snippet.o shakespeare_snippet.o shape_collection.o shape_collection_layer.o shape_collection_textalign.o sine_wave.o sllist.o song_lyrics_snippet.o sorting_benchmark.o tree.o tut_array1d.o tut_array1d_p1.o tut_array1d_p2.o tut_array1d_p3.o tut_bst_p1.o tut_bst_p2.o tut_bst_p3.o tut_col_grid_p1.o tut_col_grid_p2.o tut_col_grid_p3.o tut_dllist_p1.o tut_dllist_p2.o tut_dllist_p3.o tut_graph_p1.o tut_graph_p2.o tut_graph_p3.o tut_shapes_p1.o tut_shapes_p2.o tut_sllist_p1.o tut_sllist_p2.o tut_sllist_p3.o vis_example.o wikidata_actor_snippet.o
g++ -g -o osm_amenity_snippet osm_amenity_snippet.cpp -g -I/home/bridges-testing/bridges-cxx-install/include  -I/  -I/ -DTESTING=1 -std=c++14 -L /home/bridges-testing/bridges-cxx-install/lib -L/  -lcurl -l pthread -l bridges -l pthread
/usr/bin/ld: cannot find -lbridges
collect2: error: ld returned 1 exit status
make: *** [Makefile:40: osm_amenity_snippet] Error 1
could not compile c++/ for assignment in
</code></pre>
</div>
<div class="failure">
<h3> id="cxxlogosm_amenity_snippet.cpp-runtest">Run Test for test osm_amenity_snippet.cpp</h3>
<pre><code>valgrind: ./osm_amenity_snippet: No such file or directory
could not run test
</code></pre>
</div>
    
    </div>
    <div id="cxxlogosm_snippet.cpp" class="logdetails">
      <h2>Test osm_snippet.cpp full log</h2>
    
<div class="failure">
<h3> id="cxxlogosm_snippet.cpp-buildtest">Build Test for test osm_snippet.cpp</h3>
<pre><code>Compiling test osm_snippet.cpp
rm -f array1d array2d array3d audio_clip audio_clip_manipulation avl bintree bst_eq cancer_snippet circ_dllist circ_sllist color_grid display_game dllist elevation_snippet eq_snippet face_shp_coll game_size_test game_snippet graph_alist graph_alist_empty graph_amatrix graph_map_test gutenberg_snippet imdb_snippet input_game kdt linechart minimal_game mixed_assignments mllist osm osm_amenity_snippet osm_snippet shakespeare_snippet shape_collection shape_collection_layer shape_collection_textalign sine_wave sllist song_lyrics_snippet sorting_benchmark tree tut_array1d tut_array1d_p1 tut_array1d_p2 tut_array1d_p3 tut_bst_p1 tut_bst_p2 tut_bst_p3 tut_col_grid_p1 tut_col_grid_p2 tut_col_grid_p3 tut_dllist_p1 tut_dllist_p2 tut_dllist_p3 tut_graph_p1 tut_graph_p2 tut_graph_p3 tut_shapes_p1 tut_shapes_p2 tut_sllist_p1 tut_sllist_p2 tut_sllist_p3 vis_example wikidata_actor_snippet array1d.o array2d.o array3d.o audio_clip.o audio_clip_manipulation.o avl.o bintree.o bst_eq.o cancer_snippet.o circ_dllist.o circ_sllist.o color_grid.o display_game.o dllist.o elevation_snippet.o eq_snippet.o face_shp_coll.o game_size_test.o game_snippet.o graph_alist.o graph_alist_empty.o graph_amatrix.o graph_map_test.o gutenberg_snippet.o imdb_snippet.o input_game.o kdt.o linechart.o minimal_game.o mixed_assignments.o mllist.o osm.o osm_amenity_snippet.o osm_snippet.o shakespeare_snippet.o shape_collection.o shape_collection_layer.o shape_collection_textalign.o sine_wave.o sllist.o song_lyrics_snippet.o sorting_benchmark.o tree.o tut_array1d.o tut_array1d_p1.o tut_array1d_p2.o tut_array1d_p3.o tut_bst_p1.o tut_bst_p2.o tut_bst_p3.o tut_col_grid_p1.o tut_col_grid_p2.o tut_col_grid_p3.o tut_dllist_p1.o tut_dllist_p2.o tut_dllist_p3.o tut_graph_p1.o tut_graph_p2.o tut_graph_p3.o tut_shapes_p1.o tut_shapes_p2.o tut_sllist_p1.o tut_sllist_p2.o tut_sllist_p3.o vis_example.o wikidata_actor_snippet.o
g++ -g -o osm_snippet osm_snippet.cpp -g -I/home/bridges-testing/bridges-cxx-install/include  -I/  -I/ -DTESTING=1 -std=c++14 -L /home/bridges-testing/bridges-cxx-install/lib -L/  -lcurl -l pthread -l bridges -l pthread
/usr/bin/ld: cannot find -lbridges
collect2: error: ld returned 1 exit status
make: *** [Makefile:40: osm_snippet] Error 1
could not compile c++/ for assignment in
</code></pre>
</div>
<div class="failure">
<h3> id="cxxlogosm_snippet.cpp-runtest">Run Test for test osm_snippet.cpp</h3>
<pre><code>valgrind: ./osm_snippet: No such file or directory
could not run test
</code></pre>
</div>
    
    </div>
    <div id="cxxlogshakespeare_snippet.cpp" class="logdetails">
      <h2>Test shakespeare_snippet.cpp full log</h2>
    
<div class="failure">
<h3> id="cxxlogshakespeare_snippet.cpp-buildtest">Build Test for test shakespeare_snippet.cpp</h3>
<pre><code>Compiling test shakespeare_snippet.cpp
rm -f array1d array2d array3d audio_clip audio_clip_manipulation avl bintree bst_eq cancer_snippet circ_dllist circ_sllist color_grid display_game dllist elevation_snippet eq_snippet face_shp_coll game_size_test game_snippet graph_alist graph_alist_empty graph_amatrix graph_map_test gutenberg_snippet imdb_snippet input_game kdt linechart minimal_game mixed_assignments mllist osm osm_amenity_snippet osm_snippet shakespeare_snippet shape_collection shape_collection_layer shape_collection_textalign sine_wave sllist song_lyrics_snippet sorting_benchmark tree tut_array1d tut_array1d_p1 tut_array1d_p2 tut_array1d_p3 tut_bst_p1 tut_bst_p2 tut_bst_p3 tut_col_grid_p1 tut_col_grid_p2 tut_col_grid_p3 tut_dllist_p1 tut_dllist_p2 tut_dllist_p3 tut_graph_p1 tut_graph_p2 tut_graph_p3 tut_shapes_p1 tut_shapes_p2 tut_sllist_p1 tut_sllist_p2 tut_sllist_p3 vis_example wikidata_actor_snippet array1d.o array2d.o array3d.o audio_clip.o audio_clip_manipulation.o avl.o bintree.o bst_eq.o cancer_snippet.o circ_dllist.o circ_sllist.o color_grid.o display_game.o dllist.o elevation_snippet.o eq_snippet.o face_shp_coll.o game_size_test.o game_snippet.o graph_alist.o graph_alist_empty.o graph_amatrix.o graph_map_test.o gutenberg_snippet.o imdb_snippet.o input_game.o kdt.o linechart.o minimal_game.o mixed_assignments.o mllist.o osm.o osm_amenity_snippet.o osm_snippet.o shakespeare_snippet.o shape_collection.o shape_collection_layer.o shape_collection_textalign.o sine_wave.o sllist.o song_lyrics_snippet.o sorting_benchmark.o tree.o tut_array1d.o tut_array1d_p1.o tut_array1d_p2.o tut_array1d_p3.o tut_bst_p1.o tut_bst_p2.o tut_bst_p3.o tut_col_grid_p1.o tut_col_grid_p2.o tut_col_grid_p3.o tut_dllist_p1.o tut_dllist_p2.o tut_dllist_p3.o tut_graph_p1.o tut_graph_p2.o tut_graph_p3.o tut_shapes_p1.o tut_shapes_p2.o tut_sllist_p1.o tut_sllist_p2.o tut_sllist_p3.o vis_example.o wikidata_actor_snippet.o
g++ -g -o shakespeare_snippet shakespeare_snippet.cpp -g -I/home/bridges-testing/bridges-cxx-install/include  -I/  -I/ -DTESTING=1 -std=c++14 -L /home/bridges-testing/bridges-cxx-install/lib -L/  -lcurl -l pthread -l bridges -l pthread
/usr/bin/ld: cannot find -lbridges
collect2: error: ld returned 1 exit status
make: *** [Makefile:40: shakespeare_snippet] Error 1
could not compile c++/ for assignment in
</code></pre>
</div>
<div class="failure">
<h3> id="cxxlogshakespeare_snippet.cpp-runtest">Run Test for test shakespeare_snippet.cpp</h3>
<pre><code>valgrind: ./shakespeare_snippet: No such file or directory
could not run test
</code></pre>
</div>
    
    </div>
    <div id="cxxlogshape_collection.cpp" class="logdetails">
      <h2>Test shape_collection.cpp full log</h2>
    
<div class="failure">
<h3> id="cxxlogshape_collection.cpp-buildtest">Build Test for test shape_collection.cpp</h3>
<pre><code>Compiling test shape_collection.cpp
rm -f array1d array2d array3d audio_clip audio_clip_manipulation avl bintree bst_eq cancer_snippet circ_dllist circ_sllist color_grid display_game dllist elevation_snippet eq_snippet face_shp_coll game_size_test game_snippet graph_alist graph_alist_empty graph_amatrix graph_map_test gutenberg_snippet imdb_snippet input_game kdt linechart minimal_game mixed_assignments mllist osm osm_amenity_snippet osm_snippet shakespeare_snippet shape_collection shape_collection_layer shape_collection_textalign sine_wave sllist song_lyrics_snippet sorting_benchmark tree tut_array1d tut_array1d_p1 tut_array1d_p2 tut_array1d_p3 tut_bst_p1 tut_bst_p2 tut_bst_p3 tut_col_grid_p1 tut_col_grid_p2 tut_col_grid_p3 tut_dllist_p1 tut_dllist_p2 tut_dllist_p3 tut_graph_p1 tut_graph_p2 tut_graph_p3 tut_shapes_p1 tut_shapes_p2 tut_sllist_p1 tut_sllist_p2 tut_sllist_p3 vis_example wikidata_actor_snippet array1d.o array2d.o array3d.o audio_clip.o audio_clip_manipulation.o avl.o bintree.o bst_eq.o cancer_snippet.o circ_dllist.o circ_sllist.o color_grid.o display_game.o dllist.o elevation_snippet.o eq_snippet.o face_shp_coll.o game_size_test.o game_snippet.o graph_alist.o graph_alist_empty.o graph_amatrix.o graph_map_test.o gutenberg_snippet.o imdb_snippet.o input_game.o kdt.o linechart.o minimal_game.o mixed_assignments.o mllist.o osm.o osm_amenity_snippet.o osm_snippet.o shakespeare_snippet.o shape_collection.o shape_collection_layer.o shape_collection_textalign.o sine_wave.o sllist.o song_lyrics_snippet.o sorting_benchmark.o tree.o tut_array1d.o tut_array1d_p1.o tut_array1d_p2.o tut_array1d_p3.o tut_bst_p1.o tut_bst_p2.o tut_bst_p3.o tut_col_grid_p1.o tut_col_grid_p2.o tut_col_grid_p3.o tut_dllist_p1.o tut_dllist_p2.o tut_dllist_p3.o tut_graph_p1.o tut_graph_p2.o tut_graph_p3.o tut_shapes_p1.o tut_shapes_p2.o tut_sllist_p1.o tut_sllist_p2.o tut_sllist_p3.o vis_example.o wikidata_actor_snippet.o
g++ -g -o shape_collection shape_collection.cpp -g -I/home/bridges-testing/bridges-cxx-install/include  -I/  -I/ -DTESTING=1 -std=c++14 -L /home/bridges-testing/bridges-cxx-install/lib -L/  -lcurl -l pthread -l bridges -l pthread
/usr/bin/ld: cannot find -lbridges
collect2: error: ld returned 1 exit status
make: *** [Makefile:40: shape_collection] Error 1
could not compile c++/ for assignment in
</code></pre>
</div>
<div class="failure">
<h3> id="cxxlogshape_collection.cpp-runtest">Run Test for test shape_collection.cpp</h3>
<pre><code>valgrind: ./shape_collection: No such file or directory
could not run test
</code></pre>
</div>
    
    </div>
    <div id="cxxlogshape_collection_layer.cpp" class="logdetails">
      <h2>Test shape_collection_layer.cpp full log</h2>
    
<div class="failure">
<h3> id="cxxlogshape_collection_layer.cpp-buildtest">Build Test for test shape_collection_layer.cpp</h3>
<pre><code>Compiling test shape_collection_layer.cpp
rm -f array1d array2d array3d audio_clip audio_clip_manipulation avl bintree bst_eq cancer_snippet circ_dllist circ_sllist color_grid display_game dllist elevation_snippet eq_snippet face_shp_coll game_size_test game_snippet graph_alist graph_alist_empty graph_amatrix graph_map_test gutenberg_snippet imdb_snippet input_game kdt linechart minimal_game mixed_assignments mllist osm osm_amenity_snippet osm_snippet shakespeare_snippet shape_collection shape_collection_layer shape_collection_textalign sine_wave sllist song_lyrics_snippet sorting_benchmark tree tut_array1d tut_array1d_p1 tut_array1d_p2 tut_array1d_p3 tut_bst_p1 tut_bst_p2 tut_bst_p3 tut_col_grid_p1 tut_col_grid_p2 tut_col_grid_p3 tut_dllist_p1 tut_dllist_p2 tut_dllist_p3 tut_graph_p1 tut_graph_p2 tut_graph_p3 tut_shapes_p1 tut_shapes_p2 tut_sllist_p1 tut_sllist_p2 tut_sllist_p3 vis_example wikidata_actor_snippet array1d.o array2d.o array3d.o audio_clip.o audio_clip_manipulation.o avl.o bintree.o bst_eq.o cancer_snippet.o circ_dllist.o circ_sllist.o color_grid.o display_game.o dllist.o elevation_snippet.o eq_snippet.o face_shp_coll.o game_size_test.o game_snippet.o graph_alist.o graph_alist_empty.o graph_amatrix.o graph_map_test.o gutenberg_snippet.o imdb_snippet.o input_game.o kdt.o linechart.o minimal_game.o mixed_assignments.o mllist.o osm.o osm_amenity_snippet.o osm_snippet.o shakespeare_snippet.o shape_collection.o shape_collection_layer.o shape_collection_textalign.o sine_wave.o sllist.o song_lyrics_snippet.o sorting_benchmark.o tree.o tut_array1d.o tut_array1d_p1.o tut_array1d_p2.o tut_array1d_p3.o tut_bst_p1.o tut_bst_p2.o tut_bst_p3.o tut_col_grid_p1.o tut_col_grid_p2.o tut_col_grid_p3.o tut_dllist_p1.o tut_dllist_p2.o tut_dllist_p3.o tut_graph_p1.o tut_graph_p2.o tut_graph_p3.o tut_shapes_p1.o tut_shapes_p2.o tut_sllist_p1.o tut_sllist_p2.o tut_sllist_p3.o vis_example.o wikidata_actor_snippet.o
g++ -g -o shape_collection_layer shape_collection_layer.cpp -g -I/home/bridges-testing/bridges-cxx-install/include  -I/  -I/ -DTESTING=1 -std=c++14 -L /home/bridges-testing/bridges-cxx-install/lib -L/  -lcurl -l pthread -l bridges -l pthread
/usr/bin/ld: cannot find -lbridges
collect2: error: ld returned 1 exit status
make: *** [Makefile:40: shape_collection_layer] Error 1
could not compile c++/ for assignment in
</code></pre>
</div>
<div class="failure">
<h3> id="cxxlogshape_collection_layer.cpp-runtest">Run Test for test shape_collection_layer.cpp</h3>
<pre><code>valgrind: ./shape_collection_layer: No such file or directory
could not run test
</code></pre>
</div>
    
    </div>
    <div id="cxxlogshape_collection_textalign.cpp" class="logdetails">
      <h2>Test shape_collection_textalign.cpp full log</h2>
    
<div class="failure">
<h3> id="cxxlogshape_collection_textalign.cpp-buildtest">Build Test for test shape_collection_textalign.cpp</h3>
<pre><code>Compiling test shape_collection_textalign.cpp
rm -f array1d array2d array3d audio_clip audio_clip_manipulation avl bintree bst_eq cancer_snippet circ_dllist circ_sllist color_grid display_game dllist elevation_snippet eq_snippet face_shp_coll game_size_test game_snippet graph_alist graph_alist_empty graph_amatrix graph_map_test gutenberg_snippet imdb_snippet input_game kdt linechart minimal_game mixed_assignments mllist osm osm_amenity_snippet osm_snippet shakespeare_snippet shape_collection shape_collection_layer shape_collection_textalign sine_wave sllist song_lyrics_snippet sorting_benchmark tree tut_array1d tut_array1d_p1 tut_array1d_p2 tut_array1d_p3 tut_bst_p1 tut_bst_p2 tut_bst_p3 tut_col_grid_p1 tut_col_grid_p2 tut_col_grid_p3 tut_dllist_p1 tut_dllist_p2 tut_dllist_p3 tut_graph_p1 tut_graph_p2 tut_graph_p3 tut_shapes_p1 tut_shapes_p2 tut_sllist_p1 tut_sllist_p2 tut_sllist_p3 vis_example wikidata_actor_snippet array1d.o array2d.o array3d.o audio_clip.o audio_clip_manipulation.o avl.o bintree.o bst_eq.o cancer_snippet.o circ_dllist.o circ_sllist.o color_grid.o display_game.o dllist.o elevation_snippet.o eq_snippet.o face_shp_coll.o game_size_test.o game_snippet.o graph_alist.o graph_alist_empty.o graph_amatrix.o graph_map_test.o gutenberg_snippet.o imdb_snippet.o input_game.o kdt.o linechart.o minimal_game.o mixed_assignments.o mllist.o osm.o osm_amenity_snippet.o osm_snippet.o shakespeare_snippet.o shape_collection.o shape_collection_layer.o shape_collection_textalign.o sine_wave.o sllist.o song_lyrics_snippet.o sorting_benchmark.o tree.o tut_array1d.o tut_array1d_p1.o tut_array1d_p2.o tut_array1d_p3.o tut_bst_p1.o tut_bst_p2.o tut_bst_p3.o tut_col_grid_p1.o tut_col_grid_p2.o tut_col_grid_p3.o tut_dllist_p1.o tut_dllist_p2.o tut_dllist_p3.o tut_graph_p1.o tut_graph_p2.o tut_graph_p3.o tut_shapes_p1.o tut_shapes_p2.o tut_sllist_p1.o tut_sllist_p2.o tut_sllist_p3.o vis_example.o wikidata_actor_snippet.o
g++ -g -o shape_collection_textalign shape_collection_textalign.cpp -g -I/home/bridges-testing/bridges-cxx-install/include  -I/  -I/ -DTESTING=1 -std=c++14 -L /home/bridges-testing/bridges-cxx-install/lib -L/  -lcurl -l pthread -l bridges -l pthread
/usr/bin/ld: cannot find -lbridges
collect2: error: ld returned 1 exit status
make: *** [Makefile:40: shape_collection_textalign] Error 1
could not compile c++/ for assignment in
</code></pre>
</div>
<div class="failure">
<h3> id="cxxlogshape_collection_textalign.cpp-runtest">Run Test for test shape_collection_textalign.cpp</h3>
<pre><code>valgrind: ./shape_collection_textalign: No such file or directory
could not run test
</code></pre>
</div>
    
    </div>
    <div id="cxxlogsine_wave.cpp" class="logdetails">
      <h2>Test sine_wave.cpp full log</h2>
    
<div class="failure">
<h3> id="cxxlogsine_wave.cpp-buildtest">Build Test for test sine_wave.cpp</h3>
<pre><code>Compiling test sine_wave.cpp
rm -f array1d array2d array3d audio_clip audio_clip_manipulation avl bintree bst_eq cancer_snippet circ_dllist circ_sllist color_grid display_game dllist elevation_snippet eq_snippet face_shp_coll game_size_test game_snippet graph_alist graph_alist_empty graph_amatrix graph_map_test gutenberg_snippet imdb_snippet input_game kdt linechart minimal_game mixed_assignments mllist osm osm_amenity_snippet osm_snippet shakespeare_snippet shape_collection shape_collection_layer shape_collection_textalign sine_wave sllist song_lyrics_snippet sorting_benchmark tree tut_array1d tut_array1d_p1 tut_array1d_p2 tut_array1d_p3 tut_bst_p1 tut_bst_p2 tut_bst_p3 tut_col_grid_p1 tut_col_grid_p2 tut_col_grid_p3 tut_dllist_p1 tut_dllist_p2 tut_dllist_p3 tut_graph_p1 tut_graph_p2 tut_graph_p3 tut_shapes_p1 tut_shapes_p2 tut_sllist_p1 tut_sllist_p2 tut_sllist_p3 vis_example wikidata_actor_snippet array1d.o array2d.o array3d.o audio_clip.o audio_clip_manipulation.o avl.o bintree.o bst_eq.o cancer_snippet.o circ_dllist.o circ_sllist.o color_grid.o display_game.o dllist.o elevation_snippet.o eq_snippet.o face_shp_coll.o game_size_test.o game_snippet.o graph_alist.o graph_alist_empty.o graph_amatrix.o graph_map_test.o gutenberg_snippet.o imdb_snippet.o input_game.o kdt.o linechart.o minimal_game.o mixed_assignments.o mllist.o osm.o osm_amenity_snippet.o osm_snippet.o shakespeare_snippet.o shape_collection.o shape_collection_layer.o shape_collection_textalign.o sine_wave.o sllist.o song_lyrics_snippet.o sorting_benchmark.o tree.o tut_array1d.o tut_array1d_p1.o tut_array1d_p2.o tut_array1d_p3.o tut_bst_p1.o tut_bst_p2.o tut_bst_p3.o tut_col_grid_p1.o tut_col_grid_p2.o tut_col_grid_p3.o tut_dllist_p1.o tut_dllist_p2.o tut_dllist_p3.o tut_graph_p1.o tut_graph_p2.o tut_graph_p3.o tut_shapes_p1.o tut_shapes_p2.o tut_sllist_p1.o tut_sllist_p2.o tut_sllist_p3.o vis_example.o wikidata_actor_snippet.o
g++ -g -o sine_wave sine_wave.cpp -g -I/home/bridges-testing/bridges-cxx-install/include  -I/  -I/ -DTESTING=1 -std=c++14 -L /home/bridges-testing/bridges-cxx-install/lib -L/  -lcurl -l pthread -l bridges -l pthread
/usr/bin/ld: cannot find -lbridges
collect2: error: ld returned 1 exit status
make: *** [Makefile:40: sine_wave] Error 1
could not compile c++/ for assignment in
</code></pre>
</div>
<div class="failure">
<h3> id="cxxlogsine_wave.cpp-runtest">Run Test for test sine_wave.cpp</h3>
<pre><code>valgrind: ./sine_wave: No such file or directory
could not run test
</code></pre>
</div>
    
    </div>
    <div id="cxxlogsllist.cpp" class="logdetails">
      <h2>Test sllist.cpp full log</h2>
    
<div class="failure">
<h3> id="cxxlogsllist.cpp-buildtest">Build Test for test sllist.cpp</h3>
<pre><code>Compiling test sllist.cpp
rm -f array1d array2d array3d audio_clip audio_clip_manipulation avl bintree bst_eq cancer_snippet circ_dllist circ_sllist color_grid display_game dllist elevation_snippet eq_snippet face_shp_coll game_size_test game_snippet graph_alist graph_alist_empty graph_amatrix graph_map_test gutenberg_snippet imdb_snippet input_game kdt linechart minimal_game mixed_assignments mllist osm osm_amenity_snippet osm_snippet shakespeare_snippet shape_collection shape_collection_layer shape_collection_textalign sine_wave sllist song_lyrics_snippet sorting_benchmark tree tut_array1d tut_array1d_p1 tut_array1d_p2 tut_array1d_p3 tut_bst_p1 tut_bst_p2 tut_bst_p3 tut_col_grid_p1 tut_col_grid_p2 tut_col_grid_p3 tut_dllist_p1 tut_dllist_p2 tut_dllist_p3 tut_graph_p1 tut_graph_p2 tut_graph_p3 tut_shapes_p1 tut_shapes_p2 tut_sllist_p1 tut_sllist_p2 tut_sllist_p3 vis_example wikidata_actor_snippet array1d.o array2d.o array3d.o audio_clip.o audio_clip_manipulation.o avl.o bintree.o bst_eq.o cancer_snippet.o circ_dllist.o circ_sllist.o color_grid.o display_game.o dllist.o elevation_snippet.o eq_snippet.o face_shp_coll.o game_size_test.o game_snippet.o graph_alist.o graph_alist_empty.o graph_amatrix.o graph_map_test.o gutenberg_snippet.o imdb_snippet.o input_game.o kdt.o linechart.o minimal_game.o mixed_assignments.o mllist.o osm.o osm_amenity_snippet.o osm_snippet.o shakespeare_snippet.o shape_collection.o shape_collection_layer.o shape_collection_textalign.o sine_wave.o sllist.o song_lyrics_snippet.o sorting_benchmark.o tree.o tut_array1d.o tut_array1d_p1.o tut_array1d_p2.o tut_array1d_p3.o tut_bst_p1.o tut_bst_p2.o tut_bst_p3.o tut_col_grid_p1.o tut_col_grid_p2.o tut_col_grid_p3.o tut_dllist_p1.o tut_dllist_p2.o tut_dllist_p3.o tut_graph_p1.o tut_graph_p2.o tut_graph_p3.o tut_shapes_p1.o tut_shapes_p2.o tut_sllist_p1.o tut_sllist_p2.o tut_sllist_p3.o vis_example.o wikidata_actor_snippet.o
g++ -g -o sllist sllist.cpp -g -I/home/bridges-testing/bridges-cxx-install/include  -I/  -I/ -DTESTING=1 -std=c++14 -L /home/bridges-testing/bridges-cxx-install/lib -L/  -lcurl -l pthread -l bridges -l pthread
/usr/bin/ld: cannot find -lbridges
collect2: error: ld returned 1 exit status
make: *** [Makefile:40: sllist] Error 1
could not compile c++/ for assignment in
</code></pre>
</div>
<div class="failure">
<h3> id="cxxlogsllist.cpp-runtest">Run Test for test sllist.cpp</h3>
<pre><code>valgrind: ./sllist: No such file or directory
could not run test
</code></pre>
</div>
    
    </div>
    <div id="cxxlogsong_lyrics_snippet.cpp" class="logdetails">
      <h2>Test song_lyrics_snippet.cpp full log</h2>
    
<div class="failure">
<h3> id="cxxlogsong_lyrics_snippet.cpp-buildtest">Build Test for test song_lyrics_snippet.cpp</h3>
<pre><code>Compiling test song_lyrics_snippet.cpp
rm -f array1d array2d array3d audio_clip audio_clip_manipulation avl bintree bst_eq cancer_snippet circ_dllist circ_sllist color_grid display_game dllist elevation_snippet eq_snippet face_shp_coll game_size_test game_snippet graph_alist graph_alist_empty graph_amatrix graph_map_test gutenberg_snippet imdb_snippet input_game kdt linechart minimal_game mixed_assignments mllist osm osm_amenity_snippet osm_snippet shakespeare_snippet shape_collection shape_collection_layer shape_collection_textalign sine_wave sllist song_lyrics_snippet sorting_benchmark tree tut_array1d tut_array1d_p1 tut_array1d_p2 tut_array1d_p3 tut_bst_p1 tut_bst_p2 tut_bst_p3 tut_col_grid_p1 tut_col_grid_p2 tut_col_grid_p3 tut_dllist_p1 tut_dllist_p2 tut_dllist_p3 tut_graph_p1 tut_graph_p2 tut_graph_p3 tut_shapes_p1 tut_shapes_p2 tut_sllist_p1 tut_sllist_p2 tut_sllist_p3 vis_example wikidata_actor_snippet array1d.o array2d.o array3d.o audio_clip.o audio_clip_manipulation.o avl.o bintree.o bst_eq.o cancer_snippet.o circ_dllist.o circ_sllist.o color_grid.o display_game.o dllist.o elevation_snippet.o eq_snippet.o face_shp_coll.o game_size_test.o game_snippet.o graph_alist.o graph_alist_empty.o graph_amatrix.o graph_map_test.o gutenberg_snippet.o imdb_snippet.o input_game.o kdt.o linechart.o minimal_game.o mixed_assignments.o mllist.o osm.o osm_amenity_snippet.o osm_snippet.o shakespeare_snippet.o shape_collection.o shape_collection_layer.o shape_collection_textalign.o sine_wave.o sllist.o song_lyrics_snippet.o sorting_benchmark.o tree.o tut_array1d.o tut_array1d_p1.o tut_array1d_p2.o tut_array1d_p3.o tut_bst_p1.o tut_bst_p2.o tut_bst_p3.o tut_col_grid_p1.o tut_col_grid_p2.o tut_col_grid_p3.o tut_dllist_p1.o tut_dllist_p2.o tut_dllist_p3.o tut_graph_p1.o tut_graph_p2.o tut_graph_p3.o tut_shapes_p1.o tut_shapes_p2.o tut_sllist_p1.o tut_sllist_p2.o tut_sllist_p3.o vis_example.o wikidata_actor_snippet.o
g++ -g -o song_lyrics_snippet song_lyrics_snippet.cpp -g -I/home/bridges-testing/bridges-cxx-install/include  -I/  -I/ -DTESTING=1 -std=c++14 -L /home/bridges-testing/bridges-cxx-install/lib -L/  -lcurl -l pthread -l bridges -l pthread
/usr/bin/ld: cannot find -lbridges
collect2: error: ld returned 1 exit status
make: *** [Makefile:40: song_lyrics_snippet] Error 1
could not compile c++/ for assignment in
</code></pre>
</div>
<div class="failure">
<h3> id="cxxlogsong_lyrics_snippet.cpp-runtest">Run Test for test song_lyrics_snippet.cpp</h3>
<pre><code>valgrind: ./song_lyrics_snippet: No such file or directory
could not run test
</code></pre>
</div>
    
    </div>
    <div id="cxxlogsorting_benchmark.cpp" class="logdetails">
      <h2>Test sorting_benchmark.cpp full log</h2>
    
<div class="failure">
<h3> id="cxxlogsorting_benchmark.cpp-buildtest">Build Test for test sorting_benchmark.cpp</h3>
<pre><code>Compiling test sorting_benchmark.cpp
rm -f array1d array2d array3d audio_clip audio_clip_manipulation avl bintree bst_eq cancer_snippet circ_dllist circ_sllist color_grid display_game dllist elevation_snippet eq_snippet face_shp_coll game_size_test game_snippet graph_alist graph_alist_empty graph_amatrix graph_map_test gutenberg_snippet imdb_snippet input_game kdt linechart minimal_game mixed_assignments mllist osm osm_amenity_snippet osm_snippet shakespeare_snippet shape_collection shape_collection_layer shape_collection_textalign sine_wave sllist song_lyrics_snippet sorting_benchmark tree tut_array1d tut_array1d_p1 tut_array1d_p2 tut_array1d_p3 tut_bst_p1 tut_bst_p2 tut_bst_p3 tut_col_grid_p1 tut_col_grid_p2 tut_col_grid_p3 tut_dllist_p1 tut_dllist_p2 tut_dllist_p3 tut_graph_p1 tut_graph_p2 tut_graph_p3 tut_shapes_p1 tut_shapes_p2 tut_sllist_p1 tut_sllist_p2 tut_sllist_p3 vis_example wikidata_actor_snippet array1d.o array2d.o array3d.o audio_clip.o audio_clip_manipulation.o avl.o bintree.o bst_eq.o cancer_snippet.o circ_dllist.o circ_sllist.o color_grid.o display_game.o dllist.o elevation_snippet.o eq_snippet.o face_shp_coll.o game_size_test.o game_snippet.o graph_alist.o graph_alist_empty.o graph_amatrix.o graph_map_test.o gutenberg_snippet.o imdb_snippet.o input_game.o kdt.o linechart.o minimal_game.o mixed_assignments.o mllist.o osm.o osm_amenity_snippet.o osm_snippet.o shakespeare_snippet.o shape_collection.o shape_collection_layer.o shape_collection_textalign.o sine_wave.o sllist.o song_lyrics_snippet.o sorting_benchmark.o tree.o tut_array1d.o tut_array1d_p1.o tut_array1d_p2.o tut_array1d_p3.o tut_bst_p1.o tut_bst_p2.o tut_bst_p3.o tut_col_grid_p1.o tut_col_grid_p2.o tut_col_grid_p3.o tut_dllist_p1.o tut_dllist_p2.o tut_dllist_p3.o tut_graph_p1.o tut_graph_p2.o tut_graph_p3.o tut_shapes_p1.o tut_shapes_p2.o tut_sllist_p1.o tut_sllist_p2.o tut_sllist_p3.o vis_example.o wikidata_actor_snippet.o
g++ -g -o sorting_benchmark sorting_benchmark.cpp -g -I/home/bridges-testing/bridges-cxx-install/include  -I/  -I/ -DTESTING=1 -std=c++14 -L /home/bridges-testing/bridges-cxx-install/lib -L/  -lcurl -l pthread -l bridges -l pthread
/usr/bin/ld: cannot find -lbridges
collect2: error: ld returned 1 exit status
make: *** [Makefile:40: sorting_benchmark] Error 1
could not compile c++/ for assignment in
</code></pre>
</div>
<div class="failure">
<h3> id="cxxlogsorting_benchmark.cpp-runtest">Run Test for test sorting_benchmark.cpp</h3>
<pre><code>valgrind: ./sorting_benchmark: No such file or directory
could not run test
</code></pre>
</div>
    
    </div>
    <div id="cxxlogtree.cpp" class="logdetails">
      <h2>Test tree.cpp full log</h2>
    
<div class="failure">
<h3> id="cxxlogtree.cpp-buildtest">Build Test for test tree.cpp</h3>
<pre><code>Compiling test tree.cpp
rm -f array1d array2d array3d audio_clip audio_clip_manipulation avl bintree bst_eq cancer_snippet circ_dllist circ_sllist color_grid display_game dllist elevation_snippet eq_snippet face_shp_coll game_size_test game_snippet graph_alist graph_alist_empty graph_amatrix graph_map_test gutenberg_snippet imdb_snippet input_game kdt linechart minimal_game mixed_assignments mllist osm osm_amenity_snippet osm_snippet shakespeare_snippet shape_collection shape_collection_layer shape_collection_textalign sine_wave sllist song_lyrics_snippet sorting_benchmark tree tut_array1d tut_array1d_p1 tut_array1d_p2 tut_array1d_p3 tut_bst_p1 tut_bst_p2 tut_bst_p3 tut_col_grid_p1 tut_col_grid_p2 tut_col_grid_p3 tut_dllist_p1 tut_dllist_p2 tut_dllist_p3 tut_graph_p1 tut_graph_p2 tut_graph_p3 tut_shapes_p1 tut_shapes_p2 tut_sllist_p1 tut_sllist_p2 tut_sllist_p3 vis_example wikidata_actor_snippet array1d.o array2d.o array3d.o audio_clip.o audio_clip_manipulation.o avl.o bintree.o bst_eq.o cancer_snippet.o circ_dllist.o circ_sllist.o color_grid.o display_game.o dllist.o elevation_snippet.o eq_snippet.o face_shp_coll.o game_size_test.o game_snippet.o graph_alist.o graph_alist_empty.o graph_amatrix.o graph_map_test.o gutenberg_snippet.o imdb_snippet.o input_game.o kdt.o linechart.o minimal_game.o mixed_assignments.o mllist.o osm.o osm_amenity_snippet.o osm_snippet.o shakespeare_snippet.o shape_collection.o shape_collection_layer.o shape_collection_textalign.o sine_wave.o sllist.o song_lyrics_snippet.o sorting_benchmark.o tree.o tut_array1d.o tut_array1d_p1.o tut_array1d_p2.o tut_array1d_p3.o tut_bst_p1.o tut_bst_p2.o tut_bst_p3.o tut_col_grid_p1.o tut_col_grid_p2.o tut_col_grid_p3.o tut_dllist_p1.o tut_dllist_p2.o tut_dllist_p3.o tut_graph_p1.o tut_graph_p2.o tut_graph_p3.o tut_shapes_p1.o tut_shapes_p2.o tut_sllist_p1.o tut_sllist_p2.o tut_sllist_p3.o vis_example.o wikidata_actor_snippet.o
g++ -g -o tree tree.cpp -g -I/home/bridges-testing/bridges-cxx-install/include  -I/  -I/ -DTESTING=1 -std=c++14 -L /home/bridges-testing/bridges-cxx-install/lib -L/  -lcurl -l pthread -l bridges -l pthread
/usr/bin/ld: cannot find -lbridges
collect2: error: ld returned 1 exit status
make: *** [Makefile:40: tree] Error 1
could not compile c++/ for assignment in
</code></pre>
</div>
<div class="failure">
<h3> id="cxxlogtree.cpp-runtest">Run Test for test tree.cpp</h3>
<pre><code>valgrind: ./tree: No such file or directory
could not run test
</code></pre>
</div>
    
    </div>
    <div id="cxxlogtut_array1d.cpp" class="logdetails">
      <h2>Test tut_array1d.cpp full log</h2>
    
<div class="failure">
<h3> id="cxxlogtut_array1d.cpp-buildtest">Build Test for test tut_array1d.cpp</h3>
<pre><code>Compiling test tut_array1d.cpp
rm -f array1d array2d array3d audio_clip audio_clip_manipulation avl bintree bst_eq cancer_snippet circ_dllist circ_sllist color_grid display_game dllist elevation_snippet eq_snippet face_shp_coll game_size_test game_snippet graph_alist graph_alist_empty graph_amatrix graph_map_test gutenberg_snippet imdb_snippet input_game kdt linechart minimal_game mixed_assignments mllist osm osm_amenity_snippet osm_snippet shakespeare_snippet shape_collection shape_collection_layer shape_collection_textalign sine_wave sllist song_lyrics_snippet sorting_benchmark tree tut_array1d tut_array1d_p1 tut_array1d_p2 tut_array1d_p3 tut_bst_p1 tut_bst_p2 tut_bst_p3 tut_col_grid_p1 tut_col_grid_p2 tut_col_grid_p3 tut_dllist_p1 tut_dllist_p2 tut_dllist_p3 tut_graph_p1 tut_graph_p2 tut_graph_p3 tut_shapes_p1 tut_shapes_p2 tut_sllist_p1 tut_sllist_p2 tut_sllist_p3 vis_example wikidata_actor_snippet array1d.o array2d.o array3d.o audio_clip.o audio_clip_manipulation.o avl.o bintree.o bst_eq.o cancer_snippet.o circ_dllist.o circ_sllist.o color_grid.o display_game.o dllist.o elevation_snippet.o eq_snippet.o face_shp_coll.o game_size_test.o game_snippet.o graph_alist.o graph_alist_empty.o graph_amatrix.o graph_map_test.o gutenberg_snippet.o imdb_snippet.o input_game.o kdt.o linechart.o minimal_game.o mixed_assignments.o mllist.o osm.o osm_amenity_snippet.o osm_snippet.o shakespeare_snippet.o shape_collection.o shape_collection_layer.o shape_collection_textalign.o sine_wave.o sllist.o song_lyrics_snippet.o sorting_benchmark.o tree.o tut_array1d.o tut_array1d_p1.o tut_array1d_p2.o tut_array1d_p3.o tut_bst_p1.o tut_bst_p2.o tut_bst_p3.o tut_col_grid_p1.o tut_col_grid_p2.o tut_col_grid_p3.o tut_dllist_p1.o tut_dllist_p2.o tut_dllist_p3.o tut_graph_p1.o tut_graph_p2.o tut_graph_p3.o tut_shapes_p1.o tut_shapes_p2.o tut_sllist_p1.o tut_sllist_p2.o tut_sllist_p3.o vis_example.o wikidata_actor_snippet.o
g++ -g -o tut_array1d tut_array1d.cpp -g -I/home/bridges-testing/bridges-cxx-install/include  -I/  -I/ -DTESTING=1 -std=c++14 -L /home/bridges-testing/bridges-cxx-install/lib -L/  -lcurl -l pthread -l bridges -l pthread
/usr/bin/ld: cannot find -lbridges
collect2: error: ld returned 1 exit status
make: *** [Makefile:40: tut_array1d] Error 1
could not compile c++/ for assignment in
</code></pre>
</div>
<div class="failure">
<h3> id="cxxlogtut_array1d.cpp-runtest">Run Test for test tut_array1d.cpp</h3>
<pre><code>valgrind: ./tut_array1d: No such file or directory
could not run test
</code></pre>
</div>
    
    </div>
    <div id="cxxlogtut_array1d_p1.cpp" class="logdetails">
      <h2>Test tut_array1d_p1.cpp full log</h2>
    
<div class="failure">
<h3> id="cxxlogtut_array1d_p1.cpp-buildtest">Build Test for test tut_array1d_p1.cpp</h3>
<pre><code>Compiling test tut_array1d_p1.cpp
rm -f array1d array2d array3d audio_clip audio_clip_manipulation avl bintree bst_eq cancer_snippet circ_dllist circ_sllist color_grid display_game dllist elevation_snippet eq_snippet face_shp_coll game_size_test game_snippet graph_alist graph_alist_empty graph_amatrix graph_map_test gutenberg_snippet imdb_snippet input_game kdt linechart minimal_game mixed_assignments mllist osm osm_amenity_snippet osm_snippet shakespeare_snippet shape_collection shape_collection_layer shape_collection_textalign sine_wave sllist song_lyrics_snippet sorting_benchmark tree tut_array1d tut_array1d_p1 tut_array1d_p2 tut_array1d_p3 tut_bst_p1 tut_bst_p2 tut_bst_p3 tut_col_grid_p1 tut_col_grid_p2 tut_col_grid_p3 tut_dllist_p1 tut_dllist_p2 tut_dllist_p3 tut_graph_p1 tut_graph_p2 tut_graph_p3 tut_shapes_p1 tut_shapes_p2 tut_sllist_p1 tut_sllist_p2 tut_sllist_p3 vis_example wikidata_actor_snippet array1d.o array2d.o array3d.o audio_clip.o audio_clip_manipulation.o avl.o bintree.o bst_eq.o cancer_snippet.o circ_dllist.o circ_sllist.o color_grid.o display_game.o dllist.o elevation_snippet.o eq_snippet.o face_shp_coll.o game_size_test.o game_snippet.o graph_alist.o graph_alist_empty.o graph_amatrix.o graph_map_test.o gutenberg_snippet.o imdb_snippet.o input_game.o kdt.o linechart.o minimal_game.o mixed_assignments.o mllist.o osm.o osm_amenity_snippet.o osm_snippet.o shakespeare_snippet.o shape_collection.o shape_collection_layer.o shape_collection_textalign.o sine_wave.o sllist.o song_lyrics_snippet.o sorting_benchmark.o tree.o tut_array1d.o tut_array1d_p1.o tut_array1d_p2.o tut_array1d_p3.o tut_bst_p1.o tut_bst_p2.o tut_bst_p3.o tut_col_grid_p1.o tut_col_grid_p2.o tut_col_grid_p3.o tut_dllist_p1.o tut_dllist_p2.o tut_dllist_p3.o tut_graph_p1.o tut_graph_p2.o tut_graph_p3.o tut_shapes_p1.o tut_shapes_p2.o tut_sllist_p1.o tut_sllist_p2.o tut_sllist_p3.o vis_example.o wikidata_actor_snippet.o
g++ -g -o tut_array1d_p1 tut_array1d_p1.cpp -g -I/home/bridges-testing/bridges-cxx-install/include  -I/  -I/ -DTESTING=1 -std=c++14 -L /home/bridges-testing/bridges-cxx-install/lib -L/  -lcurl -l pthread -l bridges -l pthread
/usr/bin/ld: cannot find -lbridges
collect2: error: ld returned 1 exit status
make: *** [Makefile:40: tut_array1d_p1] Error 1
could not compile c++/ for assignment in
</code></pre>
</div>
<div class="failure">
<h3> id="cxxlogtut_array1d_p1.cpp-runtest">Run Test for test tut_array1d_p1.cpp</h3>
<pre><code>valgrind: ./tut_array1d_p1: No such file or directory
could not run test
</code></pre>
</div>
    
    </div>
    <div id="cxxlogtut_array1d_p2.cpp" class="logdetails">
      <h2>Test tut_array1d_p2.cpp full log</h2>
    
<div class="failure">
<h3> id="cxxlogtut_array1d_p2.cpp-buildtest">Build Test for test tut_array1d_p2.cpp</h3>
<pre><code>Compiling test tut_array1d_p2.cpp
rm -f array1d array2d array3d audio_clip audio_clip_manipulation avl bintree bst_eq cancer_snippet circ_dllist circ_sllist color_grid display_game dllist elevation_snippet eq_snippet face_shp_coll game_size_test game_snippet graph_alist graph_alist_empty graph_amatrix graph_map_test gutenberg_snippet imdb_snippet input_game kdt linechart minimal_game mixed_assignments mllist osm osm_amenity_snippet osm_snippet shakespeare_snippet shape_collection shape_collection_layer shape_collection_textalign sine_wave sllist song_lyrics_snippet sorting_benchmark tree tut_array1d tut_array1d_p1 tut_array1d_p2 tut_array1d_p3 tut_bst_p1 tut_bst_p2 tut_bst_p3 tut_col_grid_p1 tut_col_grid_p2 tut_col_grid_p3 tut_dllist_p1 tut_dllist_p2 tut_dllist_p3 tut_graph_p1 tut_graph_p2 tut_graph_p3 tut_shapes_p1 tut_shapes_p2 tut_sllist_p1 tut_sllist_p2 tut_sllist_p3 vis_example wikidata_actor_snippet array1d.o array2d.o array3d.o audio_clip.o audio_clip_manipulation.o avl.o bintree.o bst_eq.o cancer_snippet.o circ_dllist.o circ_sllist.o color_grid.o display_game.o dllist.o elevation_snippet.o eq_snippet.o face_shp_coll.o game_size_test.o game_snippet.o graph_alist.o graph_alist_empty.o graph_amatrix.o graph_map_test.o gutenberg_snippet.o imdb_snippet.o input_game.o kdt.o linechart.o minimal_game.o mixed_assignments.o mllist.o osm.o osm_amenity_snippet.o osm_snippet.o shakespeare_snippet.o shape_collection.o shape_collection_layer.o shape_collection_textalign.o sine_wave.o sllist.o song_lyrics_snippet.o sorting_benchmark.o tree.o tut_array1d.o tut_array1d_p1.o tut_array1d_p2.o tut_array1d_p3.o tut_bst_p1.o tut_bst_p2.o tut_bst_p3.o tut_col_grid_p1.o tut_col_grid_p2.o tut_col_grid_p3.o tut_dllist_p1.o tut_dllist_p2.o tut_dllist_p3.o tut_graph_p1.o tut_graph_p2.o tut_graph_p3.o tut_shapes_p1.o tut_shapes_p2.o tut_sllist_p1.o tut_sllist_p2.o tut_sllist_p3.o vis_example.o wikidata_actor_snippet.o
g++ -g -o tut_array1d_p2 tut_array1d_p2.cpp -g -I/home/bridges-testing/bridges-cxx-install/include  -I/  -I/ -DTESTING=1 -std=c++14 -L /home/bridges-testing/bridges-cxx-install/lib -L/  -lcurl -l pthread -l bridges -l pthread
/usr/bin/ld: cannot find -lbridges
collect2: error: ld returned 1 exit status
make: *** [Makefile:40: tut_array1d_p2] Error 1
could not compile c++/ for assignment in
</code></pre>
</div>
<div class="failure">
<h3> id="cxxlogtut_array1d_p2.cpp-runtest">Run Test for test tut_array1d_p2.cpp</h3>
<pre><code>valgrind: ./tut_array1d_p2: No such file or directory
could not run test
</code></pre>
</div>
    
    </div>
    <div id="cxxlogtut_array1d_p3.cpp" class="logdetails">
      <h2>Test tut_array1d_p3.cpp full log</h2>
    
<div class="failure">
<h3> id="cxxlogtut_array1d_p3.cpp-buildtest">Build Test for test tut_array1d_p3.cpp</h3>
<pre><code>Compiling test tut_array1d_p3.cpp
rm -f array1d array2d array3d audio_clip audio_clip_manipulation avl bintree bst_eq cancer_snippet circ_dllist circ_sllist color_grid display_game dllist elevation_snippet eq_snippet face_shp_coll game_size_test game_snippet graph_alist graph_alist_empty graph_amatrix graph_map_test gutenberg_snippet imdb_snippet input_game kdt linechart minimal_game mixed_assignments mllist osm osm_amenity_snippet osm_snippet shakespeare_snippet shape_collection shape_collection_layer shape_collection_textalign sine_wave sllist song_lyrics_snippet sorting_benchmark tree tut_array1d tut_array1d_p1 tut_array1d_p2 tut_array1d_p3 tut_bst_p1 tut_bst_p2 tut_bst_p3 tut_col_grid_p1 tut_col_grid_p2 tut_col_grid_p3 tut_dllist_p1 tut_dllist_p2 tut_dllist_p3 tut_graph_p1 tut_graph_p2 tut_graph_p3 tut_shapes_p1 tut_shapes_p2 tut_sllist_p1 tut_sllist_p2 tut_sllist_p3 vis_example wikidata_actor_snippet array1d.o array2d.o array3d.o audio_clip.o audio_clip_manipulation.o avl.o bintree.o bst_eq.o cancer_snippet.o circ_dllist.o circ_sllist.o color_grid.o display_game.o dllist.o elevation_snippet.o eq_snippet.o face_shp_coll.o game_size_test.o game_snippet.o graph_alist.o graph_alist_empty.o graph_amatrix.o graph_map_test.o gutenberg_snippet.o imdb_snippet.o input_game.o kdt.o linechart.o minimal_game.o mixed_assignments.o mllist.o osm.o osm_amenity_snippet.o osm_snippet.o shakespeare_snippet.o shape_collection.o shape_collection_layer.o shape_collection_textalign.o sine_wave.o sllist.o song_lyrics_snippet.o sorting_benchmark.o tree.o tut_array1d.o tut_array1d_p1.o tut_array1d_p2.o tut_array1d_p3.o tut_bst_p1.o tut_bst_p2.o tut_bst_p3.o tut_col_grid_p1.o tut_col_grid_p2.o tut_col_grid_p3.o tut_dllist_p1.o tut_dllist_p2.o tut_dllist_p3.o tut_graph_p1.o tut_graph_p2.o tut_graph_p3.o tut_shapes_p1.o tut_shapes_p2.o tut_sllist_p1.o tut_sllist_p2.o tut_sllist_p3.o vis_example.o wikidata_actor_snippet.o
g++ -g -o tut_array1d_p3 tut_array1d_p3.cpp -g -I/home/bridges-testing/bridges-cxx-install/include  -I/  -I/ -DTESTING=1 -std=c++14 -L /home/bridges-testing/bridges-cxx-install/lib -L/  -lcurl -l pthread -l bridges -l pthread
/usr/bin/ld: cannot find -lbridges
collect2: error: ld returned 1 exit status
make: *** [Makefile:40: tut_array1d_p3] Error 1
could not compile c++/ for assignment in
</code></pre>
</div>
<div class="failure">
<h3> id="cxxlogtut_array1d_p3.cpp-runtest">Run Test for test tut_array1d_p3.cpp</h3>
<pre><code>valgrind: ./tut_array1d_p3: No such file or directory
could not run test
</code></pre>
</div>
    
    </div>
    <div id="cxxlogtut_bst_p1.cpp" class="logdetails">
      <h2>Test tut_bst_p1.cpp full log</h2>
    
<div class="failure">
<h3> id="cxxlogtut_bst_p1.cpp-buildtest">Build Test for test tut_bst_p1.cpp</h3>
<pre><code>Compiling test tut_bst_p1.cpp
rm -f array1d array2d array3d audio_clip audio_clip_manipulation avl bintree bst_eq cancer_snippet circ_dllist circ_sllist color_grid display_game dllist elevation_snippet eq_snippet face_shp_coll game_size_test game_snippet graph_alist graph_alist_empty graph_amatrix graph_map_test gutenberg_snippet imdb_snippet input_game kdt linechart minimal_game mixed_assignments mllist osm osm_amenity_snippet osm_snippet shakespeare_snippet shape_collection shape_collection_layer shape_collection_textalign sine_wave sllist song_lyrics_snippet sorting_benchmark tree tut_array1d tut_array1d_p1 tut_array1d_p2 tut_array1d_p3 tut_bst_p1 tut_bst_p2 tut_bst_p3 tut_col_grid_p1 tut_col_grid_p2 tut_col_grid_p3 tut_dllist_p1 tut_dllist_p2 tut_dllist_p3 tut_graph_p1 tut_graph_p2 tut_graph_p3 tut_shapes_p1 tut_shapes_p2 tut_sllist_p1 tut_sllist_p2 tut_sllist_p3 vis_example wikidata_actor_snippet array1d.o array2d.o array3d.o audio_clip.o audio_clip_manipulation.o avl.o bintree.o bst_eq.o cancer_snippet.o circ_dllist.o circ_sllist.o color_grid.o display_game.o dllist.o elevation_snippet.o eq_snippet.o face_shp_coll.o game_size_test.o game_snippet.o graph_alist.o graph_alist_empty.o graph_amatrix.o graph_map_test.o gutenberg_snippet.o imdb_snippet.o input_game.o kdt.o linechart.o minimal_game.o mixed_assignments.o mllist.o osm.o osm_amenity_snippet.o osm_snippet.o shakespeare_snippet.o shape_collection.o shape_collection_layer.o shape_collection_textalign.o sine_wave.o sllist.o song_lyrics_snippet.o sorting_benchmark.o tree.o tut_array1d.o tut_array1d_p1.o tut_array1d_p2.o tut_array1d_p3.o tut_bst_p1.o tut_bst_p2.o tut_bst_p3.o tut_col_grid_p1.o tut_col_grid_p2.o tut_col_grid_p3.o tut_dllist_p1.o tut_dllist_p2.o tut_dllist_p3.o tut_graph_p1.o tut_graph_p2.o tut_graph_p3.o tut_shapes_p1.o tut_shapes_p2.o tut_sllist_p1.o tut_sllist_p2.o tut_sllist_p3.o vis_example.o wikidata_actor_snippet.o
g++ -g -o tut_bst_p1 tut_bst_p1.cpp -g -I/home/bridges-testing/bridges-cxx-install/include  -I/  -I/ -DTESTING=1 -std=c++14 -L /home/bridges-testing/bridges-cxx-install/lib -L/  -lcurl -l pthread -l bridges -l pthread
/usr/bin/ld: cannot find -lbridges
collect2: error: ld returned 1 exit status
make: *** [Makefile:40: tut_bst_p1] Error 1
could not compile c++/ for assignment in
</code></pre>
</div>
<div class="failure">
<h3> id="cxxlogtut_bst_p1.cpp-runtest">Run Test for test tut_bst_p1.cpp</h3>
<pre><code>valgrind: ./tut_bst_p1: No such file or directory
could not run test
</code></pre>
</div>
    
    </div>
    <div id="cxxlogtut_bst_p2.cpp" class="logdetails">
      <h2>Test tut_bst_p2.cpp full log</h2>
    
<div class="failure">
<h3> id="cxxlogtut_bst_p2.cpp-buildtest">Build Test for test tut_bst_p2.cpp</h3>
<pre><code>Compiling test tut_bst_p2.cpp
rm -f array1d array2d array3d audio_clip audio_clip_manipulation avl bintree bst_eq cancer_snippet circ_dllist circ_sllist color_grid display_game dllist elevation_snippet eq_snippet face_shp_coll game_size_test game_snippet graph_alist graph_alist_empty graph_amatrix graph_map_test gutenberg_snippet imdb_snippet input_game kdt linechart minimal_game mixed_assignments mllist osm osm_amenity_snippet osm_snippet shakespeare_snippet shape_collection shape_collection_layer shape_collection_textalign sine_wave sllist song_lyrics_snippet sorting_benchmark tree tut_array1d tut_array1d_p1 tut_array1d_p2 tut_array1d_p3 tut_bst_p1 tut_bst_p2 tut_bst_p3 tut_col_grid_p1 tut_col_grid_p2 tut_col_grid_p3 tut_dllist_p1 tut_dllist_p2 tut_dllist_p3 tut_graph_p1 tut_graph_p2 tut_graph_p3 tut_shapes_p1 tut_shapes_p2 tut_sllist_p1 tut_sllist_p2 tut_sllist_p3 vis_example wikidata_actor_snippet array1d.o array2d.o array3d.o audio_clip.o audio_clip_manipulation.o avl.o bintree.o bst_eq.o cancer_snippet.o circ_dllist.o circ_sllist.o color_grid.o display_game.o dllist.o elevation_snippet.o eq_snippet.o face_shp_coll.o game_size_test.o game_snippet.o graph_alist.o graph_alist_empty.o graph_amatrix.o graph_map_test.o gutenberg_snippet.o imdb_snippet.o input_game.o kdt.o linechart.o minimal_game.o mixed_assignments.o mllist.o osm.o osm_amenity_snippet.o osm_snippet.o shakespeare_snippet.o shape_collection.o shape_collection_layer.o shape_collection_textalign.o sine_wave.o sllist.o song_lyrics_snippet.o sorting_benchmark.o tree.o tut_array1d.o tut_array1d_p1.o tut_array1d_p2.o tut_array1d_p3.o tut_bst_p1.o tut_bst_p2.o tut_bst_p3.o tut_col_grid_p1.o tut_col_grid_p2.o tut_col_grid_p3.o tut_dllist_p1.o tut_dllist_p2.o tut_dllist_p3.o tut_graph_p1.o tut_graph_p2.o tut_graph_p3.o tut_shapes_p1.o tut_shapes_p2.o tut_sllist_p1.o tut_sllist_p2.o tut_sllist_p3.o vis_example.o wikidata_actor_snippet.o
g++ -g -o tut_bst_p2 tut_bst_p2.cpp -g -I/home/bridges-testing/bridges-cxx-install/include  -I/  -I/ -DTESTING=1 -std=c++14 -L /home/bridges-testing/bridges-cxx-install/lib -L/  -lcurl -l pthread -l bridges -l pthread
/usr/bin/ld: cannot find -lbridges
collect2: error: ld returned 1 exit status
make: *** [Makefile:40: tut_bst_p2] Error 1
could not compile c++/ for assignment in
</code></pre>
</div>
<div class="failure">
<h3> id="cxxlogtut_bst_p2.cpp-runtest">Run Test for test tut_bst_p2.cpp</h3>
<pre><code>valgrind: ./tut_bst_p2: No such file or directory
could not run test
</code></pre>
</div>
    
    </div>
    <div id="cxxlogtut_bst_p3.cpp" class="logdetails">
      <h2>Test tut_bst_p3.cpp full log</h2>
    
<div class="failure">
<h3> id="cxxlogtut_bst_p3.cpp-buildtest">Build Test for test tut_bst_p3.cpp</h3>
<pre><code>Compiling test tut_bst_p3.cpp
rm -f array1d array2d array3d audio_clip audio_clip_manipulation avl bintree bst_eq cancer_snippet circ_dllist circ_sllist color_grid display_game dllist elevation_snippet eq_snippet face_shp_coll game_size_test game_snippet graph_alist graph_alist_empty graph_amatrix graph_map_test gutenberg_snippet imdb_snippet input_game kdt linechart minimal_game mixed_assignments mllist osm osm_amenity_snippet osm_snippet shakespeare_snippet shape_collection shape_collection_layer shape_collection_textalign sine_wave sllist song_lyrics_snippet sorting_benchmark tree tut_array1d tut_array1d_p1 tut_array1d_p2 tut_array1d_p3 tut_bst_p1 tut_bst_p2 tut_bst_p3 tut_col_grid_p1 tut_col_grid_p2 tut_col_grid_p3 tut_dllist_p1 tut_dllist_p2 tut_dllist_p3 tut_graph_p1 tut_graph_p2 tut_graph_p3 tut_shapes_p1 tut_shapes_p2 tut_sllist_p1 tut_sllist_p2 tut_sllist_p3 vis_example wikidata_actor_snippet array1d.o array2d.o array3d.o audio_clip.o audio_clip_manipulation.o avl.o bintree.o bst_eq.o cancer_snippet.o circ_dllist.o circ_sllist.o color_grid.o display_game.o dllist.o elevation_snippet.o eq_snippet.o face_shp_coll.o game_size_test.o game_snippet.o graph_alist.o graph_alist_empty.o graph_amatrix.o graph_map_test.o gutenberg_snippet.o imdb_snippet.o input_game.o kdt.o linechart.o minimal_game.o mixed_assignments.o mllist.o osm.o osm_amenity_snippet.o osm_snippet.o shakespeare_snippet.o shape_collection.o shape_collection_layer.o shape_collection_textalign.o sine_wave.o sllist.o song_lyrics_snippet.o sorting_benchmark.o tree.o tut_array1d.o tut_array1d_p1.o tut_array1d_p2.o tut_array1d_p3.o tut_bst_p1.o tut_bst_p2.o tut_bst_p3.o tut_col_grid_p1.o tut_col_grid_p2.o tut_col_grid_p3.o tut_dllist_p1.o tut_dllist_p2.o tut_dllist_p3.o tut_graph_p1.o tut_graph_p2.o tut_graph_p3.o tut_shapes_p1.o tut_shapes_p2.o tut_sllist_p1.o tut_sllist_p2.o tut_sllist_p3.o vis_example.o wikidata_actor_snippet.o
g++ -g -o tut_bst_p3 tut_bst_p3.cpp -g -I/home/bridges-testing/bridges-cxx-install/include  -I/  -I/ -DTESTING=1 -std=c++14 -L /home/bridges-testing/bridges-cxx-install/lib -L/  -lcurl -l pthread -l bridges -l pthread
/usr/bin/ld: cannot find -lbridges
collect2: error: ld returned 1 exit status
make: *** [Makefile:40: tut_bst_p3] Error 1
could not compile c++/ for assignment in
</code></pre>
</div>
<div class="failure">
<h3> id="cxxlogtut_bst_p3.cpp-runtest">Run Test for test tut_bst_p3.cpp</h3>
<pre><code>valgrind: ./tut_bst_p3: No such file or directory
could not run test
</code></pre>
</div>
    
    </div>
    <div id="cxxlogtut_col_grid_p1.cpp" class="logdetails">
      <h2>Test tut_col_grid_p1.cpp full log</h2>
    
<div class="failure">
<h3> id="cxxlogtut_col_grid_p1.cpp-buildtest">Build Test for test tut_col_grid_p1.cpp</h3>
<pre><code>Compiling test tut_col_grid_p1.cpp
rm -f array1d array2d array3d audio_clip audio_clip_manipulation avl bintree bst_eq cancer_snippet circ_dllist circ_sllist color_grid display_game dllist elevation_snippet eq_snippet face_shp_coll game_size_test game_snippet graph_alist graph_alist_empty graph_amatrix graph_map_test gutenberg_snippet imdb_snippet input_game kdt linechart minimal_game mixed_assignments mllist osm osm_amenity_snippet osm_snippet shakespeare_snippet shape_collection shape_collection_layer shape_collection_textalign sine_wave sllist song_lyrics_snippet sorting_benchmark tree tut_array1d tut_array1d_p1 tut_array1d_p2 tut_array1d_p3 tut_bst_p1 tut_bst_p2 tut_bst_p3 tut_col_grid_p1 tut_col_grid_p2 tut_col_grid_p3 tut_dllist_p1 tut_dllist_p2 tut_dllist_p3 tut_graph_p1 tut_graph_p2 tut_graph_p3 tut_shapes_p1 tut_shapes_p2 tut_sllist_p1 tut_sllist_p2 tut_sllist_p3 vis_example wikidata_actor_snippet array1d.o array2d.o array3d.o audio_clip.o audio_clip_manipulation.o avl.o bintree.o bst_eq.o cancer_snippet.o circ_dllist.o circ_sllist.o color_grid.o display_game.o dllist.o elevation_snippet.o eq_snippet.o face_shp_coll.o game_size_test.o game_snippet.o graph_alist.o graph_alist_empty.o graph_amatrix.o graph_map_test.o gutenberg_snippet.o imdb_snippet.o input_game.o kdt.o linechart.o minimal_game.o mixed_assignments.o mllist.o osm.o osm_amenity_snippet.o osm_snippet.o shakespeare_snippet.o shape_collection.o shape_collection_layer.o shape_collection_textalign.o sine_wave.o sllist.o song_lyrics_snippet.o sorting_benchmark.o tree.o tut_array1d.o tut_array1d_p1.o tut_array1d_p2.o tut_array1d_p3.o tut_bst_p1.o tut_bst_p2.o tut_bst_p3.o tut_col_grid_p1.o tut_col_grid_p2.o tut_col_grid_p3.o tut_dllist_p1.o tut_dllist_p2.o tut_dllist_p3.o tut_graph_p1.o tut_graph_p2.o tut_graph_p3.o tut_shapes_p1.o tut_shapes_p2.o tut_sllist_p1.o tut_sllist_p2.o tut_sllist_p3.o vis_example.o wikidata_actor_snippet.o
g++ -g -o tut_col_grid_p1 tut_col_grid_p1.cpp -g -I/home/bridges-testing/bridges-cxx-install/include  -I/  -I/ -DTESTING=1 -std=c++14 -L /home/bridges-testing/bridges-cxx-install/lib -L/  -lcurl -l pthread -l bridges -l pthread
/usr/bin/ld: cannot find -lbridges
collect2: error: ld returned 1 exit status
make: *** [Makefile:40: tut_col_grid_p1] Error 1
could not compile c++/ for assignment in
</code></pre>
</div>
<div class="failure">
<h3> id="cxxlogtut_col_grid_p1.cpp-runtest">Run Test for test tut_col_grid_p1.cpp</h3>
<pre><code>valgrind: ./tut_col_grid_p1: No such file or directory
could not run test
</code></pre>
</div>
    
    </div>
    <div id="cxxlogtut_col_grid_p2.cpp" class="logdetails">
      <h2>Test tut_col_grid_p2.cpp full log</h2>
    
<div class="failure">
<h3> id="cxxlogtut_col_grid_p2.cpp-buildtest">Build Test for test tut_col_grid_p2.cpp</h3>
<pre><code>Compiling test tut_col_grid_p2.cpp
rm -f array1d array2d array3d audio_clip audio_clip_manipulation avl bintree bst_eq cancer_snippet circ_dllist circ_sllist color_grid display_game dllist elevation_snippet eq_snippet face_shp_coll game_size_test game_snippet graph_alist graph_alist_empty graph_amatrix graph_map_test gutenberg_snippet imdb_snippet input_game kdt linechart minimal_game mixed_assignments mllist osm osm_amenity_snippet osm_snippet shakespeare_snippet shape_collection shape_collection_layer shape_collection_textalign sine_wave sllist song_lyrics_snippet sorting_benchmark tree tut_array1d tut_array1d_p1 tut_array1d_p2 tut_array1d_p3 tut_bst_p1 tut_bst_p2 tut_bst_p3 tut_col_grid_p1 tut_col_grid_p2 tut_col_grid_p3 tut_dllist_p1 tut_dllist_p2 tut_dllist_p3 tut_graph_p1 tut_graph_p2 tut_graph_p3 tut_shapes_p1 tut_shapes_p2 tut_sllist_p1 tut_sllist_p2 tut_sllist_p3 vis_example wikidata_actor_snippet array1d.o array2d.o array3d.o audio_clip.o audio_clip_manipulation.o avl.o bintree.o bst_eq.o cancer_snippet.o circ_dllist.o circ_sllist.o color_grid.o display_game.o dllist.o elevation_snippet.o eq_snippet.o face_shp_coll.o game_size_test.o game_snippet.o graph_alist.o graph_alist_empty.o graph_amatrix.o graph_map_test.o gutenberg_snippet.o imdb_snippet.o input_game.o kdt.o linechart.o minimal_game.o mixed_assignments.o mllist.o osm.o osm_amenity_snippet.o osm_snippet.o shakespeare_snippet.o shape_collection.o shape_collection_layer.o shape_collection_textalign.o sine_wave.o sllist.o song_lyrics_snippet.o sorting_benchmark.o tree.o tut_array1d.o tut_array1d_p1.o tut_array1d_p2.o tut_array1d_p3.o tut_bst_p1.o tut_bst_p2.o tut_bst_p3.o tut_col_grid_p1.o tut_col_grid_p2.o tut_col_grid_p3.o tut_dllist_p1.o tut_dllist_p2.o tut_dllist_p3.o tut_graph_p1.o tut_graph_p2.o tut_graph_p3.o tut_shapes_p1.o tut_shapes_p2.o tut_sllist_p1.o tut_sllist_p2.o tut_sllist_p3.o vis_example.o wikidata_actor_snippet.o
g++ -g -o tut_col_grid_p2 tut_col_grid_p2.cpp -g -I/home/bridges-testing/bridges-cxx-install/include  -I/  -I/ -DTESTING=1 -std=c++14 -L /home/bridges-testing/bridges-cxx-install/lib -L/  -lcurl -l pthread -l bridges -l pthread
/usr/bin/ld: cannot find -lbridges
collect2: error: ld returned 1 exit status
make: *** [Makefile:40: tut_col_grid_p2] Error 1
could not compile c++/ for assignment in
</code></pre>
</div>
<div class="failure">
<h3> id="cxxlogtut_col_grid_p2.cpp-runtest">Run Test for test tut_col_grid_p2.cpp</h3>
<pre><code>valgrind: ./tut_col_grid_p2: No such file or directory
could not run test
</code></pre>
</div>
    
    </div>
    <div id="cxxlogtut_col_grid_p3.cpp" class="logdetails">
      <h2>Test tut_col_grid_p3.cpp full log</h2>
    
<div class="failure">
<h3> id="cxxlogtut_col_grid_p3.cpp-buildtest">Build Test for test tut_col_grid_p3.cpp</h3>
<pre><code>Compiling test tut_col_grid_p3.cpp
rm -f array1d array2d array3d audio_clip audio_clip_manipulation avl bintree bst_eq cancer_snippet circ_dllist circ_sllist color_grid display_game dllist elevation_snippet eq_snippet face_shp_coll game_size_test game_snippet graph_alist graph_alist_empty graph_amatrix graph_map_test gutenberg_snippet imdb_snippet input_game kdt linechart minimal_game mixed_assignments mllist osm osm_amenity_snippet osm_snippet shakespeare_snippet shape_collection shape_collection_layer shape_collection_textalign sine_wave sllist song_lyrics_snippet sorting_benchmark tree tut_array1d tut_array1d_p1 tut_array1d_p2 tut_array1d_p3 tut_bst_p1 tut_bst_p2 tut_bst_p3 tut_col_grid_p1 tut_col_grid_p2 tut_col_grid_p3 tut_dllist_p1 tut_dllist_p2 tut_dllist_p3 tut_graph_p1 tut_graph_p2 tut_graph_p3 tut_shapes_p1 tut_shapes_p2 tut_sllist_p1 tut_sllist_p2 tut_sllist_p3 vis_example wikidata_actor_snippet array1d.o array2d.o array3d.o audio_clip.o audio_clip_manipulation.o avl.o bintree.o bst_eq.o cancer_snippet.o circ_dllist.o circ_sllist.o color_grid.o display_game.o dllist.o elevation_snippet.o eq_snippet.o face_shp_coll.o game_size_test.o game_snippet.o graph_alist.o graph_alist_empty.o graph_amatrix.o graph_map_test.o gutenberg_snippet.o imdb_snippet.o input_game.o kdt.o linechart.o minimal_game.o mixed_assignments.o mllist.o osm.o osm_amenity_snippet.o osm_snippet.o shakespeare_snippet.o shape_collection.o shape_collection_layer.o shape_collection_textalign.o sine_wave.o sllist.o song_lyrics_snippet.o sorting_benchmark.o tree.o tut_array1d.o tut_array1d_p1.o tut_array1d_p2.o tut_array1d_p3.o tut_bst_p1.o tut_bst_p2.o tut_bst_p3.o tut_col_grid_p1.o tut_col_grid_p2.o tut_col_grid_p3.o tut_dllist_p1.o tut_dllist_p2.o tut_dllist_p3.o tut_graph_p1.o tut_graph_p2.o tut_graph_p3.o tut_shapes_p1.o tut_shapes_p2.o tut_sllist_p1.o tut_sllist_p2.o tut_sllist_p3.o vis_example.o wikidata_actor_snippet.o
g++ -g -o tut_col_grid_p3 tut_col_grid_p3.cpp -g -I/home/bridges-testing/bridges-cxx-install/include  -I/  -I/ -DTESTING=1 -std=c++14 -L /home/bridges-testing/bridges-cxx-install/lib -L/  -lcurl -l pthread -l bridges -l pthread
/usr/bin/ld: cannot find -lbridges
collect2: error: ld returned 1 exit status
make: *** [Makefile:40: tut_col_grid_p3] Error 1
could not compile c++/ for assignment in
</code></pre>
</div>
<div class="failure">
<h3> id="cxxlogtut_col_grid_p3.cpp-runtest">Run Test for test tut_col_grid_p3.cpp</h3>
<pre><code>valgrind: ./tut_col_grid_p3: No such file or directory
could not run test
</code></pre>
</div>
    
    </div>
    <div id="cxxlogtut_dllist_p1.cpp" class="logdetails">
      <h2>Test tut_dllist_p1.cpp full log</h2>
    
<div class="failure">
<h3> id="cxxlogtut_dllist_p1.cpp-buildtest">Build Test for test tut_dllist_p1.cpp</h3>
<pre><code>Compiling test tut_dllist_p1.cpp
rm -f array1d array2d array3d audio_clip audio_clip_manipulation avl bintree bst_eq cancer_snippet circ_dllist circ_sllist color_grid display_game dllist elevation_snippet eq_snippet face_shp_coll game_size_test game_snippet graph_alist graph_alist_empty graph_amatrix graph_map_test gutenberg_snippet imdb_snippet input_game kdt linechart minimal_game mixed_assignments mllist osm osm_amenity_snippet osm_snippet shakespeare_snippet shape_collection shape_collection_layer shape_collection_textalign sine_wave sllist song_lyrics_snippet sorting_benchmark tree tut_array1d tut_array1d_p1 tut_array1d_p2 tut_array1d_p3 tut_bst_p1 tut_bst_p2 tut_bst_p3 tut_col_grid_p1 tut_col_grid_p2 tut_col_grid_p3 tut_dllist_p1 tut_dllist_p2 tut_dllist_p3 tut_graph_p1 tut_graph_p2 tut_graph_p3 tut_shapes_p1 tut_shapes_p2 tut_sllist_p1 tut_sllist_p2 tut_sllist_p3 vis_example wikidata_actor_snippet array1d.o array2d.o array3d.o audio_clip.o audio_clip_manipulation.o avl.o bintree.o bst_eq.o cancer_snippet.o circ_dllist.o circ_sllist.o color_grid.o display_game.o dllist.o elevation_snippet.o eq_snippet.o face_shp_coll.o game_size_test.o game_snippet.o graph_alist.o graph_alist_empty.o graph_amatrix.o graph_map_test.o gutenberg_snippet.o imdb_snippet.o input_game.o kdt.o linechart.o minimal_game.o mixed_assignments.o mllist.o osm.o osm_amenity_snippet.o osm_snippet.o shakespeare_snippet.o shape_collection.o shape_collection_layer.o shape_collection_textalign.o sine_wave.o sllist.o song_lyrics_snippet.o sorting_benchmark.o tree.o tut_array1d.o tut_array1d_p1.o tut_array1d_p2.o tut_array1d_p3.o tut_bst_p1.o tut_bst_p2.o tut_bst_p3.o tut_col_grid_p1.o tut_col_grid_p2.o tut_col_grid_p3.o tut_dllist_p1.o tut_dllist_p2.o tut_dllist_p3.o tut_graph_p1.o tut_graph_p2.o tut_graph_p3.o tut_shapes_p1.o tut_shapes_p2.o tut_sllist_p1.o tut_sllist_p2.o tut_sllist_p3.o vis_example.o wikidata_actor_snippet.o
g++ -g -o tut_dllist_p1 tut_dllist_p1.cpp -g -I/home/bridges-testing/bridges-cxx-install/include  -I/  -I/ -DTESTING=1 -std=c++14 -L /home/bridges-testing/bridges-cxx-install/lib -L/  -lcurl -l pthread -l bridges -l pthread
/usr/bin/ld: cannot find -lbridges
collect2: error: ld returned 1 exit status
make: *** [Makefile:40: tut_dllist_p1] Error 1
could not compile c++/ for assignment in
</code></pre>
</div>
<div class="failure">
<h3> id="cxxlogtut_dllist_p1.cpp-runtest">Run Test for test tut_dllist_p1.cpp</h3>
<pre><code>valgrind: ./tut_dllist_p1: No such file or directory
could not run test
</code></pre>
</div>
    
    </div>
    <div id="cxxlogtut_dllist_p2.cpp" class="logdetails">
      <h2>Test tut_dllist_p2.cpp full log</h2>
    
<div class="failure">
<h3> id="cxxlogtut_dllist_p2.cpp-buildtest">Build Test for test tut_dllist_p2.cpp</h3>
<pre><code>Compiling test tut_dllist_p2.cpp
rm -f array1d array2d array3d audio_clip audio_clip_manipulation avl bintree bst_eq cancer_snippet circ_dllist circ_sllist color_grid display_game dllist elevation_snippet eq_snippet face_shp_coll game_size_test game_snippet graph_alist graph_alist_empty graph_amatrix graph_map_test gutenberg_snippet imdb_snippet input_game kdt linechart minimal_game mixed_assignments mllist osm osm_amenity_snippet osm_snippet shakespeare_snippet shape_collection shape_collection_layer shape_collection_textalign sine_wave sllist song_lyrics_snippet sorting_benchmark tree tut_array1d tut_array1d_p1 tut_array1d_p2 tut_array1d_p3 tut_bst_p1 tut_bst_p2 tut_bst_p3 tut_col_grid_p1 tut_col_grid_p2 tut_col_grid_p3 tut_dllist_p1 tut_dllist_p2 tut_dllist_p3 tut_graph_p1 tut_graph_p2 tut_graph_p3 tut_shapes_p1 tut_shapes_p2 tut_sllist_p1 tut_sllist_p2 tut_sllist_p3 vis_example wikidata_actor_snippet array1d.o array2d.o array3d.o audio_clip.o audio_clip_manipulation.o avl.o bintree.o bst_eq.o cancer_snippet.o circ_dllist.o circ_sllist.o color_grid.o display_game.o dllist.o elevation_snippet.o eq_snippet.o face_shp_coll.o game_size_test.o game_snippet.o graph_alist.o graph_alist_empty.o graph_amatrix.o graph_map_test.o gutenberg_snippet.o imdb_snippet.o input_game.o kdt.o linechart.o minimal_game.o mixed_assignments.o mllist.o osm.o osm_amenity_snippet.o osm_snippet.o shakespeare_snippet.o shape_collection.o shape_collection_layer.o shape_collection_textalign.o sine_wave.o sllist.o song_lyrics_snippet.o sorting_benchmark.o tree.o tut_array1d.o tut_array1d_p1.o tut_array1d_p2.o tut_array1d_p3.o tut_bst_p1.o tut_bst_p2.o tut_bst_p3.o tut_col_grid_p1.o tut_col_grid_p2.o tut_col_grid_p3.o tut_dllist_p1.o tut_dllist_p2.o tut_dllist_p3.o tut_graph_p1.o tut_graph_p2.o tut_graph_p3.o tut_shapes_p1.o tut_shapes_p2.o tut_sllist_p1.o tut_sllist_p2.o tut_sllist_p3.o vis_example.o wikidata_actor_snippet.o
g++ -g -o tut_dllist_p2 tut_dllist_p2.cpp -g -I/home/bridges-testing/bridges-cxx-install/include  -I/  -I/ -DTESTING=1 -std=c++14 -L /home/bridges-testing/bridges-cxx-install/lib -L/  -lcurl -l pthread -l bridges -l pthread
/usr/bin/ld: cannot find -lbridges
collect2: error: ld returned 1 exit status
make: *** [Makefile:40: tut_dllist_p2] Error 1
could not compile c++/ for assignment in
</code></pre>
</div>
<div class="failure">
<h3> id="cxxlogtut_dllist_p2.cpp-runtest">Run Test for test tut_dllist_p2.cpp</h3>
<pre><code>valgrind: ./tut_dllist_p2: No such file or directory
could not run test
</code></pre>
</div>
    
    </div>
    <div id="cxxlogtut_dllist_p3.cpp" class="logdetails">
      <h2>Test tut_dllist_p3.cpp full log</h2>
    
<div class="failure">
<h3> id="cxxlogtut_dllist_p3.cpp-buildtest">Build Test for test tut_dllist_p3.cpp</h3>
<pre><code>Compiling test tut_dllist_p3.cpp
rm -f array1d array2d array3d audio_clip audio_clip_manipulation avl bintree bst_eq cancer_snippet circ_dllist circ_sllist color_grid display_game dllist elevation_snippet eq_snippet face_shp_coll game_size_test game_snippet graph_alist graph_alist_empty graph_amatrix graph_map_test gutenberg_snippet imdb_snippet input_game kdt linechart minimal_game mixed_assignments mllist osm osm_amenity_snippet osm_snippet shakespeare_snippet shape_collection shape_collection_layer shape_collection_textalign sine_wave sllist song_lyrics_snippet sorting_benchmark tree tut_array1d tut_array1d_p1 tut_array1d_p2 tut_array1d_p3 tut_bst_p1 tut_bst_p2 tut_bst_p3 tut_col_grid_p1 tut_col_grid_p2 tut_col_grid_p3 tut_dllist_p1 tut_dllist_p2 tut_dllist_p3 tut_graph_p1 tut_graph_p2 tut_graph_p3 tut_shapes_p1 tut_shapes_p2 tut_sllist_p1 tut_sllist_p2 tut_sllist_p3 vis_example wikidata_actor_snippet array1d.o array2d.o array3d.o audio_clip.o audio_clip_manipulation.o avl.o bintree.o bst_eq.o cancer_snippet.o circ_dllist.o circ_sllist.o color_grid.o display_game.o dllist.o elevation_snippet.o eq_snippet.o face_shp_coll.o game_size_test.o game_snippet.o graph_alist.o graph_alist_empty.o graph_amatrix.o graph_map_test.o gutenberg_snippet.o imdb_snippet.o input_game.o kdt.o linechart.o minimal_game.o mixed_assignments.o mllist.o osm.o osm_amenity_snippet.o osm_snippet.o shakespeare_snippet.o shape_collection.o shape_collection_layer.o shape_collection_textalign.o sine_wave.o sllist.o song_lyrics_snippet.o sorting_benchmark.o tree.o tut_array1d.o tut_array1d_p1.o tut_array1d_p2.o tut_array1d_p3.o tut_bst_p1.o tut_bst_p2.o tut_bst_p3.o tut_col_grid_p1.o tut_col_grid_p2.o tut_col_grid_p3.o tut_dllist_p1.o tut_dllist_p2.o tut_dllist_p3.o tut_graph_p1.o tut_graph_p2.o tut_graph_p3.o tut_shapes_p1.o tut_shapes_p2.o tut_sllist_p1.o tut_sllist_p2.o tut_sllist_p3.o vis_example.o wikidata_actor_snippet.o
g++ -g -o tut_dllist_p3 tut_dllist_p3.cpp -g -I/home/bridges-testing/bridges-cxx-install/include  -I/  -I/ -DTESTING=1 -std=c++14 -L /home/bridges-testing/bridges-cxx-install/lib -L/  -lcurl -l pthread -l bridges -l pthread
/usr/bin/ld: cannot find -lbridges
collect2: error: ld returned 1 exit status
make: *** [Makefile:40: tut_dllist_p3] Error 1
could not compile c++/ for assignment in
</code></pre>
</div>
<div class="failure">
<h3> id="cxxlogtut_dllist_p3.cpp-runtest">Run Test for test tut_dllist_p3.cpp</h3>
<pre><code>valgrind: ./tut_dllist_p3: No such file or directory
could not run test
</code></pre>
</div>
    
    </div>
    <div id="cxxlogtut_graph_p1.cpp" class="logdetails">
      <h2>Test tut_graph_p1.cpp full log</h2>
    
<div class="failure">
<h3> id="cxxlogtut_graph_p1.cpp-buildtest">Build Test for test tut_graph_p1.cpp</h3>
<pre><code>Compiling test tut_graph_p1.cpp
rm -f array1d array2d array3d audio_clip audio_clip_manipulation avl bintree bst_eq cancer_snippet circ_dllist circ_sllist color_grid display_game dllist elevation_snippet eq_snippet face_shp_coll game_size_test game_snippet graph_alist graph_alist_empty graph_amatrix graph_map_test gutenberg_snippet imdb_snippet input_game kdt linechart minimal_game mixed_assignments mllist osm osm_amenity_snippet osm_snippet shakespeare_snippet shape_collection shape_collection_layer shape_collection_textalign sine_wave sllist song_lyrics_snippet sorting_benchmark tree tut_array1d tut_array1d_p1 tut_array1d_p2 tut_array1d_p3 tut_bst_p1 tut_bst_p2 tut_bst_p3 tut_col_grid_p1 tut_col_grid_p2 tut_col_grid_p3 tut_dllist_p1 tut_dllist_p2 tut_dllist_p3 tut_graph_p1 tut_graph_p2 tut_graph_p3 tut_shapes_p1 tut_shapes_p2 tut_sllist_p1 tut_sllist_p2 tut_sllist_p3 vis_example wikidata_actor_snippet array1d.o array2d.o array3d.o audio_clip.o audio_clip_manipulation.o avl.o bintree.o bst_eq.o cancer_snippet.o circ_dllist.o circ_sllist.o color_grid.o display_game.o dllist.o elevation_snippet.o eq_snippet.o face_shp_coll.o game_size_test.o game_snippet.o graph_alist.o graph_alist_empty.o graph_amatrix.o graph_map_test.o gutenberg_snippet.o imdb_snippet.o input_game.o kdt.o linechart.o minimal_game.o mixed_assignments.o mllist.o osm.o osm_amenity_snippet.o osm_snippet.o shakespeare_snippet.o shape_collection.o shape_collection_layer.o shape_collection_textalign.o sine_wave.o sllist.o song_lyrics_snippet.o sorting_benchmark.o tree.o tut_array1d.o tut_array1d_p1.o tut_array1d_p2.o tut_array1d_p3.o tut_bst_p1.o tut_bst_p2.o tut_bst_p3.o tut_col_grid_p1.o tut_col_grid_p2.o tut_col_grid_p3.o tut_dllist_p1.o tut_dllist_p2.o tut_dllist_p3.o tut_graph_p1.o tut_graph_p2.o tut_graph_p3.o tut_shapes_p1.o tut_shapes_p2.o tut_sllist_p1.o tut_sllist_p2.o tut_sllist_p3.o vis_example.o wikidata_actor_snippet.o
g++ -g -o tut_graph_p1 tut_graph_p1.cpp -g -I/home/bridges-testing/bridges-cxx-install/include  -I/  -I/ -DTESTING=1 -std=c++14 -L /home/bridges-testing/bridges-cxx-install/lib -L/  -lcurl -l pthread -l bridges -l pthread
/usr/bin/ld: cannot find -lbridges
collect2: error: ld returned 1 exit status
make: *** [Makefile:40: tut_graph_p1] Error 1
could not compile c++/ for assignment in
</code></pre>
</div>
<div class="failure">
<h3> id="cxxlogtut_graph_p1.cpp-runtest">Run Test for test tut_graph_p1.cpp</h3>
<pre><code>valgrind: ./tut_graph_p1: No such file or directory
could not run test
</code></pre>
</div>
    
    </div>
    <div id="cxxlogtut_graph_p2.cpp" class="logdetails">
      <h2>Test tut_graph_p2.cpp full log</h2>
    
<div class="failure">
<h3> id="cxxlogtut_graph_p2.cpp-buildtest">Build Test for test tut_graph_p2.cpp</h3>
<pre><code>Compiling test tut_graph_p2.cpp
rm -f array1d array2d array3d audio_clip audio_clip_manipulation avl bintree bst_eq cancer_snippet circ_dllist circ_sllist color_grid display_game dllist elevation_snippet eq_snippet face_shp_coll game_size_test game_snippet graph_alist graph_alist_empty graph_amatrix graph_map_test gutenberg_snippet imdb_snippet input_game kdt linechart minimal_game mixed_assignments mllist osm osm_amenity_snippet osm_snippet shakespeare_snippet shape_collection shape_collection_layer shape_collection_textalign sine_wave sllist song_lyrics_snippet sorting_benchmark tree tut_array1d tut_array1d_p1 tut_array1d_p2 tut_array1d_p3 tut_bst_p1 tut_bst_p2 tut_bst_p3 tut_col_grid_p1 tut_col_grid_p2 tut_col_grid_p3 tut_dllist_p1 tut_dllist_p2 tut_dllist_p3 tut_graph_p1 tut_graph_p2 tut_graph_p3 tut_shapes_p1 tut_shapes_p2 tut_sllist_p1 tut_sllist_p2 tut_sllist_p3 vis_example wikidata_actor_snippet array1d.o array2d.o array3d.o audio_clip.o audio_clip_manipulation.o avl.o bintree.o bst_eq.o cancer_snippet.o circ_dllist.o circ_sllist.o color_grid.o display_game.o dllist.o elevation_snippet.o eq_snippet.o face_shp_coll.o game_size_test.o game_snippet.o graph_alist.o graph_alist_empty.o graph_amatrix.o graph_map_test.o gutenberg_snippet.o imdb_snippet.o input_game.o kdt.o linechart.o minimal_game.o mixed_assignments.o mllist.o osm.o osm_amenity_snippet.o osm_snippet.o shakespeare_snippet.o shape_collection.o shape_collection_layer.o shape_collection_textalign.o sine_wave.o sllist.o song_lyrics_snippet.o sorting_benchmark.o tree.o tut_array1d.o tut_array1d_p1.o tut_array1d_p2.o tut_array1d_p3.o tut_bst_p1.o tut_bst_p2.o tut_bst_p3.o tut_col_grid_p1.o tut_col_grid_p2.o tut_col_grid_p3.o tut_dllist_p1.o tut_dllist_p2.o tut_dllist_p3.o tut_graph_p1.o tut_graph_p2.o tut_graph_p3.o tut_shapes_p1.o tut_shapes_p2.o tut_sllist_p1.o tut_sllist_p2.o tut_sllist_p3.o vis_example.o wikidata_actor_snippet.o
g++ -g -o tut_graph_p2 tut_graph_p2.cpp -g -I/home/bridges-testing/bridges-cxx-install/include  -I/  -I/ -DTESTING=1 -std=c++14 -L /home/bridges-testing/bridges-cxx-install/lib -L/  -lcurl -l pthread -l bridges -l pthread
/usr/bin/ld: cannot find -lbridges
collect2: error: ld returned 1 exit status
make: *** [Makefile:40: tut_graph_p2] Error 1
could not compile c++/ for assignment in
</code></pre>
</div>
<div class="failure">
<h3> id="cxxlogtut_graph_p2.cpp-runtest">Run Test for test tut_graph_p2.cpp</h3>
<pre><code>valgrind: ./tut_graph_p2: No such file or directory
could not run test
</code></pre>
</div>
    
    </div>
    <div id="cxxlogtut_graph_p3.cpp" class="logdetails">
      <h2>Test tut_graph_p3.cpp full log</h2>
    
<div class="failure">
<h3> id="cxxlogtut_graph_p3.cpp-buildtest">Build Test for test tut_graph_p3.cpp</h3>
<pre><code>Compiling test tut_graph_p3.cpp
rm -f array1d array2d array3d audio_clip audio_clip_manipulation avl bintree bst_eq cancer_snippet circ_dllist circ_sllist color_grid display_game dllist elevation_snippet eq_snippet face_shp_coll game_size_test game_snippet graph_alist graph_alist_empty graph_amatrix graph_map_test gutenberg_snippet imdb_snippet input_game kdt linechart minimal_game mixed_assignments mllist osm osm_amenity_snippet osm_snippet shakespeare_snippet shape_collection shape_collection_layer shape_collection_textalign sine_wave sllist song_lyrics_snippet sorting_benchmark tree tut_array1d tut_array1d_p1 tut_array1d_p2 tut_array1d_p3 tut_bst_p1 tut_bst_p2 tut_bst_p3 tut_col_grid_p1 tut_col_grid_p2 tut_col_grid_p3 tut_dllist_p1 tut_dllist_p2 tut_dllist_p3 tut_graph_p1 tut_graph_p2 tut_graph_p3 tut_shapes_p1 tut_shapes_p2 tut_sllist_p1 tut_sllist_p2 tut_sllist_p3 vis_example wikidata_actor_snippet array1d.o array2d.o array3d.o audio_clip.o audio_clip_manipulation.o avl.o bintree.o bst_eq.o cancer_snippet.o circ_dllist.o circ_sllist.o color_grid.o display_game.o dllist.o elevation_snippet.o eq_snippet.o face_shp_coll.o game_size_test.o game_snippet.o graph_alist.o graph_alist_empty.o graph_amatrix.o graph_map_test.o gutenberg_snippet.o imdb_snippet.o input_game.o kdt.o linechart.o minimal_game.o mixed_assignments.o mllist.o osm.o osm_amenity_snippet.o osm_snippet.o shakespeare_snippet.o shape_collection.o shape_collection_layer.o shape_collection_textalign.o sine_wave.o sllist.o song_lyrics_snippet.o sorting_benchmark.o tree.o tut_array1d.o tut_array1d_p1.o tut_array1d_p2.o tut_array1d_p3.o tut_bst_p1.o tut_bst_p2.o tut_bst_p3.o tut_col_grid_p1.o tut_col_grid_p2.o tut_col_grid_p3.o tut_dllist_p1.o tut_dllist_p2.o tut_dllist_p3.o tut_graph_p1.o tut_graph_p2.o tut_graph_p3.o tut_shapes_p1.o tut_shapes_p2.o tut_sllist_p1.o tut_sllist_p2.o tut_sllist_p3.o vis_example.o wikidata_actor_snippet.o
g++ -g -o tut_graph_p3 tut_graph_p3.cpp -g -I/home/bridges-testing/bridges-cxx-install/include  -I/  -I/ -DTESTING=1 -std=c++14 -L /home/bridges-testing/bridges-cxx-install/lib -L/  -lcurl -l pthread -l bridges -l pthread
/usr/bin/ld: cannot find -lbridges
collect2: error: ld returned 1 exit status
make: *** [Makefile:40: tut_graph_p3] Error 1
could not compile c++/ for assignment in
</code></pre>
</div>
<div class="failure">
<h3> id="cxxlogtut_graph_p3.cpp-runtest">Run Test for test tut_graph_p3.cpp</h3>
<pre><code>valgrind: ./tut_graph_p3: No such file or directory
could not run test
</code></pre>
</div>
    
    </div>
    <div id="cxxlogtut_shapes_p1.cpp" class="logdetails">
      <h2>Test tut_shapes_p1.cpp full log</h2>
    
<div class="failure">
<h3> id="cxxlogtut_shapes_p1.cpp-buildtest">Build Test for test tut_shapes_p1.cpp</h3>
<pre><code>Compiling test tut_shapes_p1.cpp
rm -f array1d array2d array3d audio_clip audio_clip_manipulation avl bintree bst_eq cancer_snippet circ_dllist circ_sllist color_grid display_game dllist elevation_snippet eq_snippet face_shp_coll game_size_test game_snippet graph_alist graph_alist_empty graph_amatrix graph_map_test gutenberg_snippet imdb_snippet input_game kdt linechart minimal_game mixed_assignments mllist osm osm_amenity_snippet osm_snippet shakespeare_snippet shape_collection shape_collection_layer shape_collection_textalign sine_wave sllist song_lyrics_snippet sorting_benchmark tree tut_array1d tut_array1d_p1 tut_array1d_p2 tut_array1d_p3 tut_bst_p1 tut_bst_p2 tut_bst_p3 tut_col_grid_p1 tut_col_grid_p2 tut_col_grid_p3 tut_dllist_p1 tut_dllist_p2 tut_dllist_p3 tut_graph_p1 tut_graph_p2 tut_graph_p3 tut_shapes_p1 tut_shapes_p2 tut_sllist_p1 tut_sllist_p2 tut_sllist_p3 vis_example wikidata_actor_snippet array1d.o array2d.o array3d.o audio_clip.o audio_clip_manipulation.o avl.o bintree.o bst_eq.o cancer_snippet.o circ_dllist.o circ_sllist.o color_grid.o display_game.o dllist.o elevation_snippet.o eq_snippet.o face_shp_coll.o game_size_test.o game_snippet.o graph_alist.o graph_alist_empty.o graph_amatrix.o graph_map_test.o gutenberg_snippet.o imdb_snippet.o input_game.o kdt.o linechart.o minimal_game.o mixed_assignments.o mllist.o osm.o osm_amenity_snippet.o osm_snippet.o shakespeare_snippet.o shape_collection.o shape_collection_layer.o shape_collection_textalign.o sine_wave.o sllist.o song_lyrics_snippet.o sorting_benchmark.o tree.o tut_array1d.o tut_array1d_p1.o tut_array1d_p2.o tut_array1d_p3.o tut_bst_p1.o tut_bst_p2.o tut_bst_p3.o tut_col_grid_p1.o tut_col_grid_p2.o tut_col_grid_p3.o tut_dllist_p1.o tut_dllist_p2.o tut_dllist_p3.o tut_graph_p1.o tut_graph_p2.o tut_graph_p3.o tut_shapes_p1.o tut_shapes_p2.o tut_sllist_p1.o tut_sllist_p2.o tut_sllist_p3.o vis_example.o wikidata_actor_snippet.o
g++ -g -o tut_shapes_p1 tut_shapes_p1.cpp -g -I/home/bridges-testing/bridges-cxx-install/include  -I/  -I/ -DTESTING=1 -std=c++14 -L /home/bridges-testing/bridges-cxx-install/lib -L/  -lcurl -l pthread -l bridges -l pthread
/usr/bin/ld: cannot find -lbridges
collect2: error: ld returned 1 exit status
make: *** [Makefile:40: tut_shapes_p1] Error 1
could not compile c++/ for assignment in
</code></pre>
</div>
<div class="failure">
<h3> id="cxxlogtut_shapes_p1.cpp-runtest">Run Test for test tut_shapes_p1.cpp</h3>
<pre><code>valgrind: ./tut_shapes_p1: No such file or directory
could not run test
</code></pre>
</div>
    
    </div>
    <div id="cxxlogtut_shapes_p2.cpp" class="logdetails">
      <h2>Test tut_shapes_p2.cpp full log</h2>
    
<div class="failure">
<h3> id="cxxlogtut_shapes_p2.cpp-buildtest">Build Test for test tut_shapes_p2.cpp</h3>
<pre><code>Compiling test tut_shapes_p2.cpp
rm -f array1d array2d array3d audio_clip audio_clip_manipulation avl bintree bst_eq cancer_snippet circ_dllist circ_sllist color_grid display_game dllist elevation_snippet eq_snippet face_shp_coll game_size_test game_snippet graph_alist graph_alist_empty graph_amatrix graph_map_test gutenberg_snippet imdb_snippet input_game kdt linechart minimal_game mixed_assignments mllist osm osm_amenity_snippet osm_snippet shakespeare_snippet shape_collection shape_collection_layer shape_collection_textalign sine_wave sllist song_lyrics_snippet sorting_benchmark tree tut_array1d tut_array1d_p1 tut_array1d_p2 tut_array1d_p3 tut_bst_p1 tut_bst_p2 tut_bst_p3 tut_col_grid_p1 tut_col_grid_p2 tut_col_grid_p3 tut_dllist_p1 tut_dllist_p2 tut_dllist_p3 tut_graph_p1 tut_graph_p2 tut_graph_p3 tut_shapes_p1 tut_shapes_p2 tut_sllist_p1 tut_sllist_p2 tut_sllist_p3 vis_example wikidata_actor_snippet array1d.o array2d.o array3d.o audio_clip.o audio_clip_manipulation.o avl.o bintree.o bst_eq.o cancer_snippet.o circ_dllist.o circ_sllist.o color_grid.o display_game.o dllist.o elevation_snippet.o eq_snippet.o face_shp_coll.o game_size_test.o game_snippet.o graph_alist.o graph_alist_empty.o graph_amatrix.o graph_map_test.o gutenberg_snippet.o imdb_snippet.o input_game.o kdt.o linechart.o minimal_game.o mixed_assignments.o mllist.o osm.o osm_amenity_snippet.o osm_snippet.o shakespeare_snippet.o shape_collection.o shape_collection_layer.o shape_collection_textalign.o sine_wave.o sllist.o song_lyrics_snippet.o sorting_benchmark.o tree.o tut_array1d.o tut_array1d_p1.o tut_array1d_p2.o tut_array1d_p3.o tut_bst_p1.o tut_bst_p2.o tut_bst_p3.o tut_col_grid_p1.o tut_col_grid_p2.o tut_col_grid_p3.o tut_dllist_p1.o tut_dllist_p2.o tut_dllist_p3.o tut_graph_p1.o tut_graph_p2.o tut_graph_p3.o tut_shapes_p1.o tut_shapes_p2.o tut_sllist_p1.o tut_sllist_p2.o tut_sllist_p3.o vis_example.o wikidata_actor_snippet.o
g++ -g -o tut_shapes_p2 tut_shapes_p2.cpp -g -I/home/bridges-testing/bridges-cxx-install/include  -I/  -I/ -DTESTING=1 -std=c++14 -L /home/bridges-testing/bridges-cxx-install/lib -L/  -lcurl -l pthread -l bridges -l pthread
/usr/bin/ld: cannot find -lbridges
collect2: error: ld returned 1 exit status
make: *** [Makefile:40: tut_shapes_p2] Error 1
could not compile c++/ for assignment in
</code></pre>
</div>
<div class="failure">
<h3> id="cxxlogtut_shapes_p2.cpp-runtest">Run Test for test tut_shapes_p2.cpp</h3>
<pre><code>valgrind: ./tut_shapes_p2: No such file or directory
could not run test
</code></pre>
</div>
    
    </div>
    <div id="cxxlogtut_sllist_p1.cpp" class="logdetails">
      <h2>Test tut_sllist_p1.cpp full log</h2>
    
<div class="failure">
<h3> id="cxxlogtut_sllist_p1.cpp-buildtest">Build Test for test tut_sllist_p1.cpp</h3>
<pre><code>Compiling test tut_sllist_p1.cpp
rm -f array1d array2d array3d audio_clip audio_clip_manipulation avl bintree bst_eq cancer_snippet circ_dllist circ_sllist color_grid display_game dllist elevation_snippet eq_snippet face_shp_coll game_size_test game_snippet graph_alist graph_alist_empty graph_amatrix graph_map_test gutenberg_snippet imdb_snippet input_game kdt linechart minimal_game mixed_assignments mllist osm osm_amenity_snippet osm_snippet shakespeare_snippet shape_collection shape_collection_layer shape_collection_textalign sine_wave sllist song_lyrics_snippet sorting_benchmark tree tut_array1d tut_array1d_p1 tut_array1d_p2 tut_array1d_p3 tut_bst_p1 tut_bst_p2 tut_bst_p3 tut_col_grid_p1 tut_col_grid_p2 tut_col_grid_p3 tut_dllist_p1 tut_dllist_p2 tut_dllist_p3 tut_graph_p1 tut_graph_p2 tut_graph_p3 tut_shapes_p1 tut_shapes_p2 tut_sllist_p1 tut_sllist_p2 tut_sllist_p3 vis_example wikidata_actor_snippet array1d.o array2d.o array3d.o audio_clip.o audio_clip_manipulation.o avl.o bintree.o bst_eq.o cancer_snippet.o circ_dllist.o circ_sllist.o color_grid.o display_game.o dllist.o elevation_snippet.o eq_snippet.o face_shp_coll.o game_size_test.o game_snippet.o graph_alist.o graph_alist_empty.o graph_amatrix.o graph_map_test.o gutenberg_snippet.o imdb_snippet.o input_game.o kdt.o linechart.o minimal_game.o mixed_assignments.o mllist.o osm.o osm_amenity_snippet.o osm_snippet.o shakespeare_snippet.o shape_collection.o shape_collection_layer.o shape_collection_textalign.o sine_wave.o sllist.o song_lyrics_snippet.o sorting_benchmark.o tree.o tut_array1d.o tut_array1d_p1.o tut_array1d_p2.o tut_array1d_p3.o tut_bst_p1.o tut_bst_p2.o tut_bst_p3.o tut_col_grid_p1.o tut_col_grid_p2.o tut_col_grid_p3.o tut_dllist_p1.o tut_dllist_p2.o tut_dllist_p3.o tut_graph_p1.o tut_graph_p2.o tut_graph_p3.o tut_shapes_p1.o tut_shapes_p2.o tut_sllist_p1.o tut_sllist_p2.o tut_sllist_p3.o vis_example.o wikidata_actor_snippet.o
g++ -g -o tut_sllist_p1 tut_sllist_p1.cpp -g -I/home/bridges-testing/bridges-cxx-install/include  -I/  -I/ -DTESTING=1 -std=c++14 -L /home/bridges-testing/bridges-cxx-install/lib -L/  -lcurl -l pthread -l bridges -l pthread
/usr/bin/ld: cannot find -lbridges
collect2: error: ld returned 1 exit status
make: *** [Makefile:40: tut_sllist_p1] Error 1
could not compile c++/ for assignment in
</code></pre>
</div>
<div class="failure">
<h3> id="cxxlogtut_sllist_p1.cpp-runtest">Run Test for test tut_sllist_p1.cpp</h3>
<pre><code>valgrind: ./tut_sllist_p1: No such file or directory
could not run test
</code></pre>
</div>
    
    </div>
    <div id="cxxlogtut_sllist_p2.cpp" class="logdetails">
      <h2>Test tut_sllist_p2.cpp full log</h2>
    
<div class="failure">
<h3> id="cxxlogtut_sllist_p2.cpp-buildtest">Build Test for test tut_sllist_p2.cpp</h3>
<pre><code>Compiling test tut_sllist_p2.cpp
rm -f array1d array2d array3d audio_clip audio_clip_manipulation avl bintree bst_eq cancer_snippet circ_dllist circ_sllist color_grid display_game dllist elevation_snippet eq_snippet face_shp_coll game_size_test game_snippet graph_alist graph_alist_empty graph_amatrix graph_map_test gutenberg_snippet imdb_snippet input_game kdt linechart minimal_game mixed_assignments mllist osm osm_amenity_snippet osm_snippet shakespeare_snippet shape_collection shape_collection_layer shape_collection_textalign sine_wave sllist song_lyrics_snippet sorting_benchmark tree tut_array1d tut_array1d_p1 tut_array1d_p2 tut_array1d_p3 tut_bst_p1 tut_bst_p2 tut_bst_p3 tut_col_grid_p1 tut_col_grid_p2 tut_col_grid_p3 tut_dllist_p1 tut_dllist_p2 tut_dllist_p3 tut_graph_p1 tut_graph_p2 tut_graph_p3 tut_shapes_p1 tut_shapes_p2 tut_sllist_p1 tut_sllist_p2 tut_sllist_p3 vis_example wikidata_actor_snippet array1d.o array2d.o array3d.o audio_clip.o audio_clip_manipulation.o avl.o bintree.o bst_eq.o cancer_snippet.o circ_dllist.o circ_sllist.o color_grid.o display_game.o dllist.o elevation_snippet.o eq_snippet.o face_shp_coll.o game_size_test.o game_snippet.o graph_alist.o graph_alist_empty.o graph_amatrix.o graph_map_test.o gutenberg_snippet.o imdb_snippet.o input_game.o kdt.o linechart.o minimal_game.o mixed_assignments.o mllist.o osm.o osm_amenity_snippet.o osm_snippet.o shakespeare_snippet.o shape_collection.o shape_collection_layer.o shape_collection_textalign.o sine_wave.o sllist.o song_lyrics_snippet.o sorting_benchmark.o tree.o tut_array1d.o tut_array1d_p1.o tut_array1d_p2.o tut_array1d_p3.o tut_bst_p1.o tut_bst_p2.o tut_bst_p3.o tut_col_grid_p1.o tut_col_grid_p2.o tut_col_grid_p3.o tut_dllist_p1.o tut_dllist_p2.o tut_dllist_p3.o tut_graph_p1.o tut_graph_p2.o tut_graph_p3.o tut_shapes_p1.o tut_shapes_p2.o tut_sllist_p1.o tut_sllist_p2.o tut_sllist_p3.o vis_example.o wikidata_actor_snippet.o
g++ -g -o tut_sllist_p2 tut_sllist_p2.cpp -g -I/home/bridges-testing/bridges-cxx-install/include  -I/  -I/ -DTESTING=1 -std=c++14 -L /home/bridges-testing/bridges-cxx-install/lib -L/  -lcurl -l pthread -l bridges -l pthread
/usr/bin/ld: cannot find -lbridges
collect2: error: ld returned 1 exit status
make: *** [Makefile:40: tut_sllist_p2] Error 1
could not compile c++/ for assignment in
</code></pre>
</div>
<div class="failure">
<h3> id="cxxlogtut_sllist_p2.cpp-runtest">Run Test for test tut_sllist_p2.cpp</h3>
<pre><code>valgrind: ./tut_sllist_p2: No such file or directory
could not run test
</code></pre>
</div>
    
    </div>
    <div id="cxxlogtut_sllist_p3.cpp" class="logdetails">
      <h2>Test tut_sllist_p3.cpp full log</h2>
    
<div class="failure">
<h3> id="cxxlogtut_sllist_p3.cpp-buildtest">Build Test for test tut_sllist_p3.cpp</h3>
<pre><code>Compiling test tut_sllist_p3.cpp
rm -f array1d array2d array3d audio_clip audio_clip_manipulation avl bintree bst_eq cancer_snippet circ_dllist circ_sllist color_grid display_game dllist elevation_snippet eq_snippet face_shp_coll game_size_test game_snippet graph_alist graph_alist_empty graph_amatrix graph_map_test gutenberg_snippet imdb_snippet input_game kdt linechart minimal_game mixed_assignments mllist osm osm_amenity_snippet osm_snippet shakespeare_snippet shape_collection shape_collection_layer shape_collection_textalign sine_wave sllist song_lyrics_snippet sorting_benchmark tree tut_array1d tut_array1d_p1 tut_array1d_p2 tut_array1d_p3 tut_bst_p1 tut_bst_p2 tut_bst_p3 tut_col_grid_p1 tut_col_grid_p2 tut_col_grid_p3 tut_dllist_p1 tut_dllist_p2 tut_dllist_p3 tut_graph_p1 tut_graph_p2 tut_graph_p3 tut_shapes_p1 tut_shapes_p2 tut_sllist_p1 tut_sllist_p2 tut_sllist_p3 vis_example wikidata_actor_snippet array1d.o array2d.o array3d.o audio_clip.o audio_clip_manipulation.o avl.o bintree.o bst_eq.o cancer_snippet.o circ_dllist.o circ_sllist.o color_grid.o display_game.o dllist.o elevation_snippet.o eq_snippet.o face_shp_coll.o game_size_test.o game_snippet.o graph_alist.o graph_alist_empty.o graph_amatrix.o graph_map_test.o gutenberg_snippet.o imdb_snippet.o input_game.o kdt.o linechart.o minimal_game.o mixed_assignments.o mllist.o osm.o osm_amenity_snippet.o osm_snippet.o shakespeare_snippet.o shape_collection.o shape_collection_layer.o shape_collection_textalign.o sine_wave.o sllist.o song_lyrics_snippet.o sorting_benchmark.o tree.o tut_array1d.o tut_array1d_p1.o tut_array1d_p2.o tut_array1d_p3.o tut_bst_p1.o tut_bst_p2.o tut_bst_p3.o tut_col_grid_p1.o tut_col_grid_p2.o tut_col_grid_p3.o tut_dllist_p1.o tut_dllist_p2.o tut_dllist_p3.o tut_graph_p1.o tut_graph_p2.o tut_graph_p3.o tut_shapes_p1.o tut_shapes_p2.o tut_sllist_p1.o tut_sllist_p2.o tut_sllist_p3.o vis_example.o wikidata_actor_snippet.o
g++ -g -o tut_sllist_p3 tut_sllist_p3.cpp -g -I/home/bridges-testing/bridges-cxx-install/include  -I/  -I/ -DTESTING=1 -std=c++14 -L /home/bridges-testing/bridges-cxx-install/lib -L/  -lcurl -l pthread -l bridges -l pthread
/usr/bin/ld: cannot find -lbridges
collect2: error: ld returned 1 exit status
make: *** [Makefile:40: tut_sllist_p3] Error 1
could not compile c++/ for assignment in
</code></pre>
</div>
<div class="failure">
<h3> id="cxxlogtut_sllist_p3.cpp-runtest">Run Test for test tut_sllist_p3.cpp</h3>
<pre><code>valgrind: ./tut_sllist_p3: No such file or directory
could not run test
</code></pre>
</div>
    
    </div>
    <div id="cxxlogvis_example.cpp" class="logdetails">
      <h2>Test vis_example.cpp full log</h2>
    
<div class="failure">
<h3> id="cxxlogvis_example.cpp-buildtest">Build Test for test vis_example.cpp</h3>
<pre><code>Compiling test vis_example.cpp
rm -f array1d array2d array3d audio_clip audio_clip_manipulation avl bintree bst_eq cancer_snippet circ_dllist circ_sllist color_grid display_game dllist elevation_snippet eq_snippet face_shp_coll game_size_test game_snippet graph_alist graph_alist_empty graph_amatrix graph_map_test gutenberg_snippet imdb_snippet input_game kdt linechart minimal_game mixed_assignments mllist osm osm_amenity_snippet osm_snippet shakespeare_snippet shape_collection shape_collection_layer shape_collection_textalign sine_wave sllist song_lyrics_snippet sorting_benchmark tree tut_array1d tut_array1d_p1 tut_array1d_p2 tut_array1d_p3 tut_bst_p1 tut_bst_p2 tut_bst_p3 tut_col_grid_p1 tut_col_grid_p2 tut_col_grid_p3 tut_dllist_p1 tut_dllist_p2 tut_dllist_p3 tut_graph_p1 tut_graph_p2 tut_graph_p3 tut_shapes_p1 tut_shapes_p2 tut_sllist_p1 tut_sllist_p2 tut_sllist_p3 vis_example wikidata_actor_snippet array1d.o array2d.o array3d.o audio_clip.o audio_clip_manipulation.o avl.o bintree.o bst_eq.o cancer_snippet.o circ_dllist.o circ_sllist.o color_grid.o display_game.o dllist.o elevation_snippet.o eq_snippet.o face_shp_coll.o game_size_test.o game_snippet.o graph_alist.o graph_alist_empty.o graph_amatrix.o graph_map_test.o gutenberg_snippet.o imdb_snippet.o input_game.o kdt.o linechart.o minimal_game.o mixed_assignments.o mllist.o osm.o osm_amenity_snippet.o osm_snippet.o shakespeare_snippet.o shape_collection.o shape_collection_layer.o shape_collection_textalign.o sine_wave.o sllist.o song_lyrics_snippet.o sorting_benchmark.o tree.o tut_array1d.o tut_array1d_p1.o tut_array1d_p2.o tut_array1d_p3.o tut_bst_p1.o tut_bst_p2.o tut_bst_p3.o tut_col_grid_p1.o tut_col_grid_p2.o tut_col_grid_p3.o tut_dllist_p1.o tut_dllist_p2.o tut_dllist_p3.o tut_graph_p1.o tut_graph_p2.o tut_graph_p3.o tut_shapes_p1.o tut_shapes_p2.o tut_sllist_p1.o tut_sllist_p2.o tut_sllist_p3.o vis_example.o wikidata_actor_snippet.o
g++ -g -o vis_example vis_example.cpp -g -I/home/bridges-testing/bridges-cxx-install/include  -I/  -I/ -DTESTING=1 -std=c++14 -L /home/bridges-testing/bridges-cxx-install/lib -L/  -lcurl -l pthread -l bridges -l pthread
/usr/bin/ld: cannot find -lbridges
collect2: error: ld returned 1 exit status
make: *** [Makefile:40: vis_example] Error 1
could not compile c++/ for assignment in
</code></pre>
</div>
<div class="failure">
<h3> id="cxxlogvis_example.cpp-runtest">Run Test for test vis_example.cpp</h3>
<pre><code>valgrind: ./vis_example: No such file or directory
could not run test
</code></pre>
</div>
    
    </div>
    <div id="cxxlogwikidata_actor_snippet.cpp" class="logdetails">
      <h2>Test wikidata_actor_snippet.cpp full log</h2>
    
<div class="failure">
<h3> id="cxxlogwikidata_actor_snippet.cpp-buildtest">Build Test for test wikidata_actor_snippet.cpp</h3>
<pre><code>Compiling test wikidata_actor_snippet.cpp
rm -f array1d array2d array3d audio_clip audio_clip_manipulation avl bintree bst_eq cancer_snippet circ_dllist circ_sllist color_grid display_game dllist elevation_snippet eq_snippet face_shp_coll game_size_test game_snippet graph_alist graph_alist_empty graph_amatrix graph_map_test gutenberg_snippet imdb_snippet input_game kdt linechart minimal_game mixed_assignments mllist osm osm_amenity_snippet osm_snippet shakespeare_snippet shape_collection shape_collection_layer shape_collection_textalign sine_wave sllist song_lyrics_snippet sorting_benchmark tree tut_array1d tut_array1d_p1 tut_array1d_p2 tut_array1d_p3 tut_bst_p1 tut_bst_p2 tut_bst_p3 tut_col_grid_p1 tut_col_grid_p2 tut_col_grid_p3 tut_dllist_p1 tut_dllist_p2 tut_dllist_p3 tut_graph_p1 tut_graph_p2 tut_graph_p3 tut_shapes_p1 tut_shapes_p2 tut_sllist_p1 tut_sllist_p2 tut_sllist_p3 vis_example wikidata_actor_snippet array1d.o array2d.o array3d.o audio_clip.o audio_clip_manipulation.o avl.o bintree.o bst_eq.o cancer_snippet.o circ_dllist.o circ_sllist.o color_grid.o display_game.o dllist.o elevation_snippet.o eq_snippet.o face_shp_coll.o game_size_test.o game_snippet.o graph_alist.o graph_alist_empty.o graph_amatrix.o graph_map_test.o gutenberg_snippet.o imdb_snippet.o input_game.o kdt.o linechart.o minimal_game.o mixed_assignments.o mllist.o osm.o osm_amenity_snippet.o osm_snippet.o shakespeare_snippet.o shape_collection.o shape_collection_layer.o shape_collection_textalign.o sine_wave.o sllist.o song_lyrics_snippet.o sorting_benchmark.o tree.o tut_array1d.o tut_array1d_p1.o tut_array1d_p2.o tut_array1d_p3.o tut_bst_p1.o tut_bst_p2.o tut_bst_p3.o tut_col_grid_p1.o tut_col_grid_p2.o tut_col_grid_p3.o tut_dllist_p1.o tut_dllist_p2.o tut_dllist_p3.o tut_graph_p1.o tut_graph_p2.o tut_graph_p3.o tut_shapes_p1.o tut_shapes_p2.o tut_sllist_p1.o tut_sllist_p2.o tut_sllist_p3.o vis_example.o wikidata_actor_snippet.o
g++ -g -o wikidata_actor_snippet wikidata_actor_snippet.cpp -g -I/home/bridges-testing/bridges-cxx-install/include  -I/  -I/ -DTESTING=1 -std=c++14 -L /home/bridges-testing/bridges-cxx-install/lib -L/  -lcurl -l pthread -l bridges -l pthread
/usr/bin/ld: cannot find -lbridges
collect2: error: ld returned 1 exit status
make: *** [Makefile:40: wikidata_actor_snippet] Error 1
could not compile c++/ for assignment in
</code></pre>
</div>
<div class="failure">
<h3> id="cxxlogwikidata_actor_snippet.cpp-runtest">Run Test for test wikidata_actor_snippet.cpp</h3>
<pre><code>valgrind: ./wikidata_actor_snippet: No such file or directory
could not run test
</code></pre>
</div>
    
    </div>
  </body>
