cd python/web_tutorial_mastercopy; make testing; 
make[1]: Entering directory '/home/bridges-testing/bridges-client-testing/python/web_tutorial_mastercopy'
unifdef -DTESTING=1 -o ../web_tutorial_testing/audio_clip.py audio_clip.py ; [ $? != 2 ]
unifdef -DTESTING=1 -o ../web_tutorial_testing/dllist.py dllist.py ; [ $? != 2 ]
unifdef -DTESTING=1 -o ../web_tutorial_testing/bst.py bst.py ; [ $? != 2 ]
unifdef -DTESTING=1 -o ../web_tutorial_testing/earthquake_snippet.py earthquake_snippet.py ; [ $? != 2 ]
unifdef -DTESTING=1 -o ../web_tutorial_testing/minimal_game.py minimal_game.py ; [ $? != 2 ]
unifdef -DTESTING=1 -o ../web_tutorial_testing/imdb_snippet.py imdb_snippet.py ; [ $? != 2 ]
unifdef -DTESTING=1 -o ../web_tutorial_testing/avl.py avl.py ; [ $? != 2 ]
unifdef -DTESTING=1 -o ../web_tutorial_testing/array2d.py array2d.py ; [ $? != 2 ]
unifdef -DTESTING=1 -o ../web_tutorial_testing/array1d.py array1d.py ; [ $? != 2 ]
unifdef -DTESTING=1 -o ../web_tutorial_testing/tree.py tree.py ; [ $? != 2 ]
unifdef -DTESTING=1 -o ../web_tutorial_testing/input_game.py input_game.py ; [ $? != 2 ]
unifdef -DTESTING=1 -o ../web_tutorial_testing/array3d.py array3d.py ; [ $? != 2 ]
unifdef -DTESTING=1 -o ../web_tutorial_testing/circ_sllist.py circ_sllist.py ; [ $? != 2 ]
unifdef -DTESTING=1 -o ../web_tutorial_testing/song_snippet.py song_snippet.py ; [ $? != 2 ]
unifdef -DTESTING=1 -o ../web_tutorial_testing/guttenberg_snippet.py guttenberg_snippet.py ; [ $? != 2 ]
unifdef -DTESTING=1 -o ../web_tutorial_testing/circ_dllist.py circ_dllist.py ; [ $? != 2 ]
unifdef -DTESTING=1 -o ../web_tutorial_testing/osm_snippet.py osm_snippet.py ; [ $? != 2 ]
unifdef -DTESTING=1 -o ../web_tutorial_testing/graph_alist.py graph_alist.py ; [ $? != 2 ]
unifdef -DTESTING=1 -o ../web_tutorial_testing/mountainpass.py mountainpass.py ; [ $? != 2 ]
unifdef -DTESTING=1 -o ../web_tutorial_testing/bintree.py bintree.py ; [ $? != 2 ]
unifdef -DTESTING=1 -o ../web_tutorial_testing/game_snippet.py game_snippet.py ; [ $? != 2 ]
unifdef -DTESTING=1 -o ../web_tutorial_testing/vis_example.py vis_example.py ; [ $? != 2 ]
unifdef -DTESTING=1 -o ../web_tutorial_testing/shape_collection.py shape_collection.py ; [ $? != 2 ]
unifdef -DTESTING=1 -o ../web_tutorial_testing/shakespeare_snippet.py shakespeare_snippet.py ; [ $? != 2 ]
unifdef -DTESTING=1 -o ../web_tutorial_testing/sllist.py sllist.py ; [ $? != 2 ]
unifdef -DTESTING=1 -o ../web_tutorial_testing/display_game.py display_game.py ; [ $? != 2 ]
unifdef -DTESTING=1 -o ../web_tutorial_testing/kdt.py kdt.py ; [ $? != 2 ]
unifdef -DTESTING=1 -o ../web_tutorial_testing/color_grid.py color_grid.py ; [ $? != 2 ]
unifdef -DTESTING=1 -o ../web_tutorial_testing/graph_amatrix.py graph_amatrix.py ; [ $? != 2 ]
make[1]: Leaving directory '/home/bridges-testing/bridges-client-testing/python/web_tutorial_mastercopy'
cd python/web_tutorial_testing; make; make run;
make[1]: Entering directory '/home/bridges-testing/bridges-client-testing/python/web_tutorial_testing'
make[1]: Nothing to be done for 'all'.
make[1]: Leaving directory '/home/bridges-testing/bridges-client-testing/python/web_tutorial_testing'
make[1]: Entering directory '/home/bridges-testing/bridges-client-testing/python/web_tutorial_testing'
ASSIGNMENTID=3000 ; for TEST in array1d.py array2d.py array3d.py audio_clip.py avl.py bintree.py bst.py circ_dllist.py circ_sllist.py color_grid.py dllist.py earthquake_snippet.py elevation_snippet.py game_snippet.py graph_alist.py graph_amatrix.py guttenberg_snippet.py imdb_snippet.py kdt.py mllist.py mountainpass.py osm_snippet.py shakespeare_snippet.py shape_collection.py sllist.py song_snippet.py tree.py vis_example.py; do \
	echo "python3 $TEST $ASSIGNMENTID bridges_testing 1321549621122 live" ; \
	      python3 $TEST $ASSIGNMENTID bridges_testing 1321549621122 live ; \
	ASSIGNMENTID=`expr $ASSIGNMENTID + 1`; \
done
python3 array1d.py 3000 bridges_testing 1321549621122 live
Traceback (most recent call last):
  File "array1d.py", line 1, in <module>
    from bridges.bridges import *
  File "/home/bridges-testing/.local/lib/python3.7/site-packages/bridges-3.1.0-py3.7.egg/bridges/__init__.py", line 2, in <module>
ModuleNotFoundError: No module named 'bridges.mesh'
python3 array2d.py 3001 bridges_testing 1321549621122 live
Traceback (most recent call last):
  File "array2d.py", line 1, in <module>
    from bridges.bridges import *
  File "/home/bridges-testing/.local/lib/python3.7/site-packages/bridges-3.1.0-py3.7.egg/bridges/__init__.py", line 2, in <module>
ModuleNotFoundError: No module named 'bridges.mesh'
python3 array3d.py 3002 bridges_testing 1321549621122 live
Traceback (most recent call last):
  File "array3d.py", line 1, in <module>
    from bridges.bridges import *
  File "/home/bridges-testing/.local/lib/python3.7/site-packages/bridges-3.1.0-py3.7.egg/bridges/__init__.py", line 2, in <module>
ModuleNotFoundError: No module named 'bridges.mesh'
python3 audio_clip.py 3003 bridges_testing 1321549621122 live
Traceback (most recent call last):
  File "audio_clip.py", line 2, in <module>
    from bridges import *
  File "/home/bridges-testing/.local/lib/python3.7/site-packages/bridges-3.1.0-py3.7.egg/bridges/__init__.py", line 2, in <module>
ModuleNotFoundError: No module named 'bridges.mesh'
python3 avl.py 3004 bridges_testing 1321549621122 live
Traceback (most recent call last):
  File "avl.py", line 1, in <module>
    from bridges.bridges import *
  File "/home/bridges-testing/.local/lib/python3.7/site-packages/bridges-3.1.0-py3.7.egg/bridges/__init__.py", line 2, in <module>
ModuleNotFoundError: No module named 'bridges.mesh'
python3 bintree.py 3005 bridges_testing 1321549621122 live
Traceback (most recent call last):
  File "bintree.py", line 1, in <module>
    from bridges.bridges import *
  File "/home/bridges-testing/.local/lib/python3.7/site-packages/bridges-3.1.0-py3.7.egg/bridges/__init__.py", line 2, in <module>
ModuleNotFoundError: No module named 'bridges.mesh'
python3 bst.py 3006 bridges_testing 1321549621122 live
Traceback (most recent call last):
  File "bst.py", line 1, in <module>
    from bridges.bridges import *
  File "/home/bridges-testing/.local/lib/python3.7/site-packages/bridges-3.1.0-py3.7.egg/bridges/__init__.py", line 2, in <module>
ModuleNotFoundError: No module named 'bridges.mesh'
python3 circ_dllist.py 3007 bridges_testing 1321549621122 live
Traceback (most recent call last):
  File "circ_dllist.py", line 1, in <module>
    from bridges.bridges import *
  File "/home/bridges-testing/.local/lib/python3.7/site-packages/bridges-3.1.0-py3.7.egg/bridges/__init__.py", line 2, in <module>
ModuleNotFoundError: No module named 'bridges.mesh'
python3 circ_sllist.py 3008 bridges_testing 1321549621122 live
Traceback (most recent call last):
  File "circ_sllist.py", line 1, in <module>
    from bridges.bridges import *
  File "/home/bridges-testing/.local/lib/python3.7/site-packages/bridges-3.1.0-py3.7.egg/bridges/__init__.py", line 2, in <module>
ModuleNotFoundError: No module named 'bridges.mesh'
python3 color_grid.py 3009 bridges_testing 1321549621122 live
Traceback (most recent call last):
  File "color_grid.py", line 1, in <module>
    from bridges.color_grid import *
  File "/home/bridges-testing/.local/lib/python3.7/site-packages/bridges-3.1.0-py3.7.egg/bridges/__init__.py", line 2, in <module>
ModuleNotFoundError: No module named 'bridges.mesh'
python3 dllist.py 3010 bridges_testing 1321549621122 live
Traceback (most recent call last):
  File "dllist.py", line 1, in <module>
    from bridges.dl_element import *
  File "/home/bridges-testing/.local/lib/python3.7/site-packages/bridges-3.1.0-py3.7.egg/bridges/__init__.py", line 2, in <module>
ModuleNotFoundError: No module named 'bridges.mesh'
python3 earthquake_snippet.py 3011 bridges_testing 1321549621122 live
Traceback (most recent call last):
  File "earthquake_snippet.py", line 1, in <module>
    from bridges.bridges import *
  File "/home/bridges-testing/.local/lib/python3.7/site-packages/bridges-3.1.0-py3.7.egg/bridges/__init__.py", line 2, in <module>
ModuleNotFoundError: No module named 'bridges.mesh'
python3 elevation_snippet.py 3012 bridges_testing 1321549621122 live
Traceback (most recent call last):
  File "elevation_snippet.py", line 1, in <module>
    from bridges.color_grid import *
  File "/home/bridges-testing/.local/lib/python3.7/site-packages/bridges-3.1.0-py3.7.egg/bridges/__init__.py", line 2, in <module>
ModuleNotFoundError: No module named 'bridges.mesh'
python3 game_snippet.py 3013 bridges_testing 1321549621122 live
Traceback (most recent call last):
  File "game_snippet.py", line 1, in <module>
    from bridges.bridges import *
  File "/home/bridges-testing/.local/lib/python3.7/site-packages/bridges-3.1.0-py3.7.egg/bridges/__init__.py", line 2, in <module>
ModuleNotFoundError: No module named 'bridges.mesh'
python3 graph_alist.py 3014 bridges_testing 1321549621122 live
Traceback (most recent call last):
  File "graph_alist.py", line 1, in <module>
    from bridges.data_src_dependent import *
  File "/home/bridges-testing/.local/lib/python3.7/site-packages/bridges-3.1.0-py3.7.egg/bridges/__init__.py", line 2, in <module>
ModuleNotFoundError: No module named 'bridges.mesh'
python3 graph_amatrix.py 3015 bridges_testing 1321549621122 live
Traceback (most recent call last):
  File "graph_amatrix.py", line 1, in <module>
    from bridges import *
  File "/home/bridges-testing/.local/lib/python3.7/site-packages/bridges-3.1.0-py3.7.egg/bridges/__init__.py", line 2, in <module>
ModuleNotFoundError: No module named 'bridges.mesh'
python3 guttenberg_snippet.py 3016 bridges_testing 1321549621122 live
Traceback (most recent call last):
  File "guttenberg_snippet.py", line 1, in <module>
    from bridges.bridges import *
  File "/home/bridges-testing/.local/lib/python3.7/site-packages/bridges-3.1.0-py3.7.egg/bridges/__init__.py", line 2, in <module>
ModuleNotFoundError: No module named 'bridges.mesh'
python3 imdb_snippet.py 3017 bridges_testing 1321549621122 live
Traceback (most recent call last):
  File "imdb_snippet.py", line 1, in <module>
    from bridges.bridges import *
  File "/home/bridges-testing/.local/lib/python3.7/site-packages/bridges-3.1.0-py3.7.egg/bridges/__init__.py", line 2, in <module>
ModuleNotFoundError: No module named 'bridges.mesh'
python3 kdt.py 3018 bridges_testing 1321549621122 live
Traceback (most recent call last):
  File "kdt.py", line 1, in <module>
    from bridges.bridges import *
  File "/home/bridges-testing/.local/lib/python3.7/site-packages/bridges-3.1.0-py3.7.egg/bridges/__init__.py", line 2, in <module>
ModuleNotFoundError: No module named 'bridges.mesh'
python3 mllist.py 3019 bridges_testing 1321549621122 live
Traceback (most recent call last):
  File "mllist.py", line 1, in <module>
    from bridges.bridges import *
  File "/home/bridges-testing/.local/lib/python3.7/site-packages/bridges-3.1.0-py3.7.egg/bridges/__init__.py", line 2, in <module>
ModuleNotFoundError: No module named 'bridges.mesh'
python3 mountainpass.py 3020 bridges_testing 1321549621122 live
Traceback (most recent call last):
  File "mountainpass.py", line 1, in <module>
    from bridges import *
  File "/home/bridges-testing/.local/lib/python3.7/site-packages/bridges-3.1.0-py3.7.egg/bridges/__init__.py", line 2, in <module>
ModuleNotFoundError: No module named 'bridges.mesh'
python3 osm_snippet.py 3021 bridges_testing 1321549621122 live
Traceback (most recent call last):
  File "osm_snippet.py", line 1, in <module>
    from bridges.bridges import *
  File "/home/bridges-testing/.local/lib/python3.7/site-packages/bridges-3.1.0-py3.7.egg/bridges/__init__.py", line 2, in <module>
ModuleNotFoundError: No module named 'bridges.mesh'
python3 shakespeare_snippet.py 3022 bridges_testing 1321549621122 live
Traceback (most recent call last):
  File "shakespeare_snippet.py", line 1, in <module>
    from bridges.bridges import *
  File "/home/bridges-testing/.local/lib/python3.7/site-packages/bridges-3.1.0-py3.7.egg/bridges/__init__.py", line 2, in <module>
ModuleNotFoundError: No module named 'bridges.mesh'
python3 shape_collection.py 3023 bridges_testing 1321549621122 live
Traceback (most recent call last):
  File "shape_collection.py", line 1, in <module>
    from bridges.symbol_collection import *
  File "/home/bridges-testing/.local/lib/python3.7/site-packages/bridges-3.1.0-py3.7.egg/bridges/__init__.py", line 2, in <module>
ModuleNotFoundError: No module named 'bridges.mesh'
python3 sllist.py 3024 bridges_testing 1321549621122 live
Traceback (most recent call last):
  File "sllist.py", line 1, in <module>
    from bridges.bridges import *
  File "/home/bridges-testing/.local/lib/python3.7/site-packages/bridges-3.1.0-py3.7.egg/bridges/__init__.py", line 2, in <module>
ModuleNotFoundError: No module named 'bridges.mesh'
python3 song_snippet.py 3025 bridges_testing 1321549621122 live
Traceback (most recent call last):
  File "song_snippet.py", line 1, in <module>
    from bridges.bridges import *
  File "/home/bridges-testing/.local/lib/python3.7/site-packages/bridges-3.1.0-py3.7.egg/bridges/__init__.py", line 2, in <module>
ModuleNotFoundError: No module named 'bridges.mesh'
python3 tree.py 3026 bridges_testing 1321549621122 live
Traceback (most recent call last):
  File "tree.py", line 1, in <module>
    from bridges.bridges import *
  File "/home/bridges-testing/.local/lib/python3.7/site-packages/bridges-3.1.0-py3.7.egg/bridges/__init__.py", line 2, in <module>
ModuleNotFoundError: No module named 'bridges.mesh'
python3 vis_example.py 3027 bridges_testing 1321549621122 live
Traceback (most recent call last):
  File "vis_example.py", line 1, in <module>
    from bridges.dl_element import *
  File "/home/bridges-testing/.local/lib/python3.7/site-packages/bridges-3.1.0-py3.7.egg/bridges/__init__.py", line 2, in <module>
ModuleNotFoundError: No module named 'bridges.mesh'
make[1]: Leaving directory '/home/bridges-testing/bridges-client-testing/python/web_tutorial_testing'
