    <html>
    <head>
<style>
.failure {
background-color: orangered;
}
.success {
background-color: springgreen;
}
</style>
    </head>
    <body>
	<h1>Testing logs for Python</h1>
	<p>Running at Sun Jul  7 04:41:33 AM EDT 2024</p>
  <div id="summary0" class="failure">
    <h2><a href="python_logs.html#pythonlog0">Assignment 0</a> </h2>
    <p>
      <ul>
        <li> Check Scaffold : <a href="python_logs.html#pythonlog0-checkscaffold">success</a></li>
        <li> Run Answer : <a href="python_logs.html#pythonlog0-runanswer">error</a></li>
      </ul>
    </p>
  </div>
  <div id="summary1" class="failure">
    <h2><a href="python_logs.html#pythonlog1">Assignment 1</a> </h2>
    <p>
      <ul>
        <li> Check Scaffold : <a href="python_logs.html#pythonlog1-checkscaffold">success</a></li>
        <li> Run Answer : <a href="python_logs.html#pythonlog1-runanswer">error</a></li>
      </ul>
    </p>
  </div>
  <div id="summary2" class="failure">
    <h2><a href="python_logs.html#pythonlog2">Assignment 2</a> </h2>
    <p>
      <ul>
        <li> Check Scaffold : <a href="python_logs.html#pythonlog2-checkscaffold">success</a></li>
        <li> Run Answer : <a href="python_logs.html#pythonlog2-runanswer">error</a></li>
      </ul>
    </p>
  </div>
  <div id="summary3" class="failure">
    <h2><a href="python_logs.html#pythonlog3">Assignment 3</a> </h2>
    <p>
      <ul>
        <li> Check Scaffold : <a href="python_logs.html#pythonlog3-checkscaffold">success</a></li>
        <li> Run Answer : <a href="python_logs.html#pythonlog3-runanswer">error</a></li>
      </ul>
    </p>
  </div>
  <div id="summary4" class="success">
    <h2><a href="python_logs.html#pythonlog4">Assignment 4</a> </h2>
    <p>
      <ul>
        <li> Check Scaffold : <a href="python_logs.html#pythonlog4-checkscaffold">success</a></li>
        <li> Run Answer : <a href="python_logs.html#pythonlog4-runanswer">success</a></li>
      </ul>
    </p>
  </div>
  <div id="summary5" class="failure">
    <h2><a href="python_logs.html#pythonlog5">Assignment 5</a> </h2>
    <p>
      <ul>
        <li> Check Scaffold : <a href="python_logs.html#pythonlog5-checkscaffold">error</a></li>
        <li> Run Answer : <a href="python_logs.html#pythonlog5-runanswer">error</a></li>
      </ul>
    </p>
  </div>
  <div id="summary6" class="failure">
    <h2><a href="python_logs.html#pythonlog6">Assignment 6</a> </h2>
    <p>
      <ul>
        <li> Check Scaffold : <a href="python_logs.html#pythonlog6-checkscaffold">success</a></li>
        <li> Run Answer : <a href="python_logs.html#pythonlog6-runanswer">error</a></li>
      </ul>
    </p>
  </div>
  <div id="summary7" class="failure">
    <h2><a href="python_logs.html#pythonlog7">Assignment 7</a> </h2>
    <p>
      <ul>
        <li> Check Scaffold : <a href="python_logs.html#pythonlog7-checkscaffold">success</a></li>
        <li> Run Answer : <a href="python_logs.html#pythonlog7-runanswer">error</a></li>
      </ul>
    </p>
  </div>
  <div id="summary8" class="failure">
    <h2><a href="python_logs.html#pythonlog8">Assignment 8</a> </h2>
    <p>
      <ul>
        <li> Check Scaffold : <a href="python_logs.html#pythonlog8-checkscaffold">success</a></li>
        <li> Run Answer : <a href="python_logs.html#pythonlog8-runanswer">error</a></li>
      </ul>
    </p>
  </div>
  <div id="summary9" class="failure">
    <h2><a href="python_logs.html#pythonlog9">Assignment 9</a> </h2>
    <p>
      <ul>
        <li> Check Scaffold : <a href="python_logs.html#pythonlog9-checkscaffold">error</a></li>
        <li> Run Answer : <a href="python_logs.html#pythonlog9-runanswer">success</a></li>
      </ul>
    </p>
  </div>
  <div id="summary10" class="failure">
    <h2><a href="python_logs.html#pythonlog10">Assignment 10</a> </h2>
    <p>
      <ul>
        <li> Check Scaffold : <a href="python_logs.html#pythonlog10-checkscaffold">error</a></li>
        <li> Run Answer : <a href="python_logs.html#pythonlog10-runanswer">error</a></li>
      </ul>
    </p>
  </div>
  <div id="summary11" class="failure">
    <h2><a href="python_logs.html#pythonlog11">Assignment 11</a> </h2>
    <p>
      <ul>
        <li> Check Scaffold : <a href="python_logs.html#pythonlog11-checkscaffold">success</a></li>
        <li> Run Answer : <a href="python_logs.html#pythonlog11-runanswer">error</a></li>
      </ul>
    </p>
  </div>
  <div id="summary12" class="failure">
    <h2><a href="python_logs.html#pythonlog12">Assignment 12</a> </h2>
    <p>
      <ul>
        <li> Check Scaffold : <a href="python_logs.html#pythonlog12-checkscaffold">success</a></li>
        <li> Run Answer : <a href="python_logs.html#pythonlog12-runanswer">error</a></li>
      </ul>
    </p>
  </div>
  <div id="summary13" class="failure">
    <h2><a href="python_logs.html#pythonlog13">Assignment 13</a> </h2>
    <p>
      <ul>
        <li> Check Scaffold : <a href="python_logs.html#pythonlog13-checkscaffold">success</a></li>
        <li> Run Answer : <a href="python_logs.html#pythonlog13-runanswer">error</a></li>
      </ul>
    </p>
  </div>
  <div id="summary14" class="failure">
    <h2><a href="python_logs.html#pythonlog14">Assignment 14</a> </h2>
    <p>
      <ul>
        <li> Check Scaffold : <a href="python_logs.html#pythonlog14-checkscaffold">success</a></li>
        <li> Run Answer : <a href="python_logs.html#pythonlog14-runanswer">error</a></li>
      </ul>
    </p>
  </div>
  <div id="summary15" class="failure">
    <h2><a href="python_logs.html#pythonlog15">Assignment 15</a> </h2>
    <p>
      <ul>
        <li> Check Scaffold : <a href="python_logs.html#pythonlog15-checkscaffold">success</a></li>
        <li> Run Answer : <a href="python_logs.html#pythonlog15-runanswer">error</a></li>
      </ul>
    </p>
  </div>
  <div id="summary16" class="failure">
    <h2><a href="python_logs.html#pythonlog16">Assignment 16</a> </h2>
    <p>
      <ul>
        <li> Check Scaffold : <a href="python_logs.html#pythonlog16-checkscaffold">error</a></li>
        <li> Run Answer : <a href="python_logs.html#pythonlog16-runanswer">error</a></li>
      </ul>
    </p>
  </div>
  <div id="summary17" class="failure">
    <h2><a href="python_logs.html#pythonlog17">Assignment 17</a> </h2>
    <p>
      <ul>
        <li> Check Scaffold : <a href="python_logs.html#pythonlog17-checkscaffold">success</a></li>
        <li> Run Answer : <a href="python_logs.html#pythonlog17-runanswer">error</a></li>
      </ul>
    </p>
  </div>
  <div id="summary18" class="failure">
    <h2><a href="python_logs.html#pythonlog18">Assignment 18</a> </h2>
    <p>
      <ul>
        <li> Check Scaffold : <a href="python_logs.html#pythonlog18-checkscaffold">success</a></li>
        <li> Run Answer : <a href="python_logs.html#pythonlog18-runanswer">error</a></li>
      </ul>
    </p>
  </div>
  <div id="summary19" class="failure">
    <h2><a href="python_logs.html#pythonlog19">Assignment 19</a> </h2>
    <p>
      <ul>
        <li> Check Scaffold : <a href="python_logs.html#pythonlog19-checkscaffold">success</a></li>
        <li> Run Answer : <a href="python_logs.html#pythonlog19-runanswer">error</a></li>
      </ul>
    </p>
  </div>
  <div id="summary20" class="failure">
    <h2><a href="python_logs.html#pythonlog20">Assignment 20</a> </h2>
    <p>
      <ul>
        <li> Check Scaffold : <a href="python_logs.html#pythonlog20-checkscaffold">success</a></li>
        <li> Run Answer : <a href="python_logs.html#pythonlog20-runanswer">error</a></li>
      </ul>
    </p>
  </div>
  <div id="summary21" class="failure">
    <h2><a href="python_logs.html#pythonlog21">Assignment 21</a> </h2>
    <p>
      <ul>
        <li> Check Scaffold : <a href="python_logs.html#pythonlog21-checkscaffold">success</a></li>
        <li> Run Answer : <a href="python_logs.html#pythonlog21-runanswer">error</a></li>
      </ul>
    </p>
  </div>
  <div id="summary22" class="failure">
    <h2><a href="python_logs.html#pythonlog22">Assignment 22</a> </h2>
    <p>
      <ul>
        <li> Check Scaffold : <a href="python_logs.html#pythonlog22-checkscaffold">success</a></li>
        <li> Run Answer : <a href="python_logs.html#pythonlog22-runanswer">error</a></li>
      </ul>
    </p>
  </div>
  <div id="summary23" class="failure">
    <h2><a href="python_logs.html#pythonlog23">Assignment 23</a> </h2>
    <p>
      <ul>
        <li> Check Scaffold : <a href="python_logs.html#pythonlog23-checkscaffold">success</a></li>
        <li> Run Answer : <a href="python_logs.html#pythonlog23-runanswer">error</a></li>
      </ul>
    </p>
  </div>
  <div id="summary24" class="failure">
    <h2><a href="python_logs.html#pythonlog24">Assignment 24</a> </h2>
    <p>
      <ul>
        <li> Check Scaffold : <a href="python_logs.html#pythonlog24-checkscaffold">success</a></li>
        <li> Run Answer : <a href="python_logs.html#pythonlog24-runanswer">error</a></li>
      </ul>
    </p>
  </div>
  <div id="summary25" class="failure">
    <h2><a href="python_logs.html#pythonlog25">Assignment 25</a> </h2>
    <p>
      <ul>
        <li> Check Scaffold : <a href="python_logs.html#pythonlog25-checkscaffold">success</a></li>
        <li> Run Answer : <a href="python_logs.html#pythonlog25-runanswer">error</a></li>
      </ul>
    </p>
  </div>
  <div id="summary26" class="failure">
    <h2><a href="python_logs.html#pythonlog26">Assignment 26</a> </h2>
    <p>
      <ul>
        <li> Check Scaffold : <a href="python_logs.html#pythonlog26-checkscaffold">success</a></li>
        <li> Run Answer : <a href="python_logs.html#pythonlog26-runanswer">error</a></li>
      </ul>
    </p>
  </div>
  <div id="summary27" class="failure">
    <h2><a href="python_logs.html#pythonlog27">Assignment 27</a> </h2>
    <p>
      <ul>
        <li> Check Scaffold : <a href="python_logs.html#pythonlog27-checkscaffold">success</a></li>
        <li> Run Answer : <a href="python_logs.html#pythonlog27-runanswer">error</a></li>
      </ul>
    </p>
  </div>
  <div id="summary28" class="failure">
    <h2><a href="python_logs.html#pythonlog28">Assignment 28</a> </h2>
    <p>
      <ul>
        <li> Check Scaffold : <a href="python_logs.html#pythonlog28-checkscaffold">success</a></li>
        <li> Run Answer : <a href="python_logs.html#pythonlog28-runanswer">error</a></li>
      </ul>
    </p>
  </div>
  <div id="summary29" class="failure">
    <h2><a href="python_logs.html#pythonlog29">Assignment 29</a> </h2>
    <p>
      <ul>
        <li> Check Scaffold : <a href="python_logs.html#pythonlog29-checkscaffold">success</a></li>
        <li> Run Answer : <a href="python_logs.html#pythonlog29-runanswer">error</a></li>
      </ul>
    </p>
  </div>
  <div id="summary30" class="failure">
    <h2><a href="python_logs.html#pythonlog30">Assignment 30</a> </h2>
    <p>
      <ul>
        <li> Check Scaffold : <a href="python_logs.html#pythonlog30-checkscaffold">error</a></li>
        <li> Run Answer : <a href="python_logs.html#pythonlog30-runanswer">error</a></li>
      </ul>
    </p>
  </div>
  <div id="summary31" class="failure">
    <h2><a href="python_logs.html#pythonlog31">Assignment 31</a> </h2>
    <p>
      <ul>
        <li> Check Scaffold : <a href="python_logs.html#pythonlog31-checkscaffold">error</a></li>
        <li> Run Answer : <a href="python_logs.html#pythonlog31-runanswer">error</a></li>
      </ul>
    </p>
  </div>
  <div id="summary32" class="failure">
    <h2><a href="python_logs.html#pythonlog32">Assignment 32</a> </h2>
    <p>
      <ul>
        <li> Check Scaffold : <a href="python_logs.html#pythonlog32-checkscaffold">success</a></li>
        <li> Run Answer : <a href="python_logs.html#pythonlog32-runanswer">error</a></li>
      </ul>
    </p>
  </div>
  <div id="summary33" class="failure">
    <h2><a href="python_logs.html#pythonlog33">Assignment 33</a> </h2>
    <p>
      <ul>
        <li> Check Scaffold : <a href="python_logs.html#pythonlog33-checkscaffold">error</a></li>
        <li> Run Answer : <a href="python_logs.html#pythonlog33-runanswer">error</a></li>
      </ul>
    </p>
  </div>
  <div id="summary34" class="failure">
    <h2><a href="python_logs.html#pythonlog34">Assignment 34</a> </h2>
    <p>
      <ul>
        <li> Check Scaffold : <a href="python_logs.html#pythonlog34-checkscaffold">success</a></li>
        <li> Run Answer : <a href="python_logs.html#pythonlog34-runanswer">error</a></li>
      </ul>
    </p>
  </div>
  <div id="summary35" class="failure">
    <h2><a href="python_logs.html#pythonlog35">Assignment 35</a> </h2>
    <p>
      <ul>
        <li> Check Scaffold : <a href="python_logs.html#pythonlog35-checkscaffold">success</a></li>
        <li> Run Answer : <a href="python_logs.html#pythonlog35-runanswer">error</a></li>
      </ul>
    </p>
  </div>
  <div id="summary36" class="failure">
    <h2><a href="python_logs.html#pythonlog36">Assignment 36</a> </h2>
    <p>
      <ul>
        <li> Check Scaffold : <a href="python_logs.html#pythonlog36-checkscaffold">success</a></li>
        <li> Run Answer : <a href="python_logs.html#pythonlog36-runanswer">error</a></li>
      </ul>
    </p>
  </div>
  <div id="summary37" class="failure">
    <h2><a href="python_logs.html#pythonlog37">Assignment 37</a> </h2>
    <p>
      <ul>
        <li> Check Scaffold : <a href="python_logs.html#pythonlog37-checkscaffold">error</a></li>
        <li> Run Answer : <a href="python_logs.html#pythonlog37-runanswer">error</a></li>
      </ul>
    </p>
  </div>
  <div id="summary38" class="success">
    <h2><a href="python_logs.html#pythonlog38">Assignment 38</a> </h2>
    <p>
      <ul>
        <li> Check Scaffold : <a href="python_logs.html#pythonlog38-checkscaffold">success</a></li>
        <li> Run Answer : <a href="python_logs.html#pythonlog38-runanswer">success</a></li>
      </ul>
    </p>
  </div>
  <div id="summary39" class="failure">
    <h2><a href="python_logs.html#pythonlog39">Assignment 39</a> </h2>
    <p>
      <ul>
        <li> Check Scaffold : <a href="python_logs.html#pythonlog39-checkscaffold">error</a></li>
        <li> Run Answer : <a href="python_logs.html#pythonlog39-runanswer">error</a></li>
      </ul>
    </p>
  </div>
  <div id="summary40" class="failure">
    <h2><a href="python_logs.html#pythonlog40">Assignment 40</a> </h2>
    <p>
      <ul>
        <li> Check Scaffold : <a href="python_logs.html#pythonlog40-checkscaffold">success</a></li>
        <li> Run Answer : <a href="python_logs.html#pythonlog40-runanswer">error</a></li>
      </ul>
    </p>
  </div>
  <div id="summary41" class="failure">
    <h2><a href="python_logs.html#pythonlog41">Assignment 41</a> </h2>
    <p>
      <ul>
        <li> Check Scaffold : <a href="python_logs.html#pythonlog41-checkscaffold">success</a></li>
        <li> Run Answer : <a href="python_logs.html#pythonlog41-runanswer">error</a></li>
      </ul>
    </p>
  </div>
  <div id="summary42" class="failure">
    <h2><a href="python_logs.html#pythonlog42">Assignment 42</a> </h2>
    <p>
      <ul>
        <li> Check Scaffold : <a href="python_logs.html#pythonlog42-checkscaffold">success</a></li>
        <li> Run Answer : <a href="python_logs.html#pythonlog42-runanswer">error</a></li>
      </ul>
    </p>
  </div>
  <div id="summary43" class="success">
    <h2><a href="python_logs.html#pythonlog43">Assignment 43</a> </h2>
    <p>
      <ul>
        <li> Check Scaffold : <a href="python_logs.html#pythonlog43-checkscaffold">success</a></li>
        <li> Run Answer : <a href="python_logs.html#pythonlog43-runanswer">success</a></li>
      </ul>
    </p>
  </div>
  <div id="summary44" class="failure">
    <h2><a href="python_logs.html#pythonlog44">Assignment 44</a> </h2>
    <p>
      <ul>
        <li> Check Scaffold : <a href="python_logs.html#pythonlog44-checkscaffold">error</a></li>
        <li> Run Answer : <a href="python_logs.html#pythonlog44-runanswer">success</a></li>
      </ul>
    </p>
  </div>
  <div id="summary45" class="failure">
    <h2><a href="python_logs.html#pythonlog45">Assignment 45</a> </h2>
    <p>
      <ul>
        <li> Check Scaffold : <a href="python_logs.html#pythonlog45-checkscaffold">success</a></li>
        <li> Run Answer : <a href="python_logs.html#pythonlog45-runanswer">error</a></li>
      </ul>
    </p>
  </div>
  <div id="summary46" class="failure">
    <h2><a href="python_logs.html#pythonlog46">Assignment 46</a> </h2>
    <p>
      <ul>
        <li> Check Scaffold : <a href="python_logs.html#pythonlog46-checkscaffold">error</a></li>
        <li> Run Answer : <a href="python_logs.html#pythonlog46-runanswer">error</a></li>
      </ul>
    </p>
  </div>
  <div id="summary47" class="failure">
    <h2><a href="python_logs.html#pythonlog47">Assignment 47</a> </h2>
    <p>
      <ul>
        <li> Check Scaffold : <a href="python_logs.html#pythonlog47-checkscaffold">error</a></li>
        <li> Run Answer : <a href="python_logs.html#pythonlog47-runanswer">error</a></li>
      </ul>
    </p>
  </div>
  <div id="summary48" class="failure">
    <h2><a href="python_logs.html#pythonlog48">Assignment 48</a> </h2>
    <p>
      <ul>
        <li> Check Scaffold : <a href="python_logs.html#pythonlog48-checkscaffold">error</a></li>
        <li> Run Answer : <a href="python_logs.html#pythonlog48-runanswer">error</a></li>
      </ul>
    </p>
  </div>
  <div id="summary49" class="failure">
    <h2><a href="python_logs.html#pythonlog49">Assignment 49</a> </h2>
    <p>
      <ul>
        <li> Check Scaffold : <a href="python_logs.html#pythonlog49-checkscaffold">error</a></li>
        <li> Run Answer : <a href="python_logs.html#pythonlog49-runanswer">error</a></li>
      </ul>
    </p>
  </div>
  <div id="summary50" class="failure">
    <h2><a href="python_logs.html#pythonlog50">Assignment 50</a> </h2>
    <p>
      <ul>
        <li> Check Scaffold : <a href="python_logs.html#pythonlog50-checkscaffold">error</a></li>
        <li> Run Answer : <a href="python_logs.html#pythonlog50-runanswer">error</a></li>
      </ul>
    </p>
  </div>
  <div id="summary51" class="failure">
    <h2><a href="python_logs.html#pythonlog51">Assignment 51</a> </h2>
    <p>
      <ul>
        <li> Check Scaffold : <a href="python_logs.html#pythonlog51-checkscaffold">error</a></li>
        <li> Run Answer : <a href="python_logs.html#pythonlog51-runanswer">error</a></li>
      </ul>
    </p>
  </div>
  <div id="summary52" class="failure">
    <h2><a href="python_logs.html#pythonlog52">Assignment 52</a> </h2>
    <p>
      <ul>
        <li> Check Scaffold : <a href="python_logs.html#pythonlog52-checkscaffold">error</a></li>
        <li> Run Answer : <a href="python_logs.html#pythonlog52-runanswer">error</a></li>
      </ul>
    </p>
  </div>
  <div id="summary53" class="failure">
    <h2><a href="python_logs.html#pythonlog53">Assignment 53</a> </h2>
    <p>
      <ul>
        <li> Check Scaffold : <a href="python_logs.html#pythonlog53-checkscaffold">error</a></li>
        <li> Run Answer : <a href="python_logs.html#pythonlog53-runanswer">error</a></li>
      </ul>
    </p>
  </div>
  <div id="summary54" class="failure">
    <h2><a href="python_logs.html#pythonlog54">Assignment 54</a> </h2>
    <p>
      <ul>
        <li> Check Scaffold : <a href="python_logs.html#pythonlog54-checkscaffold">error</a></li>
        <li> Run Answer : <a href="python_logs.html#pythonlog54-runanswer">error</a></li>
      </ul>
    </p>
  </div>
  <div id="summary55" class="failure">
    <h2><a href="python_logs.html#pythonlog55">Assignment 55</a> </h2>
    <p>
      <ul>
        <li> Check Scaffold : <a href="python_logs.html#pythonlog55-checkscaffold">error</a></li>
        <li> Run Answer : <a href="python_logs.html#pythonlog55-runanswer">error</a></li>
      </ul>
    </p>
  </div>
  <div id="summary56" class="failure">
    <h2><a href="python_logs.html#pythonlog56">Assignment 56</a> </h2>
    <p>
      <ul>
        <li> Check Scaffold : <a href="python_logs.html#pythonlog56-checkscaffold">success</a></li>
        <li> Run Answer : <a href="python_logs.html#pythonlog56-runanswer">error</a></li>
      </ul>
    </p>
  </div>
  <div id="summary57" class="failure">
    <h2><a href="python_logs.html#pythonlog57">Assignment 57</a> </h2>
    <p>
      <ul>
        <li> Check Scaffold : <a href="python_logs.html#pythonlog57-checkscaffold">error</a></li>
        <li> Run Answer : <a href="python_logs.html#pythonlog57-runanswer">error</a></li>
      </ul>
    </p>
  </div>
  <div id="summary58" class="failure">
    <h2><a href="python_logs.html#pythonlog58">Assignment 58</a> </h2>
    <p>
      <ul>
        <li> Check Scaffold : <a href="python_logs.html#pythonlog58-checkscaffold">error</a></li>
        <li> Run Answer : <a href="python_logs.html#pythonlog58-runanswer">error</a></li>
      </ul>
    </p>
  </div>
  <div id="summary59" class="failure">
    <h2><a href="python_logs.html#pythonlog59">Assignment 59</a> </h2>
    <p>
      <ul>
        <li> Check Scaffold : <a href="python_logs.html#pythonlog59-checkscaffold">success</a></li>
        <li> Run Answer : <a href="python_logs.html#pythonlog59-runanswer">error</a></li>
      </ul>
    </p>
  </div>
  <div id="summary60" class="failure">
    <h2><a href="python_logs.html#pythonlog60">Assignment 60</a> </h2>
    <p>
      <ul>
        <li> Check Scaffold : <a href="python_logs.html#pythonlog60-checkscaffold">success</a></li>
        <li> Run Answer : <a href="python_logs.html#pythonlog60-runanswer">error</a></li>
      </ul>
    </p>
  </div>
  <div id="summary61" class="failure">
    <h2><a href="python_logs.html#pythonlog61">Assignment 61</a> </h2>
    <p>
      <ul>
        <li> Check Scaffold : <a href="python_logs.html#pythonlog61-checkscaffold">error</a></li>
        <li> Run Answer : <a href="python_logs.html#pythonlog61-runanswer">success</a></li>
      </ul>
    </p>
  </div>
  <div id="summary62" class="failure">
    <h2><a href="python_logs.html#pythonlog62">Assignment 62</a> </h2>
    <p>
      <ul>
        <li> Check Scaffold : <a href="python_logs.html#pythonlog62-checkscaffold">error</a></li>
        <li> Run Answer : <a href="python_logs.html#pythonlog62-runanswer">error</a></li>
      </ul>
    </p>
  </div>
  <div id="summary63" class="failure">
    <h2><a href="python_logs.html#pythonlog63">Assignment 63</a> </h2>
    <p>
      <ul>
        <li> Check Scaffold : <a href="python_logs.html#pythonlog63-checkscaffold">success</a></li>
        <li> Run Answer : <a href="python_logs.html#pythonlog63-runanswer">error</a></li>
      </ul>
    </p>
  </div>
  <div id="summary64" class="failure">
    <h2><a href="python_logs.html#pythonlog64">Assignment 64</a> </h2>
    <p>
      <ul>
        <li> Check Scaffold : <a href="python_logs.html#pythonlog64-checkscaffold">success</a></li>
        <li> Run Answer : <a href="python_logs.html#pythonlog64-runanswer">error</a></li>
      </ul>
    </p>
  </div>
  <div id="summary65" class="failure">
    <h2><a href="python_logs.html#pythonlog65">Assignment 65</a> </h2>
    <p>
      <ul>
        <li> Check Scaffold : <a href="python_logs.html#pythonlog65-checkscaffold">error</a></li>
        <li> Run Answer : <a href="python_logs.html#pythonlog65-runanswer">error</a></li>
      </ul>
    </p>
  </div>
  <div id="summary66" class="failure">
    <h2><a href="python_logs.html#pythonlog66">Assignment 66</a> </h2>
    <p>
      <ul>
        <li> Check Scaffold : <a href="python_logs.html#pythonlog66-checkscaffold">error</a></li>
        <li> Run Answer : <a href="python_logs.html#pythonlog66-runanswer">error</a></li>
      </ul>
    </p>
  </div>
  <div id="summary67" class="failure">
    <h2><a href="python_logs.html#pythonlog67">Assignment 67</a> </h2>
    <p>
      <ul>
        <li> Check Scaffold : <a href="python_logs.html#pythonlog67-checkscaffold">error</a></li>
        <li> Run Answer : <a href="python_logs.html#pythonlog67-runanswer">error</a></li>
      </ul>
    </p>
  </div>
  <div id="summary68" class="failure">
    <h2><a href="python_logs.html#pythonlog68">Assignment 68</a> </h2>
    <p>
      <ul>
        <li> Check Scaffold : <a href="python_logs.html#pythonlog68-checkscaffold">error</a></li>
        <li> Run Answer : <a href="python_logs.html#pythonlog68-runanswer">error</a></li>
      </ul>
    </p>
  </div>
  <div id="summary69" class="failure">
    <h2><a href="python_logs.html#pythonlog69">Assignment 69</a> </h2>
    <p>
      <ul>
        <li> Check Scaffold : <a href="python_logs.html#pythonlog69-checkscaffold">error</a></li>
        <li> Run Answer : <a href="python_logs.html#pythonlog69-runanswer">error</a></li>
      </ul>
    </p>
  </div>
  <div id="summary70" class="failure">
    <h2><a href="python_logs.html#pythonlog70">Assignment 70</a> </h2>
    <p>
      <ul>
        <li> Check Scaffold : <a href="python_logs.html#pythonlog70-checkscaffold">success</a></li>
        <li> Run Answer : <a href="python_logs.html#pythonlog70-runanswer">error</a></li>
      </ul>
    </p>
  </div>
  <div id="summary71" class="failure">
    <h2><a href="python_logs.html#pythonlog71">Assignment 71</a> </h2>
    <p>
      <ul>
        <li> Check Scaffold : <a href="python_logs.html#pythonlog71-checkscaffold">success</a></li>
        <li> Run Answer : <a href="python_logs.html#pythonlog71-runanswer">error</a></li>
      </ul>
    </p>
  </div>
  <div id="summary72" class="failure">
    <h2><a href="python_logs.html#pythonlog72">Assignment 72</a> </h2>
    <p>
      <ul>
        <li> Check Scaffold : <a href="python_logs.html#pythonlog72-checkscaffold">success</a></li>
        <li> Run Answer : <a href="python_logs.html#pythonlog72-runanswer">error</a></li>
      </ul>
    </p>
  </div>
  <div id="summary73" class="failure">
    <h2><a href="python_logs.html#pythonlog73">Assignment 73</a> </h2>
    <p>
      <ul>
        <li> Check Scaffold : <a href="python_logs.html#pythonlog73-checkscaffold">error</a></li>
        <li> Run Answer : <a href="python_logs.html#pythonlog73-runanswer">error</a></li>
      </ul>
    </p>
  </div>
  <div id="summary74" class="failure">
    <h2><a href="python_logs.html#pythonlog74">Assignment 74</a> </h2>
    <p>
      <ul>
        <li> Check Scaffold : <a href="python_logs.html#pythonlog74-checkscaffold">error</a></li>
        <li> Run Answer : <a href="python_logs.html#pythonlog74-runanswer">error</a></li>
      </ul>
    </p>
  </div>
  <div id="summary75" class="failure">
    <h2><a href="python_logs.html#pythonlog75">Assignment 75</a> </h2>
    <p>
      <ul>
        <li> Check Scaffold : <a href="python_logs.html#pythonlog75-checkscaffold">success</a></li>
        <li> Run Answer : <a href="python_logs.html#pythonlog75-runanswer">error</a></li>
      </ul>
    </p>
  </div>
  <div id="summary76" class="failure">
    <h2><a href="python_logs.html#pythonlog76">Assignment 76</a> </h2>
    <p>
      <ul>
        <li> Check Scaffold : <a href="python_logs.html#pythonlog76-checkscaffold">error</a></li>
        <li> Run Answer : <a href="python_logs.html#pythonlog76-runanswer">error</a></li>
      </ul>
    </p>
  </div>
    <div id="pythonlog0" class="logdetails">
      <h2>Assignment 0 full log</h2>
    
<div class="success">
<h3 id="pythonlog0-checkscaffold">Check Scaffold for Assignment 0</h3>
<pre><code>Guessing setup.py is the python file where main is

</code></pre>
</div>
<div class="failure">
<h3 id="pythonlog0-runanswer">Run Answer for Assignment 0</h3>
<pre><code>Guessing setup.py is the python file where main is

Traceback (most recent call last):
  File &quot;/home/bridges-testing/bridges-assignments/assignmentdb/0-Setup/python_answer/setup.py&quot;, line 32, in &lt;module&gt;
    main()
  File &quot;/home/bridges-testing/bridges-assignments/assignmentdb/0-Setup/python_answer/setup.py&quot;, line 29, in main
    bridges.visualize()
  File &quot;/home/bridges-testing/.local/lib/python3.11/site-packages/bridges-3.4.4-py3.11.egg/bridges/bridges.py&quot;, line 215, in visualize
AttributeError: 'Bridges' object has no attribute 'map'. Did you mean: '_map'?
could not run python_answer for assignment in ../assignmentdb/0-Setup/python_answer
</code></pre>
</div>
    
    </div>
    <div id="pythonlog1" class="logdetails">
      <h2>Assignment 1 full log</h2>
    
<div class="success">
<h3 id="pythonlog1-checkscaffold">Check Scaffold for Assignment 1</h3>
<pre><code>Guessing ListIMDB.py is the python file where main is

</code></pre>
</div>
<div class="failure">
<h3 id="pythonlog1-runanswer">Run Answer for Assignment 1</h3>
<pre><code>Guessing ListIMDB.py is the python file where main is

Traceback (most recent call last):
  File &quot;/home/bridges-testing/bridges-assignments/assignmentdb/1-ListIMDB/python_answer/ListIMDB.py&quot;, line 25, in &lt;module&gt;
    main()
  File &quot;/home/bridges-testing/bridges-assignments/assignmentdb/1-ListIMDB/python_answer/ListIMDB.py&quot;, line 22, in main
    bridges.visualize()
  File &quot;/home/bridges-testing/.local/lib/python3.11/site-packages/bridges-3.4.4-py3.11.egg/bridges/bridges.py&quot;, line 215, in visualize
AttributeError: 'Bridges' object has no attribute 'map'. Did you mean: '_map'?
could not run python_answer for assignment in ../assignmentdb/1-ListIMDB/python_answer
</code></pre>
</div>
    
    </div>
    <div id="pythonlog2" class="logdetails">
      <h2>Assignment 2 full log</h2>
    
<div class="success">
<h3 id="pythonlog2-checkscaffold">Check Scaffold for Assignment 2</h3>
<pre><code>Guessing ListEQ.py is the python file where main is

</code></pre>
</div>
<div class="failure">
<h3 id="pythonlog2-runanswer">Run Answer for Assignment 2</h3>
<pre><code>Guessing ListEQ.py is the python file where main is

Traceback (most recent call last):
  File &quot;/home/bridges-testing/bridges-assignments/assignmentdb/2-ListEQ/python_answer/ListEQ.py&quot;, line 66, in &lt;module&gt;
    main()
  File &quot;/home/bridges-testing/bridges-assignments/assignmentdb/2-ListEQ/python_answer/ListEQ.py&quot;, line 63, in main
    bridges.visualize()
  File &quot;/home/bridges-testing/.local/lib/python3.11/site-packages/bridges-3.4.4-py3.11.egg/bridges/bridges.py&quot;, line 215, in visualize
AttributeError: 'Bridges' object has no attribute 'map'. Did you mean: '_map'?
could not run python_answer for assignment in ../assignmentdb/2-ListEQ/python_answer
</code></pre>
</div>
    
    </div>
    <div id="pythonlog3" class="logdetails">
      <h2>Assignment 3 full log</h2>
    
<div class="success">
<h3 id="pythonlog3-checkscaffold">Check Scaffold for Assignment 3</h3>
<pre><code>Guessing GraphBaconNumber.py is the python file where main is

</code></pre>
</div>
<div class="failure">
<h3 id="pythonlog3-runanswer">Run Answer for Assignment 3</h3>
<pre><code>Guessing GraphBaconNumber.py is the python file where main is

Traceback (most recent call last):
  File &quot;/home/bridges-testing/bridges-assignments/assignmentdb/3-GraphBaconNumber/python_answer/GraphBaconNumber.py&quot;, line 109, in &lt;module&gt;
    main()
  File &quot;/home/bridges-testing/bridges-assignments/assignmentdb/3-GraphBaconNumber/python_answer/GraphBaconNumber.py&quot;, line 91, in main
    bridges.visualize()
  File &quot;/home/bridges-testing/.local/lib/python3.11/site-packages/bridges-3.4.4-py3.11.egg/bridges/bridges.py&quot;, line 215, in visualize
AttributeError: 'Bridges' object has no attribute 'map'. Did you mean: '_map'?
could not run python_answer for assignment in ../assignmentdb/3-GraphBaconNumber/python_answer
</code></pre>
</div>
    
    </div>
    <div id="pythonlog4" class="logdetails">
      <h2>Assignment 4 full log</h2>
    
<div class="success">
<h3 id="pythonlog4-checkscaffold">Check Scaffold for Assignment 4</h3>
<pre><code>Guessing GraphEQ.py is the python file where main is

</code></pre>
</div>
<div class="success">
<h3 id="pythonlog4-runanswer">Run Answer for Assignment 4</h3>
<pre><code>Guessing GraphEQ.py is the python file where main is

M 5.3 - 155 km NW of Sola, Vanuatu 166.6986 -12.7488
M 5.3 - Pacific-Antarctic Ridge -133.0935 -54.4782
M 5.3 - South Sandwich Islands region -29.1133 -55.1773
M 5.3 - 79 km S of Panguna, Papua New Guinea 155.5371 -7.0321
M 5.3 - 58 km NE of Lae, Papua New Guinea 147.3048 -6.2961
M 5.3 - southern East Pacific Rise -123.2416 -55.8592
M 5.3 - 24 km S of Hualien City, Taiwan 121.5911 23.7536
M 5.3 - 101 km SSW of Trenggalek, Indonesia 111.2898 -8.8961
M 5.3 - 30 km S of Hualien City, Taiwan 121.6098 23.7004
M 5.3 - 107 km WNW of Höfn, Iceland -17.218 64.6847
M 5.3 - 197 km ESE of Bingtuan Sanshiliu Tuan, China 90.9583 38.4951
M 5.3 - 166 km W of Pangai, Tonga -175.9445 -19.7514
M 5.3 - 82 km SW of Pagar Alam, Indonesia 102.7516 -4.5852
M 5.3 - 29 km NNW of Cholpon-Ata, Kyrgyzstan 76.9713 42.9034
M 5.3 - 51 km ESE of Aras-asan, Philippines 126.7646 8.7891
M 5.3 - 164 km WNW of Hihifo, Tonga -175.1791 -15.3138
M 5.3 - 15 km SW of Claveria, Philippines 120.9812 18.5117
M 5.3 - 97 km E of Tuapejat, Indonesia 100.4567 -2.1404
M 5.4 - 204 km SSE of Katsuura, Japan 141.2838 33.4887
M 5.4 - southern Mid-Atlantic Ridge -13.7184 -30.793
M 5.4 - 98 km SSE of Caramay, Philippines 119.7321 9.4367
M 5.4 - 176 km SW of Nikolski, Alaska -170.779 51.869
M 5.4 - central East Pacific Rise -107.0706 -5.9695
M 5.4 - 100 km NNW of Lae, Papua New Guinea 146.7643 -5.8483
M 5.4 - South Sandwich Islands region -25.6474 -58.4923
M 5.4 - 168 km WNW of Pangai, Tonga -175.8739 -19.3097
M 5.4 - 172 km NW of Fangale’ounga, Tonga -175.6651 -18.8525
M 5.4 - 18 km S of Hualien City, Taiwan 121.6343 23.808
M 5.4 - 31 km S of Hualien City, Taiwan 121.574 23.698
M 5.4 - 147 km SSW of Emiliano Zapata, Mexico -105.6283 18.2141
M 5.4 - Kermadec Islands region -178.0418 -27.9766
M 5.4 - Volcano Islands, Japan region 142.8752 24.3178
M 5.4 - 209 km SE of Lorengau, Papua New Guinea 148.6059 -3.3698
M 5.4 - south of the Kermadec Islands -177.6678 -32.5086
M 5.4 - 51 km E of Aras-asan, Philippines 126.782 8.8517
M 5.4 - 28 km NW of Isangel, Vanuatu 169.1055 -19.3461
M 5.4 - 73 km WNW of Vallenar, Chile -71.3989 -28.2277
M 5.4 - Reykjanes Ridge -35.1628 55.5299
M 5.4 - 150 km SW of Merizo Village, Guam 143.5633 12.4445
M 5.5 - 70 km N of Namuac, Philippines 121.1783 19.2452
M 5.5 - 54 km SSW of Alianza Cristiana, Peru -76.6968 -3.8887
M 5.5 - South Sandwich Islands region -29.1944 -55.3027
M 5.5 - Kermadec Islands region -179.331 -31.3197
M 5.5 - southeast of the Loyalty Islands 171.6239 -22.7599
M 5.5 - 73 km SSW of Boca Chica, Panama -82.3635 7.5735
M 5.5 - 36 km S of Hualien City, Taiwan 121.6062 23.6512
M 5.5 - 178 km NNE of Colonia, Micronesia 138.6943 11.024
M 5.5 - 2 km SSW of Hualien City, Taiwan 121.5954 23.9598
M 5.5 - northern East Pacific Rise -103.2709 8.2532
M 5.5 - 155 km NNW of Houma, Tonga -175.9723 -19.9153
M 5.5 - 222 km S of Bengkulu, Indonesia 102.1848 -5.8146
M 5.5 - 58 km SW of La Libertad, El Salvador -89.6349 13.0523
M 5.6 - 157 km WSW of Fakfak, Indonesia 130.9335 -3.3145
M 5.6 - 29 km S of Hualien City, Taiwan 121.63 23.7158
M 5.6 - 126 km NNW of Kimbe, Papua New Guinea 149.578 -4.5577
M 5.6 - 118 km N of Paciran, Indonesia 112.3114 -5.8086
M 5.6 - 80 km WSW of Pelabuhanratu, Indonesia 105.9247 -7.362
M 5.6 - 90 km W of Hihifo, Tonga -174.6379 -16.0685
M 5.7 - Nicobar Islands, India region 90.4253 8.0762
M 5.7 - 28 km SSW of Balangiga, Philippines 125.2902 10.8748
M 5.7 - 41 km NE of Hualien City, Taiwan 121.9323 24.1954
M 5.7 - 24 km ESE of Hualien City, Taiwan 121.8035 23.8555
M 5.7 - 23 km NE of Hualien City, Taiwan 121.7427 24.1465
M 5.7 - 23 km NNE of Hualien City, Taiwan 121.7097 24.1609
M 5.7 - 140 km ENE of Saipan, Northern Mariana Islands 146.8579 15.8966
M 5.7 - 162 km SW of Merizo Village, Guam 143.493 12.358
M 5.8 - 181 km WNW of Panguna, Papua New Guinea 154.0997 -5.4314
M 5.8 - 38 km NE of Anamizu, Japan 137.2389 37.4574
M 5.8 - 40 km N of Rabaul, Papua New Guinea 152.1241 -3.8398
M 5.8 - 20 km SSE of Hualien City, Taiwan 121.6764 23.8026
M 5.8 - 27 km S of Hualien City, Taiwan 121.5624 23.7288
M 5.8 - Rat Islands, Aleutian Islands, Alaska 178.3725 52.1029
M 5.8 - 30 km NW of Filiatrá, Greece 21.3156 37.3286
M 5.8 - Fiji region -178.3998 -20.5714
M 5.9 - 64 km S of Hihifo, Tonga -173.8307 -16.5353
M 5.9 - southern Mid-Atlantic Ridge -13.3447 -31.1972
M 5.9 - Kermadec Islands region -178.4506 -31.5141
M 5.9 - 143 km SE of Koshima, Japan 131.7355 29.4708
M 5.9 - Balleny Islands region 156.0013 -62.7216
M 5.9 - Owen Fracture Zone region 57.6536 11.5218
M 6.0 - 29 km NE of Yaguaraparo, Venezuela -62.6296 10.753
M 6.0 - 87 km SE of Hihifo, Tonga -173.336 -16.606
M 6.0 - 162 km WSW of Nikolski, Alaska -170.9425 52.2175
M 6.0 - 13 km SSW of Hualien City, Taiwan 121.5385 23.8672
M 6.1 - 102 km S of Banjar, Indonesia 107.2723 -8.1104
M 6.1 - 28 km S of Hualien City, Taiwan 121.6406 23.7241
M 6.1 - 83 km E of Minami-Sōma, Japan 141.924 37.7196
M 6.1 - Volcano Islands, Japan region 142.7452 22.0302
M 6.2 - Pacific-Antarctic Ridge -133.9892 -53.8577
M 6.2 - 153 km WSW of Fakfak, Indonesia 130.9749 -3.3132
M 6.3 - 51 km NNE of Port-Olry, Vanuatu 167.2485 -14.6086
M 6.4 - 17 km WSW of Brisas Barra de Suchiate, Mexico -92.363 14.4518
M 6.4 - 111 km N of Paciran, Indonesia 112.3622 -5.8668
M 6.5 - Bonin Islands, Japan region 139.5702 27.8256
M 6.5 - 109 km ESE of Kimbe, Papua New Guinea 151.0807 -5.8543
M 6.5 - 11 km NE of Hualien City, Taiwan 121.6727 24.0651
M 6.6 - 33 km NNW of Fangale’ounga, Tonga -174.5 -19.5
M 6.6 - 70 km NW of Fangale’ounga, Tonga -174.8692 -19.3769
M 6.7 - Macquarie Island region 158.8615 -59.3395

Check Your Visualization at the following link:

http://bridges-cs.herokuapp.com/assignments/204/bridges_testing



Check Your Visualization at the following link:

http://bridges-cs.herokuapp.com/assignments/204/bridges_testing



Check Your Visualization at the following link:

http://bridges-cs.herokuapp.com/assignments/204/bridges_testing



Check Your Visualization at the following link:

http://bridges-cs.herokuapp.com/assignments/204/bridges_testing


</code></pre>
</div>
    
    </div>
    <div id="pythonlog5" class="logdetails">
      <h2>Assignment 5 full log</h2>
    
<div class="failure">
<h3 id="pythonlog5-checkscaffold">Check Scaffold for Assignment 5</h3>
<pre><code>can't guess a python file
</code></pre>
</div>
<div class="failure">
<h3 id="pythonlog5-runanswer">Run Answer for Assignment 5</h3>
<pre><code>Guessing bst_eq.py is the python file where main is

Traceback (most recent call last):
  File &quot;/home/bridges-testing/bridges-assignments/assignmentdb/5-BST_Earthquakes/python_answer/bst_eq.py&quot;, line 63, in &lt;module&gt;
    main()
  File &quot;/home/bridges-testing/bridges-assignments/assignmentdb/5-BST_Earthquakes/python_answer/bst_eq.py&quot;, line 59, in main
    bridges.visualize()
  File &quot;/home/bridges-testing/.local/lib/python3.11/site-packages/bridges-3.4.4-py3.11.egg/bridges/bridges.py&quot;, line 215, in visualize
AttributeError: 'Bridges' object has no attribute 'map'. Did you mean: '_map'?
could not run python_answer for assignment in ../assignmentdb/5-BST_Earthquakes/python_answer
</code></pre>
</div>
    
    </div>
    <div id="pythonlog6" class="logdetails">
      <h2>Assignment 6 full log</h2>
    
<div class="success">
<h3 id="pythonlog6-checkscaffold">Check Scaffold for Assignment 6</h3>
<pre><code>Guessing GridSquareFill.py is the python file where main is

</code></pre>
</div>
<div class="failure">
<h3 id="pythonlog6-runanswer">Run Answer for Assignment 6</h3>
<pre><code>Guessing GridSquareFill.py is the python file where main is

RLE ran
Traceback (most recent call last):
  File &quot;/home/bridges-testing/bridges-assignments/assignmentdb/6-GridSquareFill/python_answer/GridSquareFill.py&quot;, line 90, in &lt;module&gt;
    main()
  File &quot;/home/bridges-testing/bridges-assignments/assignmentdb/6-GridSquareFill/python_answer/GridSquareFill.py&quot;, line 87, in main
    bridges.visualize()
  File &quot;/home/bridges-testing/.local/lib/python3.11/site-packages/bridges-3.4.4-py3.11.egg/bridges/bridges.py&quot;, line 215, in visualize
AttributeError: 'Bridges' object has no attribute 'map'. Did you mean: '_map'?
could not run python_answer for assignment in ../assignmentdb/6-GridSquareFill/python_answer
</code></pre>
</div>
    
    </div>
    <div id="pythonlog7" class="logdetails">
      <h2>Assignment 7 full log</h2>
    
<div class="success">
<h3 id="pythonlog7-checkscaffold">Check Scaffold for Assignment 7</h3>
<pre><code>Guessing GridLyrics.py is the python file where main is

</code></pre>
</div>
<div class="failure">
<h3 id="pythonlog7-runanswer">Run Answer for Assignment 7</h3>
<pre><code>Guessing GridLyrics.py is the python file where main is

['This', &quot;ain't&quot;, 'for', 'the', 'best', 'My', &quot;reputation's&quot;, 'never', 'been', 'worse,', 'so', 'You', 'must', 'like', 'me', 'for', 'me…', 'We', &quot;can't&quot;, 'make', 'Any', 'promises', 'now,', 'can', 'we,', 'babe?', 'But', 'you', 'can', 'make', 'me', 'a', 'drink', 'Dive', 'bar', 'on', 'the', 'East', 'Side,', 'where', 'you', 'at?', 'Phone', 'lights', 'up', 'my', 'nightstand', 'in', 'the', 'black', 'Come', 'here,', 'you', 'can', 'meet', 'me', 'in', 'the', 'back', 'Dark', 'jeans', 'and', 'your', 'Nikes,', 'look', 'at', 'you', 'Oh', 'damn,', 'never', 'seen', 'that', 'color', 'blue', 'Just', 'think', 'of', 'the', 'fun', 'things', 'we', 'could', 'do', &quot;'Cause&quot;, 'I', 'like', 'you', 'This', &quot;ain't&quot;, 'for', 'the', 'best', 'My', &quot;reputation's&quot;, 'never', 'been', 'worse,', 'so', 'You', 'must', 'like', 'me', 'for', 'me…', 'Yeah,', 'I', 'want', 'you', 'We', &quot;can't&quot;, 'make', 'Any', 'promises', 'now,', 'can', 'we,', 'babe?', 'But', 'you', 'can', 'make', 'me', 'a', 'drink', 'Is', 'it', 'cool', 'that', 'I', 'said', 'all', 'that?', 'Is', 'it', 'chill', 'that', &quot;you're&quot;, 'in', 'my', 'head?', &quot;'Cause&quot;, 'I', 'know', 'that', &quot;it's&quot;, 'delicate', 'Is', 'it', 'cool', 'that', 'I', 'said', 'all', 'that?', 'Is', 'it', 'too', 'soon', 'to', 'do', 'this', 'yet?', &quot;'Cause&quot;, 'I', 'know', 'that', &quot;it's&quot;, 'delicate', &quot;Isn't&quot;, 'it?', &quot;Isn't&quot;, 'it?', &quot;Isn't&quot;, 'it?', &quot;Isn't&quot;, 'it?', &quot;Isn't&quot;, 'it?', &quot;Isn't&quot;, 'it?', &quot;Isn't&quot;, 'it?', &quot;Isn't&quot;, 'it...', 'delicate?', 'Third', 'floor', 'on', 'the', 'West', 'Side,', 'me', 'and', 'you', 'Handsome,', &quot;you're&quot;, 'a', 'mansion', 'with', 'a', 'view', 'Do', 'the', 'girls', 'back', 'home', 'touch', 'you', 'like', 'I', 'do?', 'Long', 'night,', 'with', 'your', 'hands', 'up', 'in', 'my', 'hair', 'Echoes', 'of', 'your', 'footsteps', 'on', 'the', 'stairs', 'Stay', 'here,', 'honey,', 'I', &quot;don't&quot;, 'wanna', 'share', &quot;'Cause&quot;, 'I', 'like', 'you', 'This', &quot;ain't&quot;, 'for', 'the', 'best', 'My', &quot;reputation's&quot;, 'never', 'been', 'worse,', 'so', 'You', 'must', 'like', 'me', 'for', 'me…', 'Yeah,', 'I', 'want', 'you...', 'We', &quot;can't&quot;, 'make', 'Any', 'promises', 'now,', 'can', 'we,', 'babe?', 'But', 'you', 'can', 'make', 'me', 'a', 'drink', 'Is', 'it', 'cool', 'that', 'I', 'said', 'all', 'that?', 'Is', 'it', 'chill', 'that', &quot;you're&quot;, 'in', 'my', 'head?', &quot;'Cause&quot;, 'I', 'know', 'that', &quot;it's&quot;, 'delicate', 'Is', 'it', 'cool', 'that', 'I', 'said', 'all', 'that?', 'Is', 'it', 'too', 'soon', 'to', 'do', 'this', 'yet?', &quot;'Cause&quot;, 'I', 'know', 'that', &quot;it's&quot;, 'delicate', &quot;Isn't&quot;, 'it?', &quot;Isn't&quot;, 'it?', &quot;Isn't&quot;, 'it?', &quot;Isn't&quot;, 'it?', &quot;Isn't&quot;, 'it?', &quot;Isn't&quot;, 'it?', &quot;Isn't&quot;, 'it?', &quot;Isn't&quot;, 'it', 'delicate?', 'Sometimes', 'I', 'wonder', 'when', 'you', 'sleep', 'Are', 'you', 'ever', 'dreaming', 'of', 'me?', 'Sometimes', 'when', 'I', 'look', 'into', 'your', 'eyes', 'I', 'pretend', &quot;you're&quot;, 'mine,', 'all', 'the', 'damn', 'time', &quot;'Cause&quot;, 'I', 'like', 'you', 'Is', 'it', 'cool', 'that', 'I', 'said', 'all', 'that?', 'Is', 'it', 'chill', 'that', &quot;you're&quot;, 'in', 'my', 'head?', &quot;'Cause&quot;, 'I', 'know', 'that', &quot;it's&quot;, 'delicate', 'Is', 'it', 'cool', 'that', 'I', 'said', 'all', 'that?', 'Is', 'it', 'too', 'soon', 'to', 'do', 'this', 'yet?', &quot;'Cause&quot;, 'I', 'know', 'that', &quot;it's&quot;, 'delicate', &quot;'Cause&quot;, 'I', 'like', 'you', 'Is', 'it', 'cool', 'that', 'I', 'said', 'all', 'that?', &quot;Isn't&quot;, 'it?', &quot;Isn't&quot;, 'it?', &quot;Isn't&quot;, 'it?', &quot;Isn't&quot;, 'it?', 'Is', 'it', 'chill', 'that', &quot;you're&quot;, 'in', 'my', 'head?', &quot;Isn't&quot;, 'it?', &quot;Isn't&quot;, 'it?', &quot;Isn't&quot;, 'it?', &quot;Isn't&quot;, 'it?', &quot;'Cause&quot;, 'I', 'know', 'that', &quot;it's&quot;, 'delicate', &quot;Isn't&quot;, 'it?', &quot;Isn't&quot;, 'it?', &quot;Isn't&quot;, 'it?', &quot;Isn't&quot;, 'it?', 'Is', 'it', 'cool', 'that', 'I', 'said', 'all', 'that?', &quot;Isn't&quot;, 'it?', &quot;Isn't&quot;, 'it?', &quot;Isn't&quot;, 'it?', &quot;Isn't&quot;, 'it?', 'Is', 'it', 'too', 'soon', 'to', 'do', 'this', 'yet?', &quot;Isn't&quot;, 'it?', &quot;Isn't&quot;, 'it?', &quot;Isn't&quot;, 'it?', &quot;'Cause&quot;, 'I', 'know', 'that', &quot;it's&quot;, 'delicate', &quot;Isn't&quot;, 'it', 'delicate?']
RLE ran
Traceback (most recent call last):
  File &quot;/home/bridges-testing/bridges-assignments/assignmentdb/7-GridLyrics/python_answer/GridLyrics.py&quot;, line 58, in &lt;module&gt;
    main()
  File &quot;/home/bridges-testing/bridges-assignments/assignmentdb/7-GridLyrics/python_answer/GridLyrics.py&quot;, line 55, in main
    bridges.visualize()
  File &quot;/home/bridges-testing/.local/lib/python3.11/site-packages/bridges-3.4.4-py3.11.egg/bridges/bridges.py&quot;, line 215, in visualize
AttributeError: 'Bridges' object has no attribute 'map'. Did you mean: '_map'?
could not run python_answer for assignment in ../assignmentdb/7-GridLyrics/python_answer
</code></pre>
</div>
    
    </div>
    <div id="pythonlog8" class="logdetails">
      <h2>Assignment 8 full log</h2>
    
<div class="success">
<h3 id="pythonlog8-checkscaffold">Check Scaffold for Assignment 8</h3>
<pre><code>Guessing PQBook.py is the python file where main is

</code></pre>
</div>
<div class="failure">
<h3 id="pythonlog8-runanswer">Run Answer for Assignment 8</h3>
<pre><code>Guessing PQBook.py is the python file where main is

Traceback (most recent call last):
  File &quot;/home/bridges-testing/bridges-assignments/assignmentdb/8-PQBook/python_answer/PQBook.py&quot;, line 63, in &lt;module&gt;
    main()
  File &quot;/home/bridges-testing/bridges-assignments/assignmentdb/8-PQBook/python_answer/PQBook.py&quot;, line 34, in main
    my_dict.visualize(bridges)
  File &quot;/home/bridges-testing/bridges-assignments/assignmentdb/8-PQBook/python_answer/hash_table.py&quot;, line 205, in visualize
    bridges_inst.visualize()
  File &quot;/home/bridges-testing/.local/lib/python3.11/site-packages/bridges-3.4.4-py3.11.egg/bridges/bridges.py&quot;, line 215, in visualize
AttributeError: 'Bridges' object has no attribute 'map'. Did you mean: '_map'?
could not run python_answer for assignment in ../assignmentdb/8-PQBook/python_answer
</code></pre>
</div>
    
    </div>
    <div id="pythonlog9" class="logdetails">
      <h2>Assignment 9 full log</h2>
    
<div class="failure">
<h3 id="pythonlog9-checkscaffold">Check Scaffold for Assignment 9</h3>
<pre><code>can't guess a python file
</code></pre>
</div>
<div class="success">
<h3 id="pythonlog9-runanswer">Run Answer for Assignment 9</h3>
<pre><code>Guessing ShortestPathOSM.py is the python file where main is

url: http://bridges-data-server-osm.bridgesuncc.org/loc?location=Charlotte%2C%20North%20Carolina&amp;level=default
hash_url: http://bridges-data-server-osm.bridgesuncc.org/hash?location=Charlotte%2C%20North%20Carolina&amp;level=default
Error: Corrupted JSON download...
Attempting redownload...
Error: Redownload attempt failed
Expecting value: line 1 column 1 (char 0)
</code></pre>
</div>
    
    </div>
    <div id="pythonlog10" class="logdetails">
      <h2>Assignment 10 full log</h2>
    
<div class="failure">
<h3 id="pythonlog10-checkscaffold">Check Scaffold for Assignment 10</h3>
<pre><code>can't guess a python file
</code></pre>
</div>
<div class="failure">
<h3 id="pythonlog10-runanswer">Run Answer for Assignment 10</h3>
<pre><code>Guessing HurricaneTracker.py is the python file where main is

Traceback (most recent call last):
  File &quot;/home/bridges-testing/bridges-assignments/assignmentdb/10-HurricaneTracker/python_answer/HurricaneTracker.py&quot;, line 84, in &lt;module&gt;
    main()
  File &quot;/home/bridges-testing/bridges-assignments/assignmentdb/10-HurricaneTracker/python_answer/HurricaneTracker.py&quot;, line 81, in main
    bridges.visualize()
  File &quot;/home/bridges-testing/.local/lib/python3.11/site-packages/bridges-3.4.4-py3.11.egg/bridges/bridges.py&quot;, line 215, in visualize
AttributeError: 'Bridges' object has no attribute 'map'. Did you mean: '_map'?
could not run python_answer for assignment in ../assignmentdb/10-HurricaneTracker/python_answer
</code></pre>
</div>
    
    </div>
    <div id="pythonlog11" class="logdetails">
      <h2>Assignment 11 full log</h2>
    
<div class="success">
<h3 id="pythonlog11-checkscaffold">Check Scaffold for Assignment 11</h3>
<pre><code>Guessing 2048Game.py is the python file where main is

</code></pre>
</div>
<div class="failure">
<h3 id="pythonlog11-runanswer">Run Answer for Assignment 11</h3>
<pre><code>Guessing 2048Game.py is the python file where main is

Traceback (most recent call last):
  File &quot;/home/bridges-testing/bridges-assignments/assignmentdb/11-2048Game/python_answer/2048Game.py&quot;, line 244, in &lt;module&gt;
    main()
  File &quot;/home/bridges-testing/bridges-assignments/assignmentdb/11-2048Game/python_answer/2048Game.py&quot;, line 238, in main
    game = Game2048(211, &quot;BRIDGES_USER_ID&quot;, &quot;BRIDGES_API_KEY&quot;)
           ^^^^^^^^^^^^^^^^^^^^^^^^^^^^^^^^^^^^^^^^^^^^^^^^^^^
  File &quot;/home/bridges-testing/bridges-assignments/assignmentdb/11-2048Game/python_answer/2048Game.py&quot;, line 42, in __init__
    super(Game2048, self).__init__(assid, login, apikey, 24, 24)
  File &quot;/home/bridges-testing/.local/lib/python3.11/site-packages/bridges-3.4.4-py3.11.egg/bridges/non_blocking_game.py&quot;, line 149, in __init__
  File &quot;/home/bridges-testing/.local/lib/python3.11/site-packages/bridges-3.4.4-py3.11.egg/bridges/gamebase.py&quot;, line 30, in __init__
  File &quot;/home/bridges-testing/.local/lib/python3.11/site-packages/bridges-3.4.4-py3.11.egg/bridges/gamebase.py&quot;, line 55, in game_base_init
  File &quot;/home/bridges-testing/.local/lib/python3.11/site-packages/bridges-3.4.4-py3.11.egg/bridges/socket_connection.py&quot;, line 28, in setup_connection
  File &quot;/home/bridges-testing/.local/lib/python3.11/site-packages/python_socketio-5.11.3-py3.11.egg/socketio/client.py&quot;, line 159, in connect
    raise exceptions.ConnectionError(exc.args[0]) from None
socketio.exceptions.ConnectionError: Connection error
could not run python_answer for assignment in ../assignmentdb/11-2048Game/python_answer
</code></pre>
</div>
    
    </div>
    <div id="pythonlog12" class="logdetails">
      <h2>Assignment 12 full log</h2>
    
<div class="success">
<h3 id="pythonlog12-checkscaffold">Check Scaffold for Assignment 12</h3>
<pre><code>Guessing AStarMaze.py is the python file where main is

</code></pre>
</div>
<div class="failure">
<h3 id="pythonlog12-runanswer">Run Answer for Assignment 12</h3>
<pre><code>Guessing AStarMaze.py is the python file where main is

Traceback (most recent call last):
  File &quot;/home/bridges-testing/bridges-assignments/assignmentdb/12-AStarMaze/python_answer/AStarMaze.py&quot;, line 214, in &lt;module&gt;
    main()
  File &quot;/home/bridges-testing/bridges-assignments/assignmentdb/12-AStarMaze/python_answer/AStarMaze.py&quot;, line 208, in main
    game = AStarMaze(212, &quot;Bridges_User&quot;, &quot;APIKey&quot;)
           ^^^^^^^^^^^^^^^^^^^^^^^^^^^^^^^^^^^^^^^^
  File &quot;/home/bridges-testing/bridges-assignments/assignmentdb/12-AStarMaze/python_answer/AStarMaze.py&quot;, line 35, in __init__
    super(AStarMaze, self).__init__(assid, login, apikey, 31, 31)
  File &quot;/home/bridges-testing/.local/lib/python3.11/site-packages/bridges-3.4.4-py3.11.egg/bridges/non_blocking_game.py&quot;, line 149, in __init__
  File &quot;/home/bridges-testing/.local/lib/python3.11/site-packages/bridges-3.4.4-py3.11.egg/bridges/gamebase.py&quot;, line 30, in __init__
  File &quot;/home/bridges-testing/.local/lib/python3.11/site-packages/bridges-3.4.4-py3.11.egg/bridges/gamebase.py&quot;, line 55, in game_base_init
  File &quot;/home/bridges-testing/.local/lib/python3.11/site-packages/bridges-3.4.4-py3.11.egg/bridges/socket_connection.py&quot;, line 28, in setup_connection
  File &quot;/home/bridges-testing/.local/lib/python3.11/site-packages/python_socketio-5.11.3-py3.11.egg/socketio/client.py&quot;, line 159, in connect
    raise exceptions.ConnectionError(exc.args[0]) from None
socketio.exceptions.ConnectionError: Connection error
could not run python_answer for assignment in ../assignmentdb/12-AStarMaze/python_answer
</code></pre>
</div>
    
    </div>
    <div id="pythonlog13" class="logdetails">
      <h2>Assignment 13 full log</h2>
    
<div class="success">
<h3 id="pythonlog13-checkscaffold">Check Scaffold for Assignment 13</h3>
<pre><code>Guessing InfiniteRunner.py is the python file where main is

</code></pre>
</div>
<div class="failure">
<h3 id="pythonlog13-runanswer">Run Answer for Assignment 13</h3>
<pre><code>Guessing InfiniteRunner.py is the python file where main is

Traceback (most recent call last):
  File &quot;/home/bridges-testing/bridges-assignments/assignmentdb/13-InfiniteRunner/python_answer/InfiniteRunner.py&quot;, line 180, in &lt;module&gt;
    main()
  File &quot;/home/bridges-testing/bridges-assignments/assignmentdb/13-InfiniteRunner/python_answer/InfiniteRunner.py&quot;, line 174, in main
    game = Runner(213, &quot;BRIDGES_USER_ID&quot;, &quot;BRIDGES_API_KEY&quot;, 24, 24)
           ^^^^^^^^^^^^^^^^^^^^^^^^^^^^^^^^^^^^^^^^^^^^^^^^^^^^^^^^^
  File &quot;/home/bridges-testing/bridges-assignments/assignmentdb/13-InfiniteRunner/python_answer/InfiniteRunner.py&quot;, line 74, in __init__
    super(Runner, self).__init__(assid, login, apikey, cols, rows)
  File &quot;/home/bridges-testing/.local/lib/python3.11/site-packages/bridges-3.4.4-py3.11.egg/bridges/non_blocking_game.py&quot;, line 149, in __init__
  File &quot;/home/bridges-testing/.local/lib/python3.11/site-packages/bridges-3.4.4-py3.11.egg/bridges/gamebase.py&quot;, line 30, in __init__
  File &quot;/home/bridges-testing/.local/lib/python3.11/site-packages/bridges-3.4.4-py3.11.egg/bridges/gamebase.py&quot;, line 55, in game_base_init
  File &quot;/home/bridges-testing/.local/lib/python3.11/site-packages/bridges-3.4.4-py3.11.egg/bridges/socket_connection.py&quot;, line 28, in setup_connection
  File &quot;/home/bridges-testing/.local/lib/python3.11/site-packages/python_socketio-5.11.3-py3.11.egg/socketio/client.py&quot;, line 159, in connect
    raise exceptions.ConnectionError(exc.args[0]) from None
socketio.exceptions.ConnectionError: Connection error
could not run python_answer for assignment in ../assignmentdb/13-InfiniteRunner/python_answer
</code></pre>
</div>
    
    </div>
    <div id="pythonlog14" class="logdetails">
      <h2>Assignment 14 full log</h2>
    
<div class="success">
<h3 id="pythonlog14-checkscaffold">Check Scaffold for Assignment 14</h3>
<pre><code>Guessing SpreadingFire.py is the python file where main is

</code></pre>
</div>
<div class="failure">
<h3 id="pythonlog14-runanswer">Run Answer for Assignment 14</h3>
<pre><code>Guessing SpreadingFire.py is the python file where main is

Traceback (most recent call last):
  File &quot;/home/bridges-testing/bridges-assignments/assignmentdb/14-SpreadingFire/python_answer/SpreadingFire.py&quot;, line 146, in &lt;module&gt;
    main()
  File &quot;/home/bridges-testing/bridges-assignments/assignmentdb/14-SpreadingFire/python_answer/SpreadingFire.py&quot;, line 141, in main
    my_game = SpreadingFire(214, &quot;BRIDGES_USER_ID&quot;, &quot;BRIDGES_API_KEY&quot;, 30, 30)
              ^^^^^^^^^^^^^^^^^^^^^^^^^^^^^^^^^^^^^^^^^^^^^^^^^^^^^^^^^^^^^^^^
  File &quot;/home/bridges-testing/bridges-assignments/assignmentdb/14-SpreadingFire/python_answer/SpreadingFire.py&quot;, line 74, in __init__
    super(SpreadingFire, self).__init__(assid, login, apikey, cols, rows)
  File &quot;/home/bridges-testing/.local/lib/python3.11/site-packages/bridges-3.4.4-py3.11.egg/bridges/non_blocking_game.py&quot;, line 149, in __init__
  File &quot;/home/bridges-testing/.local/lib/python3.11/site-packages/bridges-3.4.4-py3.11.egg/bridges/gamebase.py&quot;, line 30, in __init__
  File &quot;/home/bridges-testing/.local/lib/python3.11/site-packages/bridges-3.4.4-py3.11.egg/bridges/gamebase.py&quot;, line 55, in game_base_init
  File &quot;/home/bridges-testing/.local/lib/python3.11/site-packages/bridges-3.4.4-py3.11.egg/bridges/socket_connection.py&quot;, line 28, in setup_connection
  File &quot;/home/bridges-testing/.local/lib/python3.11/site-packages/python_socketio-5.11.3-py3.11.egg/socketio/client.py&quot;, line 159, in connect
    raise exceptions.ConnectionError(exc.args[0]) from None
socketio.exceptions.ConnectionError: Connection error
could not run python_answer for assignment in ../assignmentdb/14-SpreadingFire/python_answer
</code></pre>
</div>
    
    </div>
    <div id="pythonlog15" class="logdetails">
      <h2>Assignment 15 full log</h2>
    
<div class="success">
<h3 id="pythonlog15-checkscaffold">Check Scaffold for Assignment 15</h3>
<pre><code>Guessing FallingSand.py is the python file where main is

</code></pre>
</div>
<div class="failure">
<h3 id="pythonlog15-runanswer">Run Answer for Assignment 15</h3>
<pre><code>Guessing FallingSand.py is the python file where main is

Traceback (most recent call last):
  File &quot;/home/bridges-testing/bridges-assignments/assignmentdb/15-FallingSand/python_answer/FallingSand.py&quot;, line 190, in &lt;module&gt;
    main()
  File &quot;/home/bridges-testing/bridges-assignments/assignmentdb/15-FallingSand/python_answer/FallingSand.py&quot;, line 185, in main
    my_game = FallingSand(215, &quot;BRIDGES_USER_ID&quot;, &quot;BRIDGES_API_KEY&quot;, 30, 30)
              ^^^^^^^^^^^^^^^^^^^^^^^^^^^^^^^^^^^^^^^^^^^^^^^^^^^^^^^^^^^^^^
  File &quot;/home/bridges-testing/bridges-assignments/assignmentdb/15-FallingSand/python_answer/FallingSand.py&quot;, line 176, in __init__
    super(FallingSand, self).__init__(assid, login, apikey, cols, rows)
  File &quot;/home/bridges-testing/.local/lib/python3.11/site-packages/bridges-3.4.4-py3.11.egg/bridges/non_blocking_game.py&quot;, line 149, in __init__
  File &quot;/home/bridges-testing/.local/lib/python3.11/site-packages/bridges-3.4.4-py3.11.egg/bridges/gamebase.py&quot;, line 30, in __init__
  File &quot;/home/bridges-testing/.local/lib/python3.11/site-packages/bridges-3.4.4-py3.11.egg/bridges/gamebase.py&quot;, line 55, in game_base_init
  File &quot;/home/bridges-testing/.local/lib/python3.11/site-packages/bridges-3.4.4-py3.11.egg/bridges/socket_connection.py&quot;, line 28, in setup_connection
  File &quot;/home/bridges-testing/.local/lib/python3.11/site-packages/python_socketio-5.11.3-py3.11.egg/socketio/client.py&quot;, line 159, in connect
    raise exceptions.ConnectionError(exc.args[0]) from None
socketio.exceptions.ConnectionError: Connection error
could not run python_answer for assignment in ../assignmentdb/15-FallingSand/python_answer
</code></pre>
</div>
    
    </div>
    <div id="pythonlog16" class="logdetails">
      <h2>Assignment 16 full log</h2>
    
<div class="failure">
<h3 id="pythonlog16-checkscaffold">Check Scaffold for Assignment 16</h3>
<pre><code>can't guess a python file
</code></pre>
</div>
<div class="failure">
<h3 id="pythonlog16-runanswer">Run Answer for Assignment 16</h3>
<pre><code>Guessing ImagePuzzle.py is the python file where main is

RLE ran
Traceback (most recent call last):
  File &quot;/home/bridges-testing/bridges-assignments/assignmentdb/16-ImagePuzzle/python_answer/ImagePuzzle.py&quot;, line 86, in &lt;module&gt;
    main()
  File &quot;/home/bridges-testing/bridges-assignments/assignmentdb/16-ImagePuzzle/python_answer/ImagePuzzle.py&quot;, line 83, in main
    bridges.visualize()
  File &quot;/home/bridges-testing/.local/lib/python3.11/site-packages/bridges-3.4.4-py3.11.egg/bridges/bridges.py&quot;, line 215, in visualize
AttributeError: 'Bridges' object has no attribute 'map'. Did you mean: '_map'?
could not run python_answer for assignment in ../assignmentdb/16-ImagePuzzle/python_answer
</code></pre>
</div>
    
    </div>
    <div id="pythonlog17" class="logdetails">
      <h2>Assignment 17 full log</h2>
    
<div class="success">
<h3 id="pythonlog17-checkscaffold">Check Scaffold for Assignment 17</h3>
<pre><code>Guessing ControlsTutorial.py is the python file where main is

</code></pre>
</div>
<div class="failure">
<h3 id="pythonlog17-runanswer">Run Answer for Assignment 17</h3>
<pre><code>Guessing ControlsTutorial.py is the python file where main is

Traceback (most recent call last):
  File &quot;/home/bridges-testing/bridges-assignments/assignmentdb/17-ControlsTutorial/python_answer/ControlsTutorial.py&quot;, line 69, in &lt;module&gt;
    main()
  File &quot;/home/bridges-testing/bridges-assignments/assignmentdb/17-ControlsTutorial/python_answer/ControlsTutorial.py&quot;, line 64, in main
    my_game = ControlsTutorial(217,  &quot;STUDENT_USERNAME&quot;, &quot;STUDENT_API_KEY&quot;, 30, 30)
              ^^^^^^^^^^^^^^^^^^^^^^^^^^^^^^^^^^^^^^^^^^^^^^^^^^^^^^^^^^^^^^^^^^^^^
  File &quot;/home/bridges-testing/bridges-assignments/assignmentdb/17-ControlsTutorial/python_answer/ControlsTutorial.py&quot;, line 6, in __init__
    super(ControlsTutorial, self).__init__(assid, login, apikey, cols, rows)
  File &quot;/home/bridges-testing/.local/lib/python3.11/site-packages/bridges-3.4.4-py3.11.egg/bridges/non_blocking_game.py&quot;, line 149, in __init__
  File &quot;/home/bridges-testing/.local/lib/python3.11/site-packages/bridges-3.4.4-py3.11.egg/bridges/gamebase.py&quot;, line 30, in __init__
  File &quot;/home/bridges-testing/.local/lib/python3.11/site-packages/bridges-3.4.4-py3.11.egg/bridges/gamebase.py&quot;, line 55, in game_base_init
  File &quot;/home/bridges-testing/.local/lib/python3.11/site-packages/bridges-3.4.4-py3.11.egg/bridges/socket_connection.py&quot;, line 28, in setup_connection
  File &quot;/home/bridges-testing/.local/lib/python3.11/site-packages/python_socketio-5.11.3-py3.11.egg/socketio/client.py&quot;, line 159, in connect
    raise exceptions.ConnectionError(exc.args[0]) from None
socketio.exceptions.ConnectionError: Connection error
could not run python_answer for assignment in ../assignmentdb/17-ControlsTutorial/python_answer
</code></pre>
</div>
    
    </div>
    <div id="pythonlog18" class="logdetails">
      <h2>Assignment 18 full log</h2>
    
<div class="success">
<h3 id="pythonlog18-checkscaffold">Check Scaffold for Assignment 18</h3>
<pre><code>Guessing ControlsTutorialTwo.py is the python file where main is

</code></pre>
</div>
<div class="failure">
<h3 id="pythonlog18-runanswer">Run Answer for Assignment 18</h3>
<pre><code>Guessing ControlsTutorialTwo.py is the python file where main is

Traceback (most recent call last):
  File &quot;/home/bridges-testing/bridges-assignments/assignmentdb/18-ControlsTutorialTwo/python_answer/ControlsTutorialTwo.py&quot;, line 56, in &lt;module&gt;
    main()
  File &quot;/home/bridges-testing/bridges-assignments/assignmentdb/18-ControlsTutorialTwo/python_answer/ControlsTutorialTwo.py&quot;, line 51, in main
    my_game = StudentClass(218, &quot;STUDENT_USERNAME&quot;, &quot;API_KEY&quot;, 30, 30)
              ^^^^^^^^^^^^^^^^^^^^^^^^^^^^^^^^^^^^^^^^^^^^^^^^^^^^^^^^
  File &quot;/home/bridges-testing/bridges-assignments/assignmentdb/18-ControlsTutorialTwo/python_answer/ControlsTutorialTwo.py&quot;, line 6, in __init__
    super(StudentClass, self).__init__(assid, login, apikey, rows, cols)
  File &quot;/home/bridges-testing/.local/lib/python3.11/site-packages/bridges-3.4.4-py3.11.egg/bridges/non_blocking_game.py&quot;, line 149, in __init__
  File &quot;/home/bridges-testing/.local/lib/python3.11/site-packages/bridges-3.4.4-py3.11.egg/bridges/gamebase.py&quot;, line 30, in __init__
  File &quot;/home/bridges-testing/.local/lib/python3.11/site-packages/bridges-3.4.4-py3.11.egg/bridges/gamebase.py&quot;, line 55, in game_base_init
  File &quot;/home/bridges-testing/.local/lib/python3.11/site-packages/bridges-3.4.4-py3.11.egg/bridges/socket_connection.py&quot;, line 28, in setup_connection
  File &quot;/home/bridges-testing/.local/lib/python3.11/site-packages/python_socketio-5.11.3-py3.11.egg/socketio/client.py&quot;, line 159, in connect
    raise exceptions.ConnectionError(exc.args[0]) from None
socketio.exceptions.ConnectionError: Connection error
could not run python_answer for assignment in ../assignmentdb/18-ControlsTutorialTwo/python_answer
</code></pre>
</div>
    
    </div>
    <div id="pythonlog19" class="logdetails">
      <h2>Assignment 19 full log</h2>
    
<div class="success">
<h3 id="pythonlog19-checkscaffold">Check Scaffold for Assignment 19</h3>
<pre><code>Guessing BUGSTOMP.py is the python file where main is

</code></pre>
</div>
<div class="failure">
<h3 id="pythonlog19-runanswer">Run Answer for Assignment 19</h3>
<pre><code>Guessing BUGSTOMP.py is the python file where main is

Traceback (most recent call last):
  File &quot;/home/bridges-testing/bridges-assignments/assignmentdb/19-Bugstomp/python_answer/BUGSTOMP.py&quot;, line 137, in &lt;module&gt;
    main()
  File &quot;/home/bridges-testing/bridges-assignments/assignmentdb/19-Bugstomp/python_answer/BUGSTOMP.py&quot;, line 132, in main
    my_game = BugStomp(219, &quot;BRIDGES_USERNAME&quot;, &quot;BRIDGES_APIKEY&quot;, 30, 30)
              ^^^^^^^^^^^^^^^^^^^^^^^^^^^^^^^^^^^^^^^^^^^^^^^^^^^^^^^^^^^
  File &quot;/home/bridges-testing/bridges-assignments/assignmentdb/19-Bugstomp/python_answer/BUGSTOMP.py&quot;, line 125, in __init__
    super(BugStomp, self).__init__(assid, login, apikey, cols, rows)
  File &quot;/home/bridges-testing/.local/lib/python3.11/site-packages/bridges-3.4.4-py3.11.egg/bridges/non_blocking_game.py&quot;, line 149, in __init__
  File &quot;/home/bridges-testing/.local/lib/python3.11/site-packages/bridges-3.4.4-py3.11.egg/bridges/gamebase.py&quot;, line 30, in __init__
  File &quot;/home/bridges-testing/.local/lib/python3.11/site-packages/bridges-3.4.4-py3.11.egg/bridges/gamebase.py&quot;, line 55, in game_base_init
  File &quot;/home/bridges-testing/.local/lib/python3.11/site-packages/bridges-3.4.4-py3.11.egg/bridges/socket_connection.py&quot;, line 28, in setup_connection
  File &quot;/home/bridges-testing/.local/lib/python3.11/site-packages/python_socketio-5.11.3-py3.11.egg/socketio/client.py&quot;, line 159, in connect
    raise exceptions.ConnectionError(exc.args[0]) from None
socketio.exceptions.ConnectionError: Connection error
could not run python_answer for assignment in ../assignmentdb/19-Bugstomp/python_answer
</code></pre>
</div>
    
    </div>
    <div id="pythonlog20" class="logdetails">
      <h2>Assignment 20 full log</h2>
    
<div class="success">
<h3 id="pythonlog20-checkscaffold">Check Scaffold for Assignment 20</h3>
<pre><code>Guessing minesweeper.py is the python file where main is

</code></pre>
</div>
<div class="failure">
<h3 id="pythonlog20-runanswer">Run Answer for Assignment 20</h3>
<pre><code>Guessing minesweeper.py is the python file where main is

Traceback (most recent call last):
  File &quot;/home/bridges-testing/bridges-assignments/assignmentdb/20-Minesweeper/python_answer/minesweeper.py&quot;, line 174, in &lt;module&gt;
    main()
  File &quot;/home/bridges-testing/bridges-assignments/assignmentdb/20-Minesweeper/python_answer/minesweeper.py&quot;, line 168, in main
    game = Minesweeper(220, &quot;BRIDGES_USER_ID&quot;, &quot;BRIDGES_API_KEY&quot;)
           ^^^^^^^^^^^^^^^^^^^^^^^^^^^^^^^^^^^^^^^^^^^^^^^^^^^^^^
  File &quot;/home/bridges-testing/bridges-assignments/assignmentdb/20-Minesweeper/python_answer/minesweeper.py&quot;, line 33, in __init__
    super(Minesweeper, self).__init__(assid, login, apikey, 10, 10)
  File &quot;/home/bridges-testing/.local/lib/python3.11/site-packages/bridges-3.4.4-py3.11.egg/bridges/non_blocking_game.py&quot;, line 149, in __init__
  File &quot;/home/bridges-testing/.local/lib/python3.11/site-packages/bridges-3.4.4-py3.11.egg/bridges/gamebase.py&quot;, line 30, in __init__
  File &quot;/home/bridges-testing/.local/lib/python3.11/site-packages/bridges-3.4.4-py3.11.egg/bridges/gamebase.py&quot;, line 55, in game_base_init
  File &quot;/home/bridges-testing/.local/lib/python3.11/site-packages/bridges-3.4.4-py3.11.egg/bridges/socket_connection.py&quot;, line 28, in setup_connection
  File &quot;/home/bridges-testing/.local/lib/python3.11/site-packages/python_socketio-5.11.3-py3.11.egg/socketio/client.py&quot;, line 159, in connect
    raise exceptions.ConnectionError(exc.args[0]) from None
socketio.exceptions.ConnectionError: Connection error
could not run python_answer for assignment in ../assignmentdb/20-Minesweeper/python_answer
</code></pre>
</div>
    
    </div>
    <div id="pythonlog21" class="logdetails">
      <h2>Assignment 21 full log</h2>
    
<div class="success">
<h3 id="pythonlog21-checkscaffold">Check Scaffold for Assignment 21</h3>
<pre><code>Guessing RaceCar.py is the python file where main is

</code></pre>
</div>
<div class="failure">
<h3 id="pythonlog21-runanswer">Run Answer for Assignment 21</h3>
<pre><code>Guessing RaceCar.py is the python file where main is

Traceback (most recent call last):
  File &quot;/home/bridges-testing/bridges-assignments/assignmentdb/21-RaceCar/python_answer/RaceCar.py&quot;, line 111, in &lt;module&gt;
    main()
  File &quot;/home/bridges-testing/bridges-assignments/assignmentdb/21-RaceCar/python_answer/RaceCar.py&quot;, line 105, in main
    game = RaceCar(21, &quot;BRIDGES_USER_ID&quot;, &quot;BRIDGES_API_KEY&quot;)
           ^^^^^^^^^^^^^^^^^^^^^^^^^^^^^^^^^^^^^^^^^^^^^^^^^
  File &quot;/home/bridges-testing/bridges-assignments/assignmentdb/21-RaceCar/python_answer/RaceCar.py&quot;, line 23, in __init__
    super(RaceCar, self).__init__(assid, login, apikey, 30, 30)
  File &quot;/home/bridges-testing/.local/lib/python3.11/site-packages/bridges-3.4.4-py3.11.egg/bridges/non_blocking_game.py&quot;, line 149, in __init__
  File &quot;/home/bridges-testing/.local/lib/python3.11/site-packages/bridges-3.4.4-py3.11.egg/bridges/gamebase.py&quot;, line 30, in __init__
  File &quot;/home/bridges-testing/.local/lib/python3.11/site-packages/bridges-3.4.4-py3.11.egg/bridges/gamebase.py&quot;, line 55, in game_base_init
  File &quot;/home/bridges-testing/.local/lib/python3.11/site-packages/bridges-3.4.4-py3.11.egg/bridges/socket_connection.py&quot;, line 28, in setup_connection
  File &quot;/home/bridges-testing/.local/lib/python3.11/site-packages/python_socketio-5.11.3-py3.11.egg/socketio/client.py&quot;, line 159, in connect
    raise exceptions.ConnectionError(exc.args[0]) from None
socketio.exceptions.ConnectionError: Connection error
could not run python_answer for assignment in ../assignmentdb/21-RaceCar/python_answer
</code></pre>
</div>
    
    </div>
    <div id="pythonlog22" class="logdetails">
      <h2>Assignment 22 full log</h2>
    
<div class="success">
<h3 id="pythonlog22-checkscaffold">Check Scaffold for Assignment 22</h3>
<pre><code>Guessing Snake.py is the python file where main is

</code></pre>
</div>
<div class="failure">
<h3 id="pythonlog22-runanswer">Run Answer for Assignment 22</h3>
<pre><code>Guessing Snake.py is the python file where main is

Traceback (most recent call last):
  File &quot;/home/bridges-testing/bridges-assignments/assignmentdb/22-Snake/python_answer/Snake.py&quot;, line 193, in &lt;module&gt;
    main()
  File &quot;/home/bridges-testing/bridges-assignments/assignmentdb/22-Snake/python_answer/Snake.py&quot;, line 188, in main
    my_game = Snake(222, &quot;BRIDGES_USER_ID&quot;, &quot;BRIDGES_API_KEY&quot;, 30, 30)
              ^^^^^^^^^^^^^^^^^^^^^^^^^^^^^^^^^^^^^^^^^^^^^^^^^^^^^^^^
  File &quot;/home/bridges-testing/bridges-assignments/assignmentdb/22-Snake/python_answer/Snake.py&quot;, line 182, in __init__
    super(Snake, self).__init__(assid, login, apikey, cols, rows)
  File &quot;/home/bridges-testing/.local/lib/python3.11/site-packages/bridges-3.4.4-py3.11.egg/bridges/non_blocking_game.py&quot;, line 149, in __init__
  File &quot;/home/bridges-testing/.local/lib/python3.11/site-packages/bridges-3.4.4-py3.11.egg/bridges/gamebase.py&quot;, line 30, in __init__
  File &quot;/home/bridges-testing/.local/lib/python3.11/site-packages/bridges-3.4.4-py3.11.egg/bridges/gamebase.py&quot;, line 55, in game_base_init
  File &quot;/home/bridges-testing/.local/lib/python3.11/site-packages/bridges-3.4.4-py3.11.egg/bridges/socket_connection.py&quot;, line 28, in setup_connection
  File &quot;/home/bridges-testing/.local/lib/python3.11/site-packages/python_socketio-5.11.3-py3.11.egg/socketio/client.py&quot;, line 159, in connect
    raise exceptions.ConnectionError(exc.args[0]) from None
socketio.exceptions.ConnectionError: Connection error
could not run python_answer for assignment in ../assignmentdb/22-Snake/python_answer
</code></pre>
</div>
    
    </div>
    <div id="pythonlog23" class="logdetails">
      <h2>Assignment 23 full log</h2>
    
<div class="success">
<h3 id="pythonlog23-checkscaffold">Check Scaffold for Assignment 23</h3>
<pre><code>Guessing MountainPaths.py is the python file where main is

</code></pre>
</div>
<div class="failure">
<h3 id="pythonlog23-runanswer">Run Answer for Assignment 23</h3>
<pre><code>Guessing MountainPaths.py is the python file where main is

RLE ran
Traceback (most recent call last):
  File &quot;/home/bridges-testing/bridges-assignments/assignmentdb/23-MountainPaths/python_answer/MountainPaths.py&quot;, line 63, in &lt;module&gt;
    main()
  File &quot;/home/bridges-testing/bridges-assignments/assignmentdb/23-MountainPaths/python_answer/MountainPaths.py&quot;, line 60, in main
    bridges.visualize()
  File &quot;/home/bridges-testing/.local/lib/python3.11/site-packages/bridges-3.4.4-py3.11.egg/bridges/bridges.py&quot;, line 215, in visualize
AttributeError: 'Bridges' object has no attribute 'map'. Did you mean: '_map'?
could not run python_answer for assignment in ../assignmentdb/23-MountainPaths/python_answer
</code></pre>
</div>
    
    </div>
    <div id="pythonlog24" class="logdetails">
      <h2>Assignment 24 full log</h2>
    
<div class="success">
<h3 id="pythonlog24-checkscaffold">Check Scaffold for Assignment 24</h3>
<pre><code>Guessing ImageCompressionKdTree.py is the python file where main is

</code></pre>
</div>
<div class="failure">
<h3 id="pythonlog24-runanswer">Run Answer for Assignment 24</h3>
<pre><code>Guessing ImageCompressionKdTree.py is the python file where main is

RLE ran
Traceback (most recent call last):
  File &quot;/home/bridges-testing/bridges-assignments/assignmentdb/24-ImageCompressionKdTree/python_answer/ImageCompressionKdTree.py&quot;, line 170, in &lt;module&gt;
    main()
  File &quot;/home/bridges-testing/bridges-assignments/assignmentdb/24-ImageCompressionKdTree/python_answer/ImageCompressionKdTree.py&quot;, line 57, in main
    bridges.visualize()
  File &quot;/home/bridges-testing/.local/lib/python3.11/site-packages/bridges-3.4.4-py3.11.egg/bridges/bridges.py&quot;, line 215, in visualize
AttributeError: 'Bridges' object has no attribute 'map'. Did you mean: '_map'?
could not run python_answer for assignment in ../assignmentdb/24-ImageCompressionKdTree/python_answer
</code></pre>
</div>
    
    </div>
    <div id="pythonlog25" class="logdetails">
      <h2>Assignment 25 full log</h2>
    
<div class="success">
<h3 id="pythonlog25-checkscaffold">Check Scaffold for Assignment 25</h3>
<pre><code>Guessing Patterns.py is the python file where main is

</code></pre>
</div>
<div class="failure">
<h3 id="pythonlog25-runanswer">Run Answer for Assignment 25</h3>
<pre><code>Guessing Patterns.py is the python file where main is

RAW ran
Traceback (most recent call last):
  File &quot;/home/bridges-testing/bridges-assignments/assignmentdb/25-Patterns/python_answer/Patterns.py&quot;, line 24, in &lt;module&gt;
    main()
  File &quot;/home/bridges-testing/bridges-assignments/assignmentdb/25-Patterns/python_answer/Patterns.py&quot;, line 21, in main
    bridges.visualize()
  File &quot;/home/bridges-testing/.local/lib/python3.11/site-packages/bridges-3.4.4-py3.11.egg/bridges/bridges.py&quot;, line 215, in visualize
AttributeError: 'Bridges' object has no attribute 'map'. Did you mean: '_map'?
could not run python_answer for assignment in ../assignmentdb/25-Patterns/python_answer
</code></pre>
</div>
    
    </div>
    <div id="pythonlog26" class="logdetails">
      <h2>Assignment 26 full log</h2>
    
<div class="success">
<h3 id="pythonlog26-checkscaffold">Check Scaffold for Assignment 26</h3>
<pre><code>Guessing TowersOfHanoi.py is the python file where main is

</code></pre>
</div>
<div class="failure">
<h3 id="pythonlog26-runanswer">Run Answer for Assignment 26</h3>
<pre><code>Guessing TowersOfHanoi.py is the python file where main is

Traceback (most recent call last):
  File &quot;/home/bridges-testing/bridges-assignments/assignmentdb/26-TowersOfHanoi/python_answer/TowersOfHanoi.py&quot;, line 140, in &lt;module&gt;
    main()
  File &quot;/home/bridges-testing/bridges-assignments/assignmentdb/26-TowersOfHanoi/python_answer/TowersOfHanoi.py&quot;, line 132, in main
    bridges.visualize()
  File &quot;/home/bridges-testing/.local/lib/python3.11/site-packages/bridges-3.4.4-py3.11.egg/bridges/bridges.py&quot;, line 215, in visualize
AttributeError: 'Bridges' object has no attribute 'map'. Did you mean: '_map'?
could not run python_answer for assignment in ../assignmentdb/26-TowersOfHanoi/python_answer
</code></pre>
</div>
    
    </div>
    <div id="pythonlog27" class="logdetails">
      <h2>Assignment 27 full log</h2>
    
<div class="success">
<h3 id="pythonlog27-checkscaffold">Check Scaffold for Assignment 27</h3>
<pre><code>Guessing GameGridAdvanced.py is the python file where main is

</code></pre>
</div>
<div class="failure">
<h3 id="pythonlog27-runanswer">Run Answer for Assignment 27</h3>
<pre><code>Guessing GameGridAdvanced.py is the python file where main is

Traceback (most recent call last):
  File &quot;/home/bridges-testing/bridges-assignments/assignmentdb/27-GameGridBasic/python_answer/GameGridAdvanced.py&quot;, line 58, in &lt;module&gt;
    main()
  File &quot;/home/bridges-testing/bridges-assignments/assignmentdb/27-GameGridBasic/python_answer/GameGridAdvanced.py&quot;, line 52, in main
    game = Smiley(227, &quot;BRIDGES_USER_ID&quot;, &quot;BRIDGES_API_KEY&quot;)
           ^^^^^^^^^^^^^^^^^^^^^^^^^^^^^^^^^^^^^^^^^^^^^^^^^
  File &quot;/home/bridges-testing/bridges-assignments/assignmentdb/27-GameGridBasic/python_answer/GameGridAdvanced.py&quot;, line 8, in __init__
    super(Smiley, self).__init__(assid, login, apikey, 10, 10)
  File &quot;/home/bridges-testing/.local/lib/python3.11/site-packages/bridges-3.4.4-py3.11.egg/bridges/non_blocking_game.py&quot;, line 149, in __init__
  File &quot;/home/bridges-testing/.local/lib/python3.11/site-packages/bridges-3.4.4-py3.11.egg/bridges/gamebase.py&quot;, line 30, in __init__
  File &quot;/home/bridges-testing/.local/lib/python3.11/site-packages/bridges-3.4.4-py3.11.egg/bridges/gamebase.py&quot;, line 55, in game_base_init
  File &quot;/home/bridges-testing/.local/lib/python3.11/site-packages/bridges-3.4.4-py3.11.egg/bridges/socket_connection.py&quot;, line 28, in setup_connection
  File &quot;/home/bridges-testing/.local/lib/python3.11/site-packages/python_socketio-5.11.3-py3.11.egg/socketio/client.py&quot;, line 159, in connect
    raise exceptions.ConnectionError(exc.args[0]) from None
socketio.exceptions.ConnectionError: Connection error
could not run python_answer for assignment in ../assignmentdb/27-GameGridBasic/python_answer
</code></pre>
</div>
    
    </div>
    <div id="pythonlog28" class="logdetails">
      <h2>Assignment 28 full log</h2>
    
<div class="success">
<h3 id="pythonlog28-checkscaffold">Check Scaffold for Assignment 28</h3>
<pre><code>Guessing BigOhMatters.py is the python file where main is

</code></pre>
</div>
<div class="failure">
<h3 id="pythonlog28-runanswer">Run Answer for Assignment 28</h3>
<pre><code>Guessing BigOhMatters.py is the python file where main is

Traceback (most recent call last):
  File &quot;/home/bridges-testing/bridges-assignments/assignmentdb/28-BigOhMatters/python_answer/BigOhMatters.py&quot;, line 148, in &lt;module&gt;
    main()
  File &quot;/home/bridges-testing/bridges-assignments/assignmentdb/28-BigOhMatters/python_answer/BigOhMatters.py&quot;, line 143, in main
    task1(bridges)
  File &quot;/home/bridges-testing/bridges-assignments/assignmentdb/28-BigOhMatters/python_answer/BigOhMatters.py&quot;, line 41, in task1
    bridges.visualize()
  File &quot;/home/bridges-testing/.local/lib/python3.11/site-packages/bridges-3.4.4-py3.11.egg/bridges/bridges.py&quot;, line 215, in visualize
AttributeError: 'Bridges' object has no attribute 'map'. Did you mean: '_map'?
could not run python_answer for assignment in ../assignmentdb/28-BigOhMatters/python_answer
</code></pre>
</div>
    
    </div>
    <div id="pythonlog29" class="logdetails">
      <h2>Assignment 29 full log</h2>
    
<div class="success">
<h3 id="pythonlog29-checkscaffold">Check Scaffold for Assignment 29</h3>
<pre><code>Guessing SortingBenchmark.py is the python file where main is

</code></pre>
</div>
<div class="failure">
<h3 id="pythonlog29-runanswer">Run Answer for Assignment 29</h3>
<pre><code>Guessing SortingBenchmark.py is the python file where main is

Traceback (most recent call last):
  File &quot;/home/bridges-testing/bridges-assignments/assignmentdb/29-SortingBenchmark/python_answer/SortingBenchmark.py&quot;, line 65, in &lt;module&gt;
    main()
  File &quot;/home/bridges-testing/bridges-assignments/assignmentdb/29-SortingBenchmark/python_answer/SortingBenchmark.py&quot;, line 48, in main
    bridges.visualize()
  File &quot;/home/bridges-testing/.local/lib/python3.11/site-packages/bridges-3.4.4-py3.11.egg/bridges/bridges.py&quot;, line 215, in visualize
AttributeError: 'Bridges' object has no attribute 'map'. Did you mean: '_map'?
could not run python_answer for assignment in ../assignmentdb/29-SortingBenchmark/python_answer
</code></pre>
</div>
    
    </div>
    <div id="pythonlog30" class="logdetails">
      <h2>Assignment 30 full log</h2>
    
<div class="failure">
<h3 id="pythonlog30-checkscaffold">Check Scaffold for Assignment 30</h3>
<pre><code>./testassignment_python.sh: 72: cd: can't cd to ../assignmentdb/30-TemporalBaconNumber/python
grep: *py: No such file or directory
can't guess a python file
</code></pre>
</div>
<div class="failure">
<h3 id="pythonlog30-runanswer">Run Answer for Assignment 30</h3>
<pre><code>Guessing TemporalBaconNumber.py is the python file where main is

wikidata-actormovie-1980-1980
wikidata-actormovie-1981-1981
16.249879360198975
year: 1980 vertices: 3759 edge: 16044
Traceback (most recent call last):
  File &quot;/home/bridges-testing/bridges-assignments/assignmentdb/30-TemporalBaconNumber/python_answer/TemporalBaconNumber.py&quot;, line 129, in &lt;module&gt;
    main()
  File &quot;/home/bridges-testing/bridges-assignments/assignmentdb/30-TemporalBaconNumber/python_answer/TemporalBaconNumber.py&quot;, line 97, in main
    bridges.visualize()
  File &quot;/home/bridges-testing/.local/lib/python3.11/site-packages/bridges-3.4.4-py3.11.egg/bridges/bridges.py&quot;, line 215, in visualize
AttributeError: 'Bridges' object has no attribute 'map'. Did you mean: '_map'?
could not run python_answer for assignment in ../assignmentdb/30-TemporalBaconNumber/python_answer
</code></pre>
</div>
    
    </div>
    <div id="pythonlog31" class="logdetails">
      <h2>Assignment 31 full log</h2>
    
<div class="failure">
<h3 id="pythonlog31-checkscaffold">Check Scaffold for Assignment 31</h3>
<pre><code>./testassignment_python.sh: 72: cd: can't cd to ../assignmentdb/31-TemporalPageRank/python
grep: *py: No such file or directory
can't guess a python file
</code></pre>
</div>
<div class="failure">
<h3 id="pythonlog31-runanswer">Run Answer for Assignment 31</h3>
<pre><code>Guessing TemporalPageRank.py is the python file where main is

wikidata-actormovie-1974-1974
wikidata-actormovie-1975-1975
data get:  13.467909336090088
year: 1974 vertices: 3228 edge: 24172
Traceback (most recent call last):
  File &quot;/home/bridges-testing/bridges-assignments/assignmentdb/31-TemporalPageRank/python_answer/TemporalPageRank.py&quot;, line 104, in &lt;module&gt;
    main()
  File &quot;/home/bridges-testing/bridges-assignments/assignmentdb/31-TemporalPageRank/python_answer/TemporalPageRank.py&quot;, line 85, in main
    bridges.visualize()
  File &quot;/home/bridges-testing/.local/lib/python3.11/site-packages/bridges-3.4.4-py3.11.egg/bridges/bridges.py&quot;, line 215, in visualize
AttributeError: 'Bridges' object has no attribute 'map'. Did you mean: '_map'?
could not run python_answer for assignment in ../assignmentdb/31-TemporalPageRank/python_answer
</code></pre>
</div>
    
    </div>
    <div id="pythonlog32" class="logdetails">
      <h2>Assignment 32 full log</h2>
    
<div class="success">
<h3 id="pythonlog32-checkscaffold">Check Scaffold for Assignment 32</h3>
<pre><code>Guessing tic_tac_toe.py is the python file where main is

</code></pre>
</div>
<div class="failure">
<h3 id="pythonlog32-runanswer">Run Answer for Assignment 32</h3>
<pre><code>Guessing tic_tac_toe.py is the python file where main is

attempting to connect to socket.io at http://127.0.0.1:3000
Traceback (most recent call last):
  File &quot;/home/bridges-testing/bridges-assignments/assignmentdb/32-TicTacToe/python_answer/tic_tac_toe.py&quot;, line 149, in &lt;module&gt;
    main()
  File &quot;/home/bridges-testing/bridges-assignments/assignmentdb/32-TicTacToe/python_answer/tic_tac_toe.py&quot;, line 143, in main
    game = TicTacToe(32, &quot;Bridges ID&quot;, &quot;Bridges API Key&quot;)
           ^^^^^^^^^^^^^^^^^^^^^^^^^^^^^^^^^^^^^^^^^^^^^^
  File &quot;/home/bridges-testing/bridges-assignments/assignmentdb/32-TicTacToe/python_answer/tic_tac_toe.py&quot;, line 7, in __init__
    super(TicTacToe, self).__init__(assid, login, apikey, 3, 3, True)
  File &quot;/home/bridges-testing/.local/lib/python3.11/site-packages/bridges-3.4.4-py3.11.egg/bridges/non_blocking_game.py&quot;, line 149, in __init__
  File &quot;/home/bridges-testing/.local/lib/python3.11/site-packages/bridges-3.4.4-py3.11.egg/bridges/gamebase.py&quot;, line 30, in __init__
  File &quot;/home/bridges-testing/.local/lib/python3.11/site-packages/bridges-3.4.4-py3.11.egg/bridges/gamebase.py&quot;, line 55, in game_base_init
  File &quot;/home/bridges-testing/.local/lib/python3.11/site-packages/bridges-3.4.4-py3.11.egg/bridges/socket_connection.py&quot;, line 28, in setup_connection
  File &quot;/home/bridges-testing/.local/lib/python3.11/site-packages/python_socketio-5.11.3-py3.11.egg/socketio/client.py&quot;, line 159, in connect
    raise exceptions.ConnectionError(exc.args[0]) from None
socketio.exceptions.ConnectionError: Connection error
could not run python_answer for assignment in ../assignmentdb/32-TicTacToe/python_answer
</code></pre>
</div>
    
    </div>
    <div id="pythonlog33" class="logdetails">
      <h2>Assignment 33 full log</h2>
    
<div class="failure">
<h3 id="pythonlog33-checkscaffold">Check Scaffold for Assignment 33</h3>
<pre><code>can't guess a python file
</code></pre>
</div>
<div class="failure">
<h3 id="pythonlog33-runanswer">Run Answer for Assignment 33</h3>
<pre><code>Guessing audio_mixing.py is the python file where main is

Traceback (most recent call last):
  File &quot;/home/bridges-testing/bridges-assignments/assignmentdb/33-AudioMixing/python_answer/audio_mixing.py&quot;, line 101, in &lt;module&gt;
    main()
  File &quot;/home/bridges-testing/bridges-assignments/assignmentdb/33-AudioMixing/python_answer/audio_mixing.py&quot;, line 84, in main
    bridges.visualize()
  File &quot;/home/bridges-testing/.local/lib/python3.11/site-packages/bridges-3.4.4-py3.11.egg/bridges/bridges.py&quot;, line 215, in visualize
AttributeError: 'Bridges' object has no attribute 'map'. Did you mean: '_map'?
could not run python_answer for assignment in ../assignmentdb/33-AudioMixing/python_answer
</code></pre>
</div>
    
    </div>
    <div id="pythonlog34" class="logdetails">
      <h2>Assignment 34 full log</h2>
    
<div class="success">
<h3 id="pythonlog34-checkscaffold">Check Scaffold for Assignment 34</h3>
<pre><code>Guessing GameTutorial.py is the python file where main is

</code></pre>
</div>
<div class="failure">
<h3 id="pythonlog34-runanswer">Run Answer for Assignment 34</h3>
<pre><code>Guessing GameTutorial.py is the python file where main is

Traceback (most recent call last):
  File &quot;/home/bridges-testing/bridges-assignments/assignmentdb/34-GameTutorials/python_answer/GameTutorial.py&quot;, line 71, in &lt;module&gt;
    main()
  File &quot;/home/bridges-testing/bridges-assignments/assignmentdb/34-GameTutorials/python_answer/GameTutorial.py&quot;, line 66, in main
    game = GameTutorial(234, &quot;BRIDGES_USER_ID&quot;, &quot;BRIDGES_API_KEY&quot;)
           ^^^^^^^^^^^^^^^^^^^^^^^^^^^^^^^^^^^^^^^^^^^^^^^^^^^^^^^
  File &quot;/home/bridges-testing/bridges-assignments/assignmentdb/34-GameTutorials/python_answer/GameTutorial.py&quot;, line 7, in __init__
    super().__init__(assid, user_id,  api_key, 10, 10)
  File &quot;/home/bridges-testing/.local/lib/python3.11/site-packages/bridges-3.4.4-py3.11.egg/bridges/non_blocking_game.py&quot;, line 149, in __init__
  File &quot;/home/bridges-testing/.local/lib/python3.11/site-packages/bridges-3.4.4-py3.11.egg/bridges/gamebase.py&quot;, line 30, in __init__
  File &quot;/home/bridges-testing/.local/lib/python3.11/site-packages/bridges-3.4.4-py3.11.egg/bridges/gamebase.py&quot;, line 55, in game_base_init
  File &quot;/home/bridges-testing/.local/lib/python3.11/site-packages/bridges-3.4.4-py3.11.egg/bridges/socket_connection.py&quot;, line 28, in setup_connection
  File &quot;/home/bridges-testing/.local/lib/python3.11/site-packages/python_socketio-5.11.3-py3.11.egg/socketio/client.py&quot;, line 159, in connect
    raise exceptions.ConnectionError(exc.args[0]) from None
socketio.exceptions.ConnectionError: Connection error
could not run python_answer for assignment in ../assignmentdb/34-GameTutorials/python_answer
</code></pre>
</div>
    
    </div>
    <div id="pythonlog35" class="logdetails">
      <h2>Assignment 35 full log</h2>
    
<div class="success">
<h3 id="pythonlog35-checkscaffold">Check Scaffold for Assignment 35</h3>
<pre><code>Guessing connect_four.py is the python file where main is

</code></pre>
</div>
<div class="failure">
<h3 id="pythonlog35-runanswer">Run Answer for Assignment 35</h3>
<pre><code>Guessing connect_four.py is the python file where main is

Traceback (most recent call last):
  File &quot;/home/bridges-testing/bridges-assignments/assignmentdb/35-ConnectFour/python_answer/connect_four.py&quot;, line 221, in &lt;module&gt;
    main()
  File &quot;/home/bridges-testing/bridges-assignments/assignmentdb/35-ConnectFour/python_answer/connect_four.py&quot;, line 217, in main
    connect = Connect4(132, &quot;Bridges Username&quot;, &quot;Bridges API key&quot;)
              ^^^^^^^^^^^^^^^^^^^^^^^^^^^^^^^^^^^^^^^^^^^^^^^^^^^^
  File &quot;/home/bridges-testing/bridges-assignments/assignmentdb/35-ConnectFour/python_answer/connect_four.py&quot;, line 7, in __init__
    super(Connect4, self).__init__(assID, username, apikey, 7 ,7)
  File &quot;/home/bridges-testing/.local/lib/python3.11/site-packages/bridges-3.4.4-py3.11.egg/bridges/non_blocking_game.py&quot;, line 149, in __init__
  File &quot;/home/bridges-testing/.local/lib/python3.11/site-packages/bridges-3.4.4-py3.11.egg/bridges/gamebase.py&quot;, line 30, in __init__
  File &quot;/home/bridges-testing/.local/lib/python3.11/site-packages/bridges-3.4.4-py3.11.egg/bridges/gamebase.py&quot;, line 55, in game_base_init
  File &quot;/home/bridges-testing/.local/lib/python3.11/site-packages/bridges-3.4.4-py3.11.egg/bridges/socket_connection.py&quot;, line 28, in setup_connection
  File &quot;/home/bridges-testing/.local/lib/python3.11/site-packages/python_socketio-5.11.3-py3.11.egg/socketio/client.py&quot;, line 159, in connect
    raise exceptions.ConnectionError(exc.args[0]) from None
socketio.exceptions.ConnectionError: Connection error
could not run python_answer for assignment in ../assignmentdb/35-ConnectFour/python_answer
</code></pre>
</div>
    
    </div>
    <div id="pythonlog36" class="logdetails">
      <h2>Assignment 36 full log</h2>
    
<div class="success">
<h3 id="pythonlog36-checkscaffold">Check Scaffold for Assignment 36</h3>
<pre><code>Guessing pong.py is the python file where main is

</code></pre>
</div>
<div class="failure">
<h3 id="pythonlog36-runanswer">Run Answer for Assignment 36</h3>
<pre><code>Guessing pong.py is the python file where main is

Traceback (most recent call last):
  File &quot;/home/bridges-testing/bridges-assignments/assignmentdb/36-Pong/python_answer/pong.py&quot;, line 216, in &lt;module&gt;
    main()
  File &quot;/home/bridges-testing/bridges-assignments/assignmentdb/36-Pong/python_answer/pong.py&quot;, line 210, in main
    g = Pong(36, &quot;BRIDGES_USER_ID&quot;, &quot;BRIDGES_API_KEY&quot;)
        ^^^^^^^^^^^^^^^^^^^^^^^^^^^^^^^^^^^^^^^^^^^^^^
  File &quot;/home/bridges-testing/bridges-assignments/assignmentdb/36-Pong/python_answer/pong.py&quot;, line 10, in __init__
    super().__init__(assid, login, api_key, 20, 50)
  File &quot;/home/bridges-testing/.local/lib/python3.11/site-packages/bridges-3.4.4-py3.11.egg/bridges/non_blocking_game.py&quot;, line 149, in __init__
  File &quot;/home/bridges-testing/.local/lib/python3.11/site-packages/bridges-3.4.4-py3.11.egg/bridges/gamebase.py&quot;, line 30, in __init__
  File &quot;/home/bridges-testing/.local/lib/python3.11/site-packages/bridges-3.4.4-py3.11.egg/bridges/gamebase.py&quot;, line 55, in game_base_init
  File &quot;/home/bridges-testing/.local/lib/python3.11/site-packages/bridges-3.4.4-py3.11.egg/bridges/socket_connection.py&quot;, line 28, in setup_connection
  File &quot;/home/bridges-testing/.local/lib/python3.11/site-packages/python_socketio-5.11.3-py3.11.egg/socketio/client.py&quot;, line 159, in connect
    raise exceptions.ConnectionError(exc.args[0]) from None
socketio.exceptions.ConnectionError: Connection error
could not run python_answer for assignment in ../assignmentdb/36-Pong/python_answer
</code></pre>
</div>
    
    </div>
    <div id="pythonlog37" class="logdetails">
      <h2>Assignment 37 full log</h2>
    
<div class="failure">
<h3 id="pythonlog37-checkscaffold">Check Scaffold for Assignment 37</h3>
<pre><code>grep: *py: No such file or directory
can't guess a python file
</code></pre>
</div>
<div class="failure">
<h3 id="pythonlog37-runanswer">Run Answer for Assignment 37</h3>
<pre><code>./testassignment_python.sh: 270: [: ../assignmentdb/37-BST_Earthquakes: unexpected operator
assignment 37 has no python_answer directory
</code></pre>
</div>
    
    </div>
    <div id="pythonlog38" class="logdetails">
      <h2>Assignment 38 full log</h2>
    
<div class="success">
<h3 id="pythonlog38-checkscaffold">Check Scaffold for Assignment 38</h3>
<pre><code>Guessing geological_survey.py is the python file where main is

</code></pre>
</div>
<div class="success">
<h3 id="pythonlog38-runanswer">Run Answer for Assignment 38</h3>
<pre><code>Guessing geological_survey.py is the python file where main is


Check Your Visualization at the following link:

http://bridges-cs.herokuapp.com/assignments/238/bridges_testing


</code></pre>
</div>
    
    </div>
    <div id="pythonlog39" class="logdetails">
      <h2>Assignment 39 full log</h2>
    
<div class="failure">
<h3 id="pythonlog39-checkscaffold">Check Scaffold for Assignment 39</h3>
<pre><code>can't guess a python file
</code></pre>
</div>
<div class="failure">
<h3 id="pythonlog39-runanswer">Run Answer for Assignment 39</h3>
<pre><code>Guessing BookDistance.py is the python file where main is

80
500 Server Error: INTERNAL SERVER ERROR for url: http://bridges-data-server-gutenberg.bridgesuncc.org/book?id=102
Error Downloading book 102
500 Server Error: INTERNAL SERVER ERROR for url: http://bridges-data-server-gutenberg.bridgesuncc.org/book?id=1086
Error Downloading book 1086
500 Server Error: INTERNAL SERVER ERROR for url: http://bridges-data-server-gutenberg.bridgesuncc.org/book?id=119
Error Downloading book 119
500 Server Error: INTERNAL SERVER ERROR for url: http://bridges-data-server-gutenberg.bridgesuncc.org/book?id=142
Error Downloading book 142
500 Server Error: INTERNAL SERVER ERROR for url: http://bridges-data-server-gutenberg.bridgesuncc.org/book?id=1837
Error Downloading book 1837
500 Server Error: INTERNAL SERVER ERROR for url: http://bridges-data-server-gutenberg.bridgesuncc.org/book?id=1892
Error Downloading book 1892
500 Server Error: INTERNAL SERVER ERROR for url: http://bridges-data-server-gutenberg.bridgesuncc.org/book?id=19987
Error Downloading book 19987
500 Server Error: INTERNAL SERVER ERROR for url: http://bridges-data-server-gutenberg.bridgesuncc.org/book?id=2431
Error Downloading book 2431
500 Server Error: INTERNAL SERVER ERROR for url: http://bridges-data-server-gutenberg.bridgesuncc.org/book?id=2572
Error Downloading book 2572
500 Server Error: INTERNAL SERVER ERROR for url: http://bridges-data-server-gutenberg.bridgesuncc.org/book?id=2875
Error Downloading book 2875
500 Server Error: INTERNAL SERVER ERROR for url: http://bridges-data-server-gutenberg.bridgesuncc.org/book?id=100
Error Downloading book 100
500 Server Error: INTERNAL SERVER ERROR for url: http://bridges-data-server-gutenberg.bridgesuncc.org/book?id=1045
Error Downloading book 1045
500 Server Error: INTERNAL SERVER ERROR for url: http://bridges-data-server-gutenberg.bridgesuncc.org/book?id=1100
Error Downloading book 1100
500 Server Error: INTERNAL SERVER ERROR for url: http://bridges-data-server-gutenberg.bridgesuncc.org/book?id=1102
Error Downloading book 1102
500 Server Error: INTERNAL SERVER ERROR for url: http://bridges-data-server-gutenberg.bridgesuncc.org/book?id=1104
Error Downloading book 1104
500 Server Error: INTERNAL SERVER ERROR for url: http://bridges-data-server-gutenberg.bridgesuncc.org/book?id=1106
Error Downloading book 1106
500 Server Error: INTERNAL SERVER ERROR for url: http://bridges-data-server-gutenberg.bridgesuncc.org/book?id=1108
Error Downloading book 1108
500 Server Error: INTERNAL SERVER ERROR for url: http://bridges-data-server-gutenberg.bridgesuncc.org/book?id=1110
Error Downloading book 1110
500 Server Error: INTERNAL SERVER ERROR for url: http://bridges-data-server-gutenberg.bridgesuncc.org/book?id=1112
Error Downloading book 1112
500 Server Error: INTERNAL SERVER ERROR for url: http://bridges-data-server-gutenberg.bridgesuncc.org/book?id=1114
Error Downloading book 1114
500 Server Error: INTERNAL SERVER ERROR for url: http://bridges-data-server-gutenberg.bridgesuncc.org/book?id=1023
Error Downloading book 1023
500 Server Error: INTERNAL SERVER ERROR for url: http://bridges-data-server-gutenberg.bridgesuncc.org/book?id=13771
Error Downloading book 13771
500 Server Error: INTERNAL SERVER ERROR for url: http://bridges-data-server-gutenberg.bridgesuncc.org/book?id=1394
Error Downloading book 1394
500 Server Error: INTERNAL SERVER ERROR for url: http://bridges-data-server-gutenberg.bridgesuncc.org/book?id=1406
Error Downloading book 1406
500 Server Error: INTERNAL SERVER ERROR for url: http://bridges-data-server-gutenberg.bridgesuncc.org/book?id=1413
Error Downloading book 1413
500 Server Error: INTERNAL SERVER ERROR for url: http://bridges-data-server-gutenberg.bridgesuncc.org/book?id=1415
Error Downloading book 1415
500 Server Error: INTERNAL SERVER ERROR for url: http://bridges-data-server-gutenberg.bridgesuncc.org/book?id=1419
Error Downloading book 1419
500 Server Error: INTERNAL SERVER ERROR for url: http://bridges-data-server-gutenberg.bridgesuncc.org/book?id=1422
Error Downloading book 1422
500 Server Error: INTERNAL SERVER ERROR for url: http://bridges-data-server-gutenberg.bridgesuncc.org/book?id=1435
Error Downloading book 1435
500 Server Error: INTERNAL SERVER ERROR for url: http://bridges-data-server-gutenberg.bridgesuncc.org/book?id=1467
Error Downloading book 1467
500 Server Error: INTERNAL SERVER ERROR for url: http://bridges-data-server-gutenberg.bridgesuncc.org/book?id=10449
Error Downloading book 10449
500 Server Error: INTERNAL SERVER ERROR for url: http://bridges-data-server-gutenberg.bridgesuncc.org/book?id=13725
Error Downloading book 13725
500 Server Error: INTERNAL SERVER ERROR for url: http://bridges-data-server-gutenberg.bridgesuncc.org/book?id=14285
Error Downloading book 14285
500 Server Error: INTERNAL SERVER ERROR for url: http://bridges-data-server-gutenberg.bridgesuncc.org/book?id=16452
Error Downloading book 16452
500 Server Error: INTERNAL SERVER ERROR for url: http://bridges-data-server-gutenberg.bridgesuncc.org/book?id=1727
Error Downloading book 1727
500 Server Error: INTERNAL SERVER ERROR for url: http://bridges-data-server-gutenberg.bridgesuncc.org/book?id=21671
Error Downloading book 21671
500 Server Error: INTERNAL SERVER ERROR for url: http://bridges-data-server-gutenberg.bridgesuncc.org/book?id=22382
Error Downloading book 22382
500 Server Error: INTERNAL SERVER ERROR for url: http://bridges-data-server-gutenberg.bridgesuncc.org/book?id=24385
Error Downloading book 24385
500 Server Error: INTERNAL SERVER ERROR for url: http://bridges-data-server-gutenberg.bridgesuncc.org/book?id=25188
Error Downloading book 25188
500 Server Error: INTERNAL SERVER ERROR for url: http://bridges-data-server-gutenberg.bridgesuncc.org/book?id=3059
Error Downloading book 3059
Traceback (most recent call last):
  File &quot;/home/bridges-testing/bridges-assignments/assignmentdb/39-BookDistance/python_answer/BookDistance.py&quot;, line 179, in &lt;module&gt;
    main()
  File &quot;/home/bridges-testing/bridges-assignments/assignmentdb/39-BookDistance/python_answer/BookDistance.py&quot;, line 140, in main
    gen_graph(1)
  File &quot;/home/bridges-testing/bridges-assignments/assignmentdb/39-BookDistance/python_answer/BookDistance.py&quot;, line 65, in gen_graph
    for x in book_list:
             ^^^^^^^^^
NameError: name 'book_list' is not defined
could not run python_answer for assignment in ../assignmentdb/39-BookDistance/python_answer
</code></pre>
</div>
    
    </div>
    <div id="pythonlog40" class="logdetails">
      <h2>Assignment 40 full log</h2>
    
<div class="success">
<h3 id="pythonlog40-checkscaffold">Check Scaffold for Assignment 40</h3>
<pre><code>Guessing image_process.py is the python file where main is

</code></pre>
</div>
<div class="failure">
<h3 id="pythonlog40-runanswer">Run Answer for Assignment 40</h3>
<pre><code>Guessing image_process.py is the python file where main is

RAW ran
Traceback (most recent call last):
  File &quot;/home/bridges-testing/bridges-assignments/assignmentdb/40-ImageProcessing/python_answer/image_process.py&quot;, line 49, in &lt;module&gt;
    main()
  File &quot;/home/bridges-testing/bridges-assignments/assignmentdb/40-ImageProcessing/python_answer/image_process.py&quot;, line 15, in main
    bridges.visualize()
  File &quot;/home/bridges-testing/.local/lib/python3.11/site-packages/bridges-3.4.4-py3.11.egg/bridges/bridges.py&quot;, line 215, in visualize
AttributeError: 'Bridges' object has no attribute 'map'. Did you mean: '_map'?
could not run python_answer for assignment in ../assignmentdb/40-ImageProcessing/python_answer
</code></pre>
</div>
    
    </div>
    <div id="pythonlog41" class="logdetails">
      <h2>Assignment 41 full log</h2>
    
<div class="success">
<h3 id="pythonlog41-checkscaffold">Check Scaffold for Assignment 41</h3>
<pre><code>Guessing SpaceInvaders.py is the python file where main is

</code></pre>
</div>
<div class="failure">
<h3 id="pythonlog41-runanswer">Run Answer for Assignment 41</h3>
<pre><code>Guessing SpaceInvaders.py is the python file where main is

Traceback (most recent call last):
  File &quot;/home/bridges-testing/bridges-assignments/assignmentdb/41-SpaceInvaders/python_answer/SpaceInvaders.py&quot;, line 234, in &lt;module&gt;
    main()
  File &quot;/home/bridges-testing/bridges-assignments/assignmentdb/41-SpaceInvaders/python_answer/SpaceInvaders.py&quot;, line 227, in main
    si = SpaceInvaders(41, &quot;BRIDGES_USER_ID&quot;, &quot;BRIDGES_API_KEY&quot;, 20, 15)
         ^^^^^^^^^^^^^^^^^^^^^^^^^^^^^^^^^^^^^^^^^^^^^^^^^^^^^^^^^^^^^^^
  File &quot;/home/bridges-testing/bridges-assignments/assignmentdb/41-SpaceInvaders/python_answer/SpaceInvaders.py&quot;, line 40, in __init__
    super(SpaceInvaders, self).__init__(assid, login, apikey, cols, rows)
  File &quot;/home/bridges-testing/.local/lib/python3.11/site-packages/bridges-3.4.4-py3.11.egg/bridges/non_blocking_game.py&quot;, line 149, in __init__
  File &quot;/home/bridges-testing/.local/lib/python3.11/site-packages/bridges-3.4.4-py3.11.egg/bridges/gamebase.py&quot;, line 30, in __init__
  File &quot;/home/bridges-testing/.local/lib/python3.11/site-packages/bridges-3.4.4-py3.11.egg/bridges/gamebase.py&quot;, line 55, in game_base_init
  File &quot;/home/bridges-testing/.local/lib/python3.11/site-packages/bridges-3.4.4-py3.11.egg/bridges/socket_connection.py&quot;, line 28, in setup_connection
  File &quot;/home/bridges-testing/.local/lib/python3.11/site-packages/python_socketio-5.11.3-py3.11.egg/socketio/client.py&quot;, line 159, in connect
    raise exceptions.ConnectionError(exc.args[0]) from None
socketio.exceptions.ConnectionError: Connection error
could not run python_answer for assignment in ../assignmentdb/41-SpaceInvaders/python_answer
</code></pre>
</div>
    
    </div>
    <div id="pythonlog42" class="logdetails">
      <h2>Assignment 42 full log</h2>
    
<div class="success">
<h3 id="pythonlog42-checkscaffold">Check Scaffold for Assignment 42</h3>
<pre><code>Guessing Covid.py is the python file where main is

</code></pre>
</div>
<div class="failure">
<h3 id="pythonlog42-runanswer">Run Answer for Assignment 42</h3>
<pre><code>Guessing covid.py is the python file where main is

Traceback (most recent call last):
  File &quot;/home/bridges-testing/bridges-assignments/assignmentdb/42-Covid/python_answer/covid.py&quot;, line 2, in &lt;module&gt;
    import pandas as pd
ModuleNotFoundError: No module named 'pandas'
could not run python_answer for assignment in ../assignmentdb/42-Covid/python_answer
</code></pre>
</div>
    
    </div>
    <div id="pythonlog43" class="logdetails">
      <h2>Assignment 43 full log</h2>
    
<div class="success">
<h3 id="pythonlog43-checkscaffold">Check Scaffold for Assignment 43</h3>
<pre><code>Guessing spatialindexing.py is the python file where main is

</code></pre>
</div>
<div class="success">
<h3 id="pythonlog43-runanswer">Run Answer for Assignment 43</h3>
<pre><code>Guessing spatialindexing.py is the python file where main is

url: http://bridges-data-server-osm.bridgesuncc.org/loc?location=New%20York%2C%20New%20York&amp;level=secondary
hash_url: http://bridges-data-server-osm.bridgesuncc.org/hash?location=New%20York%2C%20New%20York&amp;level=secondary
Error: Corrupted JSON download...
Attempting redownload...
Error: Redownload attempt failed
Expecting value: line 1 column 1 (char 0)
</code></pre>
</div>
    
    </div>
    <div id="pythonlog44" class="logdetails">
      <h2>Assignment 44 full log</h2>
    
<div class="failure">
<h3 id="pythonlog44-checkscaffold">Check Scaffold for Assignment 44</h3>
<pre><code>can't guess a python file
</code></pre>
</div>
<div class="success">
<h3 id="pythonlog44-runanswer">Run Answer for Assignment 44</h3>
<pre><code>Guessing prim_mst_cities.py is the python file where main is


Check Your Visualization at the following link:

http://bridges-cs.herokuapp.com/assignments/244/bridges_testing


MST Min. Cost: 488.1120926539809

Check Your Visualization at the following link:

http://bridges-cs.herokuapp.com/assignments/244/bridges_testing


MST Min. Cost(Fringe Method): 488.1120926539809

Check Your Visualization at the following link:

http://bridges-cs.herokuapp.com/assignments/244/bridges_testing


</code></pre>
</div>
    
    </div>
    <div id="pythonlog45" class="logdetails">
      <h2>Assignment 45 full log</h2>
    
<div class="success">
<h3 id="pythonlog45-checkscaffold">Check Scaffold for Assignment 45</h3>
<pre><code>Guessing ExplorerRobot.py is the python file where main is

</code></pre>
</div>
<div class="failure">
<h3 id="pythonlog45-runanswer">Run Answer for Assignment 45</h3>
<pre><code>Guessing ExplorerRobot.py is the python file where main is

Traceback (most recent call last):
  File &quot;/home/bridges-testing/bridges-assignments/assignmentdb/45-ExplorerRobot/python_answer/ExplorerRobot.py&quot;, line 152, in &lt;module&gt;
    main()
  File &quot;/home/bridges-testing/bridges-assignments/assignmentdb/45-ExplorerRobot/python_answer/ExplorerRobot.py&quot;, line 145, in main
    er = ExplorerRobot(45, &quot;BRIDGES_USER_ID&quot;, &quot;BRIDGES_API_KEY&quot;, 15, 15)
         ^^^^^^^^^^^^^^^^^^^^^^^^^^^^^^^^^^^^^^^^^^^^^^^^^^^^^^^^^^^^^^^
  File &quot;/home/bridges-testing/bridges-assignments/assignmentdb/45-ExplorerRobot/python_answer/ExplorerRobot.py&quot;, line 16, in __init__
    super(ExplorerRobot, self).__init__(assid, login, apikey, cols, rows)
  File &quot;/home/bridges-testing/.local/lib/python3.11/site-packages/bridges-3.4.4-py3.11.egg/bridges/non_blocking_game.py&quot;, line 149, in __init__
  File &quot;/home/bridges-testing/.local/lib/python3.11/site-packages/bridges-3.4.4-py3.11.egg/bridges/gamebase.py&quot;, line 30, in __init__
  File &quot;/home/bridges-testing/.local/lib/python3.11/site-packages/bridges-3.4.4-py3.11.egg/bridges/gamebase.py&quot;, line 55, in game_base_init
  File &quot;/home/bridges-testing/.local/lib/python3.11/site-packages/bridges-3.4.4-py3.11.egg/bridges/socket_connection.py&quot;, line 28, in setup_connection
  File &quot;/home/bridges-testing/.local/lib/python3.11/site-packages/python_socketio-5.11.3-py3.11.egg/socketio/client.py&quot;, line 159, in connect
    raise exceptions.ConnectionError(exc.args[0]) from None
socketio.exceptions.ConnectionError: Connection error
could not run python_answer for assignment in ../assignmentdb/45-ExplorerRobot/python_answer
</code></pre>
</div>
    
    </div>
    <div id="pythonlog46" class="logdetails">
      <h2>Assignment 46 full log</h2>
    
<div class="failure">
<h3 id="pythonlog46-checkscaffold">Check Scaffold for Assignment 46</h3>
<pre><code>./testassignment_python.sh: 72: cd: can't cd to ../assignmentdb/46-AirBNB/python
grep: *py: No such file or directory
can't guess a python file
</code></pre>
</div>
<div class="failure">
<h3 id="pythonlog46-runanswer">Run Answer for Assignment 46</h3>
<pre><code>assignment 46 has no python_answer directory
</code></pre>
</div>
    
    </div>
    <div id="pythonlog47" class="logdetails">
      <h2>Assignment 47 full log</h2>
    
<div class="failure">
<h3 id="pythonlog47-checkscaffold">Check Scaffold for Assignment 47</h3>
<pre><code>./testassignment_python.sh: 72: cd: can't cd to ../assignmentdb/47-Impressionism_Art/python
grep: *py: No such file or directory
can't guess a python file
</code></pre>
</div>
<div class="failure">
<h3 id="pythonlog47-runanswer">Run Answer for Assignment 47</h3>
<pre><code>assignment 47 has no python_answer directory
</code></pre>
</div>
    
    </div>
    <div id="pythonlog48" class="logdetails">
      <h2>Assignment 48 full log</h2>
    
<div class="failure">
<h3 id="pythonlog48-checkscaffold">Check Scaffold for Assignment 48</h3>
<pre><code>./testassignment_python.sh: 72: cd: can't cd to ../assignmentdb/48-MediaCollage/python
grep: *py: No such file or directory
can't guess a python file
</code></pre>
</div>
<div class="failure">
<h3 id="pythonlog48-runanswer">Run Answer for Assignment 48</h3>
<pre><code>assignment 48 has no python_answer directory
</code></pre>
</div>
    
    </div>
    <div id="pythonlog49" class="logdetails">
      <h2>Assignment 49 full log</h2>
    
<div class="failure">
<h3 id="pythonlog49-checkscaffold">Check Scaffold for Assignment 49</h3>
<pre><code>./testassignment_python.sh: 72: cd: can't cd to ../assignmentdb/49-CharacterAnimation/python
grep: *py: No such file or directory
can't guess a python file
</code></pre>
</div>
<div class="failure">
<h3 id="pythonlog49-runanswer">Run Answer for Assignment 49</h3>
<pre><code>assignment 49 has no python_answer directory
</code></pre>
</div>
    
    </div>
    <div id="pythonlog50" class="logdetails">
      <h2>Assignment 50 full log</h2>
    
<div class="failure">
<h3 id="pythonlog50-checkscaffold">Check Scaffold for Assignment 50</h3>
<pre><code>./testassignment_python.sh: 72: cd: can't cd to ../assignmentdb/50-PoliceData/python
grep: *py: No such file or directory
can't guess a python file
</code></pre>
</div>
<div class="failure">
<h3 id="pythonlog50-runanswer">Run Answer for Assignment 50</h3>
<pre><code>assignment 50 has no python_answer directory
</code></pre>
</div>
    
    </div>
    <div id="pythonlog51" class="logdetails">
      <h2>Assignment 51 full log</h2>
    
<div class="failure">
<h3 id="pythonlog51-checkscaffold">Check Scaffold for Assignment 51</h3>
<pre><code>./testassignment_python.sh: 72: cd: can't cd to ../assignmentdb/51-StereoSoundProcessing/python
grep: *py: No such file or directory
can't guess a python file
</code></pre>
</div>
<div class="failure">
<h3 id="pythonlog51-runanswer">Run Answer for Assignment 51</h3>
<pre><code>assignment 51 has no python_answer directory
</code></pre>
</div>
    
    </div>
    <div id="pythonlog52" class="logdetails">
      <h2>Assignment 52 full log</h2>
    
<div class="failure">
<h3 id="pythonlog52-checkscaffold">Check Scaffold for Assignment 52</h3>
<pre><code>can't guess a python file
</code></pre>
</div>
<div class="failure">
<h3 id="pythonlog52-runanswer">Run Answer for Assignment 52</h3>
<pre><code>Guessing audioWave.py is the python file where main is

RLE ran
Traceback (most recent call last):
  File &quot;/home/bridges-testing/bridges-assignments/assignmentdb/52-AudioWave/python_answer/audioWave.py&quot;, line 63, in &lt;module&gt;
    main()
  File &quot;/home/bridges-testing/bridges-assignments/assignmentdb/52-AudioWave/python_answer/audioWave.py&quot;, line 59, in main
    bridges.visualize()
  File &quot;/home/bridges-testing/.local/lib/python3.11/site-packages/bridges-3.4.4-py3.11.egg/bridges/bridges.py&quot;, line 215, in visualize
AttributeError: 'Bridges' object has no attribute 'map'. Did you mean: '_map'?
could not run python_answer for assignment in ../assignmentdb/52-AudioWave/python_answer
</code></pre>
</div>
    
    </div>
    <div id="pythonlog53" class="logdetails">
      <h2>Assignment 53 full log</h2>
    
<div class="failure">
<h3 id="pythonlog53-checkscaffold">Check Scaffold for Assignment 53</h3>
<pre><code>./testassignment_python.sh: 72: cd: can't cd to ../assignmentdb/53-DNA_Splicing/python
grep: *py: No such file or directory
can't guess a python file
</code></pre>
</div>
<div class="failure">
<h3 id="pythonlog53-runanswer">Run Answer for Assignment 53</h3>
<pre><code>assignment 53 has no python_answer directory
</code></pre>
</div>
    
    </div>
    <div id="pythonlog54" class="logdetails">
      <h2>Assignment 54 full log</h2>
    
<div class="failure">
<h3 id="pythonlog54-checkscaffold">Check Scaffold for Assignment 54</h3>
<pre><code>./testassignment_python.sh: 72: cd: can't cd to ../assignmentdb/54-Starmap/python
grep: *py: No such file or directory
can't guess a python file
</code></pre>
</div>
<div class="failure">
<h3 id="pythonlog54-runanswer">Run Answer for Assignment 54</h3>
<pre><code>assignment 54 has no python_answer directory
</code></pre>
</div>
    
    </div>
    <div id="pythonlog55" class="logdetails">
      <h2>Assignment 55 full log</h2>
    
<div class="failure">
<h3 id="pythonlog55-checkscaffold">Check Scaffold for Assignment 55</h3>
<pre><code>grep: *py: No such file or directory
can't guess a python file
</code></pre>
</div>
<div class="failure">
<h3 id="pythonlog55-runanswer">Run Answer for Assignment 55</h3>
<pre><code>./testassignment_python.sh: 270: [: ../assignmentdb/55-FreqencyPlayer: unexpected operator
assignment 55 has no python_answer directory
</code></pre>
</div>
    
    </div>
    <div id="pythonlog56" class="logdetails">
      <h2>Assignment 56 full log</h2>
    
<div class="success">
<h3 id="pythonlog56-checkscaffold">Check Scaffold for Assignment 56</h3>
<pre><code>Guessing layers.py is the python file where main is

</code></pre>
</div>
<div class="failure">
<h3 id="pythonlog56-runanswer">Run Answer for Assignment 56</h3>
<pre><code>Guessing layers.py is the python file where main is

RLE ran
Traceback (most recent call last):
  File &quot;/home/bridges-testing/bridges-assignments/assignmentdb/56-2DIndexing/python_answer/layers.py&quot;, line 118, in &lt;module&gt;
    main()
  File &quot;/home/bridges-testing/bridges-assignments/assignmentdb/56-2DIndexing/python_answer/layers.py&quot;, line 20, in main
    bridges.visualize()
  File &quot;/home/bridges-testing/.local/lib/python3.11/site-packages/bridges-3.4.4-py3.11.egg/bridges/bridges.py&quot;, line 215, in visualize
AttributeError: 'Bridges' object has no attribute 'map'. Did you mean: '_map'?
could not run python_answer for assignment in ../assignmentdb/56-2DIndexing/python_answer
</code></pre>
</div>
    
    </div>
    <div id="pythonlog57" class="logdetails">
      <h2>Assignment 57 full log</h2>
    
<div class="failure">
<h3 id="pythonlog57-checkscaffold">Check Scaffold for Assignment 57</h3>
<pre><code>can't guess a python file
</code></pre>
</div>
<div class="failure">
<h3 id="pythonlog57-runanswer">Run Answer for Assignment 57</h3>
<pre><code>can't guess a python file
could not run python_answer for assignment in ../assignmentdb/57-BookAnalysis/python_answer
</code></pre>
</div>
    
    </div>
    <div id="pythonlog58" class="logdetails">
      <h2>Assignment 58 full log</h2>
    
<div class="failure">
<h3 id="pythonlog58-checkscaffold">Check Scaffold for Assignment 58</h3>
<pre><code>./testassignment_python.sh: 72: cd: can't cd to ../assignmentdb/58-WordCloud/python
grep: *py: No such file or directory
can't guess a python file
</code></pre>
</div>
<div class="failure">
<h3 id="pythonlog58-runanswer">Run Answer for Assignment 58</h3>
<pre><code>assignment 58 has no python_answer directory
</code></pre>
</div>
    
    </div>
    <div id="pythonlog59" class="logdetails">
      <h2>Assignment 59 full log</h2>
    
<div class="success">
<h3 id="pythonlog59-checkscaffold">Check Scaffold for Assignment 59</h3>
<pre><code>Guessing cvh.py is the python file where main is

</code></pre>
</div>
<div class="failure">
<h3 id="pythonlog59-runanswer">Run Answer for Assignment 59</h3>
<pre><code>Guessing cvh.py is the python file where main is

Traceback (most recent call last):
  File &quot;/home/bridges-testing/bridges-assignments/assignmentdb/59-ConvexHull_CityData/python_answer/cvh.py&quot;, line 78, in &lt;module&gt;
    main()
  File &quot;/home/bridges-testing/bridges-assignments/assignmentdb/59-ConvexHull_CityData/python_answer/cvh.py&quot;, line 38, in main
    bridges.visualize()
  File &quot;/home/bridges-testing/.local/lib/python3.11/site-packages/bridges-3.4.4-py3.11.egg/bridges/bridges.py&quot;, line 215, in visualize
AttributeError: 'Bridges' object has no attribute 'map'. Did you mean: '_map'?
could not run python_answer for assignment in ../assignmentdb/59-ConvexHull_CityData/python_answer
</code></pre>
</div>
    
    </div>
    <div id="pythonlog60" class="logdetails">
      <h2>Assignment 60 full log</h2>
    
<div class="success">
<h3 id="pythonlog60-checkscaffold">Check Scaffold for Assignment 60</h3>
<pre><code>Guessing quadtree.py is the python file where main is

</code></pre>
</div>
<div class="failure">
<h3 id="pythonlog60-runanswer">Run Answer for Assignment 60</h3>
<pre><code>Guessing quadtree.py is the python file where main is

Traceback (most recent call last):
  File &quot;/home/bridges-testing/bridges-assignments/assignmentdb/60-Quadtree-CityData/python_answer/quadtree.py&quot;, line 261, in &lt;module&gt;
    main()
  File &quot;/home/bridges-testing/bridges-assignments/assignmentdb/60-Quadtree-CityData/python_answer/quadtree.py&quot;, line 235, in main
    bridges.visualize()
  File &quot;/home/bridges-testing/.local/lib/python3.11/site-packages/bridges-3.4.4-py3.11.egg/bridges/bridges.py&quot;, line 215, in visualize
AttributeError: 'Bridges' object has no attribute 'map'. Did you mean: '_map'?
could not run python_answer for assignment in ../assignmentdb/60-Quadtree-CityData/python_answer
</code></pre>
</div>
    
    </div>
    <div id="pythonlog61" class="logdetails">
      <h2>Assignment 61 full log</h2>
    
<div class="failure">
<h3 id="pythonlog61-checkscaffold">Check Scaffold for Assignment 61</h3>
<pre><code>can't guess a python file
</code></pre>
</div>
<div class="success">
<h3 id="pythonlog61-runanswer">Run Answer for Assignment 61</h3>
<pre><code>Guessing main.py is the python file where main is

AOK - Karpathos Airport in Karpathos, Greece
MYA - Moruya Airport in Moruya, Australia
LKY - Lake Manyara Airport in Lake Manyara, Tanzania
GMQ - Golog Maqin Airport in Golog, China
PAN - Pattani Airport in Pattani, Thailand
EDM - La Roche-sur-Yon Airport in La Roche-sur-yon, France
BIQ - Biarritz-Anglet-Bayonne Airport in Biarritz-bayonne, France
OZZ - Ouarzazate Airport in Ouarzazate, Morocco
MBU - Babanakira Airport in Mbambanakira, Solomon Islands
BGZ - Braga Municipal Aerodrome in Braga, Portugal
ULH - Majeed Bin Abdulaziz Airport in Al-Ula, Saudi Arabia
LSS - Terre-de-Haut Airport in Les Saintes, Guadeloupe
RBB - Borba Airport in Borba, Brazil
SCI - Paramillo Airport in San Cristobal, Venezuela
SYU - Warraber Island Airport in Sue Islet, Australia
CCR - Buchanan Field in Concord, United States
ZST - Stewart Airport in Stewart, Canada
NXX - Willow Grove Naval Air Station/Joint Reserve Base in Willow Grove, United States
YCH - Miramichi Airport in Chatham, Canada
CYA - Les Cayes Airport in Cayes, Haiti
HTV - Huntsville Regional Airport in Huntsville, United States
IXZ - Vir Savarkar International Airport in Port Blair, India
KSN - Kostanay West Airport in Kostanay, Kazakhstan
SQN - Emalamo Sanana Airport in Sanana, Indonesia
NLG - Nelson Lagoon Airport in Nelson Lagoon, United States
MQJ - Moma Airport in Honuu, Russia
ZAD - Zadar Airport in Zadar, Croatia
DME - Domodedovo International Airport in Moscow, Russia
KNX - Kununurra Airport in Kununurra, Australia
SLY - Salekhard Airport in Salekhard, Russia
PQI - Northern Maine Regional Airport at Presque Isle in Presque Isle, United States
SCV - Suceava Stefan cel Mare Airport in Suceava, Romania
AGS - Augusta Regional At Bush Field in Bush Field, United States
TGO - Tongliao Airport in Tongliao, China
PIN - Parintins Airport in Parintins, Brazil
FYT - Faya Largeau Airport in Faya-largeau, Chad
PIU - Capitán FAP Guillermo Concha Iberico International Airport in Piura, Peru
MXT - Maintirano Airport in Maintirano, Madagascar
COG - Mandinga Airport in Condoto, Colombia
JHQ - Shute Harbour Airport in Shute Harbour, Australia
AGR - Agra Airport in Agra, India
LNS - Lancaster Airport in Lancaster, United States
UNA - Hotel Transamérica Airport in Una, Brazil
TCG - Tacheng Airport in Tacheng, China
KYE - Rene Mouawad Air Base in Kleiat, Lebanon
HIW - Hiroshimanishi Airport in Hiroshima, Japan
OOM - Cooma Snowy Mountains Airport in Cooma, Australia
BZO - Bolzano Airport in Bolzano, Italy
WPR - Capitan Fuentes Martinez Airport Airport in Porvenir, Chile
JOK - Yoshkar-Ola Airport in Yoshkar-Ola, Russia
YVR - Vancouver International Airport in Vancouver, Canada
EIS - Terrance B. Lettsome International Airport in Tortola, British Virgin Islands
ROO - Maestro Marinho Franco Airport in Rondonopolis, Brazil
CUD - Caloundra Airport in Caloundra, Australia
VLD - Valdosta Regional Airport in Valdosta, United States
KGJ - Karonga Airport in Karonga, Malawi
TBB - Dong Tac Airport in Tuy Hoa, Vietnam
EUN - Hassan I Airport in El Aaiún, Western Sahara
GRS - Grosseto Air Base in Grosseto, Italy
ABD - Abadan Airport in Abadan, Iran
ACA - General Juan N Alvarez International Airport in Acapulco, Mexico
SSG - Malabo Airport in Malabo, Equatorial Guinea
LHK - Guangzhou MR Air Base in Guanghua, China
PYR - Andravida Air Base in Andravida, Greece
KEN - Kenema Airport in Kenema, Sierra Leone
YTD - Thicket Portage Airport in Thicket Portage, Canada
AKO - Colorado Plains Regional Airport in Akron, United States
NOT - Marin County Airport - Gnoss Field in Novato, United States
WAI - Ambalabe Airport in Antsohihy, Madagascar
NLV - Mykolaiv International Airport in Nikolayev, Ukraine
SJI - San Jose Airport in San Jose, Philippines
SWP - Swakopmund Airport in Swakopmund, Namibia
MHH - Leonard M Thompson International Airport in Marsh Harbor, Bahamas
YBW - Bedwell Harbour Seaplane Base in Bedwell Harbour, Canada
CPC - Aviador C. Campos Airport in San Martin Des Andes, Argentina
HRG - Hurghada International Airport in Hurghada, Egypt
VEY - Vestmannaeyjar Airport in Vestmannaeyjar, Iceland
DGP - Daugavpils Intrenational Airport in Daugavpils, Latvia
BZI - Balıkesir Merkez Airport in Balikesir, Turkey
ROV - Platov International Airport in Rostov, Russia
HWN - Hwange National Park Airport in Hwange National Park, Zimbabwe
WAQ - Antsalova Airport in Antsalova, Madagascar
RSH - Russian Mission Airport in Russian Mission, United States
SLY - Salekhard Airport in Salekhard, Russia
KMI - Miyazaki Airport in Miyazaki, Japan
CEG - Hawarden Airport in Hawarden, United Kingdom
EGV - Eagle River Union Airport in Eagle River, United States
XXN - Riyadh Air Base in Riyadh, Saudi Arabia
KSS - Sikasso Airport in Sikasso, Mali
KNF - RAF Marham in Marham, United Kingdom
MFA - Mafia Island Airport in Mafia Island, Tanzania
NIP - Jacksonville Naval Air Station (Towers Field) in Jacksonville, United States
TPL - Draughon Miller Central Texas Regional Airport in Temple, United States
VNX - Vilankulo Airport in Vilankulu, Mozambique
AGT - Guarani International Airport in Ciudad del Este, Paraguay
BVB - Atlas Brasil Cantanhede Airport in Boa Vista, Brazil
KGJ - Karonga Airport in Karonga, Malawi
RZP - Cesar Lim Rodriguez Airport in Taytay, Philippines
XKH - Xieng Khouang Airport in Phon Savan, Laos
IKK - Greater Kankakee Airport in Kankakee, United States

Check Your Visualization at the following link:

http://bridges-cs.herokuapp.com/assignments/260/bridges_testing


</code></pre>
</div>
    
    </div>
    <div id="pythonlog62" class="logdetails">
      <h2>Assignment 62 full log</h2>
    
<div class="failure">
<h3 id="pythonlog62-checkscaffold">Check Scaffold for Assignment 62</h3>
<pre><code>./testassignment_python.sh: 72: cd: can't cd to ../assignmentdb/62-Flags/python
grep: *py: No such file or directory
can't guess a python file
</code></pre>
</div>
<div class="failure">
<h3 id="pythonlog62-runanswer">Run Answer for Assignment 62</h3>
<pre><code>assignment 62 has no python_answer directory
</code></pre>
</div>
    
    </div>
    <div id="pythonlog63" class="logdetails">
      <h2>Assignment 63 full log</h2>
    
<div class="success">
<h3 id="pythonlog63-checkscaffold">Check Scaffold for Assignment 63</h3>
<pre><code>Guessing quadtree.py is the python file where main is

</code></pre>
</div>
<div class="failure">
<h3 id="pythonlog63-runanswer">Run Answer for Assignment 63</h3>
<pre><code>Guessing quadtree.py is the python file where main is

Traceback (most recent call last):
  File &quot;/home/bridges-testing/bridges-assignments/assignmentdb/63-ConvexHull2/python_answer/quadtree.py&quot;, line 261, in &lt;module&gt;
    main()
  File &quot;/home/bridges-testing/bridges-assignments/assignmentdb/63-ConvexHull2/python_answer/quadtree.py&quot;, line 235, in main
    bridges.visualize()
  File &quot;/home/bridges-testing/.local/lib/python3.11/site-packages/bridges-3.4.4-py3.11.egg/bridges/bridges.py&quot;, line 215, in visualize
AttributeError: 'Bridges' object has no attribute 'map'. Did you mean: '_map'?
could not run python_answer for assignment in ../assignmentdb/63-ConvexHull2/python_answer
</code></pre>
</div>
    
    </div>
    <div id="pythonlog64" class="logdetails">
      <h2>Assignment 64 full log</h2>
    
<div class="success">
<h3 id="pythonlog64-checkscaffold">Check Scaffold for Assignment 64</h3>
<pre><code>Guessing voronoi_diag.py is the python file where main is

</code></pre>
</div>
<div class="failure">
<h3 id="pythonlog64-runanswer">Run Answer for Assignment 64</h3>
<pre><code>Guessing voronoi_diag.py is the python file where main is

0
1
2
3
4
5
6
7
8
9
10
11
12
13
14
15
16
17
18
19
20
21
22
23
24
401,105
401,106
401,107
401,108
401,109
401,110
401,111
401,112
401,113
401,114
402,105
402,106
402,107
402,108
402,109
402,110
402,111
402,112
402,113
402,114
403,105
403,106
403,107
403,108
403,109
403,110
403,111
403,112
403,113
403,114
404,105
404,106
404,107
404,108
404,109
404,110
404,111
404,112
404,113
404,114
405,105
405,106
405,107
405,108
405,109
405,110
405,111
405,112
405,113
405,114
406,105
406,106
406,107
406,108
406,109
406,110
406,111
406,112
406,113
406,114
407,105
407,106
407,107
407,108
407,109
407,110
407,111
407,112
407,113
407,114
408,105
408,106
408,107
408,108
408,109
408,110
408,111
408,112
408,113
408,114
409,105
409,106
409,107
409,108
409,109
409,110
409,111
409,112
409,113
409,114
410,105
410,106
410,107
410,108
410,109
410,110
410,111
410,112
410,113
410,114
105,132
105,133
105,134
105,135
105,136
105,137
105,138
105,139
105,140
105,141
106,132
106,133
106,134
106,135
106,136
106,137
106,138
106,139
106,140
106,141
107,132
107,133
107,134
107,135
107,136
107,137
107,138
107,139
107,140
107,141
108,132
108,133
108,134
108,135
108,136
108,137
108,138
108,139
108,140
108,141
109,132
109,133
109,134
109,135
109,136
109,137
109,138
109,139
109,140
109,141
110,132
110,133
110,134
110,135
110,136
110,137
110,138
110,139
110,140
110,141
111,132
111,133
111,134
111,135
111,136
111,137
111,138
111,139
111,140
111,141
112,132
112,133
112,134
112,135
112,136
112,137
112,138
112,139
112,140
112,141
113,132
113,133
113,134
113,135
113,136
113,137
113,138
113,139
113,140
113,141
114,132
114,133
114,134
114,135
114,136
114,137
114,138
114,139
114,140
114,141
361,64
361,65
361,66
361,67
361,68
361,69
361,70
361,71
361,72
361,73
362,64
362,65
362,66
362,67
362,68
362,69
362,70
362,71
362,72
362,73
363,64
363,65
363,66
363,67
363,68
363,69
363,70
363,71
363,72
363,73
364,64
364,65
364,66
364,67
364,68
364,69
364,70
364,71
364,72
364,73
365,64
365,65
365,66
365,67
365,68
365,69
365,70
365,71
365,72
365,73
366,64
366,65
366,66
366,67
366,68
366,69
366,70
366,71
366,72
366,73
367,64
367,65
367,66
367,67
367,68
367,69
367,70
367,71
367,72
367,73
368,64
368,65
368,66
368,67
368,68
368,69
368,70
368,71
368,72
368,73
369,64
369,65
369,66
369,67
369,68
369,69
369,70
369,71
369,72
369,73
370,64
370,65
370,66
370,67
370,68
370,69
370,70
370,71
370,72
370,73
129,0
129,1
129,2
129,3
129,4
130,0
130,1
130,2
130,3
130,4
131,0
131,1
131,2
131,3
131,4
132,0
132,1
132,2
132,3
132,4
133,0
133,1
133,2
133,3
133,4
134,0
134,1
134,2
134,3
134,4
135,0
135,1
135,2
135,3
135,4
136,0
136,1
136,2
136,3
136,4
137,0
137,1
137,2
137,3
137,4
138,0
138,1
138,2
138,3
138,4
389,224
389,225
389,226
389,227
389,228
389,229
389,230
389,231
389,232
389,233
390,224
390,225
390,226
390,227
390,228
390,229
390,230
390,231
390,232
390,233
391,224
391,225
391,226
391,227
391,228
391,229
391,230
391,231
391,232
391,233
392,224
392,225
392,226
392,227
392,228
392,229
392,230
392,231
392,232
392,233
393,224
393,225
393,226
393,227
393,228
393,229
393,230
393,231
393,232
393,233
394,224
394,225
394,226
394,227
394,228
394,229
394,230
394,231
394,232
394,233
395,224
395,225
395,226
395,227
395,228
395,229
395,230
395,231
395,232
395,233
396,224
396,225
396,226
396,227
396,228
396,229
396,230
396,231
396,232
396,233
397,224
397,225
397,226
397,227
397,228
397,229
397,230
397,231
397,232
397,233
398,224
398,225
398,226
398,227
398,228
398,229
398,230
398,231
398,232
398,233
181,467
181,468
181,469
181,470
181,471
181,472
181,473
181,474
181,475
181,476
182,467
182,468
182,469
182,470
182,471
182,472
182,473
182,474
182,475
182,476
183,467
183,468
183,469
183,470
183,471
183,472
183,473
183,474
183,475
183,476
184,467
184,468
184,469
184,470
184,471
184,472
184,473
184,474
184,475
184,476
185,467
185,468
185,469
185,470
185,471
185,472
185,473
185,474
185,475
185,476
186,467
186,468
186,469
186,470
186,471
186,472
186,473
186,474
186,475
186,476
187,467
187,468
187,469
187,470
187,471
187,472
187,473
187,474
187,475
187,476
188,467
188,468
188,469
188,470
188,471
188,472
188,473
188,474
188,475
188,476
189,467
189,468
189,469
189,470
189,471
189,472
189,473
189,474
189,475
189,476
190,467
190,468
190,469
190,470
190,471
190,472
190,473
190,474
190,475
190,476
283,478
283,479
283,480
283,481
283,482
283,483
283,484
283,485
283,486
283,487
284,478
284,479
284,480
284,481
284,482
284,483
284,484
284,485
284,486
284,487
285,478
285,479
285,480
285,481
285,482
285,483
285,484
285,485
285,486
285,487
286,478
286,479
286,480
286,481
286,482
286,483
286,484
286,485
286,486
286,487
287,478
287,479
287,480
287,481
287,482
287,483
287,484
287,485
287,486
287,487
288,478
288,479
288,480
288,481
288,482
288,483
288,484
288,485
288,486
288,487
289,478
289,479
289,480
289,481
289,482
289,483
289,484
289,485
289,486
289,487
290,478
290,479
290,480
290,481
290,482
290,483
290,484
290,485
290,486
290,487
291,478
291,479
291,480
291,481
291,482
291,483
291,484
291,485
291,486
291,487
292,478
292,479
292,480
292,481
292,482
292,483
292,484
292,485
292,486
292,487
176,90
176,91
176,92
176,93
176,94
176,95
176,96
176,97
176,98
176,99
177,90
177,91
177,92
177,93
177,94
177,95
177,96
177,97
177,98
177,99
178,90
178,91
178,92
178,93
178,94
178,95
178,96
178,97
178,98
178,99
179,90
179,91
179,92
179,93
179,94
179,95
179,96
179,97
179,98
179,99
180,90
180,91
180,92
180,93
180,94
180,95
180,96
180,97
180,98
180,99
181,90
181,91
181,92
181,93
181,94
181,95
181,96
181,97
181,98
181,99
182,90
182,91
182,92
182,93
182,94
182,95
182,96
182,97
182,98
182,99
183,90
183,91
183,92
183,93
183,94
183,95
183,96
183,97
183,98
183,99
184,90
184,91
184,92
184,93
184,94
184,95
184,96
184,97
184,98
184,99
185,90
185,91
185,92
185,93
185,94
185,95
185,96
185,97
185,98
185,99
44,351
44,352
44,353
44,354
44,355
44,356
44,357
44,358
44,359
44,360
45,351
45,352
45,353
45,354
45,355
45,356
45,357
45,358
45,359
45,360
46,351
46,352
46,353
46,354
46,355
46,356
46,357
46,358
46,359
46,360
47,351
47,352
47,353
47,354
47,355
47,356
47,357
47,358
47,359
47,360
48,351
48,352
48,353
48,354
48,355
48,356
48,357
48,358
48,359
48,360
49,351
49,352
49,353
49,354
49,355
49,356
49,357
49,358
49,359
49,360
50,351
50,352
50,353
50,354
50,355
50,356
50,357
50,358
50,359
50,360
51,351
51,352
51,353
51,354
51,355
51,356
51,357
51,358
51,359
51,360
52,351
52,352
52,353
52,354
52,355
52,356
52,357
52,358
52,359
52,360
53,351
53,352
53,353
53,354
53,355
53,356
53,357
53,358
53,359
53,360
404,83
404,84
404,85
404,86
404,87
404,88
404,89
404,90
404,91
404,92
405,83
405,84
405,85
405,86
405,87
405,88
405,89
405,90
405,91
405,92
406,83
406,84
406,85
406,86
406,87
406,88
406,89
406,90
406,91
406,92
407,83
407,84
407,85
407,86
407,87
407,88
407,89
407,90
407,91
407,92
408,83
408,84
408,85
408,86
408,87
408,88
408,89
408,90
408,91
408,92
409,83
409,84
409,85
409,86
409,87
409,88
409,89
409,90
409,91
409,92
410,83
410,84
410,85
410,86
410,87
410,88
410,89
410,90
410,91
410,92
411,83
411,84
411,85
411,86
411,87
411,88
411,89
411,90
411,91
411,92
412,83
412,84
412,85
412,86
412,87
412,88
412,89
412,90
412,91
412,92
413,83
413,84
413,85
413,86
413,87
413,88
413,89
413,90
413,91
413,92
334,479
334,480
334,481
334,482
334,483
334,484
334,485
334,486
334,487
334,488
335,479
335,480
335,481
335,482
335,483
335,484
335,485
335,486
335,487
335,488
336,479
336,480
336,481
336,482
336,483
336,484
336,485
336,486
336,487
336,488
337,479
337,480
337,481
337,482
337,483
337,484
337,485
337,486
337,487
337,488
338,479
338,480
338,481
338,482
338,483
338,484
338,485
338,486
338,487
338,488
339,479
339,480
339,481
339,482
339,483
339,484
339,485
339,486
339,487
339,488
340,479
340,480
340,481
340,482
340,483
340,484
340,485
340,486
340,487
340,488
341,479
341,480
341,481
341,482
341,483
341,484
341,485
341,486
341,487
341,488
342,479
342,480
342,481
342,482
342,483
342,484
342,485
342,486
342,487
342,488
343,479
343,480
343,481
343,482
343,483
343,484
343,485
343,486
343,487
343,488
10,151
10,152
10,153
10,154
10,155
10,156
10,157
10,158
10,159
10,160
11,151
11,152
11,153
11,154
11,155
11,156
11,157
11,158
11,159
11,160
12,151
12,152
12,153
12,154
12,155
12,156
12,157
12,158
12,159
12,160
13,151
13,152
13,153
13,154
13,155
13,156
13,157
13,158
13,159
13,160
14,151
14,152
14,153
14,154
14,155
14,156
14,157
14,158
14,159
14,160
15,151
15,152
15,153
15,154
15,155
15,156
15,157
15,158
15,159
15,160
16,151
16,152
16,153
16,154
16,155
16,156
16,157
16,158
16,159
16,160
17,151
17,152
17,153
17,154
17,155
17,156
17,157
17,158
17,159
17,160
18,151
18,152
18,153
18,154
18,155
18,156
18,157
18,158
18,159
18,160
19,151
19,152
19,153
19,154
19,155
19,156
19,157
19,158
19,159
19,160
166,409
166,410
166,411
166,412
166,413
166,414
166,415
166,416
166,417
166,418
167,409
167,410
167,411
167,412
167,413
167,414
167,415
167,416
167,417
167,418
168,409
168,410
168,411
168,412
168,413
168,414
168,415
168,416
168,417
168,418
169,409
169,410
169,411
169,412
169,413
169,414
169,415
169,416
169,417
169,418
170,409
170,410
170,411
170,412
170,413
170,414
170,415
170,416
170,417
170,418
171,409
171,410
171,411
171,412
171,413
171,414
171,415
171,416
171,417
171,418
172,409
172,410
172,411
172,412
172,413
172,414
172,415
172,416
172,417
172,418
173,409
173,410
173,411
173,412
173,413
173,414
173,415
173,416
173,417
173,418
174,409
174,410
174,411
174,412
174,413
174,414
174,415
174,416
174,417
174,418
175,409
175,410
175,411
175,412
175,413
175,414
175,415
175,416
175,417
175,418
151,374
151,375
151,376
151,377
151,378
151,379
151,380
151,381
151,382
151,383
152,374
152,375
152,376
152,377
152,378
152,379
152,380
152,381
152,382
152,383
153,374
153,375
153,376
153,377
153,378
153,379
153,380
153,381
153,382
153,383
154,374
154,375
154,376
154,377
154,378
154,379
154,380
154,381
154,382
154,383
155,374
155,375
155,376
155,377
155,378
155,379
155,380
155,381
155,382
155,383
156,374
156,375
156,376
156,377
156,378
156,379
156,380
156,381
156,382
156,383
157,374
157,375
157,376
157,377
157,378
157,379
157,380
157,381
157,382
157,383
158,374
158,375
158,376
158,377
158,378
158,379
158,380
158,381
158,382
158,383
159,374
159,375
159,376
159,377
159,378
159,379
159,380
159,381
159,382
159,383
160,374
160,375
160,376
160,377
160,378
160,379
160,380
160,381
160,382
160,383
175,233
175,234
175,235
175,236
175,237
175,238
175,239
175,240
175,241
175,242
176,233
176,234
176,235
176,236
176,237
176,238
176,239
176,240
176,241
176,242
177,233
177,234
177,235
177,236
177,237
177,238
177,239
177,240
177,241
177,242
178,233
178,234
178,235
178,236
178,237
178,238
178,239
178,240
178,241
178,242
179,233
179,234
179,235
179,236
179,237
179,238
179,239
179,240
179,241
179,242
180,233
180,234
180,235
180,236
180,237
180,238
180,239
180,240
180,241
180,242
181,233
181,234
181,235
181,236
181,237
181,238
181,239
181,240
181,241
181,242
182,233
182,234
182,235
182,236
182,237
182,238
182,239
182,240
182,241
182,242
183,233
183,234
183,235
183,236
183,237
183,238
183,239
183,240
183,241
183,242
184,233
184,234
184,235
184,236
184,237
184,238
184,239
184,240
184,241
184,242
411,251
411,252
411,253
411,254
411,255
411,256
411,257
411,258
411,259
411,260
412,251
412,252
412,253
412,254
412,255
412,256
412,257
412,258
412,259
412,260
413,251
413,252
413,253
413,254
413,255
413,256
413,257
413,258
413,259
413,260
414,251
414,252
414,253
414,254
414,255
414,256
414,257
414,258
414,259
414,260
415,251
415,252
415,253
415,254
415,255
415,256
415,257
415,258
415,259
415,260
416,251
416,252
416,253
416,254
416,255
416,256
416,257
416,258
416,259
416,260
417,251
417,252
417,253
417,254
417,255
417,256
417,257
417,258
417,259
417,260
418,251
418,252
418,253
418,254
418,255
418,256
418,257
418,258
418,259
418,260
419,251
419,252
419,253
419,254
419,255
419,256
419,257
419,258
419,259
419,260
420,251
420,252
420,253
420,254
420,255
420,256
420,257
420,258
420,259
420,260
355,32
355,33
355,34
355,35
355,36
355,37
355,38
355,39
355,40
355,41
356,32
356,33
356,34
356,35
356,36
356,37
356,38
356,39
356,40
356,41
357,32
357,33
357,34
357,35
357,36
357,37
357,38
357,39
357,40
357,41
358,32
358,33
358,34
358,35
358,36
358,37
358,38
358,39
358,40
358,41
359,32
359,33
359,34
359,35
359,36
359,37
359,38
359,39
359,40
359,41
360,32
360,33
360,34
360,35
360,36
360,37
360,38
360,39
360,40
360,41
361,32
361,33
361,34
361,35
361,36
361,37
361,38
361,39
361,40
361,41
362,32
362,33
362,34
362,35
362,36
362,37
362,38
362,39
362,40
362,41
363,32
363,33
363,34
363,35
363,36
363,37
363,38
363,39
363,40
363,41
364,32
364,33
364,34
364,35
364,36
364,37
364,38
364,39
364,40
364,41
348,394
348,395
348,396
348,397
348,398
348,399
348,400
348,401
348,402
348,403
349,394
349,395
349,396
349,397
349,398
349,399
349,400
349,401
349,402
349,403
350,394
350,395
350,396
350,397
350,398
350,399
350,400
350,401
350,402
350,403
351,394
351,395
351,396
351,397
351,398
351,399
351,400
351,401
351,402
351,403
352,394
352,395
352,396
352,397
352,398
352,399
352,400
352,401
352,402
352,403
353,394
353,395
353,396
353,397
353,398
353,399
353,400
353,401
353,402
353,403
354,394
354,395
354,396
354,397
354,398
354,399
354,400
354,401
354,402
354,403
355,394
355,395
355,396
355,397
355,398
355,399
355,400
355,401
355,402
355,403
356,394
356,395
356,396
356,397
356,398
356,399
356,400
356,401
356,402
356,403
357,394
357,395
357,396
357,397
357,398
357,399
357,400
357,401
357,402
357,403
71,375
71,376
71,377
71,378
71,379
71,380
71,381
71,382
71,383
71,384
72,375
72,376
72,377
72,378
72,379
72,380
72,381
72,382
72,383
72,384
73,375
73,376
73,377
73,378
73,379
73,380
73,381
73,382
73,383
73,384
74,375
74,376
74,377
74,378
74,379
74,380
74,381
74,382
74,383
74,384
75,375
75,376
75,377
75,378
75,379
75,380
75,381
75,382
75,383
75,384
76,375
76,376
76,377
76,378
76,379
76,380
76,381
76,382
76,383
76,384
77,375
77,376
77,377
77,378
77,379
77,380
77,381
77,382
77,383
77,384
78,375
78,376
78,377
78,378
78,379
78,380
78,381
78,382
78,383
78,384
79,375
79,376
79,377
79,378
79,379
79,380
79,381
79,382
79,383
79,384
80,375
80,376
80,377
80,378
80,379
80,380
80,381
80,382
80,383
80,384
112,158
112,159
112,160
112,161
112,162
112,163
112,164
112,165
112,166
112,167
113,158
113,159
113,160
113,161
113,162
113,163
113,164
113,165
113,166
113,167
114,158
114,159
114,160
114,161
114,162
114,163
114,164
114,165
114,166
114,167
115,158
115,159
115,160
115,161
115,162
115,163
115,164
115,165
115,166
115,167
116,158
116,159
116,160
116,161
116,162
116,163
116,164
116,165
116,166
116,167
117,158
117,159
117,160
117,161
117,162
117,163
117,164
117,165
117,166
117,167
118,158
118,159
118,160
118,161
118,162
118,163
118,164
118,165
118,166
118,167
119,158
119,159
119,160
119,161
119,162
119,163
119,164
119,165
119,166
119,167
120,158
120,159
120,160
120,161
120,162
120,163
120,164
120,165
120,166
120,167
121,158
121,159
121,160
121,161
121,162
121,163
121,164
121,165
121,166
121,167
381,275
381,276
381,277
381,278
381,279
381,280
381,281
381,282
381,283
381,284
382,275
382,276
382,277
382,278
382,279
382,280
382,281
382,282
382,283
382,284
383,275
383,276
383,277
383,278
383,279
383,280
383,281
383,282
383,283
383,284
384,275
384,276
384,277
384,278
384,279
384,280
384,281
384,282
384,283
384,284
385,275
385,276
385,277
385,278
385,279
385,280
385,281
385,282
385,283
385,284
386,275
386,276
386,277
386,278
386,279
386,280
386,281
386,282
386,283
386,284
387,275
387,276
387,277
387,278
387,279
387,280
387,281
387,282
387,283
387,284
388,275
388,276
388,277
388,278
388,279
388,280
388,281
388,282
388,283
388,284
389,275
389,276
389,277
389,278
389,279
389,280
389,281
389,282
389,283
389,284
390,275
390,276
390,277
390,278
390,279
390,280
390,281
390,282
390,283
390,284
24,335
24,336
24,337
24,338
24,339
24,340
24,341
24,342
24,343
24,344
25,335
25,336
25,337
25,338
25,339
25,340
25,341
25,342
25,343
25,344
26,335
26,336
26,337
26,338
26,339
26,340
26,341
26,342
26,343
26,344
27,335
27,336
27,337
27,338
27,339
27,340
27,341
27,342
27,343
27,344
28,335
28,336
28,337
28,338
28,339
28,340
28,341
28,342
28,343
28,344
29,335
29,336
29,337
29,338
29,339
29,340
29,341
29,342
29,343
29,344
30,335
30,336
30,337
30,338
30,339
30,340
30,341
30,342
30,343
30,344
31,335
31,336
31,337
31,338
31,339
31,340
31,341
31,342
31,343
31,344
32,335
32,336
32,337
32,338
32,339
32,340
32,341
32,342
32,343
32,344
33,335
33,336
33,337
33,338
33,339
33,340
33,341
33,342
33,343
33,344
115,444
115,445
115,446
115,447
115,448
115,449
115,450
115,451
115,452
115,453
116,444
116,445
116,446
116,447
116,448
116,449
116,450
116,451
116,452
116,453
117,444
117,445
117,446
117,447
117,448
117,449
117,450
117,451
117,452
117,453
118,444
118,445
118,446
118,447
118,448
118,449
118,450
118,451
118,452
118,453
119,444
119,445
119,446
119,447
119,448
119,449
119,450
119,451
119,452
119,453
120,444
120,445
120,446
120,447
120,448
120,449
120,450
120,451
120,452
120,453
121,444
121,445
121,446
121,447
121,448
121,449
121,450
121,451
121,452
121,453
122,444
122,445
122,446
122,447
122,448
122,449
122,450
122,451
122,452
122,453
123,444
123,445
123,446
123,447
123,448
123,449
123,450
123,451
123,452
123,453
124,444
124,445
124,446
124,447
124,448
124,449
124,450
124,451
124,452
124,453
368,5
368,6
368,7
368,8
368,9
368,10
368,11
368,12
368,13
368,14
369,5
369,6
369,7
369,8
369,9
369,10
369,11
369,12
369,13
369,14
370,5
370,6
370,7
370,8
370,9
370,10
370,11
370,12
370,13
370,14
371,5
371,6
371,7
371,8
371,9
371,10
371,11
371,12
371,13
371,14
372,5
372,6
372,7
372,8
372,9
372,10
372,11
372,12
372,13
372,14
373,5
373,6
373,7
373,8
373,9
373,10
373,11
373,12
373,13
373,14
374,5
374,6
374,7
374,8
374,9
374,10
374,11
374,12
374,13
374,14
375,5
375,6
375,7
375,8
375,9
375,10
375,11
375,12
375,13
375,14
376,5
376,6
376,7
376,8
376,9
376,10
376,11
376,12
376,13
376,14
377,5
377,6
377,7
377,8
377,9
377,10
377,11
377,12
377,13
377,14
248,471
248,472
248,473
248,474
248,475
248,476
248,477
248,478
248,479
248,480
249,471
249,472
249,473
249,474
249,475
249,476
249,477
249,478
249,479
249,480
250,471
250,472
250,473
250,474
250,475
250,476
250,477
250,478
250,479
250,480
251,471
251,472
251,473
251,474
251,475
251,476
251,477
251,478
251,479
251,480
252,471
252,472
252,473
252,474
252,475
252,476
252,477
252,478
252,479
252,480
253,471
253,472
253,473
253,474
253,475
253,476
253,477
253,478
253,479
253,480
254,471
254,472
254,473
254,474
254,475
254,476
254,477
254,478
254,479
254,480
255,471
255,472
255,473
255,474
255,475
255,476
255,477
255,478
255,479
255,480
256,471
256,472
256,473
256,474
256,475
256,476
256,477
256,478
256,479
256,480
257,471
257,472
257,473
257,474
257,475
257,476
257,477
257,478
257,479
257,480
RLE ran
Traceback (most recent call last):
  File &quot;/home/bridges-testing/bridges-assignments/assignmentdb/64-Voronoi_Diagram/python_answer/voronoi_diag.py&quot;, line 110, in &lt;module&gt;
    main()
  File &quot;/home/bridges-testing/bridges-assignments/assignmentdb/64-Voronoi_Diagram/python_answer/voronoi_diag.py&quot;, line 107, in main
    display_voronoi_regions(voronoi_regions, grid_size, voronoi_sites)
  File &quot;/home/bridges-testing/bridges-assignments/assignmentdb/64-Voronoi_Diagram/python_answer/voronoi_diag.py&quot;, line 89, in display_voronoi_regions
    bridges.visualize()
  File &quot;/home/bridges-testing/.local/lib/python3.11/site-packages/bridges-3.4.4-py3.11.egg/bridges/bridges.py&quot;, line 215, in visualize
AttributeError: 'Bridges' object has no attribute 'map'. Did you mean: '_map'?
could not run python_answer for assignment in ../assignmentdb/64-Voronoi_Diagram/python_answer
</code></pre>
</div>
    
    </div>
    <div id="pythonlog65" class="logdetails">
      <h2>Assignment 65 full log</h2>
    
<div class="failure">
<h3 id="pythonlog65-checkscaffold">Check Scaffold for Assignment 65</h3>
<pre><code>can't guess a python file
</code></pre>
</div>
<div class="failure">
<h3 id="pythonlog65-runanswer">Run Answer for Assignment 65</h3>
<pre><code>can't guess a python file
could not run python_answer for assignment in ../assignmentdb/65-Reddit/python_answer
</code></pre>
</div>
    
    </div>
    <div id="pythonlog66" class="logdetails">
      <h2>Assignment 66 full log</h2>
    
<div class="failure">
<h3 id="pythonlog66-checkscaffold">Check Scaffold for Assignment 66</h3>
<pre><code>can't guess a python file
</code></pre>
</div>
<div class="failure">
<h3 id="pythonlog66-runanswer">Run Answer for Assignment 66</h3>
<pre><code>can't guess a python file
could not run python_answer for assignment in ../assignmentdb/66-Chess-Data/python_answer
</code></pre>
</div>
    
    </div>
    <div id="pythonlog67" class="logdetails">
      <h2>Assignment 67 full log</h2>
    
<div class="failure">
<h3 id="pythonlog67-checkscaffold">Check Scaffold for Assignment 67</h3>
<pre><code>./testassignment_python.sh: 72: cd: can't cd to ../assignmentdb/67-ControlsTutorialThree/python
grep: *py: No such file or directory
can't guess a python file
</code></pre>
</div>
<div class="failure">
<h3 id="pythonlog67-runanswer">Run Answer for Assignment 67</h3>
<pre><code>Guessing ControlsTutorialThree.py is the python file where main is

Traceback (most recent call last):
  File &quot;/home/bridges-testing/bridges-assignments/assignmentdb/67-ControlsTutorialThree/python_answer/ControlsTutorialThree.py&quot;, line 58, in &lt;module&gt;
    main()
  File &quot;/home/bridges-testing/bridges-assignments/assignmentdb/67-ControlsTutorialThree/python_answer/ControlsTutorialThree.py&quot;, line 54, in main
    my_game = ControlsTutorial(267,  &quot;STUDENT_USERNAME&quot;, &quot;STUDENT_API_KEY&quot;)
              ^^^^^^^^^^^^^^^^^^^^^^^^^^^^^^^^^^^^^^^^^^^^^^^^^^^^^^^^^^^^^
  File &quot;/home/bridges-testing/bridges-assignments/assignmentdb/67-ControlsTutorialThree/python_answer/ControlsTutorialThree.py&quot;, line 5, in __init__
    super(ControlsTutorial, self).__init__(assid, login, apikey, 6, 6)
  File &quot;/home/bridges-testing/.local/lib/python3.11/site-packages/bridges-3.4.4-py3.11.egg/bridges/non_blocking_game.py&quot;, line 149, in __init__
  File &quot;/home/bridges-testing/.local/lib/python3.11/site-packages/bridges-3.4.4-py3.11.egg/bridges/gamebase.py&quot;, line 30, in __init__
  File &quot;/home/bridges-testing/.local/lib/python3.11/site-packages/bridges-3.4.4-py3.11.egg/bridges/gamebase.py&quot;, line 55, in game_base_init
  File &quot;/home/bridges-testing/.local/lib/python3.11/site-packages/bridges-3.4.4-py3.11.egg/bridges/socket_connection.py&quot;, line 28, in setup_connection
  File &quot;/home/bridges-testing/.local/lib/python3.11/site-packages/python_socketio-5.11.3-py3.11.egg/socketio/client.py&quot;, line 159, in connect
    raise exceptions.ConnectionError(exc.args[0]) from None
socketio.exceptions.ConnectionError: Connection error
could not run python_answer for assignment in ../assignmentdb/67-ControlsTutorialThree/python_answer
</code></pre>
</div>
    
    </div>
    <div id="pythonlog68" class="logdetails">
      <h2>Assignment 68 full log</h2>
    
<div class="failure">
<h3 id="pythonlog68-checkscaffold">Check Scaffold for Assignment 68</h3>
<pre><code>can't guess a python file
</code></pre>
</div>
<div class="failure">
<h3 id="pythonlog68-runanswer">Run Answer for Assignment 68</h3>
<pre><code>can't guess a python file
could not run python_answer for assignment in ../assignmentdb/68-MusicNotes-CS2/python_answer
</code></pre>
</div>
    
    </div>
    <div id="pythonlog69" class="logdetails">
      <h2>Assignment 69 full log</h2>
    
<div class="failure">
<h3 id="pythonlog69-checkscaffold">Check Scaffold for Assignment 69</h3>
<pre><code>can't guess a python file
</code></pre>
</div>
<div class="failure">
<h3 id="pythonlog69-runanswer">Run Answer for Assignment 69</h3>
<pre><code>can't guess a python file
could not run python_answer for assignment in ../assignmentdb/69-SnakeQueue/python_answer
</code></pre>
</div>
    
    </div>
    <div id="pythonlog70" class="logdetails">
      <h2>Assignment 70 full log</h2>
    
<div class="success">
<h3 id="pythonlog70-checkscaffold">Check Scaffold for Assignment 70</h3>
<pre><code>Guessing Wordle.py is the python file where main is

</code></pre>
</div>
<div class="failure">
<h3 id="pythonlog70-runanswer">Run Answer for Assignment 70</h3>
<pre><code>Guessing Wordle.py is the python file where main is

Traceback (most recent call last):
  File &quot;/home/bridges-testing/bridges-assignments/assignmentdb/70-WordleBot/python_answer/Wordle.py&quot;, line 162, in &lt;module&gt;
    main()
  File &quot;/home/bridges-testing/bridges-assignments/assignmentdb/70-WordleBot/python_answer/Wordle.py&quot;, line 156, in main
    game = Wordle(1, &quot;user_id&quot;, &quot;api_key&quot;)    
           ^^^^^^^^^^^^^^^^^^^^^^^^^^^^^^^
  File &quot;/home/bridges-testing/bridges-assignments/assignmentdb/70-WordleBot/python_answer/Wordle.py&quot;, line 13, in __init__
    super().__init__(assign_num, user_id, api_key, 6, 5)
  File &quot;/home/bridges-testing/.local/lib/python3.11/site-packages/bridges-3.4.4-py3.11.egg/bridges/non_blocking_game.py&quot;, line 149, in __init__
  File &quot;/home/bridges-testing/.local/lib/python3.11/site-packages/bridges-3.4.4-py3.11.egg/bridges/gamebase.py&quot;, line 30, in __init__
  File &quot;/home/bridges-testing/.local/lib/python3.11/site-packages/bridges-3.4.4-py3.11.egg/bridges/gamebase.py&quot;, line 55, in game_base_init
  File &quot;/home/bridges-testing/.local/lib/python3.11/site-packages/bridges-3.4.4-py3.11.egg/bridges/socket_connection.py&quot;, line 28, in setup_connection
  File &quot;/home/bridges-testing/.local/lib/python3.11/site-packages/python_socketio-5.11.3-py3.11.egg/socketio/client.py&quot;, line 159, in connect
    raise exceptions.ConnectionError(exc.args[0]) from None
socketio.exceptions.ConnectionError: Connection error
could not run python_answer for assignment in ../assignmentdb/70-WordleBot/python_answer
</code></pre>
</div>
    
    </div>
    <div id="pythonlog71" class="logdetails">
      <h2>Assignment 71 full log</h2>
    
<div class="success">
<h3 id="pythonlog71-checkscaffold">Check Scaffold for Assignment 71</h3>
<pre><code>Guessing pi_estimation.py is the python file where main is

</code></pre>
</div>
<div class="failure">
<h3 id="pythonlog71-runanswer">Run Answer for Assignment 71</h3>
<pre><code>Guessing Pi_Estimation.py is the python file where main is

Pi val: 3.14956
RLE ran
Traceback (most recent call last):
  File &quot;/home/bridges-testing/bridges-assignments/assignmentdb/71-PiEstimation/python_answer/Pi_Estimation.py&quot;, line 60, in &lt;module&gt;
    main()
  File &quot;/home/bridges-testing/bridges-assignments/assignmentdb/71-PiEstimation/python_answer/Pi_Estimation.py&quot;, line 56, in main
    bridges.visualize()
  File &quot;/home/bridges-testing/.local/lib/python3.11/site-packages/bridges-3.4.4-py3.11.egg/bridges/bridges.py&quot;, line 215, in visualize
AttributeError: 'Bridges' object has no attribute 'map'. Did you mean: '_map'?
could not run python_answer for assignment in ../assignmentdb/71-PiEstimation/python_answer
</code></pre>
</div>
    
    </div>
    <div id="pythonlog72" class="logdetails">
      <h2>Assignment 72 full log</h2>
    
<div class="success">
<h3 id="pythonlog72-checkscaffold">Check Scaffold for Assignment 72</h3>
<pre><code>Guessing pixel.py is the python file where main is

</code></pre>
</div>
<div class="failure">
<h3 id="pythonlog72-runanswer">Run Answer for Assignment 72</h3>
<pre><code>Guessing pixel.py is the python file where main is

Traceback (most recent call last):
  File &quot;/home/bridges-testing/bridges-assignments/assignmentdb/72-PixelDrawing/python_answer/pixel.py&quot;, line 109, in &lt;module&gt;
    main()
  File &quot;/home/bridges-testing/bridges-assignments/assignmentdb/72-PixelDrawing/python_answer/pixel.py&quot;, line 98, in main
    myGame = Pixel(72, &quot;BRIDGES_USER_ID&quot;, &quot;BRIDGES_API_KEY&quot;, 16, 16)
             ^^^^^^^^^^^^^^^^^^^^^^^^^^^^^^^^^^^^^^^^^^^^^^^^^^^^^^^
  File &quot;/home/bridges-testing/bridges-assignments/assignmentdb/72-PixelDrawing/python_answer/pixel.py&quot;, line 16, in __init__
    super().__init__(assignID, username, api_key, rows, columns)
  File &quot;/home/bridges-testing/.local/lib/python3.11/site-packages/bridges-3.4.4-py3.11.egg/bridges/non_blocking_game.py&quot;, line 149, in __init__
  File &quot;/home/bridges-testing/.local/lib/python3.11/site-packages/bridges-3.4.4-py3.11.egg/bridges/gamebase.py&quot;, line 30, in __init__
  File &quot;/home/bridges-testing/.local/lib/python3.11/site-packages/bridges-3.4.4-py3.11.egg/bridges/gamebase.py&quot;, line 55, in game_base_init
  File &quot;/home/bridges-testing/.local/lib/python3.11/site-packages/bridges-3.4.4-py3.11.egg/bridges/socket_connection.py&quot;, line 28, in setup_connection
  File &quot;/home/bridges-testing/.local/lib/python3.11/site-packages/python_socketio-5.11.3-py3.11.egg/socketio/client.py&quot;, line 159, in connect
    raise exceptions.ConnectionError(exc.args[0]) from None
socketio.exceptions.ConnectionError: Connection error
could not run python_answer for assignment in ../assignmentdb/72-PixelDrawing/python_answer
</code></pre>
</div>
    
    </div>
    <div id="pythonlog73" class="logdetails">
      <h2>Assignment 73 full log</h2>
    
<div class="failure">
<h3 id="pythonlog73-checkscaffold">Check Scaffold for Assignment 73</h3>
<pre><code>./testassignment_python.sh: 72: cd: can't cd to ../assignmentdb/73-ColorEncoding/python
grep: *py: No such file or directory
can't guess a python file
</code></pre>
</div>
<div class="failure">
<h3 id="pythonlog73-runanswer">Run Answer for Assignment 73</h3>
<pre><code>Guessing encoding.py is the python file where main is

RLE ran
Traceback (most recent call last):
  File &quot;/home/bridges-testing/bridges-assignments/assignmentdb/73-ColorEncoding/python_answer/encoding.py&quot;, line 86, in &lt;module&gt;
    main()
  File &quot;/home/bridges-testing/bridges-assignments/assignmentdb/73-ColorEncoding/python_answer/encoding.py&quot;, line 65, in main
    bridges.visualize()
  File &quot;/home/bridges-testing/.local/lib/python3.11/site-packages/bridges-3.4.4-py3.11.egg/bridges/bridges.py&quot;, line 215, in visualize
AttributeError: 'Bridges' object has no attribute 'map'. Did you mean: '_map'?
could not run python_answer for assignment in ../assignmentdb/73-ColorEncoding/python_answer
</code></pre>
</div>
    
    </div>
    <div id="pythonlog74" class="logdetails">
      <h2>Assignment 74 full log</h2>
    
<div class="failure">
<h3 id="pythonlog74-checkscaffold">Check Scaffold for Assignment 74</h3>
<pre><code>./testassignment_python.sh: 72: cd: can't cd to ../assignmentdb/74-Fractals/python
grep: *py: No such file or directory
can't guess a python file
</code></pre>
</div>
<div class="failure">
<h3 id="pythonlog74-runanswer">Run Answer for Assignment 74</h3>
<pre><code>assignment 74 has no python_answer directory
</code></pre>
</div>
    
    </div>
    <div id="pythonlog75" class="logdetails">
      <h2>Assignment 75 full log</h2>
    
<div class="success">
<h3 id="pythonlog75-checkscaffold">Check Scaffold for Assignment 75</h3>
<pre><code>Guessing koch.py is the python file where main is

</code></pre>
</div>
<div class="failure">
<h3 id="pythonlog75-runanswer">Run Answer for Assignment 75</h3>
<pre><code>Guessing koch.py is the python file where main is

Traceback (most recent call last):
  File &quot;/home/bridges-testing/bridges-assignments/assignmentdb/75-KochCurve/python_answer/koch.py&quot;, line 117, in &lt;module&gt;
    main()
  File &quot;/home/bridges-testing/bridges-assignments/assignmentdb/75-KochCurve/python_answer/koch.py&quot;, line 104, in main
    bridges.visualize()
  File &quot;/home/bridges-testing/.local/lib/python3.11/site-packages/bridges-3.4.4-py3.11.egg/bridges/bridges.py&quot;, line 215, in visualize
AttributeError: 'Bridges' object has no attribute 'map'. Did you mean: '_map'?
could not run python_answer for assignment in ../assignmentdb/75-KochCurve/python_answer
</code></pre>
</div>
    
    </div>
    <div id="pythonlog76" class="logdetails">
      <h2>Assignment 76 full log</h2>
    
<div class="failure">
<h3 id="pythonlog76-checkscaffold">Check Scaffold for Assignment 76</h3>
<pre><code>can't guess a python file
</code></pre>
</div>
<div class="failure">
<h3 id="pythonlog76-runanswer">Run Answer for Assignment 76</h3>
<pre><code>can't guess a python file
could not run python_answer for assignment in ../assignmentdb/76-Zcurve/python_answer
</code></pre>
</div>
    
    </div>
  </body>
