    <html>
    <head>
<style>
.failure {
background-color: orangered;
}
.success {
background-color: springgreen;
}
</style>
    </head>
    <body>
	<h1>Testing logs for Python</h1>
	<p>Running at Sun Jul  7 03:51:16 AM EDT 2024</p>
  <div id="summaryarray1d.py" class="failure">
    <h2><a href="python_testing_logs.html#pythonlogarray1d.py">Test array1d.py</a> </h2>
    <p>
      <ul>
        <li> Run Test : <a href="python_testing_logs.html#pythonlogarray1d.py-runtest">error</a></li>
      </ul>
    </p>
  </div>
  <div id="summaryarray2d.py" class="failure">
    <h2><a href="python_testing_logs.html#pythonlogarray2d.py">Test array2d.py</a> </h2>
    <p>
      <ul>
        <li> Run Test : <a href="python_testing_logs.html#pythonlogarray2d.py-runtest">error</a></li>
      </ul>
    </p>
  </div>
  <div id="summaryarray3d.py" class="failure">
    <h2><a href="python_testing_logs.html#pythonlogarray3d.py">Test array3d.py</a> </h2>
    <p>
      <ul>
        <li> Run Test : <a href="python_testing_logs.html#pythonlogarray3d.py-runtest">error</a></li>
      </ul>
    </p>
  </div>
  <div id="summaryaudio_clip.py" class="failure">
    <h2><a href="python_testing_logs.html#pythonlogaudio_clip.py">Test audio_clip.py</a> </h2>
    <p>
      <ul>
        <li> Run Test : <a href="python_testing_logs.html#pythonlogaudio_clip.py-runtest">error</a></li>
      </ul>
    </p>
  </div>
  <div id="summaryaudio_clip_manipulation.py" class="failure">
    <h2><a href="python_testing_logs.html#pythonlogaudio_clip_manipulation.py">Test audio_clip_manipulation.py</a> </h2>
    <p>
      <ul>
        <li> Run Test : <a href="python_testing_logs.html#pythonlogaudio_clip_manipulation.py-runtest">error</a></li>
      </ul>
    </p>
  </div>
  <div id="summaryavl.py" class="failure">
    <h2><a href="python_testing_logs.html#pythonlogavl.py">Test avl.py</a> </h2>
    <p>
      <ul>
        <li> Run Test : <a href="python_testing_logs.html#pythonlogavl.py-runtest">error</a></li>
      </ul>
    </p>
  </div>
  <div id="summarybintree.py" class="failure">
    <h2><a href="python_testing_logs.html#pythonlogbintree.py">Test bintree.py</a> </h2>
    <p>
      <ul>
        <li> Run Test : <a href="python_testing_logs.html#pythonlogbintree.py-runtest">error</a></li>
      </ul>
    </p>
  </div>
  <div id="summarybst_eq.py" class="failure">
    <h2><a href="python_testing_logs.html#pythonlogbst_eq.py">Test bst_eq.py</a> </h2>
    <p>
      <ul>
        <li> Run Test : <a href="python_testing_logs.html#pythonlogbst_eq.py-runtest">error</a></li>
      </ul>
    </p>
  </div>
  <div id="summarycancer_snippet.py" class="success">
    <h2><a href="python_testing_logs.html#pythonlogcancer_snippet.py">Test cancer_snippet.py</a> </h2>
    <p>
      <ul>
        <li> Run Test : <a href="python_testing_logs.html#pythonlogcancer_snippet.py-runtest">success</a></li>
      </ul>
    </p>
  </div>
  <div id="summarycirc_dllist.py" class="failure">
    <h2><a href="python_testing_logs.html#pythonlogcirc_dllist.py">Test circ_dllist.py</a> </h2>
    <p>
      <ul>
        <li> Run Test : <a href="python_testing_logs.html#pythonlogcirc_dllist.py-runtest">error</a></li>
      </ul>
    </p>
  </div>
  <div id="summarycirc_sllist.py" class="failure">
    <h2><a href="python_testing_logs.html#pythonlogcirc_sllist.py">Test circ_sllist.py</a> </h2>
    <p>
      <ul>
        <li> Run Test : <a href="python_testing_logs.html#pythonlogcirc_sllist.py-runtest">error</a></li>
      </ul>
    </p>
  </div>
  <div id="summarycolor_grid.py" class="failure">
    <h2><a href="python_testing_logs.html#pythonlogcolor_grid.py">Test color_grid.py</a> </h2>
    <p>
      <ul>
        <li> Run Test : <a href="python_testing_logs.html#pythonlogcolor_grid.py-runtest">error</a></li>
      </ul>
    </p>
  </div>
  <div id="summarycolor_grid_rle_edgecase.py" class="failure">
    <h2><a href="python_testing_logs.html#pythonlogcolor_grid_rle_edgecase.py">Test color_grid_rle_edgecase.py</a> </h2>
    <p>
      <ul>
        <li> Run Test : <a href="python_testing_logs.html#pythonlogcolor_grid_rle_edgecase.py-runtest">error</a></li>
      </ul>
    </p>
  </div>
  <div id="summarydisplay_game.py" class="failure">
    <h2><a href="python_testing_logs.html#pythonlogdisplay_game.py">Test display_game.py</a> </h2>
    <p>
      <ul>
        <li> Run Test : <a href="python_testing_logs.html#pythonlogdisplay_game.py-runtest">error</a></li>
      </ul>
    </p>
  </div>
  <div id="summarydllist.py" class="failure">
    <h2><a href="python_testing_logs.html#pythonlogdllist.py">Test dllist.py</a> </h2>
    <p>
      <ul>
        <li> Run Test : <a href="python_testing_logs.html#pythonlogdllist.py-runtest">error</a></li>
      </ul>
    </p>
  </div>
  <div id="summaryelevation_snippet.py" class="success">
    <h2><a href="python_testing_logs.html#pythonlogelevation_snippet.py">Test elevation_snippet.py</a> </h2>
    <p>
      <ul>
        <li> Run Test : <a href="python_testing_logs.html#pythonlogelevation_snippet.py-runtest">success</a></li>
      </ul>
    </p>
  </div>
  <div id="summaryeq_snippet.py" class="success">
    <h2><a href="python_testing_logs.html#pythonlogeq_snippet.py">Test eq_snippet.py</a> </h2>
    <p>
      <ul>
        <li> Run Test : <a href="python_testing_logs.html#pythonlogeq_snippet.py-runtest">success</a></li>
      </ul>
    </p>
  </div>
  <div id="summaryface_shp_coll.py" class="failure">
    <h2><a href="python_testing_logs.html#pythonlogface_shp_coll.py">Test face_shp_coll.py</a> </h2>
    <p>
      <ul>
        <li> Run Test : <a href="python_testing_logs.html#pythonlogface_shp_coll.py-runtest">error</a></li>
      </ul>
    </p>
  </div>
  <div id="summarygame_size_test.py" class="failure">
    <h2><a href="python_testing_logs.html#pythonloggame_size_test.py">Test game_size_test.py</a> </h2>
    <p>
      <ul>
        <li> Run Test : <a href="python_testing_logs.html#pythonloggame_size_test.py-runtest">error</a></li>
      </ul>
    </p>
  </div>
  <div id="summarygame_snippet.py" class="success">
    <h2><a href="python_testing_logs.html#pythonloggame_snippet.py">Test game_snippet.py</a> </h2>
    <p>
      <ul>
        <li> Run Test : <a href="python_testing_logs.html#pythonloggame_snippet.py-runtest">success</a></li>
      </ul>
    </p>
  </div>
  <div id="summarygraph_alist.py" class="failure">
    <h2><a href="python_testing_logs.html#pythonloggraph_alist.py">Test graph_alist.py</a> </h2>
    <p>
      <ul>
        <li> Run Test : <a href="python_testing_logs.html#pythonloggraph_alist.py-runtest">error</a></li>
      </ul>
    </p>
  </div>
  <div id="summarygraph_alist_edgevalue.py" class="success">
    <h2><a href="python_testing_logs.html#pythonloggraph_alist_edgevalue.py">Test graph_alist_edgevalue.py</a> </h2>
    <p>
      <ul>
        <li> Run Test : <a href="python_testing_logs.html#pythonloggraph_alist_edgevalue.py-runtest">success</a></li>
      </ul>
    </p>
  </div>
  <div id="summarygraph_alist_empty.py" class="success">
    <h2><a href="python_testing_logs.html#pythonloggraph_alist_empty.py">Test graph_alist_empty.py</a> </h2>
    <p>
      <ul>
        <li> Run Test : <a href="python_testing_logs.html#pythonloggraph_alist_empty.py-runtest">success</a></li>
      </ul>
    </p>
  </div>
  <div id="summarygraph_amatrix.py" class="failure">
    <h2><a href="python_testing_logs.html#pythonloggraph_amatrix.py">Test graph_amatrix.py</a> </h2>
    <p>
      <ul>
        <li> Run Test : <a href="python_testing_logs.html#pythonloggraph_amatrix.py-runtest">error</a></li>
      </ul>
    </p>
  </div>
  <div id="summarygraph_map_test.py" class="failure">
    <h2><a href="python_testing_logs.html#pythonloggraph_map_test.py">Test graph_map_test.py</a> </h2>
    <p>
      <ul>
        <li> Run Test : <a href="python_testing_logs.html#pythonloggraph_map_test.py-runtest">error</a></li>
      </ul>
    </p>
  </div>
  <div id="summarygutenberg_snippet.py" class="failure">
    <h2><a href="python_testing_logs.html#pythonloggutenberg_snippet.py">Test gutenberg_snippet.py</a> </h2>
    <p>
      <ul>
        <li> Run Test : <a href="python_testing_logs.html#pythonloggutenberg_snippet.py-runtest">error</a></li>
      </ul>
    </p>
  </div>
  <div id="summaryimdb_snippet.py" class="success">
    <h2><a href="python_testing_logs.html#pythonlogimdb_snippet.py">Test imdb_snippet.py</a> </h2>
    <p>
      <ul>
        <li> Run Test : <a href="python_testing_logs.html#pythonlogimdb_snippet.py-runtest">success</a></li>
      </ul>
    </p>
  </div>
  <div id="summaryinput_game.py" class="failure">
    <h2><a href="python_testing_logs.html#pythonloginput_game.py">Test input_game.py</a> </h2>
    <p>
      <ul>
        <li> Run Test : <a href="python_testing_logs.html#pythonloginput_game.py-runtest">error</a></li>
      </ul>
    </p>
  </div>
  <div id="summarykdt.py" class="failure">
    <h2><a href="python_testing_logs.html#pythonlogkdt.py">Test kdt.py</a> </h2>
    <p>
      <ul>
        <li> Run Test : <a href="python_testing_logs.html#pythonlogkdt.py-runtest">error</a></li>
      </ul>
    </p>
  </div>
  <div id="summarylinechart.py" class="failure">
    <h2><a href="python_testing_logs.html#pythonloglinechart.py">Test linechart.py</a> </h2>
    <p>
      <ul>
        <li> Run Test : <a href="python_testing_logs.html#pythonloglinechart.py-runtest">error</a></li>
      </ul>
    </p>
  </div>
  <div id="summaryminimal_game.py" class="failure">
    <h2><a href="python_testing_logs.html#pythonlogminimal_game.py">Test minimal_game.py</a> </h2>
    <p>
      <ul>
        <li> Run Test : <a href="python_testing_logs.html#pythonlogminimal_game.py-runtest">error</a></li>
      </ul>
    </p>
  </div>
  <div id="summarymixed_assignments.py" class="failure">
    <h2><a href="python_testing_logs.html#pythonlogmixed_assignments.py">Test mixed_assignments.py</a> </h2>
    <p>
      <ul>
        <li> Run Test : <a href="python_testing_logs.html#pythonlogmixed_assignments.py-runtest">error</a></li>
      </ul>
    </p>
  </div>
  <div id="summarymllist.py" class="failure">
    <h2><a href="python_testing_logs.html#pythonlogmllist.py">Test mllist.py</a> </h2>
    <p>
      <ul>
        <li> Run Test : <a href="python_testing_logs.html#pythonlogmllist.py-runtest">error</a></li>
      </ul>
    </p>
  </div>
  <div id="summaryosm.py" class="success">
    <h2><a href="python_testing_logs.html#pythonlogosm.py">Test osm.py</a> </h2>
    <p>
      <ul>
        <li> Run Test : <a href="python_testing_logs.html#pythonlogosm.py-runtest">success</a></li>
      </ul>
    </p>
  </div>
  <div id="summaryosm_amenity_snippet.py" class="success">
    <h2><a href="python_testing_logs.html#pythonlogosm_amenity_snippet.py">Test osm_amenity_snippet.py</a> </h2>
    <p>
      <ul>
        <li> Run Test : <a href="python_testing_logs.html#pythonlogosm_amenity_snippet.py-runtest">success</a></li>
      </ul>
    </p>
  </div>
  <div id="summaryosm_snippet.py" class="success">
    <h2><a href="python_testing_logs.html#pythonlogosm_snippet.py">Test osm_snippet.py</a> </h2>
    <p>
      <ul>
        <li> Run Test : <a href="python_testing_logs.html#pythonlogosm_snippet.py-runtest">success</a></li>
      </ul>
    </p>
  </div>
  <div id="summaryreddit.py" class="failure">
    <h2><a href="python_testing_logs.html#pythonlogreddit.py">Test reddit.py</a> </h2>
    <p>
      <ul>
        <li> Run Test : <a href="python_testing_logs.html#pythonlogreddit.py-runtest">error</a></li>
      </ul>
    </p>
  </div>
  <div id="summaryreddit_snippet.py" class="failure">
    <h2><a href="python_testing_logs.html#pythonlogreddit_snippet.py">Test reddit_snippet.py</a> </h2>
    <p>
      <ul>
        <li> Run Test : <a href="python_testing_logs.html#pythonlogreddit_snippet.py-runtest">error</a></li>
      </ul>
    </p>
  </div>
  <div id="summaryshakespeare_snippet.py" class="success">
    <h2><a href="python_testing_logs.html#pythonlogshakespeare_snippet.py">Test shakespeare_snippet.py</a> </h2>
    <p>
      <ul>
        <li> Run Test : <a href="python_testing_logs.html#pythonlogshakespeare_snippet.py-runtest">success</a></li>
      </ul>
    </p>
  </div>
  <div id="summaryshape_collection.py" class="failure">
    <h2><a href="python_testing_logs.html#pythonlogshape_collection.py">Test shape_collection.py</a> </h2>
    <p>
      <ul>
        <li> Run Test : <a href="python_testing_logs.html#pythonlogshape_collection.py-runtest">error</a></li>
      </ul>
    </p>
  </div>
  <div id="summaryshape_collection_layer.py" class="failure">
    <h2><a href="python_testing_logs.html#pythonlogshape_collection_layer.py">Test shape_collection_layer.py</a> </h2>
    <p>
      <ul>
        <li> Run Test : <a href="python_testing_logs.html#pythonlogshape_collection_layer.py-runtest">error</a></li>
      </ul>
    </p>
  </div>
  <div id="summaryshape_collection_textalign.py" class="failure">
    <h2><a href="python_testing_logs.html#pythonlogshape_collection_textalign.py">Test shape_collection_textalign.py</a> </h2>
    <p>
      <ul>
        <li> Run Test : <a href="python_testing_logs.html#pythonlogshape_collection_textalign.py-runtest">error</a></li>
      </ul>
    </p>
  </div>
  <div id="summarysine_wave.py" class="failure">
    <h2><a href="python_testing_logs.html#pythonlogsine_wave.py">Test sine_wave.py</a> </h2>
    <p>
      <ul>
        <li> Run Test : <a href="python_testing_logs.html#pythonlogsine_wave.py-runtest">error</a></li>
      </ul>
    </p>
  </div>
  <div id="summarysllist.py" class="failure">
    <h2><a href="python_testing_logs.html#pythonlogsllist.py">Test sllist.py</a> </h2>
    <p>
      <ul>
        <li> Run Test : <a href="python_testing_logs.html#pythonlogsllist.py-runtest">error</a></li>
      </ul>
    </p>
  </div>
  <div id="summarysong_lyrics_snippet.py" class="success">
    <h2><a href="python_testing_logs.html#pythonlogsong_lyrics_snippet.py">Test song_lyrics_snippet.py</a> </h2>
    <p>
      <ul>
        <li> Run Test : <a href="python_testing_logs.html#pythonlogsong_lyrics_snippet.py-runtest">success</a></li>
      </ul>
    </p>
  </div>
  <div id="summarysorting_benchmark.py" class="failure">
    <h2><a href="python_testing_logs.html#pythonlogsorting_benchmark.py">Test sorting_benchmark.py</a> </h2>
    <p>
      <ul>
        <li> Run Test : <a href="python_testing_logs.html#pythonlogsorting_benchmark.py-runtest">error</a></li>
      </ul>
    </p>
  </div>
  <div id="summarytree.py" class="failure">
    <h2><a href="python_testing_logs.html#pythonlogtree.py">Test tree.py</a> </h2>
    <p>
      <ul>
        <li> Run Test : <a href="python_testing_logs.html#pythonlogtree.py-runtest">error</a></li>
      </ul>
    </p>
  </div>
  <div id="summarytut_array1d_p1.py" class="failure">
    <h2><a href="python_testing_logs.html#pythonlogtut_array1d_p1.py">Test tut_array1d_p1.py</a> </h2>
    <p>
      <ul>
        <li> Run Test : <a href="python_testing_logs.html#pythonlogtut_array1d_p1.py-runtest">error</a></li>
      </ul>
    </p>
  </div>
  <div id="summarytut_array1d_p2.py" class="failure">
    <h2><a href="python_testing_logs.html#pythonlogtut_array1d_p2.py">Test tut_array1d_p2.py</a> </h2>
    <p>
      <ul>
        <li> Run Test : <a href="python_testing_logs.html#pythonlogtut_array1d_p2.py-runtest">error</a></li>
      </ul>
    </p>
  </div>
  <div id="summarytut_array1d_p3.py" class="failure">
    <h2><a href="python_testing_logs.html#pythonlogtut_array1d_p3.py">Test tut_array1d_p3.py</a> </h2>
    <p>
      <ul>
        <li> Run Test : <a href="python_testing_logs.html#pythonlogtut_array1d_p3.py-runtest">error</a></li>
      </ul>
    </p>
  </div>
  <div id="summarytut_bst_p1.py" class="failure">
    <h2><a href="python_testing_logs.html#pythonlogtut_bst_p1.py">Test tut_bst_p1.py</a> </h2>
    <p>
      <ul>
        <li> Run Test : <a href="python_testing_logs.html#pythonlogtut_bst_p1.py-runtest">error</a></li>
      </ul>
    </p>
  </div>
  <div id="summarytut_bst_p2.py" class="failure">
    <h2><a href="python_testing_logs.html#pythonlogtut_bst_p2.py">Test tut_bst_p2.py</a> </h2>
    <p>
      <ul>
        <li> Run Test : <a href="python_testing_logs.html#pythonlogtut_bst_p2.py-runtest">error</a></li>
      </ul>
    </p>
  </div>
  <div id="summarytut_bst_p3.py" class="failure">
    <h2><a href="python_testing_logs.html#pythonlogtut_bst_p3.py">Test tut_bst_p3.py</a> </h2>
    <p>
      <ul>
        <li> Run Test : <a href="python_testing_logs.html#pythonlogtut_bst_p3.py-runtest">error</a></li>
      </ul>
    </p>
  </div>
  <div id="summarytut_col_grid_p1.py" class="failure">
    <h2><a href="python_testing_logs.html#pythonlogtut_col_grid_p1.py">Test tut_col_grid_p1.py</a> </h2>
    <p>
      <ul>
        <li> Run Test : <a href="python_testing_logs.html#pythonlogtut_col_grid_p1.py-runtest">error</a></li>
      </ul>
    </p>
  </div>
  <div id="summarytut_col_grid_p2.py" class="failure">
    <h2><a href="python_testing_logs.html#pythonlogtut_col_grid_p2.py">Test tut_col_grid_p2.py</a> </h2>
    <p>
      <ul>
        <li> Run Test : <a href="python_testing_logs.html#pythonlogtut_col_grid_p2.py-runtest">error</a></li>
      </ul>
    </p>
  </div>
  <div id="summarytut_col_grid_p3.py" class="failure">
    <h2><a href="python_testing_logs.html#pythonlogtut_col_grid_p3.py">Test tut_col_grid_p3.py</a> </h2>
    <p>
      <ul>
        <li> Run Test : <a href="python_testing_logs.html#pythonlogtut_col_grid_p3.py-runtest">error</a></li>
      </ul>
    </p>
  </div>
  <div id="summarytut_dllist_p1.py" class="failure">
    <h2><a href="python_testing_logs.html#pythonlogtut_dllist_p1.py">Test tut_dllist_p1.py</a> </h2>
    <p>
      <ul>
        <li> Run Test : <a href="python_testing_logs.html#pythonlogtut_dllist_p1.py-runtest">error</a></li>
      </ul>
    </p>
  </div>
  <div id="summarytut_dllist_p2.py" class="failure">
    <h2><a href="python_testing_logs.html#pythonlogtut_dllist_p2.py">Test tut_dllist_p2.py</a> </h2>
    <p>
      <ul>
        <li> Run Test : <a href="python_testing_logs.html#pythonlogtut_dllist_p2.py-runtest">error</a></li>
      </ul>
    </p>
  </div>
  <div id="summarytut_dllist_p3.py" class="failure">
    <h2><a href="python_testing_logs.html#pythonlogtut_dllist_p3.py">Test tut_dllist_p3.py</a> </h2>
    <p>
      <ul>
        <li> Run Test : <a href="python_testing_logs.html#pythonlogtut_dllist_p3.py-runtest">error</a></li>
      </ul>
    </p>
  </div>
  <div id="summarytut_graph_p1.py" class="failure">
    <h2><a href="python_testing_logs.html#pythonlogtut_graph_p1.py">Test tut_graph_p1.py</a> </h2>
    <p>
      <ul>
        <li> Run Test : <a href="python_testing_logs.html#pythonlogtut_graph_p1.py-runtest">error</a></li>
      </ul>
    </p>
  </div>
  <div id="summarytut_graph_p2.py" class="failure">
    <h2><a href="python_testing_logs.html#pythonlogtut_graph_p2.py">Test tut_graph_p2.py</a> </h2>
    <p>
      <ul>
        <li> Run Test : <a href="python_testing_logs.html#pythonlogtut_graph_p2.py-runtest">error</a></li>
      </ul>
    </p>
  </div>
  <div id="summarytut_graph_p3.py" class="failure">
    <h2><a href="python_testing_logs.html#pythonlogtut_graph_p3.py">Test tut_graph_p3.py</a> </h2>
    <p>
      <ul>
        <li> Run Test : <a href="python_testing_logs.html#pythonlogtut_graph_p3.py-runtest">error</a></li>
      </ul>
    </p>
  </div>
  <div id="summarytut_map.py" class="success">
    <h2><a href="python_testing_logs.html#pythonlogtut_map.py">Test tut_map.py</a> </h2>
    <p>
      <ul>
        <li> Run Test : <a href="python_testing_logs.html#pythonlogtut_map.py-runtest">success</a></li>
      </ul>
    </p>
  </div>
  <div id="summarytut_shapes_p1.py" class="failure">
    <h2><a href="python_testing_logs.html#pythonlogtut_shapes_p1.py">Test tut_shapes_p1.py</a> </h2>
    <p>
      <ul>
        <li> Run Test : <a href="python_testing_logs.html#pythonlogtut_shapes_p1.py-runtest">error</a></li>
      </ul>
    </p>
  </div>
  <div id="summarytut_shapes_p2.py" class="failure">
    <h2><a href="python_testing_logs.html#pythonlogtut_shapes_p2.py">Test tut_shapes_p2.py</a> </h2>
    <p>
      <ul>
        <li> Run Test : <a href="python_testing_logs.html#pythonlogtut_shapes_p2.py-runtest">error</a></li>
      </ul>
    </p>
  </div>
  <div id="summarytut_sllist_p1.py" class="failure">
    <h2><a href="python_testing_logs.html#pythonlogtut_sllist_p1.py">Test tut_sllist_p1.py</a> </h2>
    <p>
      <ul>
        <li> Run Test : <a href="python_testing_logs.html#pythonlogtut_sllist_p1.py-runtest">error</a></li>
      </ul>
    </p>
  </div>
  <div id="summarytut_sllist_p2.py" class="failure">
    <h2><a href="python_testing_logs.html#pythonlogtut_sllist_p2.py">Test tut_sllist_p2.py</a> </h2>
    <p>
      <ul>
        <li> Run Test : <a href="python_testing_logs.html#pythonlogtut_sllist_p2.py-runtest">error</a></li>
      </ul>
    </p>
  </div>
  <div id="summarytut_sllist_p3.py" class="failure">
    <h2><a href="python_testing_logs.html#pythonlogtut_sllist_p3.py">Test tut_sllist_p3.py</a> </h2>
    <p>
      <ul>
        <li> Run Test : <a href="python_testing_logs.html#pythonlogtut_sllist_p3.py-runtest">error</a></li>
      </ul>
    </p>
  </div>
  <div id="summarytut_us_cities_snippet.py" class="success">
    <h2><a href="python_testing_logs.html#pythonlogtut_us_cities_snippet.py">Test tut_us_cities_snippet.py</a> </h2>
    <p>
      <ul>
        <li> Run Test : <a href="python_testing_logs.html#pythonlogtut_us_cities_snippet.py-runtest">success</a></li>
      </ul>
    </p>
  </div>
  <div id="summaryus_cities_snippet.py" class="success">
    <h2><a href="python_testing_logs.html#pythonlogus_cities_snippet.py">Test us_cities_snippet.py</a> </h2>
    <p>
      <ul>
        <li> Run Test : <a href="python_testing_logs.html#pythonlogus_cities_snippet.py-runtest">success</a></li>
      </ul>
    </p>
  </div>
  <div id="summaryvis_example.py" class="failure">
    <h2><a href="python_testing_logs.html#pythonlogvis_example.py">Test vis_example.py</a> </h2>
    <p>
      <ul>
        <li> Run Test : <a href="python_testing_logs.html#pythonlogvis_example.py-runtest">error</a></li>
      </ul>
    </p>
  </div>
  <div id="summarywikidata_actor_snippet.py" class="success">
    <h2><a href="python_testing_logs.html#pythonlogwikidata_actor_snippet.py">Test wikidata_actor_snippet.py</a> </h2>
    <p>
      <ul>
        <li> Run Test : <a href="python_testing_logs.html#pythonlogwikidata_actor_snippet.py-runtest">success</a></li>
      </ul>
    </p>
  </div>
    <div id="pythonlogarray1d.py" class="logdetails">
      <h2>Test array1d.py full log</h2>
    
<div class="failure">
<h3 id="pythonlogarray1d.py-runtest">Run Test for test array1d.py</h3>
<pre><code>Traceback (most recent call last):
  File &quot;/home/bridges-testing/bridges-client-testing/python/web_tutorial_testing/array1d.py&quot;, line 48, in &lt;module&gt;
    main()
  File &quot;/home/bridges-testing/bridges-client-testing/python/web_tutorial_testing/array1d.py&quot;, line 45, in main
    bridges.visualize()
  File &quot;/home/bridges-testing/.local/lib/python3.11/site-packages/bridges-3.4.4-py3.11.egg/bridges/bridges.py&quot;, line 215, in visualize
AttributeError: 'Bridges' object has no attribute 'map'. Did you mean: '_map'?
could not run test array1d.py
</code></pre>
</div>
    
    </div>
    <div id="pythonlogarray2d.py" class="logdetails">
      <h2>Test array2d.py full log</h2>
    
<div class="failure">
<h3 id="pythonlogarray2d.py-runtest">Run Test for test array2d.py</h3>
<pre><code>Traceback (most recent call last):
  File &quot;/home/bridges-testing/bridges-client-testing/python/web_tutorial_testing/array2d.py&quot;, line 45, in &lt;module&gt;
    main()
  File &quot;/home/bridges-testing/bridges-client-testing/python/web_tutorial_testing/array2d.py&quot;, line 42, in main
    bridges.visualize()
  File &quot;/home/bridges-testing/.local/lib/python3.11/site-packages/bridges-3.4.4-py3.11.egg/bridges/bridges.py&quot;, line 215, in visualize
AttributeError: 'Bridges' object has no attribute 'map'. Did you mean: '_map'?
could not run test array2d.py
</code></pre>
</div>
    
    </div>
    <div id="pythonlogarray3d.py" class="logdetails">
      <h2>Test array3d.py full log</h2>
    
<div class="failure">
<h3 id="pythonlogarray3d.py-runtest">Run Test for test array3d.py</h3>
<pre><code>Traceback (most recent call last):
  File &quot;/home/bridges-testing/bridges-client-testing/python/web_tutorial_testing/array3d.py&quot;, line 53, in &lt;module&gt;
    main()
  File &quot;/home/bridges-testing/bridges-client-testing/python/web_tutorial_testing/array3d.py&quot;, line 49, in main
    bridges.visualize()
  File &quot;/home/bridges-testing/.local/lib/python3.11/site-packages/bridges-3.4.4-py3.11.egg/bridges/bridges.py&quot;, line 215, in visualize
AttributeError: 'Bridges' object has no attribute 'map'. Did you mean: '_map'?
could not run test array3d.py
</code></pre>
</div>
    
    </div>
    <div id="pythonlogaudio_clip.py" class="logdetails">
      <h2>Test audio_clip.py full log</h2>
    
<div class="failure">
<h3 id="pythonlogaudio_clip.py-runtest">Run Test for test audio_clip.py</h3>
<pre><code>generating 32-bit sine wave
Traceback (most recent call last):
  File &quot;/home/bridges-testing/bridges-client-testing/python/web_tutorial_testing/audio_clip.py&quot;, line 102, in &lt;module&gt;
    main()
  File &quot;/home/bridges-testing/bridges-client-testing/python/web_tutorial_testing/audio_clip.py&quot;, line 31, in main
    bridges.visualize()
  File &quot;/home/bridges-testing/.local/lib/python3.11/site-packages/bridges-3.4.4-py3.11.egg/bridges/bridges.py&quot;, line 215, in visualize
AttributeError: 'Bridges' object has no attribute 'map'. Did you mean: '_map'?
could not run test audio_clip.py
</code></pre>
</div>
    
    </div>
    <div id="pythonlogaudio_clip_manipulation.py" class="logdetails">
      <h2>Test audio_clip_manipulation.py full log</h2>
    
<div class="failure">
<h3 id="pythonlogaudio_clip_manipulation.py-runtest">Run Test for test audio_clip_manipulation.py</h3>
<pre><code>Traceback (most recent call last):
  File &quot;/home/bridges-testing/bridges-client-testing/python/web_tutorial_testing/audio_clip_manipulation.py&quot;, line 48, in &lt;module&gt;
    main()
  File &quot;/home/bridges-testing/bridges-client-testing/python/web_tutorial_testing/audio_clip_manipulation.py&quot;, line 41, in main
    bridges.visualize()
  File &quot;/home/bridges-testing/.local/lib/python3.11/site-packages/bridges-3.4.4-py3.11.egg/bridges/bridges.py&quot;, line 215, in visualize
AttributeError: 'Bridges' object has no attribute 'map'. Did you mean: '_map'?
could not run test audio_clip_manipulation.py
</code></pre>
</div>
    
    </div>
    <div id="pythonlogavl.py" class="logdetails">
      <h2>Test avl.py full log</h2>
    
<div class="failure">
<h3 id="pythonlogavl.py-runtest">Run Test for test avl.py</h3>
<pre><code>Traceback (most recent call last):
  File &quot;/home/bridges-testing/bridges-client-testing/python/web_tutorial_testing/avl.py&quot;, line 68, in &lt;module&gt;
    main()
  File &quot;/home/bridges-testing/bridges-client-testing/python/web_tutorial_testing/avl.py&quot;, line 64, in main
    bridges.visualize()
  File &quot;/home/bridges-testing/.local/lib/python3.11/site-packages/bridges-3.4.4-py3.11.egg/bridges/bridges.py&quot;, line 215, in visualize
AttributeError: 'Bridges' object has no attribute 'map'. Did you mean: '_map'?
could not run test avl.py
</code></pre>
</div>
    
    </div>
    <div id="pythonlogbintree.py" class="logdetails">
      <h2>Test bintree.py full log</h2>
    
<div class="failure">
<h3 id="pythonlogbintree.py-runtest">Run Test for test bintree.py</h3>
<pre><code>Traceback (most recent call last):
  File &quot;/home/bridges-testing/bridges-client-testing/python/web_tutorial_testing/bintree.py&quot;, line 69, in &lt;module&gt;
    main()
  File &quot;/home/bridges-testing/bridges-client-testing/python/web_tutorial_testing/bintree.py&quot;, line 65, in main
    bridges.visualize()
  File &quot;/home/bridges-testing/.local/lib/python3.11/site-packages/bridges-3.4.4-py3.11.egg/bridges/bridges.py&quot;, line 215, in visualize
AttributeError: 'Bridges' object has no attribute 'map'. Did you mean: '_map'?
could not run test bintree.py
</code></pre>
</div>
    
    </div>
    <div id="pythonlogbst_eq.py" class="logdetails">
      <h2>Test bst_eq.py full log</h2>
    
<div class="failure">
<h3 id="pythonlogbst_eq.py-runtest">Run Test for test bst_eq.py</h3>
<pre><code>Traceback (most recent call last):
  File &quot;/home/bridges-testing/bridges-client-testing/python/web_tutorial_testing/bst_eq.py&quot;, line 54, in &lt;module&gt;
    main()
  File &quot;/home/bridges-testing/bridges-client-testing/python/web_tutorial_testing/bst_eq.py&quot;, line 50, in main
    bridges.visualize()
  File &quot;/home/bridges-testing/.local/lib/python3.11/site-packages/bridges-3.4.4-py3.11.egg/bridges/bridges.py&quot;, line 215, in visualize
AttributeError: 'Bridges' object has no attribute 'map'. Did you mean: '_map'?
could not run test bst_eq.py
</code></pre>
</div>
    
    </div>
    <div id="pythonlogcancer_snippet.py" class="logdetails">
      <h2>Test cancer_snippet.py full log</h2>
    
<div class="success">
<h3 id="pythonlogcancer_snippet.py-runtest">Run Test for test cancer_snippet.py</h3>
<pre><code>Record 1:
	Type: Mortality
	Year: 1999
	Population: 2293259
	Race: All Races
	Gender: 
	CrudeRate: 190.4(more rate information available) 
	Location: 32.799, -86.8073
	Count: 0
</code></pre>
</div>
    
    </div>
    <div id="pythonlogcirc_dllist.py" class="logdetails">
      <h2>Test circ_dllist.py full log</h2>
    
<div class="failure">
<h3 id="pythonlogcirc_dllist.py-runtest">Run Test for test circ_dllist.py</h3>
<pre><code>Traceback (most recent call last):
  File &quot;/home/bridges-testing/bridges-client-testing/python/web_tutorial_testing/circ_dllist.py&quot;, line 56, in &lt;module&gt;
    main()
  File &quot;/home/bridges-testing/bridges-client-testing/python/web_tutorial_testing/circ_dllist.py&quot;, line 52, in main
    bridges.visualize()
  File &quot;/home/bridges-testing/.local/lib/python3.11/site-packages/bridges-3.4.4-py3.11.egg/bridges/bridges.py&quot;, line 215, in visualize
AttributeError: 'Bridges' object has no attribute 'map'. Did you mean: '_map'?
could not run test circ_dllist.py
</code></pre>
</div>
    
    </div>
    <div id="pythonlogcirc_sllist.py" class="logdetails">
      <h2>Test circ_sllist.py full log</h2>
    
<div class="failure">
<h3 id="pythonlogcirc_sllist.py-runtest">Run Test for test circ_sllist.py</h3>
<pre><code>Traceback (most recent call last):
  File &quot;/home/bridges-testing/bridges-client-testing/python/web_tutorial_testing/circ_sllist.py&quot;, line 56, in &lt;module&gt;
    main()
  File &quot;/home/bridges-testing/bridges-client-testing/python/web_tutorial_testing/circ_sllist.py&quot;, line 52, in main
    bridges.visualize()
  File &quot;/home/bridges-testing/.local/lib/python3.11/site-packages/bridges-3.4.4-py3.11.egg/bridges/bridges.py&quot;, line 215, in visualize
AttributeError: 'Bridges' object has no attribute 'map'. Did you mean: '_map'?
could not run test circ_sllist.py
</code></pre>
</div>
    
    </div>
    <div id="pythonlogcolor_grid.py" class="logdetails">
      <h2>Test color_grid.py full log</h2>
    
<div class="failure">
<h3 id="pythonlogcolor_grid.py-runtest">Run Test for test color_grid.py</h3>
<pre><code>RLE ran
Traceback (most recent call last):
  File &quot;/home/bridges-testing/bridges-client-testing/python/web_tutorial_testing/color_grid.py&quot;, line 75, in &lt;module&gt;
    main()
  File &quot;/home/bridges-testing/bridges-client-testing/python/web_tutorial_testing/color_grid.py&quot;, line 71, in main
    bridges.visualize()
  File &quot;/home/bridges-testing/.local/lib/python3.11/site-packages/bridges-3.4.4-py3.11.egg/bridges/bridges.py&quot;, line 215, in visualize
AttributeError: 'Bridges' object has no attribute 'map'. Did you mean: '_map'?
could not run test color_grid.py
</code></pre>
</div>
    
    </div>
    <div id="pythonlogcolor_grid_rle_edgecase.py" class="logdetails">
      <h2>Test color_grid_rle_edgecase.py full log</h2>
    
<div class="failure">
<h3 id="pythonlogcolor_grid_rle_edgecase.py-runtest">Run Test for test color_grid_rle_edgecase.py</h3>
<pre><code>RLE ran
Traceback (most recent call last):
  File &quot;/home/bridges-testing/bridges-client-testing/python/web_tutorial_testing/color_grid_rle_edgecase.py&quot;, line 46, in &lt;module&gt;
    main()
  File &quot;/home/bridges-testing/bridges-client-testing/python/web_tutorial_testing/color_grid_rle_edgecase.py&quot;, line 42, in main
    bridges.visualize()
  File &quot;/home/bridges-testing/.local/lib/python3.11/site-packages/bridges-3.4.4-py3.11.egg/bridges/bridges.py&quot;, line 215, in visualize
AttributeError: 'Bridges' object has no attribute 'map'. Did you mean: '_map'?
could not run test color_grid_rle_edgecase.py
</code></pre>
</div>
    
    </div>
    <div id="pythonlogdisplay_game.py" class="logdetails">
      <h2>Test display_game.py full log</h2>
    
<div class="failure">
<h3 id="pythonlogdisplay_game.py-runtest">Run Test for test display_game.py</h3>
<pre><code>Traceback (most recent call last):
  File &quot;/home/bridges-testing/bridges-client-testing/python/web_tutorial_testing/display_game.py&quot;, line 34, in &lt;module&gt;
    main()
  File &quot;/home/bridges-testing/bridges-client-testing/python/web_tutorial_testing/display_game.py&quot;, line 29, in main
    game = DisplayGame(int(args[0]), args[1], args[2])
           ^^^^^^^^^^^^^^^^^^^^^^^^^^^^^^^^^^^^^^^^^^^
  File &quot;/home/bridges-testing/bridges-client-testing/python/web_tutorial_testing/display_game.py&quot;, line 9, in __init__
    super().__init__(assid, user_id,  api_key, 10, 10)
  File &quot;/home/bridges-testing/.local/lib/python3.11/site-packages/bridges-3.4.4-py3.11.egg/bridges/non_blocking_game.py&quot;, line 149, in __init__
  File &quot;/home/bridges-testing/.local/lib/python3.11/site-packages/bridges-3.4.4-py3.11.egg/bridges/gamebase.py&quot;, line 30, in __init__
  File &quot;/home/bridges-testing/.local/lib/python3.11/site-packages/bridges-3.4.4-py3.11.egg/bridges/gamebase.py&quot;, line 55, in game_base_init
  File &quot;/home/bridges-testing/.local/lib/python3.11/site-packages/bridges-3.4.4-py3.11.egg/bridges/socket_connection.py&quot;, line 28, in setup_connection
  File &quot;/home/bridges-testing/.local/lib/python3.11/site-packages/python_socketio-5.11.3-py3.11.egg/socketio/client.py&quot;, line 159, in connect
    raise exceptions.ConnectionError(exc.args[0]) from None
socketio.exceptions.ConnectionError: Connection error
could not run test display_game.py
</code></pre>
</div>
    
    </div>
    <div id="pythonlogdllist.py" class="logdetails">
      <h2>Test dllist.py full log</h2>
    
<div class="failure">
<h3 id="pythonlogdllist.py-runtest">Run Test for test dllist.py</h3>
<pre><code>Traceback (most recent call last):
  File &quot;/home/bridges-testing/bridges-client-testing/python/web_tutorial_testing/dllist.py&quot;, line 59, in &lt;module&gt;
    main()
  File &quot;/home/bridges-testing/bridges-client-testing/python/web_tutorial_testing/dllist.py&quot;, line 55, in main
    bridges.visualize()
  File &quot;/home/bridges-testing/.local/lib/python3.11/site-packages/bridges-3.4.4-py3.11.egg/bridges/bridges.py&quot;, line 215, in visualize
AttributeError: 'Bridges' object has no attribute 'map'. Did you mean: '_map'?
could not run test dllist.py
</code></pre>
</div>
    
    </div>
    <div id="pythonlogelevation_snippet.py" class="logdetails">
      <h2>Test elevation_snippet.py full log</h2>
    
<div class="success">
<h3 id="pythonlogelevation_snippet.py-runtest">Run Test for test elevation_snippet.py</h3>
<pre><code>Width: 65
Height: 89
Coordinate of lower left corner: -98.0259, 41.030154615385
Spatial resolution: 0.016624615385
First 10 elevations:
504
504
500
502
501
497
491
488
497
510
</code></pre>
</div>
    
    </div>
    <div id="pythonlogeq_snippet.py" class="logdetails">
      <h2>Test eq_snippet.py full log</h2>
    
<div class="success">
<h3 id="pythonlogeq_snippet.py-runtest">Run Test for test eq_snippet.py</h3>
<pre><code>Magnitude: 2.22
Date: 2024-07-07 07:19:12
Location:14 km S of Fern Forest, Hawaii
Lat/Long:19.3360004425049,-155.132507324219
</code></pre>
</div>
    
    </div>
    <div id="pythonlogface_shp_coll.py" class="logdetails">
      <h2>Test face_shp_coll.py full log</h2>
    
<div class="failure">
<h3 id="pythonlogface_shp_coll.py-runtest">Run Test for test face_shp_coll.py</h3>
<pre><code>[[1.0, 0.0, 0.0], [0.0, 1.0, 0.0], [0.0, 0.0, 1.0]]
[[1.0, 0.0, -25.0], [0.0, 1.0, 20.0], [0.0, 0.0, 1.0]]
[[1.0, 0.0, -25.0], [0.0, 1.0, 20.0], [0.0, 0.0, 1.0]]
[[0.3, 0.0, -7.5], [0.0, 0.3, 6.0], [0.0, 0.0, 1.0]]
[[1.0, 0.0, 0.0], [0.0, 1.0, 0.0], [0.0, 0.0, 1.0]]
[[1.0, 0.0, 25.0], [0.0, 1.0, 20.0], [0.0, 0.0, 1.0]]
[[1.0, 0.0, 25.0], [0.0, 1.0, 20.0], [0.0, 0.0, 1.0]]
[[0.3, 0.0, 7.5], [0.0, 0.3, 6.0], [0.0, 0.0, 1.0]]
[[1.0, 0.0, 0.0], [0.0, 1.0, 0.0], [0.0, 0.0, 1.0]]
[[1.0, 0.0, 0.0], [0.0, 1.0, -10.0], [0.0, 0.0, 1.0]]
[[1.0, 0.0, 0.0], [0.0, 1.0, -10.0], [0.0, 0.0, 1.0]]
[[0.5, 0.0, 0.0], [0.0, 3.0, -30.0], [0.0, 0.0, 1.0]]
[[1.0, 0.0, 0.0], [0.0, 1.0, 0.0], [0.0, 0.0, 1.0]]
[[3.0, 0.0, 0.0], [0.0, 0.5, 0.0], [0.0, 0.0, 1.0]]
[[3.0, 0.0, 0.0], [0.0, 0.5, 0.0], [0.0, 0.0, 1.0]]
[[3.0, 0.0, -10.0], [0.0, 0.5, -40.0], [0.0, 0.0, 1.0]]
Traceback (most recent call last):
  File &quot;/home/bridges-testing/bridges-client-testing/python/web_tutorial_testing/face_shp_coll.py&quot;, line 93, in &lt;module&gt;
    main()
  File &quot;/home/bridges-testing/bridges-client-testing/python/web_tutorial_testing/face_shp_coll.py&quot;, line 89, in main
    bridges.visualize()
  File &quot;/home/bridges-testing/.local/lib/python3.11/site-packages/bridges-3.4.4-py3.11.egg/bridges/bridges.py&quot;, line 215, in visualize
AttributeError: 'Bridges' object has no attribute 'map'. Did you mean: '_map'?
could not run test face_shp_coll.py
</code></pre>
</div>
    
    </div>
    <div id="pythonloggame_size_test.py" class="logdetails">
      <h2>Test game_size_test.py full log</h2>
    
<div class="failure">
<h3 id="pythonloggame_size_test.py-runtest">Run Test for test game_size_test.py</h3>
<pre><code>Traceback (most recent call last):
  File &quot;/home/bridges-testing/bridges-client-testing/python/web_tutorial_testing/game_size_test.py&quot;, line 34, in &lt;module&gt;
    main()
  File &quot;/home/bridges-testing/bridges-client-testing/python/web_tutorial_testing/game_size_test.py&quot;, line 28, in main
    game = GameSizeTest(int(args[0]), args[1], args[2])
           ^^^^^^^^^^^^^^^^^^^^^^^^^^^^^^^^^^^^^^^^^^^^
  File &quot;/home/bridges-testing/bridges-client-testing/python/web_tutorial_testing/game_size_test.py&quot;, line 9, in __init__
    super().__init__(assid, user_id,  api_key, 10, 20)
  File &quot;/home/bridges-testing/.local/lib/python3.11/site-packages/bridges-3.4.4-py3.11.egg/bridges/non_blocking_game.py&quot;, line 149, in __init__
  File &quot;/home/bridges-testing/.local/lib/python3.11/site-packages/bridges-3.4.4-py3.11.egg/bridges/gamebase.py&quot;, line 30, in __init__
  File &quot;/home/bridges-testing/.local/lib/python3.11/site-packages/bridges-3.4.4-py3.11.egg/bridges/gamebase.py&quot;, line 55, in game_base_init
  File &quot;/home/bridges-testing/.local/lib/python3.11/site-packages/bridges-3.4.4-py3.11.egg/bridges/socket_connection.py&quot;, line 28, in setup_connection
  File &quot;/home/bridges-testing/.local/lib/python3.11/site-packages/python_socketio-5.11.3-py3.11.egg/socketio/client.py&quot;, line 159, in connect
    raise exceptions.ConnectionError(exc.args[0]) from None
socketio.exceptions.ConnectionError: Connection error
could not run test game_size_test.py
</code></pre>
</div>
    
    </div>
    <div id="pythonloggame_snippet.py" class="logdetails">
      <h2>Test game_snippet.py full log</h2>
    
<div class="success">
<h3 id="pythonloggame_snippet.py-runtest">Run Test for test game_snippet.py</h3>
<pre><code>LEGO The Lord of the Rings
Xbox 360
6.8
['Action', 'Adventure']
</code></pre>
</div>
    
    </div>
    <div id="pythonloggraph_alist.py" class="logdetails">
      <h2>Test graph_alist.py full log</h2>
    
<div class="failure">
<h3 id="pythonloggraph_alist.py-runtest">Run Test for test graph_alist.py</h3>
<pre><code>Visualization Title restricted to50 characters. truncated title...
Traceback (most recent call last):
  File &quot;/home/bridges-testing/bridges-client-testing/python/web_tutorial_testing/graph_alist.py&quot;, line 98, in &lt;module&gt;
    main()
  File &quot;/home/bridges-testing/bridges-client-testing/python/web_tutorial_testing/graph_alist.py&quot;, line 94, in main
    bridges.visualize()
  File &quot;/home/bridges-testing/.local/lib/python3.11/site-packages/bridges-3.4.4-py3.11.egg/bridges/bridges.py&quot;, line 215, in visualize
AttributeError: 'Bridges' object has no attribute 'map'. Did you mean: '_map'?
could not run test graph_alist.py
</code></pre>
</div>
    
    </div>
    <div id="pythonloggraph_alist_edgevalue.py" class="logdetails">
      <h2>Test graph_alist_edgevalue.py full log</h2>
    
<div class="success">
<h3 id="pythonloggraph_alist_edgevalue.py-runtest">Run Test for test graph_alist_edgevalue.py</h3>
<pre><code></code></pre>
</div>
    
    </div>
    <div id="pythonloggraph_alist_empty.py" class="logdetails">
      <h2>Test graph_alist_empty.py full log</h2>
    
<div class="success">
<h3 id="pythonloggraph_alist_empty.py-runtest">Run Test for test graph_alist_empty.py</h3>
<pre><code></code></pre>
</div>
    
    </div>
    <div id="pythonloggraph_amatrix.py" class="logdetails">
      <h2>Test graph_amatrix.py full log</h2>
    
<div class="failure">
<h3 id="pythonloggraph_amatrix.py-runtest">Run Test for test graph_amatrix.py</h3>
<pre><code>Visualization Title restricted to50 characters. truncated title...
Traceback (most recent call last):
  File &quot;/home/bridges-testing/bridges-client-testing/python/web_tutorial_testing/graph_amatrix.py&quot;, line 85, in &lt;module&gt;
    main()
  File &quot;/home/bridges-testing/bridges-client-testing/python/web_tutorial_testing/graph_amatrix.py&quot;, line 81, in main
    bridges.visualize()
  File &quot;/home/bridges-testing/.local/lib/python3.11/site-packages/bridges-3.4.4-py3.11.egg/bridges/bridges.py&quot;, line 215, in visualize
AttributeError: 'Bridges' object has no attribute 'map'. Did you mean: '_map'?
could not run test graph_amatrix.py
</code></pre>
</div>
    
    </div>
    <div id="pythonloggraph_map_test.py" class="logdetails">
      <h2>Test graph_map_test.py full log</h2>
    
<div class="failure">
<h3 id="pythonloggraph_map_test.py-runtest">Run Test for test graph_map_test.py</h3>
<pre><code>Traceback (most recent call last):
  File &quot;/home/bridges-testing/bridges-client-testing/python/web_tutorial_testing/graph_map_test.py&quot;, line 73, in &lt;module&gt;
    main()
  File &quot;/home/bridges-testing/bridges-client-testing/python/web_tutorial_testing/graph_map_test.py&quot;, line 36, in main
    bridges.visualize()
  File &quot;/home/bridges-testing/.local/lib/python3.11/site-packages/bridges-3.4.4-py3.11.egg/bridges/bridges.py&quot;, line 215, in visualize
AttributeError: 'Bridges' object has no attribute 'map'. Did you mean: '_map'?
could not run test graph_map_test.py
</code></pre>
</div>
    
    </div>
    <div id="pythonloggutenberg_snippet.py" class="logdetails">
      <h2>Test gutenberg_snippet.py full log</h2>
    
<div class="failure">
<h3 id="pythonloggutenberg_snippet.py-runtest">Run Test for test gutenberg_snippet.py</h3>
<pre><code>Id: 2701
Title: Moby Dick; Or, The Whale
Date: 2001-07-01
Author: ['Melville, Herman']
Genres: ['Ship captains -- Fiction', 'Whaling -- Fiction', 'Whaling ships -- Fiction', 'Psychological fiction', 'Mentally ill -- Fiction', 'Adventure stories', 'Ahab, Captain (Fictitious character) -- Fiction', 'Sea stories', 'Whales -- Fiction']
language: en
library of congress: ['PS']

Get book by title: Pride and Prejudice

Pride and Prejudice
1342
1998-06-01
Pride and Prejudice
42671
2013-05-09

Get book by language: English

The Declaration of Independence of the United States of America
1
1971-12-01
The King James Version of the Bible
10
1989-08-01
The Complete Works of William Shakespeare
100
1994-01-01

Get text of Moby Dick (id: 2701)

Traceback (most recent call last):
  File &quot;/home/bridges-testing/bridges-client-testing/python/web_tutorial_testing/gutenberg_snippet.py&quot;, line 61, in &lt;module&gt;
    main()
  File &quot;/home/bridges-testing/bridges-client-testing/python/web_tutorial_testing/gutenberg_snippet.py&quot;, line 52, in main
    text = data_source.gutenberg_book_text(2701)
           ^^^^^^^^^^^^^^^^^^^^^^^^^^^^^^^^^^^^^
  File &quot;/home/bridges-testing/.local/lib/python3.11/site-packages/bridges-3.4.4-py3.11.egg/bridges/data_src_dependent/data_source.py&quot;, line 1227, in gutenberg_book_text
  File &quot;/usr/lib/python3.11/json/__init__.py&quot;, line 346, in loads
    return _default_decoder.decode(s)
           ^^^^^^^^^^^^^^^^^^^^^^^^^^
  File &quot;/usr/lib/python3.11/json/decoder.py&quot;, line 337, in decode
    obj, end = self.raw_decode(s, idx=_w(s, 0).end())
               ^^^^^^^^^^^^^^^^^^^^^^^^^^^^^^^^^^^^^^
  File &quot;/usr/lib/python3.11/json/decoder.py&quot;, line 353, in raw_decode
    obj, end = self.scan_once(s, idx)
               ^^^^^^^^^^^^^^^^^^^^^^
json.decoder.JSONDecodeError: Unterminated string starting at: line 1 column 9 (char 8)
could not run test gutenberg_snippet.py
</code></pre>
</div>
    
    </div>
    <div id="pythonlogimdb_snippet.py" class="logdetails">
      <h2>Test imdb_snippet.py full log</h2>
    
<div class="success">
<h3 id="pythonlogimdb_snippet.py-runtest">Run Test for test imdb_snippet.py</h3>
<pre><code>Denzel_Washington
Philadelphia_(1993)
</code></pre>
</div>
    
    </div>
    <div id="pythonloginput_game.py" class="logdetails">
      <h2>Test input_game.py full log</h2>
    
<div class="failure">
<h3 id="pythonloginput_game.py-runtest">Run Test for test input_game.py</h3>
<pre><code>Traceback (most recent call last):
  File &quot;/home/bridges-testing/bridges-client-testing/python/web_tutorial_testing/input_game.py&quot;, line 38, in &lt;module&gt;
    main()
  File &quot;/home/bridges-testing/bridges-client-testing/python/web_tutorial_testing/input_game.py&quot;, line 33, in main
    game = InputGame(int(args[0]), args[1], args[2])
           ^^^^^^^^^^^^^^^^^^^^^^^^^^^^^^^^^^^^^^^^^
  File &quot;/home/bridges-testing/bridges-client-testing/python/web_tutorial_testing/input_game.py&quot;, line 8, in __init__
    super().__init__(assid, user_id,  api_key, 10, 10)
  File &quot;/home/bridges-testing/.local/lib/python3.11/site-packages/bridges-3.4.4-py3.11.egg/bridges/non_blocking_game.py&quot;, line 149, in __init__
  File &quot;/home/bridges-testing/.local/lib/python3.11/site-packages/bridges-3.4.4-py3.11.egg/bridges/gamebase.py&quot;, line 30, in __init__
  File &quot;/home/bridges-testing/.local/lib/python3.11/site-packages/bridges-3.4.4-py3.11.egg/bridges/gamebase.py&quot;, line 55, in game_base_init
  File &quot;/home/bridges-testing/.local/lib/python3.11/site-packages/bridges-3.4.4-py3.11.egg/bridges/socket_connection.py&quot;, line 28, in setup_connection
  File &quot;/home/bridges-testing/.local/lib/python3.11/site-packages/python_socketio-5.11.3-py3.11.egg/socketio/client.py&quot;, line 159, in connect
    raise exceptions.ConnectionError(exc.args[0]) from None
socketio.exceptions.ConnectionError: Connection error
could not run test input_game.py
</code></pre>
</div>
    
    </div>
    <div id="pythonlogkdt.py" class="logdetails">
      <h2>Test kdt.py full log</h2>
    
<div class="failure">
<h3 id="pythonlogkdt.py-runtest">Run Test for test kdt.py</h3>
<pre><code>Traceback (most recent call last):
  File &quot;/home/bridges-testing/bridges-client-testing/python/web_tutorial_testing/kdt.py&quot;, line 57, in &lt;module&gt;
    main()
  File &quot;/home/bridges-testing/bridges-client-testing/python/web_tutorial_testing/kdt.py&quot;, line 54, in main
    bridges.visualize()
  File &quot;/home/bridges-testing/.local/lib/python3.11/site-packages/bridges-3.4.4-py3.11.egg/bridges/bridges.py&quot;, line 215, in visualize
AttributeError: 'Bridges' object has no attribute 'map'. Did you mean: '_map'?
could not run test kdt.py
</code></pre>
</div>
    
    </div>
    <div id="pythonloglinechart.py" class="logdetails">
      <h2>Test linechart.py full log</h2>
    
<div class="failure">
<h3 id="pythonloglinechart.py-runtest">Run Test for test linechart.py</h3>
<pre><code>Traceback (most recent call last):
  File &quot;/home/bridges-testing/bridges-client-testing/python/web_tutorial_testing/linechart.py&quot;, line 42, in &lt;module&gt;
    main()
  File &quot;/home/bridges-testing/bridges-client-testing/python/web_tutorial_testing/linechart.py&quot;, line 25, in main
    bridges.visualize()
  File &quot;/home/bridges-testing/.local/lib/python3.11/site-packages/bridges-3.4.4-py3.11.egg/bridges/bridges.py&quot;, line 215, in visualize
AttributeError: 'Bridges' object has no attribute 'map'. Did you mean: '_map'?
could not run test linechart.py
</code></pre>
</div>
    
    </div>
    <div id="pythonlogminimal_game.py" class="logdetails">
      <h2>Test minimal_game.py full log</h2>
    
<div class="failure">
<h3 id="pythonlogminimal_game.py-runtest">Run Test for test minimal_game.py</h3>
<pre><code>Traceback (most recent call last):
  File &quot;/home/bridges-testing/bridges-client-testing/python/web_tutorial_testing/minimal_game.py&quot;, line 25, in &lt;module&gt;
    main()
  File &quot;/home/bridges-testing/bridges-client-testing/python/web_tutorial_testing/minimal_game.py&quot;, line 20, in main
    game = MinimalGame(int(args[0]), args[1], args[2])
           ^^^^^^^^^^^^^^^^^^^^^^^^^^^^^^^^^^^^^^^^^^^
  File &quot;/home/bridges-testing/bridges-client-testing/python/web_tutorial_testing/minimal_game.py&quot;, line 8, in __init__
    super().__init__(assid, user_id,  api_key, 10, 10)
  File &quot;/home/bridges-testing/.local/lib/python3.11/site-packages/bridges-3.4.4-py3.11.egg/bridges/non_blocking_game.py&quot;, line 149, in __init__
  File &quot;/home/bridges-testing/.local/lib/python3.11/site-packages/bridges-3.4.4-py3.11.egg/bridges/gamebase.py&quot;, line 30, in __init__
  File &quot;/home/bridges-testing/.local/lib/python3.11/site-packages/bridges-3.4.4-py3.11.egg/bridges/gamebase.py&quot;, line 55, in game_base_init
  File &quot;/home/bridges-testing/.local/lib/python3.11/site-packages/bridges-3.4.4-py3.11.egg/bridges/socket_connection.py&quot;, line 28, in setup_connection
  File &quot;/home/bridges-testing/.local/lib/python3.11/site-packages/python_socketio-5.11.3-py3.11.egg/socketio/client.py&quot;, line 159, in connect
    raise exceptions.ConnectionError(exc.args[0]) from None
socketio.exceptions.ConnectionError: Connection error
could not run test minimal_game.py
</code></pre>
</div>
    
    </div>
    <div id="pythonlogmixed_assignments.py" class="logdetails">
      <h2>Test mixed_assignments.py full log</h2>
    
<div class="failure">
<h3 id="pythonlogmixed_assignments.py-runtest">Run Test for test mixed_assignments.py</h3>
<pre><code>Traceback (most recent call last):
  File &quot;/home/bridges-testing/bridges-client-testing/python/web_tutorial_testing/mixed_assignments.py&quot;, line 130, in &lt;module&gt;
    main()
  File &quot;/home/bridges-testing/bridges-client-testing/python/web_tutorial_testing/mixed_assignments.py&quot;, line 44, in main
    bridges.visualize()
  File &quot;/home/bridges-testing/.local/lib/python3.11/site-packages/bridges-3.4.4-py3.11.egg/bridges/bridges.py&quot;, line 215, in visualize
AttributeError: 'Bridges' object has no attribute 'map'. Did you mean: '_map'?
could not run test mixed_assignments.py
</code></pre>
</div>
    
    </div>
    <div id="pythonlogmllist.py" class="logdetails">
      <h2>Test mllist.py full log</h2>
    
<div class="failure">
<h3 id="pythonlogmllist.py-runtest">Run Test for test mllist.py</h3>
<pre><code>Traceback (most recent call last):
  File &quot;/home/bridges-testing/bridges-client-testing/python/web_tutorial_testing/mllist.py&quot;, line 75, in &lt;module&gt;
    main()
  File &quot;/home/bridges-testing/bridges-client-testing/python/web_tutorial_testing/mllist.py&quot;, line 71, in main
    bridges.visualize()
  File &quot;/home/bridges-testing/.local/lib/python3.11/site-packages/bridges-3.4.4-py3.11.egg/bridges/bridges.py&quot;, line 215, in visualize
AttributeError: 'Bridges' object has no attribute 'map'. Did you mean: '_map'?
could not run test mllist.py
</code></pre>
</div>
    
    </div>
    <div id="pythonlogosm.py" class="logdetails">
      <h2>Test osm.py full log</h2>
    
<div class="success">
<h3 id="pythonlogosm.py-runtest">Run Test for test osm.py</h3>
<pre><code>url: http://bridges-data-server-osm.bridgesuncc.org/loc?location=Charlotte%2C%20North%20Carolina&amp;level=default
hash_url: http://bridges-data-server-osm.bridgesuncc.org/hash?location=Charlotte%2C%20North%20Carolina&amp;level=default
Error: Corrupted JSON download...
Attempting redownload...
Error: Redownload attempt failed
Expecting value: line 1 column 1 (char 0)
</code></pre>
</div>
    
    </div>
    <div id="pythonlogosm_amenity_snippet.py" class="logdetails">
      <h2>Test osm_amenity_snippet.py full log</h2>
    
<div class="success">
<h3 id="pythonlogosm_amenity_snippet.py-runtest">Run Test for test osm_amenity_snippet.py</h3>
<pre><code>Retrieving all schools in Charlotte, North Carolina
Number of amenities: 68

Amenity 0:  Lat=35.2615297 Long=-80.9153503 Name=Allenbrook Elementary School Id=357767103 Other=[]

Amenity 1:  Lat=35.2119418 Long=-80.8894699 Name=Barringer Elementary School Id=357767768 Other=[]

Amenity 2:  Lat=35.2352101 Long=-80.8415651 Name=Mecklenburg County  Creative Campus Center City Id=357768646 Other=[]

Amenity 3:  Lat=35.2495862 Long=-80.8570158 Name=Biddleville School Id=357768730 Other=[]

Amenity 4:  Lat=35.2518095 Long=-80.7653476 Name=Briarwood Elementary School Id=357769156 Other=[]
</code></pre>
</div>
    
    </div>
    <div id="pythonlogosm_snippet.py" class="logdetails">
      <h2>Test osm_snippet.py full log</h2>
    
<div class="success">
<h3 id="pythonlogosm_snippet.py-runtest">Run Test for test osm_snippet.py</h3>
<pre><code>url: http://bridges-data-server-osm.bridgesuncc.org/loc?location=Charlotte%2C%20North%20Carolina&amp;level=default
hash_url: http://bridges-data-server-osm.bridgesuncc.org/hash?location=Charlotte%2C%20North%20Carolina&amp;level=default
Error: Corrupted JSON download...
Attempting redownload...
Error: Redownload attempt failed
Expecting value: line 1 column 1 (char 0)
</code></pre>
</div>
    
    </div>
    <div id="pythonlogreddit.py" class="logdetails">
      <h2>Test reddit.py full log</h2>
    
<div class="failure">
<h3 id="pythonlogreddit.py-runtest">Run Test for test reddit.py</h3>
<pre><code>Title: Disney told L.A. residents to move to Florida for a planned campus. They did, it was canceled and now theyre suing
Author: fxds67
Score: 11014
Comment Count: 476
Subreddit: news
Title: Hundreds of Hajj pilgrims reported dead amid extraordinary heat
Title: Man allegedly sexually assaulting woman in Las Vegas is fatally stabbed after group of citizens intervene
Title: North Korea says deal between Putin and Kim requires immediate military assistance in event of war
Title: Bakersfield man abandons teen at store in rural Butte County, charged with sex crimes
Title: California to return historic amount of land to Native tribe
Title: Colombian family's genes offer new clue to delaying onset of Alzheimer's
Title: Rapper Travis Scott has been arrested in Miami on charges of disorderly intoxication and trespassing. 
Title: Cargo from 'most ancient' shipwreck found off Israel
Title: LAUSD approves cellphone ban as Newsom calls for statewide action
Title: Family of taekwondo instructors saves Texas woman from sexual assault
=====
Available subreddits:
gadgets
sports
gaming
pics
worldnews
videos
AskReddit
aww
Music
funny
news
movies
blog
books
history
food
philosophy
Jokes
Art
DIY
space
Documentaries
askscience
nottheonion
todayilearned
gifs
listentothis
IAmA
announcements
TwoXChromosomes
creepy
nosleep
GetMotivated
WritingPrompts
LifeProTips
EarthPorn
explainlikeimfive
Showerthoughts
Futurology
photoshopbattles
mildlyinteresting
dataisbeautiful
tifu
OldSchoolCool
UpliftingNews
InternetIsBeautiful
science
=====
Traceback (most recent call last):
  File &quot;/home/bridges-testing/bridges-client-testing/python/web_tutorial_testing/reddit.py&quot;, line 49, in &lt;module&gt;
    main()
  File &quot;/home/bridges-testing/bridges-client-testing/python/web_tutorial_testing/reddit.py&quot;, line 31, in main
    reddit_obj = data_source.reddit_data(&quot;askscience&quot;)
                 ^^^^^^^^^^^^^^^^^^^^^^^^^^^^^^^^^^^^^
  File &quot;/home/bridges-testing/.local/lib/python3.11/site-packages/bridges-3.4.4-py3.11.egg/bridges/data_src_dependent/data_source.py&quot;, line 1253, in reddit_data
  File &quot;/usr/lib/python3.11/json/__init__.py&quot;, line 346, in loads
    return _default_decoder.decode(s)
           ^^^^^^^^^^^^^^^^^^^^^^^^^^
  File &quot;/usr/lib/python3.11/json/decoder.py&quot;, line 337, in decode
    obj, end = self.raw_decode(s, idx=_w(s, 0).end())
               ^^^^^^^^^^^^^^^^^^^^^^^^^^^^^^^^^^^^^^
  File &quot;/usr/lib/python3.11/json/decoder.py&quot;, line 353, in raw_decode
    obj, end = self.scan_once(s, idx)
               ^^^^^^^^^^^^^^^^^^^^^^
json.decoder.JSONDecodeError: Unterminated string starting at: line 1 column 44534 (char 44533)
could not run test reddit.py
</code></pre>
</div>
    
    </div>
    <div id="pythonlogreddit_snippet.py" class="logdetails">
      <h2>Test reddit_snippet.py full log</h2>
    
<div class="failure">
<h3 id="pythonlogreddit_snippet.py-runtest">Run Test for test reddit_snippet.py</h3>
<pre><code>Traceback (most recent call last):
  File &quot;/home/bridges-testing/bridges-client-testing/python/web_tutorial_testing/reddit_snippet.py&quot;, line 32, in &lt;module&gt;
    main()
  File &quot;/home/bridges-testing/bridges-client-testing/python/web_tutorial_testing/reddit_snippet.py&quot;, line 16, in main
    reddit_obj = data_source.reddit_data(&quot;askscience&quot;)
                 ^^^^^^^^^^^^^^^^^^^^^^^^^^^^^^^^^^^^^
  File &quot;/home/bridges-testing/.local/lib/python3.11/site-packages/bridges-3.4.4-py3.11.egg/bridges/data_src_dependent/data_source.py&quot;, line 1253, in reddit_data
  File &quot;/usr/lib/python3.11/json/__init__.py&quot;, line 346, in loads
    return _default_decoder.decode(s)
           ^^^^^^^^^^^^^^^^^^^^^^^^^^
  File &quot;/usr/lib/python3.11/json/decoder.py&quot;, line 337, in decode
    obj, end = self.raw_decode(s, idx=_w(s, 0).end())
               ^^^^^^^^^^^^^^^^^^^^^^^^^^^^^^^^^^^^^^
  File &quot;/usr/lib/python3.11/json/decoder.py&quot;, line 353, in raw_decode
    obj, end = self.scan_once(s, idx)
               ^^^^^^^^^^^^^^^^^^^^^^
json.decoder.JSONDecodeError: Unterminated string starting at: line 1 column 70896 (char 70895)
could not run test reddit_snippet.py
</code></pre>
</div>
    
    </div>
    <div id="pythonlogshakespeare_snippet.py" class="logdetails">
      <h2>Test shakespeare_snippet.py full log</h2>
    
<div class="success">
<h3 id="pythonlogshakespeare_snippet.py-runtest">Run Test for test shakespeare_snippet.py</h3>
<pre><code>The Tragedy Of Julius Caesar
play
1599

THE TRAGEDY OF JULIUS CAESAR

by William Shakespeare

Dramatis Personae

 JULIUS CAESAR, Roman
</code></pre>
</div>
    
    </div>
    <div id="pythonlogshape_collection.py" class="logdetails">
      <h2>Test shape_collection.py full log</h2>
    
<div class="failure">
<h3 id="pythonlogshape_collection.py-runtest">Run Test for test shape_collection.py</h3>
<pre><code>Traceback (most recent call last):
  File &quot;/home/bridges-testing/bridges-client-testing/python/web_tutorial_testing/shape_collection.py&quot;, line 83, in &lt;module&gt;
    main()
  File &quot;/home/bridges-testing/bridges-client-testing/python/web_tutorial_testing/shape_collection.py&quot;, line 79, in main
    bridges.visualize()
  File &quot;/home/bridges-testing/.local/lib/python3.11/site-packages/bridges-3.4.4-py3.11.egg/bridges/bridges.py&quot;, line 215, in visualize
AttributeError: 'Bridges' object has no attribute 'map'. Did you mean: '_map'?
could not run test shape_collection.py
</code></pre>
</div>
    
    </div>
    <div id="pythonlogshape_collection_layer.py" class="logdetails">
      <h2>Test shape_collection_layer.py full log</h2>
    
<div class="failure">
<h3 id="pythonlogshape_collection_layer.py-runtest">Run Test for test shape_collection_layer.py</h3>
<pre><code>[[1.0, 0.0, 0.0], [0.0, 1.0, 0.0], [0.0, 0.0, 1.0]]
[[1.0, 0.0, 30.0], [0.0, 1.0, 30.0], [0.0, 0.0, 1.0]]
Traceback (most recent call last):
  File &quot;/home/bridges-testing/bridges-client-testing/python/web_tutorial_testing/shape_collection_layer.py&quot;, line 70, in &lt;module&gt;
    main()
  File &quot;/home/bridges-testing/bridges-client-testing/python/web_tutorial_testing/shape_collection_layer.py&quot;, line 67, in main
    bridges.visualize()
  File &quot;/home/bridges-testing/.local/lib/python3.11/site-packages/bridges-3.4.4-py3.11.egg/bridges/bridges.py&quot;, line 215, in visualize
AttributeError: 'Bridges' object has no attribute 'map'. Did you mean: '_map'?
could not run test shape_collection_layer.py
</code></pre>
</div>
    
    </div>
    <div id="pythonlogshape_collection_textalign.py" class="logdetails">
      <h2>Test shape_collection_textalign.py full log</h2>
    
<div class="failure">
<h3 id="pythonlogshape_collection_textalign.py-runtest">Run Test for test shape_collection_textalign.py</h3>
<pre><code>[[1.0, 0.0, 0.0], [0.0, 1.0, 0.0], [0.0, 0.0, 1.0]]
[[1.0, 0.0, 0.0], [0.0, 1.0, 0.0], [0.0, 0.0, 1.0]]
[[1.0, 0.0, 0.0], [0.0, 1.0, 0.0], [0.0, 0.0, 1.0]]
[[1.0, 0.0, 120.0], [0.0, 1.0, 0.0], [0.0, 0.0, 1.0]]
[[1.0, 0.0, 0.0], [0.0, 1.0, 0.0], [0.0, 0.0, 1.0]]
[[1.0, 0.0, 240.0], [0.0, 1.0, 0.0], [0.0, 0.0, 1.0]]
[[1.0, 0.0, 0.0], [0.0, 1.0, 0.0], [0.0, 0.0, 1.0]]
[[1.0, 0.0, 0.0], [0.0, 1.0, 150.0], [0.0, 0.0, 1.0]]
[[1.0, 0.0, 0.0], [0.0, 1.0, 0.0], [0.0, 0.0, 1.0]]
[[1.0, 0.0, 120.0], [0.0, 1.0, 150.0], [0.0, 0.0, 1.0]]
[[1.0, 0.0, 0.0], [0.0, 1.0, 0.0], [0.0, 0.0, 1.0]]
[[1.0, 0.0, 240.0], [0.0, 1.0, 150.0], [0.0, 0.0, 1.0]]
[[1.0, 0.0, 0.0], [0.0, 1.0, 0.0], [0.0, 0.0, 1.0]]
[[1.0, 0.0, 0.0], [0.0, 1.0, 450.0], [0.0, 0.0, 1.0]]
[[1.0, 0.0, 0.0], [0.0, 1.0, 0.0], [0.0, 0.0, 1.0]]
[[1.0, 0.0, 120.0], [0.0, 1.0, 450.0], [0.0, 0.0, 1.0]]
[[1.0, 0.0, 0.0], [0.0, 1.0, 0.0], [0.0, 0.0, 1.0]]
[[1.0, 0.0, 240.0], [0.0, 1.0, 450.0], [0.0, 0.0, 1.0]]
[[1.0, 0.0, 0.0], [0.0, 1.0, 0.0], [0.0, 0.0, 1.0]]
[[1.0, 0.0, 0.0], [0.0, 1.0, 600.0], [0.0, 0.0, 1.0]]
[[1.0, 0.0, 0.0], [0.0, 1.0, 0.0], [0.0, 0.0, 1.0]]
[[1.0, 0.0, 120.0], [0.0, 1.0, 600.0], [0.0, 0.0, 1.0]]
[[1.0, 0.0, 0.0], [0.0, 1.0, 0.0], [0.0, 0.0, 1.0]]
[[1.0, 0.0, 240.0], [0.0, 1.0, 600.0], [0.0, 0.0, 1.0]]
Traceback (most recent call last):
  File &quot;/home/bridges-testing/bridges-client-testing/python/web_tutorial_testing/shape_collection_textalign.py&quot;, line 108, in &lt;module&gt;
    main()
  File &quot;/home/bridges-testing/bridges-client-testing/python/web_tutorial_testing/shape_collection_textalign.py&quot;, line 105, in main
    bridges.visualize()
  File &quot;/home/bridges-testing/.local/lib/python3.11/site-packages/bridges-3.4.4-py3.11.egg/bridges/bridges.py&quot;, line 215, in visualize
AttributeError: 'Bridges' object has no attribute 'map'. Did you mean: '_map'?
could not run test shape_collection_textalign.py
</code></pre>
</div>
    
    </div>
    <div id="pythonlogsine_wave.py" class="logdetails">
      <h2>Test sine_wave.py full log</h2>
    
<div class="failure">
<h3 id="pythonlogsine_wave.py-runtest">Run Test for test sine_wave.py</h3>
<pre><code>Traceback (most recent call last):
  File &quot;/home/bridges-testing/bridges-client-testing/python/web_tutorial_testing/sine_wave.py&quot;, line 48, in &lt;module&gt;
    main()
  File &quot;/home/bridges-testing/bridges-client-testing/python/web_tutorial_testing/sine_wave.py&quot;, line 45, in main
    bridges.visualize()
  File &quot;/home/bridges-testing/.local/lib/python3.11/site-packages/bridges-3.4.4-py3.11.egg/bridges/bridges.py&quot;, line 215, in visualize
AttributeError: 'Bridges' object has no attribute 'map'. Did you mean: '_map'?
could not run test sine_wave.py
</code></pre>
</div>
    
    </div>
    <div id="pythonlogsllist.py" class="logdetails">
      <h2>Test sllist.py full log</h2>
    
<div class="failure">
<h3 id="pythonlogsllist.py-runtest">Run Test for test sllist.py</h3>
<pre><code>Traceback (most recent call last):
  File &quot;/home/bridges-testing/bridges-client-testing/python/web_tutorial_testing/sllist.py&quot;, line 48, in &lt;module&gt;
    main()
  File &quot;/home/bridges-testing/bridges-client-testing/python/web_tutorial_testing/sllist.py&quot;, line 44, in main
    bridges.visualize()
  File &quot;/home/bridges-testing/.local/lib/python3.11/site-packages/bridges-3.4.4-py3.11.egg/bridges/bridges.py&quot;, line 215, in visualize
AttributeError: 'Bridges' object has no attribute 'map'. Did you mean: '_map'?
could not run test sllist.py
</code></pre>
</div>
    
    </div>
    <div id="pythonlogsong_lyrics_snippet.py" class="logdetails">
      <h2>Test song_lyrics_snippet.py full log</h2>
    
<div class="success">
<h3 id="pythonlogsong_lyrics_snippet.py-runtest">Run Test for test song_lyrics_snippet.py</h3>
<pre><code>Harder, Better, Faster, Stronger
Daft Punk
Homework / Discovery / Alive 1997
2001-02-26
[Intro]
Work it, make it
Do it, makes us
Harder, better
Faster, stronger
More than, hour
Hour, never
Ever, after
Work is, over
Work it, make it
Do it, makes us
Harder, better
Faster, stronger
[Chorus 1]
Work it harder, make it better
Do it faster, makes us stronger
More than ever,
 
hour after hour
Work is never over
Work it harder, make it better
Do it faster, makes us stronger
More than ever,
 
hour after hour
Work is never over
Work it harder, make it better
Do it faster, makes us stronger
More than ever,
 
hour after hour
Work is never over
Work it harder, make it better
Do it faster, makes us stronger
More than ever,
 
hour after hour
Work is never over
Work it harder, make it better
Do it faster, makes us stronger
More than ever,
 
hour after hour
Work is never over
Work it harder, make it better
Do it faster, makes us
More than ever,
 
hour after hour
Work is never over
Work it harder, make it better
Do it faster, makes us stronger
More than ever,
 
hour after hour
Work is never over
[Chorus 2]
Work it harder, make it
Do it faster, makes us
More than ever,
 
hour after hour
Work is never over
Work it harder, make it better
Do it faster, makes us stronger
More than ever,
 
hour after hour
Work is never over
Work it, make it better
Do it faster, makes us stronger
More than ever,
 
hour after hour
Work is never over
Work it harder, make it better
Do it faster, makes us stronger
More than ever,
 
hour after hour
Work is never over
Work it harder, make it better
Do it faster, makes us stronger
More than ever,
 
hour after hour
Work is never over
[Outro]
Work it harder
Do it faster
More than ever, hour
Work is never over
Work it harder, make it better
Do it faster, makes us stronger
More than ever,
 hour after hour
Work is never over

</code></pre>
</div>
    
    </div>
    <div id="pythonlogsorting_benchmark.py" class="logdetails">
      <h2>Test sorting_benchmark.py full log</h2>
    
<div class="failure">
<h3 id="pythonlogsorting_benchmark.py-runtest">Run Test for test sorting_benchmark.py</h3>
<pre><code>Traceback (most recent call last):
  File &quot;/home/bridges-testing/bridges-client-testing/python/web_tutorial_testing/sorting_benchmark.py&quot;, line 69, in &lt;module&gt;
    main()
  File &quot;/home/bridges-testing/bridges-client-testing/python/web_tutorial_testing/sorting_benchmark.py&quot;, line 52, in main
    bridges.visualize()
  File &quot;/home/bridges-testing/.local/lib/python3.11/site-packages/bridges-3.4.4-py3.11.egg/bridges/bridges.py&quot;, line 215, in visualize
AttributeError: 'Bridges' object has no attribute 'map'. Did you mean: '_map'?
could not run test sorting_benchmark.py
</code></pre>
</div>
    
    </div>
    <div id="pythonlogtree.py" class="logdetails">
      <h2>Test tree.py full log</h2>
    
<div class="failure">
<h3 id="pythonlogtree.py-runtest">Run Test for test tree.py</h3>
<pre><code>Traceback (most recent call last):
  File &quot;/home/bridges-testing/bridges-client-testing/python/web_tutorial_testing/tree.py&quot;, line 53, in &lt;module&gt;
    main()
  File &quot;/home/bridges-testing/bridges-client-testing/python/web_tutorial_testing/tree.py&quot;, line 49, in main
    bridges.visualize()
  File &quot;/home/bridges-testing/.local/lib/python3.11/site-packages/bridges-3.4.4-py3.11.egg/bridges/bridges.py&quot;, line 215, in visualize
AttributeError: 'Bridges' object has no attribute 'map'. Did you mean: '_map'?
could not run test tree.py
</code></pre>
</div>
    
    </div>
    <div id="pythonlogtut_array1d_p1.py" class="logdetails">
      <h2>Test tut_array1d_p1.py full log</h2>
    
<div class="failure">
<h3 id="pythonlogtut_array1d_p1.py-runtest">Run Test for test tut_array1d_p1.py</h3>
<pre><code>Traceback (most recent call last):
  File &quot;/home/bridges-testing/bridges-client-testing/python/web_tutorial_testing/tut_array1d_p1.py&quot;, line 41, in &lt;module&gt;
    main()
  File &quot;/home/bridges-testing/bridges-client-testing/python/web_tutorial_testing/tut_array1d_p1.py&quot;, line 38, in main
    bridges.visualize()
  File &quot;/home/bridges-testing/.local/lib/python3.11/site-packages/bridges-3.4.4-py3.11.egg/bridges/bridges.py&quot;, line 215, in visualize
AttributeError: 'Bridges' object has no attribute 'map'. Did you mean: '_map'?
could not run test tut_array1d_p1.py
</code></pre>
</div>
    
    </div>
    <div id="pythonlogtut_array1d_p2.py" class="logdetails">
      <h2>Test tut_array1d_p2.py full log</h2>
    
<div class="failure">
<h3 id="pythonlogtut_array1d_p2.py-runtest">Run Test for test tut_array1d_p2.py</h3>
<pre><code>Traceback (most recent call last):
  File &quot;/home/bridges-testing/bridges-client-testing/python/web_tutorial_testing/tut_array1d_p2.py&quot;, line 61, in &lt;module&gt;
    main()
  File &quot;/home/bridges-testing/bridges-client-testing/python/web_tutorial_testing/tut_array1d_p2.py&quot;, line 58, in main
    bridges.visualize()
  File &quot;/home/bridges-testing/.local/lib/python3.11/site-packages/bridges-3.4.4-py3.11.egg/bridges/bridges.py&quot;, line 215, in visualize
AttributeError: 'Bridges' object has no attribute 'map'. Did you mean: '_map'?
could not run test tut_array1d_p2.py
</code></pre>
</div>
    
    </div>
    <div id="pythonlogtut_array1d_p3.py" class="logdetails">
      <h2>Test tut_array1d_p3.py full log</h2>
    
<div class="failure">
<h3 id="pythonlogtut_array1d_p3.py-runtest">Run Test for test tut_array1d_p3.py</h3>
<pre><code>Printing array elements using a regular while loop
0
1
4
9
16
25
36
49
64
81
Printing array elements using an iterator
1
4
9
16
25
36
49
64
81
Printing array elements using a range loop
0
1
4
9
16
25
36
49
64
81
Traceback (most recent call last):
  File &quot;/home/bridges-testing/bridges-client-testing/python/web_tutorial_testing/tut_array1d_p3.py&quot;, line 66, in &lt;module&gt;
    main()
  File &quot;/home/bridges-testing/bridges-client-testing/python/web_tutorial_testing/tut_array1d_p3.py&quot;, line 63, in main
    bridges.visualize()
  File &quot;/home/bridges-testing/.local/lib/python3.11/site-packages/bridges-3.4.4-py3.11.egg/bridges/bridges.py&quot;, line 215, in visualize
AttributeError: 'Bridges' object has no attribute 'map'. Did you mean: '_map'?
could not run test tut_array1d_p3.py
</code></pre>
</div>
    
    </div>
    <div id="pythonlogtut_bst_p1.py" class="logdetails">
      <h2>Test tut_bst_p1.py full log</h2>
    
<div class="failure">
<h3 id="pythonlogtut_bst_p1.py-runtest">Run Test for test tut_bst_p1.py</h3>
<pre><code>Traceback (most recent call last):
  File &quot;/home/bridges-testing/bridges-client-testing/python/web_tutorial_testing/tut_bst_p1.py&quot;, line 55, in &lt;module&gt;
    main()
  File &quot;/home/bridges-testing/bridges-client-testing/python/web_tutorial_testing/tut_bst_p1.py&quot;, line 51, in main
    bridges.visualize()
  File &quot;/home/bridges-testing/.local/lib/python3.11/site-packages/bridges-3.4.4-py3.11.egg/bridges/bridges.py&quot;, line 215, in visualize
AttributeError: 'Bridges' object has no attribute 'map'. Did you mean: '_map'?
could not run test tut_bst_p1.py
</code></pre>
</div>
    
    </div>
    <div id="pythonlogtut_bst_p2.py" class="logdetails">
      <h2>Test tut_bst_p2.py full log</h2>
    
<div class="failure">
<h3 id="pythonlogtut_bst_p2.py-runtest">Run Test for test tut_bst_p2.py</h3>
<pre><code>Traceback (most recent call last):
  File &quot;/home/bridges-testing/bridges-client-testing/python/web_tutorial_testing/tut_bst_p2.py&quot;, line 88, in &lt;module&gt;
    main()
  File &quot;/home/bridges-testing/bridges-client-testing/python/web_tutorial_testing/tut_bst_p2.py&quot;, line 84, in main
    bridges.visualize()
  File &quot;/home/bridges-testing/.local/lib/python3.11/site-packages/bridges-3.4.4-py3.11.egg/bridges/bridges.py&quot;, line 215, in visualize
AttributeError: 'Bridges' object has no attribute 'map'. Did you mean: '_map'?
could not run test tut_bst_p2.py
</code></pre>
</div>
    
    </div>
    <div id="pythonlogtut_bst_p3.py" class="logdetails">
      <h2>Test tut_bst_p3.py full log</h2>
    
<div class="failure">
<h3 id="pythonlogtut_bst_p3.py-runtest">Run Test for test tut_bst_p3.py</h3>
<pre><code>Yay! Found it!

Traceback (most recent call last):
  File &quot;/home/bridges-testing/bridges-client-testing/python/web_tutorial_testing/tut_bst_p3.py&quot;, line 78, in &lt;module&gt;
    main()
  File &quot;/home/bridges-testing/bridges-client-testing/python/web_tutorial_testing/tut_bst_p3.py&quot;, line 74, in main
    bridges.visualize()
  File &quot;/home/bridges-testing/.local/lib/python3.11/site-packages/bridges-3.4.4-py3.11.egg/bridges/bridges.py&quot;, line 215, in visualize
AttributeError: 'Bridges' object has no attribute 'map'. Did you mean: '_map'?
could not run test tut_bst_p3.py
</code></pre>
</div>
    
    </div>
    <div id="pythonlogtut_col_grid_p1.py" class="logdetails">
      <h2>Test tut_col_grid_p1.py full log</h2>
    
<div class="failure">
<h3 id="pythonlogtut_col_grid_p1.py-runtest">Run Test for test tut_col_grid_p1.py</h3>
<pre><code>RLE ran
Traceback (most recent call last):
  File &quot;/home/bridges-testing/bridges-client-testing/python/web_tutorial_testing/tut_col_grid_p1.py&quot;, line 48, in &lt;module&gt;
    main()
  File &quot;/home/bridges-testing/bridges-client-testing/python/web_tutorial_testing/tut_col_grid_p1.py&quot;, line 44, in main
    bridges.visualize();
    ^^^^^^^^^^^^^^^^^^^
  File &quot;/home/bridges-testing/.local/lib/python3.11/site-packages/bridges-3.4.4-py3.11.egg/bridges/bridges.py&quot;, line 215, in visualize
AttributeError: 'Bridges' object has no attribute 'map'. Did you mean: '_map'?
could not run test tut_col_grid_p1.py
</code></pre>
</div>
    
    </div>
    <div id="pythonlogtut_col_grid_p2.py" class="logdetails">
      <h2>Test tut_col_grid_p2.py full log</h2>
    
<div class="failure">
<h3 id="pythonlogtut_col_grid_p2.py-runtest">Run Test for test tut_col_grid_p2.py</h3>
<pre><code>RLE ran
Traceback (most recent call last):
  File &quot;/home/bridges-testing/bridges-client-testing/python/web_tutorial_testing/tut_col_grid_p2.py&quot;, line 78, in &lt;module&gt;
    main()
  File &quot;/home/bridges-testing/bridges-client-testing/python/web_tutorial_testing/tut_col_grid_p2.py&quot;, line 45, in main
    bridges.visualize();
    ^^^^^^^^^^^^^^^^^^^
  File &quot;/home/bridges-testing/.local/lib/python3.11/site-packages/bridges-3.4.4-py3.11.egg/bridges/bridges.py&quot;, line 215, in visualize
AttributeError: 'Bridges' object has no attribute 'map'. Did you mean: '_map'?
could not run test tut_col_grid_p2.py
</code></pre>
</div>
    
    </div>
    <div id="pythonlogtut_col_grid_p3.py" class="logdetails">
      <h2>Test tut_col_grid_p3.py full log</h2>
    
<div class="failure">
<h3 id="pythonlogtut_col_grid_p3.py-runtest">Run Test for test tut_col_grid_p3.py</h3>
<pre><code>RLE ran
Traceback (most recent call last):
  File &quot;/home/bridges-testing/bridges-client-testing/python/web_tutorial_testing/tut_col_grid_p3.py&quot;, line 79, in &lt;module&gt;
    main()
  File &quot;/home/bridges-testing/bridges-client-testing/python/web_tutorial_testing/tut_col_grid_p3.py&quot;, line 75, in main
    bridges.visualize();
    ^^^^^^^^^^^^^^^^^^^
  File &quot;/home/bridges-testing/.local/lib/python3.11/site-packages/bridges-3.4.4-py3.11.egg/bridges/bridges.py&quot;, line 215, in visualize
AttributeError: 'Bridges' object has no attribute 'map'. Did you mean: '_map'?
could not run test tut_col_grid_p3.py
</code></pre>
</div>
    
    </div>
    <div id="pythonlogtut_dllist_p1.py" class="logdetails">
      <h2>Test tut_dllist_p1.py full log</h2>
    
<div class="failure">
<h3 id="pythonlogtut_dllist_p1.py-runtest">Run Test for test tut_dllist_p1.py</h3>
<pre><code>Traceback (most recent call last):
  File &quot;/home/bridges-testing/bridges-client-testing/python/web_tutorial_testing/tut_dllist_p1.py&quot;, line 48, in &lt;module&gt;
    main()
  File &quot;/home/bridges-testing/bridges-client-testing/python/web_tutorial_testing/tut_dllist_p1.py&quot;, line 44, in main
    bridges.visualize()
  File &quot;/home/bridges-testing/.local/lib/python3.11/site-packages/bridges-3.4.4-py3.11.egg/bridges/bridges.py&quot;, line 215, in visualize
AttributeError: 'Bridges' object has no attribute 'map'. Did you mean: '_map'?
could not run test tut_dllist_p1.py
</code></pre>
</div>
    
    </div>
    <div id="pythonlogtut_dllist_p2.py" class="logdetails">
      <h2>Test tut_dllist_p2.py full log</h2>
    
<div class="failure">
<h3 id="pythonlogtut_dllist_p2.py-runtest">Run Test for test tut_dllist_p2.py</h3>
<pre><code>Traceback (most recent call last):
  File &quot;/home/bridges-testing/bridges-client-testing/python/web_tutorial_testing/tut_dllist_p2.py&quot;, line 82, in &lt;module&gt;
    main()
  File &quot;/home/bridges-testing/bridges-client-testing/python/web_tutorial_testing/tut_dllist_p2.py&quot;, line 78, in main
    bridges.visualize()
  File &quot;/home/bridges-testing/.local/lib/python3.11/site-packages/bridges-3.4.4-py3.11.egg/bridges/bridges.py&quot;, line 215, in visualize
AttributeError: 'Bridges' object has no attribute 'map'. Did you mean: '_map'?
could not run test tut_dllist_p2.py
</code></pre>
</div>
    
    </div>
    <div id="pythonlogtut_dllist_p3.py" class="logdetails">
      <h2>Test tut_dllist_p3.py full log</h2>
    
<div class="failure">
<h3 id="pythonlogtut_dllist_p3.py-runtest">Run Test for test tut_dllist_p3.py</h3>
<pre><code>	Gretel Chaney
	Lamont Kyler
	Gladys Serino
	Karol Soderman
	Starr McGinn
Traceback (most recent call last):
  File &quot;/home/bridges-testing/bridges-client-testing/python/web_tutorial_testing/tut_dllist_p3.py&quot;, line 65, in &lt;module&gt;
    main()
  File &quot;/home/bridges-testing/bridges-client-testing/python/web_tutorial_testing/tut_dllist_p3.py&quot;, line 61, in main
    bridges.visualize()
  File &quot;/home/bridges-testing/.local/lib/python3.11/site-packages/bridges-3.4.4-py3.11.egg/bridges/bridges.py&quot;, line 215, in visualize
AttributeError: 'Bridges' object has no attribute 'map'. Did you mean: '_map'?
could not run test tut_dllist_p3.py
</code></pre>
</div>
    
    </div>
    <div id="pythonlogtut_graph_p1.py" class="logdetails">
      <h2>Test tut_graph_p1.py full log</h2>
    
<div class="failure">
<h3 id="pythonlogtut_graph_p1.py-runtest">Run Test for test tut_graph_p1.py</h3>
<pre><code>Traceback (most recent call last):
  File &quot;/home/bridges-testing/bridges-client-testing/python/web_tutorial_testing/tut_graph_p1.py&quot;, line 64, in &lt;module&gt;
    main()
  File &quot;/home/bridges-testing/bridges-client-testing/python/web_tutorial_testing/tut_graph_p1.py&quot;, line 60, in main
    bridges.visualize()
  File &quot;/home/bridges-testing/.local/lib/python3.11/site-packages/bridges-3.4.4-py3.11.egg/bridges/bridges.py&quot;, line 215, in visualize
AttributeError: 'Bridges' object has no attribute 'map'. Did you mean: '_map'?
could not run test tut_graph_p1.py
</code></pre>
</div>
    
    </div>
    <div id="pythonlogtut_graph_p2.py" class="logdetails">
      <h2>Test tut_graph_p2.py full log</h2>
    
<div class="failure">
<h3 id="pythonlogtut_graph_p2.py-runtest">Run Test for test tut_graph_p2.py</h3>
<pre><code>Traceback (most recent call last):
  File &quot;/home/bridges-testing/bridges-client-testing/python/web_tutorial_testing/tut_graph_p2.py&quot;, line 87, in &lt;module&gt;
    main()
  File &quot;/home/bridges-testing/bridges-client-testing/python/web_tutorial_testing/tut_graph_p2.py&quot;, line 83, in main
    bridges.visualize()
  File &quot;/home/bridges-testing/.local/lib/python3.11/site-packages/bridges-3.4.4-py3.11.egg/bridges/bridges.py&quot;, line 215, in visualize
AttributeError: 'Bridges' object has no attribute 'map'. Did you mean: '_map'?
could not run test tut_graph_p2.py
</code></pre>
</div>
    
    </div>
    <div id="pythonlogtut_graph_p3.py" class="logdetails">
      <h2>Test tut_graph_p3.py full log</h2>
    
<div class="failure">
<h3 id="pythonlogtut_graph_p3.py-runtest">Run Test for test tut_graph_p3.py</h3>
<pre><code>Using core Bridges classes to print movies that Kevin Bacon is adjacent to

Kevin Bacon --&gt; Angelina Jolie
Kevin Bacon --&gt; Morgan Freeman
Kevin Bacon --&gt; Denzel Washington

Using iterator to print the movies that Kevin Bacon is adjacent to

Kevin Bacon---&gt;Angelina Jolie
Kevin Bacon---&gt;Morgan Freeman
Kevin Bacon---&gt;Denzel Washington

Using iterator to print the graph vertices..
	Kevin Bacon
	Denzel Washington
	Morgan Freeman
	Tom Cruise
	Angelina Jolie
	Amy Adams
	Brad Pitt
Traceback (most recent call last):
  File &quot;/home/bridges-testing/bridges-client-testing/python/web_tutorial_testing/tut_graph_p3.py&quot;, line 87, in &lt;module&gt;
    main()
  File &quot;/home/bridges-testing/bridges-client-testing/python/web_tutorial_testing/tut_graph_p3.py&quot;, line 83, in main
    bridges.visualize()
  File &quot;/home/bridges-testing/.local/lib/python3.11/site-packages/bridges-3.4.4-py3.11.egg/bridges/bridges.py&quot;, line 215, in visualize
AttributeError: 'Bridges' object has no attribute 'map'. Did you mean: '_map'?
could not run test tut_graph_p3.py
</code></pre>
</div>
    
    </div>
    <div id="pythonlogtut_map.py" class="logdetails">
      <h2>Test tut_map.py full log</h2>
    
<div class="success">
<h3 id="pythonlogtut_map.py-runtest">Run Test for test tut_map.py</h3>
<pre><code>
Check Your Visualization at the following link:

http://bridges-cs.herokuapp.com/assignments/3062/bridges_testing



Check Your Visualization at the following link:

http://bridges-cs.herokuapp.com/assignments/3062/bridges_testing



Check Your Visualization at the following link:

http://bridges-cs.herokuapp.com/assignments/3062/bridges_testing



Check Your Visualization at the following link:

http://bridges-cs.herokuapp.com/assignments/3062/bridges_testing


</code></pre>
</div>
    
    </div>
    <div id="pythonlogtut_shapes_p1.py" class="logdetails">
      <h2>Test tut_shapes_p1.py full log</h2>
    
<div class="failure">
<h3 id="pythonlogtut_shapes_p1.py-runtest">Run Test for test tut_shapes_p1.py</h3>
<pre><code>Traceback (most recent call last):
  File &quot;/home/bridges-testing/bridges-client-testing/python/web_tutorial_testing/tut_shapes_p1.py&quot;, line 88, in &lt;module&gt;
    main()
  File &quot;/home/bridges-testing/bridges-client-testing/python/web_tutorial_testing/tut_shapes_p1.py&quot;, line 84, in main
    bridges.visualize()
  File &quot;/home/bridges-testing/.local/lib/python3.11/site-packages/bridges-3.4.4-py3.11.egg/bridges/bridges.py&quot;, line 215, in visualize
AttributeError: 'Bridges' object has no attribute 'map'. Did you mean: '_map'?
could not run test tut_shapes_p1.py
</code></pre>
</div>
    
    </div>
    <div id="pythonlogtut_shapes_p2.py" class="logdetails">
      <h2>Test tut_shapes_p2.py full log</h2>
    
<div class="failure">
<h3 id="pythonlogtut_shapes_p2.py-runtest">Run Test for test tut_shapes_p2.py</h3>
<pre><code>[[1.0, 0.0, 0.0], [0.0, 1.0, 0.0], [0.0, 0.0, 1.0]]
[[1.0, 0.0, 50.0], [0.0, 1.0, 0.0], [0.0, 0.0, 1.0]]
[[1.0, 0.0, 0.0], [0.0, 1.0, 0.0], [0.0, 0.0, 1.0]]
[[0.8660254037844387, -0.49999999999999994, 0.0], [0.49999999999999994, 0.8660254037844387, 0.0], [0.0, 0.0, 1.0]]
[[1.0, 0.0, 0.0], [0.0, 1.0, 0.0], [0.0, 0.0, 1.0]]
[[0.5, 0.0, 0.0], [0.0, 0.5, 0.0], [0.0, 0.0, 1.0]]
[[0.5, 0.0, 0.0], [0.0, 0.5, 0.0], [0.0, 0.0, 1.0]]
[[0.5, 0.0, 100.0], [0.0, 0.5, 0.0], [0.0, 0.0, 1.0]]
Traceback (most recent call last):
  File &quot;/home/bridges-testing/bridges-client-testing/python/web_tutorial_testing/tut_shapes_p2.py&quot;, line 92, in &lt;module&gt;
    main()
  File &quot;/home/bridges-testing/bridges-client-testing/python/web_tutorial_testing/tut_shapes_p2.py&quot;, line 88, in main
    bridges.visualize()
  File &quot;/home/bridges-testing/.local/lib/python3.11/site-packages/bridges-3.4.4-py3.11.egg/bridges/bridges.py&quot;, line 215, in visualize
AttributeError: 'Bridges' object has no attribute 'map'. Did you mean: '_map'?
could not run test tut_shapes_p2.py
</code></pre>
</div>
    
    </div>
    <div id="pythonlogtut_sllist_p1.py" class="logdetails">
      <h2>Test tut_sllist_p1.py full log</h2>
    
<div class="failure">
<h3 id="pythonlogtut_sllist_p1.py-runtest">Run Test for test tut_sllist_p1.py</h3>
<pre><code>Traceback (most recent call last):
  File &quot;/home/bridges-testing/bridges-client-testing/python/web_tutorial_testing/tut_sllist_p1.py&quot;, line 55, in &lt;module&gt;
    main()
  File &quot;/home/bridges-testing/bridges-client-testing/python/web_tutorial_testing/tut_sllist_p1.py&quot;, line 51, in main
    bridges.visualize()
  File &quot;/home/bridges-testing/.local/lib/python3.11/site-packages/bridges-3.4.4-py3.11.egg/bridges/bridges.py&quot;, line 215, in visualize
AttributeError: 'Bridges' object has no attribute 'map'. Did you mean: '_map'?
could not run test tut_sllist_p1.py
</code></pre>
</div>
    
    </div>
    <div id="pythonlogtut_sllist_p2.py" class="logdetails">
      <h2>Test tut_sllist_p2.py full log</h2>
    
<div class="failure">
<h3 id="pythonlogtut_sllist_p2.py-runtest">Run Test for test tut_sllist_p2.py</h3>
<pre><code>Traceback (most recent call last):
  File &quot;/home/bridges-testing/bridges-client-testing/python/web_tutorial_testing/tut_sllist_p2.py&quot;, line 83, in &lt;module&gt;
    main()
  File &quot;/home/bridges-testing/bridges-client-testing/python/web_tutorial_testing/tut_sllist_p2.py&quot;, line 79, in main
    bridges.visualize()
  File &quot;/home/bridges-testing/.local/lib/python3.11/site-packages/bridges-3.4.4-py3.11.egg/bridges/bridges.py&quot;, line 215, in visualize
AttributeError: 'Bridges' object has no attribute 'map'. Did you mean: '_map'?
could not run test tut_sllist_p2.py
</code></pre>
</div>
    
    </div>
    <div id="pythonlogtut_sllist_p3.py" class="logdetails">
      <h2>Test tut_sllist_p3.py full log</h2>
    
<div class="failure">
<h3 id="pythonlogtut_sllist_p3.py-runtest">Run Test for test tut_sllist_p3.py</h3>
<pre><code>
Using a regular while loop..

Gretel Chaney
Lamont Kyler
Gladys Serino
Karol Soderman
Starr McGinn

Using a list iterator..

Gretel Chaney
Lamont Kyler
Gladys Serino
Karol Soderman
Starr McGinn
Traceback (most recent call last):
  File &quot;/home/bridges-testing/bridges-client-testing/python/web_tutorial_testing/tut_sllist_p3.py&quot;, line 77, in &lt;module&gt;
    main()
  File &quot;/home/bridges-testing/bridges-client-testing/python/web_tutorial_testing/tut_sllist_p3.py&quot;, line 73, in main
    bridges.visualize()
  File &quot;/home/bridges-testing/.local/lib/python3.11/site-packages/bridges-3.4.4-py3.11.egg/bridges/bridges.py&quot;, line 215, in visualize
AttributeError: 'Bridges' object has no attribute 'map'. Did you mean: '_map'?
could not run test tut_sllist_p3.py
</code></pre>
</div>
    
    </div>
    <div id="pythonlogtut_us_cities_snippet.py" class="logdetails">
      <h2>Test tut_us_cities_snippet.py full log</h2>
    
<div class="success">
<h3 id="pythonlogtut_us_cities_snippet.py-runtest">Run Test for test tut_us_cities_snippet.py</h3>
<pre><code>Charlotte, NC: population: 874579, elevation: 229, lat/long: 35.22709,-80.84313
Durham, NC: population: 257636, elevation: 123, lat/long: 35.99403,-78.89862
Fayetteville, NC: population: 201963, elevation: 29, lat/long: 35.05266,-78.87836
Greensboro, NC: population: 285342, elevation: 266, lat/long: 36.07264,-79.79198
West Raleigh, NC: population: 338759, elevation: 122, lat/long: 35.78682,-78.66389
Raleigh, NC: population: 451066, elevation: 96, lat/long: 35.7721,-78.63861
Winston-Salem, NC: population: 241218, elevation: 293, lat/long: 36.09986,-80.24422
</code></pre>
</div>
    
    </div>
    <div id="pythonlogus_cities_snippet.py" class="logdetails">
      <h2>Test us_cities_snippet.py full log</h2>
    
<div class="success">
<h3 id="pythonlogus_cities_snippet.py-runtest">Run Test for test us_cities_snippet.py</h3>
<pre><code>Charlotte, NC: population: 874579, elevation: 229, lat/long: 35.22709,-80.84313
Durham, NC: population: 257636, elevation: 123, lat/long: 35.99403,-78.89862
Fayetteville, NC: population: 201963, elevation: 29, lat/long: 35.05266,-78.87836
Greensboro, NC: population: 285342, elevation: 266, lat/long: 36.07264,-79.79198
West Raleigh, NC: population: 338759, elevation: 122, lat/long: 35.78682,-78.66389
Raleigh, NC: population: 451066, elevation: 96, lat/long: 35.7721,-78.63861
Winston-Salem, NC: population: 241218, elevation: 293, lat/long: 36.09986,-80.24422

Cities with negative elevation..

Bradenton Beach, FL: population: 1171, elevation: -3, lat/long: 27.46698,-82.70399
Terrytown, LA: population: 23319, elevation: -1, lat/long: 29.91021,-90.03257
Timberlane, LA: population: 10243, elevation: -1, lat/long: 29.87743,-90.03202
Brawley, CA: population: 25897, elevation: -34, lat/long: 32.97866,-115.53027
Coachella, CA: population: 44635, elevation: -21, lat/long: 33.6803,-116.17389
Calipatria, CA: population: 7424, elevation: -55, lat/long: 33.1256,-115.51415
Holtville, CA: population: 6404, elevation: -3, lat/long: 32.81116,-115.38026
Desert Shores, CA: population: 1104, elevation: -60, lat/long: 33.4042,-116.03972
Indio, CA: population: 87533, elevation: -4, lat/long: 33.7207,-116.21677
El Centro, CA: population: 43956, elevation: -12, lat/long: 32.792,-115.56305
Heber, CA: population: 4275, elevation: -3, lat/long: 32.73089,-115.52972
Oasis, CA: population: 6890, elevation: -44, lat/long: 33.46586,-116.09889
Imperial, CA: population: 17095, elevation: -18, lat/long: 32.84755,-115.56944
Mecca, CA: population: 8577, elevation: -57, lat/long: 33.57219,-116.0782
Salton City, CA: population: 3763, elevation: -38, lat/long: 33.29865,-115.95611
Niland, CA: population: 1006, elevation: -43, lat/long: 33.24004,-115.51888
Seeley, CA: population: 1739, elevation: -11, lat/long: 32.79311,-115.69111
Westmorland, CA: population: 2267, elevation: -50, lat/long: 33.03727,-115.62138
Thermal, CA: population: 2865, elevation: -36, lat/long: 33.6403,-116.13945
Vista Santa Rosa, CA: population: 2926, elevation: -21, lat/long: 33.6278,-116.21806
</code></pre>
</div>
    
    </div>
    <div id="pythonlogvis_example.py" class="logdetails">
      <h2>Test vis_example.py full log</h2>
    
<div class="failure">
<h3 id="pythonlogvis_example.py-runtest">Run Test for test vis_example.py</h3>
<pre><code>Traceback (most recent call last):
  File &quot;/home/bridges-testing/bridges-client-testing/python/web_tutorial_testing/vis_example.py&quot;, line 58, in &lt;module&gt;
    main()
  File &quot;/home/bridges-testing/bridges-client-testing/python/web_tutorial_testing/vis_example.py&quot;, line 54, in main
    bridges.visualize()
  File &quot;/home/bridges-testing/.local/lib/python3.11/site-packages/bridges-3.4.4-py3.11.egg/bridges/bridges.py&quot;, line 215, in visualize
AttributeError: 'Bridges' object has no attribute 'map'. Did you mean: '_map'?
could not run test vis_example.py
</code></pre>
</div>
    
    </div>
    <div id="pythonlogwikidata_actor_snippet.py" class="logdetails">
      <h2>Test wikidata_actor_snippet.py full log</h2>
    
<div class="success">
<h3 id="pythonlogwikidata_actor_snippet.py-runtest">Run Test for test wikidata_actor_snippet.py</h3>
<pre><code>wikidata-actormovie-1955-1955
Data Records in 1955: 4458

First 3 records:

0)Actor-Movie Data:
	Movie: Q237116, Marty
	Actor: Q102551, Ernest Borgnine

1)Actor-Movie Data:
	Movie: Q237116, Marty
	Actor: Q180251, Paddy Chayefsky

2)Actor-Movie Data:
	Movie: Q237116, Marty
	Actor: Q266416, Betsy Blair

</code></pre>
</div>
    
    </div>
  </body>
